---------------------------------------------------------------
[ 2018-10-06T00:03:39+08:00 ] 172.17.230.83 193.106.30.98 POST /assets/images/accesson.php
[ info ] 51mfgs.com/assets/images/accesson.php [运行时间：0.036292s][吞吐率：27.55req/s] [内存消耗：306.18kb] [文件加载：37]
[ info ] [ LANG ] /data/home/syu4378230001/htdocs/thinkphp/lang/zh-cn.php
[ info ] [ BIND ] 'index/Index'
[ info ] [ ROUTE ] array (
  'type' => 'module',
  'module' => 
  array (
    0 => 'index',
    1 => 'Index',
    2 => 'assets',
  ),
)
[ info ] [ HEADER ] array (
  'content-length' => '31',
  'content-type' => 'application/x-www-form-urlencoded',
  'accept' => '*/*',
  'accept-encoding' => 'gzip, deflate',
  'connection' => 'keep-alive',
  'host' => '51mfgs.com',
  'user-agent' => 'Mozilla/5.0 (Windows NT 6.1; rv:34.0) Gecko/20100101 Firefox/34.0',
)
[ info ] [ PARAM ] array (
  'x' => '1',
  'id' => 'ZGllKHBpKCkqNDIpOw==',
  'images' => 'accesson.php',
)
[ info ] [ LOG ] INIT File
---------------------------------------------------------------
[ 2018-10-06T00:12:22+08:00 ] 172.17.230.83 220.181.108.114 GET /
[ info ] www.51mfgs.com/ [运行时间：0.100495s][吞吐率：9.95req/s] [内存消耗：737.01kb] [文件加载：49]
[ info ] [ LANG ] /data/home/syu4378230001/htdocs/thinkphp/lang/zh-cn.php
[ info ] [ BIND ] 'index/Index'
[ info ] [ ROUTE ] array (
  'type' => 'module',
  'module' => 
  array (
    0 => 'index',
    1 => 'Index',
    2 => NULL,
  ),
)
[ info ] [ HEADER ] array (
  'accept' => '*/*',
  'accept-encoding' => 'gzip',
  'accept-language' => 'zh-cn,zh-tw',
  'connection' => 'close',
  'host' => 'www.51mfgs.com',
  'if-none-match' => '"@NULL@"',
  'user-agent' => 'Mozilla/5.0 (compatible; Baiduspider/2.0; +http://www.baidu.com/search/spider.html)',
)
[ info ] [ PARAM ] array (
)
[ info ] [ RUN ] app\index\controller\Index->index[ /data/home/syu4378230001/htdocs/app/index/controller/Index.php ]
[ info ] [ DB ] INIT mysql
[ info ] [ SESSION ] INIT array (
  'id' => '',
  'var_session_id' => '',
  'prefix' => '',
  'type' => '',
  'auto_start' => true,
  'httponly' => true,
  'secure' => false,
)
[ info ] [ CACHE ] INIT File
[ info ] [ VIEW ] ./app/index/view/index/index.html [ array (
  0 => 'indexhits',
  1 => 'userclass',
  2 => 'usersess',
  3 => 'res_newpro',
  4 => 'res_user',
  5 => 'time',
  6 => 'res_jj',
  7 => 'res_jd',
  8 => 'res_yw',
  9 => 'res_sp',
  10 => 'res_sj',
  11 => 'res_cw',
) ]
[ info ] [ LOG ] INIT File
[ sql ] [ DB ] CONNECT:[ UseTime:0.005148s ] mysql:dbname=sdm442994699_db;host=sdm442994699.my3w.com;charset=utf8
[ sql ] [ SQL ] SHOW COLUMNS FROM `pro` [ RunTime:0.003285s ]
[ sql ] [ SQL ] SELECT * FROM `pro` WHERE  `pro_type` = 'jj'  AND `state` = 1  AND `pos` = 1 ORDER BY pro_id DESC LIMIT 3 [ RunTime:0.003398s ]
[ sql ] [ SQL ] SELECT * FROM `pro` WHERE  `pro_type` = 'jd'  AND `state` = 1  AND `pos` = 1 ORDER BY pro_id DESC LIMIT 3 [ RunTime:0.003349s ]
[ sql ] [ SQL ] SELECT * FROM `pro` WHERE  `pro_type` = 'yw'  AND `state` = 1  AND `pos` = 1 ORDER BY pro_id DESC LIMIT 3 [ RunTime:0.003393s ]
[ sql ] [ SQL ] SELECT * FROM `pro` WHERE  `pro_type` = 'sp'  AND `state` = 1  AND `pos` = 1 ORDER BY pro_id DESC LIMIT 3 [ RunTime:0.002454s ]
[ sql ] [ SQL ] SELECT * FROM `pro` WHERE  `pro_type` = 'sj'  AND `state` = 1  AND `pos` = 1 ORDER BY pro_id DESC LIMIT 3 [ RunTime:0.002292s ]
[ sql ] [ SQL ] SELECT * FROM `pro` WHERE  (  `pro_type` = 'cw'  AND `state` = 1  AND `pos` = 1 ) [ RunTime:0.002283s ]
[ sql ] [ SQL ] SHOW COLUMNS FROM `user` [ RunTime:0.003065s ]
[ sql ] [ SQL ] SELECT * FROM `user` WHERE  `state` = 1 ORDER BY id DESC LIMIT 3 [ RunTime:0.002485s ]
[ sql ] [ SQL ] SELECT * FROM `pro` WHERE  `pro_id` > 0  AND `state` = 1 ORDER BY pro_id DESC LIMIT 3 [ RunTime:0.002687s ]
[ sql ] [ SQL ] SHOW COLUMNS FROM `pagehits` [ RunTime:0.002931s ]
[ sql ] [ SQL ] UPDATE `pagehits`  SET `hits`=hits+1  WHERE  `id` = 1 [ RunTime:0.002445s ]
[ sql ] [ SQL ] SELECT `hits` FROM `pagehits` WHERE  `id` = 1 LIMIT 1 [ RunTime:0.002116s ]
---------------------------------------------------------------
[ 2018-10-06T00:41:45+08:00 ] 172.17.230.83 203.208.60.20 GET /robots.txt
[ info ] www.51mfgs.com/robots.txt [运行时间：0.033860s][吞吐率：29.53req/s] [内存消耗：305.26kb] [文件加载：37]
[ info ] [ LANG ] /data/home/syu4378230001/htdocs/thinkphp/lang/zh-cn.php
[ info ] [ BIND ] 'index/Index'
[ info ] [ ROUTE ] array (
  'type' => 'module',
  'module' => 
  array (
    0 => 'index',
    1 => 'Index',
    2 => 'robots.txt',
  ),
)
[ info ] [ HEADER ] array (
  'accept' => 'text/plain,text/html,*/*',
  'accept-encoding' => 'gzip,deflate,br',
  'connection' => 'keep-alive',
  'host' => 'www.51mfgs.com',
  'user-agent' => 'Mozilla/5.0 (compatible; Googlebot/2.1; +http://www.google.com/bot.html)',
)
[ info ] [ PARAM ] array (
)
[ info ] [ LOG ] INIT File
---------------------------------------------------------------
[ 2018-10-06T00:41:45+08:00 ] 172.17.230.83 203.208.60.44 GET /pro/pro_cw_center.php
[ info ] www.51mfgs.com/pro/pro_cw_center.php [运行时间：0.024548s][吞吐率：40.74req/s] [内存消耗：220.70kb] [文件加载：29]
[ info ] [ LANG ] /data/home/syu4378230001/htdocs/thinkphp/lang/zh-cn.php
[ info ] [ BIND ] 'index/Index'
[ info ] [ ROUTE ] array (
  'type' => 'module',
  'module' => 
  array (
    0 => 'admin',
    1 => 'Index',
    2 => 'proinfo',
  ),
  'convert' => false,
)
[ info ] [ HEADER ] array (
  'accept' => 'text/html,application/xhtml+xml,application/xml;q=0.9,*/*;q=0.8',
  'accept-encoding' => 'gzip,deflate,br',
  'connection' => 'keep-alive',
  'from' => 'googlebot(at)googlebot.com',
  'host' => 'www.51mfgs.com',
  'user-agent' => 'Mozilla/5.0 (Linux; Android 6.0.1; Nexus 5X Build/MMB29P) AppleWebKit/537.36 (KHTML, like Gecko) Chrome/41.0.2272.96 Mobile Safari/537.36 (compatible; Googlebot/2.1; +http://www.google.com/bot.html)',
)
[ info ] [ PARAM ] array (
  'id' => 'pro_cw_center.php',
)
[ info ] [ LOG ] INIT File
---------------------------------------------------------------
[ 2018-10-06T01:16:06+08:00 ] 172.17.230.83 106.11.159.147 GET /proshow/id/71
[ info ] www.51mfgs.com/proshow/id/71 [运行时间：0.066568s][吞吐率：15.02req/s] [内存消耗：575.13kb] [文件加载：44]
[ info ] [ LANG ] /data/home/syu4378230001/htdocs/thinkphp/lang/zh-cn.php
[ info ] [ BIND ] 'index/Index'
[ info ] [ ROUTE ] array (
  'type' => 'module',
  'module' => 
  array (
    0 => 'index',
    1 => 'Index',
    2 => 'proshow',
  ),
)
[ info ] [ HEADER ] array (
  'accept' => '*/*',
  'accept-encoding' => 'gzip',
  'accept-language' => 'zh-cn,en-us,zh-tw,en-gb,en;',
  'connection' => 'Keep-Alive',
  'host' => 'www.51mfgs.com',
  'user-agent' => 'YisouSpider',
)
[ info ] [ PARAM ] array (
  'id' => '71',
)
[ info ] [ RUN ] app\index\controller\Index->proshow[ /data/home/syu4378230001/htdocs/app/index/controller/Index.php ]
[ info ] [ DB ] INIT mysql
[ info ] [ VIEW ] ./app/index/view/index/proshow.html [ array (
  0 => 'data',
) ]
[ info ] [ LOG ] INIT File
[ sql ] [ DB ] CONNECT:[ UseTime:0.008306s ] mysql:dbname=sdm442994699_db;host=sdm442994699.my3w.com;charset=utf8
[ sql ] [ SQL ] SHOW COLUMNS FROM `pro` [ RunTime:0.004015s ]
[ sql ] [ SQL ] SELECT * FROM `pro` WHERE  `pro_id` = 71 LIMIT 1 [ RunTime:0.003656s ]
---------------------------------------------------------------
[ 2018-10-06T03:34:54+08:00 ] 172.17.230.83 157.55.39.236 GET /
[ info ] 51mfgs.com/ [运行时间：0.099545s][吞吐率：10.05req/s] [内存消耗：737.09kb] [文件加载：49]
[ info ] [ LANG ] /data/home/syu4378230001/htdocs/thinkphp/lang/zh-cn.php
[ info ] [ BIND ] 'index/Index'
[ info ] [ ROUTE ] array (
  'type' => 'module',
  'module' => 
  array (
    0 => 'index',
    1 => 'Index',
    2 => NULL,
  ),
)
[ info ] [ HEADER ] array (
  'accept' => '*/*',
  'accept-encoding' => 'gzip, deflate',
  'cache-control' => 'no-cache',
  'connection' => 'Keep-Alive',
  'from' => 'bingbot(at)microsoft.com',
  'host' => '51mfgs.com',
  'pragma' => 'no-cache',
  'user-agent' => 'Mozilla/5.0 (compatible; bingbot/2.0; +http://www.bing.com/bingbot.htm)',
)
[ info ] [ PARAM ] array (
)
[ info ] [ RUN ] app\index\controller\Index->index[ /data/home/syu4378230001/htdocs/app/index/controller/Index.php ]
[ info ] [ DB ] INIT mysql
[ info ] [ SESSION ] INIT array (
  'id' => '',
  'var_session_id' => '',
  'prefix' => '',
  'type' => '',
  'auto_start' => true,
  'httponly' => true,
  'secure' => false,
)
[ info ] [ CACHE ] INIT File
[ info ] [ VIEW ] ./app/index/view/index/index.html [ array (
  0 => 'indexhits',
  1 => 'userclass',
  2 => 'usersess',
  3 => 'res_newpro',
  4 => 'res_user',
  5 => 'time',
  6 => 'res_jj',
  7 => 'res_jd',
  8 => 'res_yw',
  9 => 'res_sp',
  10 => 'res_sj',
  11 => 'res_cw',
) ]
[ info ] [ LOG ] INIT File
[ sql ] [ DB ] CONNECT:[ UseTime:0.006671s ] mysql:dbname=sdm442994699_db;host=sdm442994699.my3w.com;charset=utf8
[ sql ] [ SQL ] SHOW COLUMNS FROM `pro` [ RunTime:0.003542s ]
[ sql ] [ SQL ] SELECT * FROM `pro` WHERE  `pro_type` = 'jj'  AND `state` = 1  AND `pos` = 1 ORDER BY pro_id DESC LIMIT 3 [ RunTime:0.002751s ]
[ sql ] [ SQL ] SELECT * FROM `pro` WHERE  `pro_type` = 'jd'  AND `state` = 1  AND `pos` = 1 ORDER BY pro_id DESC LIMIT 3 [ RunTime:0.002677s ]
[ sql ] [ SQL ] SELECT * FROM `pro` WHERE  `pro_type` = 'yw'  AND `state` = 1  AND `pos` = 1 ORDER BY pro_id DESC LIMIT 3 [ RunTime:0.002486s ]
[ sql ] [ SQL ] SELECT * FROM `pro` WHERE  `pro_type` = 'sp'  AND `state` = 1  AND `pos` = 1 ORDER BY pro_id DESC LIMIT 3 [ RunTime:0.002891s ]
[ sql ] [ SQL ] SELECT * FROM `pro` WHERE  `pro_type` = 'sj'  AND `state` = 1  AND `pos` = 1 ORDER BY pro_id DESC LIMIT 3 [ RunTime:0.002391s ]
[ sql ] [ SQL ] SELECT * FROM `pro` WHERE  (  `pro_type` = 'cw'  AND `state` = 1  AND `pos` = 1 ) [ RunTime:0.002475s ]
[ sql ] [ SQL ] SHOW COLUMNS FROM `user` [ RunTime:0.003105s ]
[ sql ] [ SQL ] SELECT * FROM `user` WHERE  `state` = 1 ORDER BY id DESC LIMIT 3 [ RunTime:0.002428s ]
[ sql ] [ SQL ] SELECT * FROM `pro` WHERE  `pro_id` > 0  AND `state` = 1 ORDER BY pro_id DESC LIMIT 3 [ RunTime:0.002492s ]
[ sql ] [ SQL ] SHOW COLUMNS FROM `pagehits` [ RunTime:0.002789s ]
[ sql ] [ SQL ] UPDATE `pagehits`  SET `hits`=hits+1  WHERE  `id` = 1 [ RunTime:0.002202s ]
[ sql ] [ SQL ] SELECT `hits` FROM `pagehits` WHERE  `id` = 1 LIMIT 1 [ RunTime:0.002417s ]
---------------------------------------------------------------
[ 2018-10-06T03:41:19+08:00 ] 172.17.230.83 203.208.60.103 GET /leavemessage/leaveword.php
[ info ] www.51mfgs.com/leavemessage/leaveword.php [运行时间：0.094160s][吞吐率：10.62req/s] [内存消耗：677.45kb] [文件加载：52]
[ info ] [ LANG ] /data/home/syu4378230001/htdocs/thinkphp/lang/zh-cn.php
[ info ] [ BIND ] 'index/Index'
[ info ] [ ROUTE ] array (
  'type' => 'module',
  'module' => 
  array (
    0 => 'index',
    1 => 'Index',
    2 => 'leavemessage',
  ),
)
[ info ] [ HEADER ] array (
  'accept' => 'text/html,application/xhtml+xml,application/xml;q=0.9,*/*;q=0.8',
  'accept-encoding' => 'gzip,deflate,br',
  'connection' => 'keep-alive',
  'from' => 'googlebot(at)googlebot.com',
  'host' => 'www.51mfgs.com',
  'user-agent' => 'Mozilla/5.0 (Linux; Android 6.0.1; Nexus 5X Build/MMB29P) AppleWebKit/537.36 (KHTML, like Gecko) Chrome/41.0.2272.96 Mobile Safari/537.36 (compatible; Googlebot/2.1; +http://www.google.com/bot.html)',
)
[ info ] [ PARAM ] array (
)
[ info ] [ RUN ] app\index\controller\Index->leavemessage[ /data/home/syu4378230001/htdocs/app/index/controller/Index.php ]
[ info ] [ DB ] INIT mysql
[ info ] [ SESSION ] INIT array (
  'id' => '',
  'var_session_id' => '',
  'prefix' => '',
  'type' => '',
  'auto_start' => true,
  'httponly' => true,
  'secure' => false,
)
[ info ] [ VIEW ] ./template/leavemessage/index.html [ array (
  0 => 'list',
  1 => 'total',
  2 => 'class',
  3 => 'now',
  4 => 'data',
  5 => 'pwd',
) ]
[ info ] [ LOG ] INIT File
[ sql ] [ DB ] CONNECT:[ UseTime:0.005975s ] mysql:dbname=sdm442994699_db;host=sdm442994699.my3w.com;charset=utf8
[ sql ] [ SQL ] SHOW COLUMNS FROM `mes` [ RunTime:0.003715s ]
[ sql ] [ SQL ] SELECT COUNT(*) AS tp_count FROM `mes` WHERE  `state` = 1 LIMIT 1 [ RunTime:0.003029s ]
[ sql ] [ SQL ] SELECT * FROM `mes` WHERE  `state` = 1 LIMIT 0,15 [ RunTime:0.003217s ]
[ sql ] [ SQL ] SHOW COLUMNS FROM `user` [ RunTime:0.003709s ]
[ sql ] [ SQL ] SELECT * FROM `user` WHERE  `id` = 16 LIMIT 1 [ RunTime:0.003242s ]
[ sql ] [ SQL ] SELECT * FROM `user` WHERE  `id` = 18 LIMIT 1 [ RunTime:0.003185s ]
[ sql ] [ SQL ] SELECT COUNT(*) AS tp_count FROM `mes` WHERE  `state` = 1 LIMIT 1 [ RunTime:0.003371s ]
[ sql ] [ SQL ] SELECT * FROM `user` WHERE  `username` IS NULL LIMIT 1 [ RunTime:0.003120s ]
[ sql ] [ SQL ] SELECT * FROM `mes` WHERE  `state` = 1 ORDER BY createtime DESC [ RunTime:0.003072s ]
---------------------------------------------------------------
[ 2018-10-06T03:55:43+08:00 ] 172.17.230.83 139.224.238.50 GET /
[ info ] www.51mfgs.com/ [运行时间：0.117530s][吞吐率：8.51req/s] [内存消耗：736.77kb] [文件加载：49]
[ info ] [ LANG ] /data/home/syu4378230001/htdocs/thinkphp/lang/zh-cn.php
[ info ] [ BIND ] 'index/Index'
[ info ] [ ROUTE ] array (
  'type' => 'module',
  'module' => 
  array (
    0 => 'index',
    1 => 'Index',
    2 => NULL,
  ),
)
[ info ] [ HEADER ] array (
  'accept' => 'text/html, image/gif, image/jpeg, *; q=.2, */*; q=.2',
  'connection' => 'keep-alive',
  'host' => 'www.51mfgs.com',
  'user-agent' => 'Mozilla/5.0 (X11; Ubuntu; Linux x86_64; rv:36.0) Gecko/20100101 Firefox/36.0',
)
[ info ] [ PARAM ] array (
)
[ info ] [ RUN ] app\index\controller\Index->index[ /data/home/syu4378230001/htdocs/app/index/controller/Index.php ]
[ info ] [ DB ] INIT mysql
[ info ] [ SESSION ] INIT array (
  'id' => '',
  'var_session_id' => '',
  'prefix' => '',
  'type' => '',
  'auto_start' => true,
  'httponly' => true,
  'secure' => false,
)
[ info ] [ CACHE ] INIT File
[ info ] [ VIEW ] ./app/index/view/index/index.html [ array (
  0 => 'indexhits',
  1 => 'userclass',
  2 => 'usersess',
  3 => 'res_newpro',
  4 => 'res_user',
  5 => 'time',
  6 => 'res_jj',
  7 => 'res_jd',
  8 => 'res_yw',
  9 => 'res_sp',
  10 => 'res_sj',
  11 => 'res_cw',
) ]
[ info ] [ LOG ] INIT File
[ sql ] [ DB ] CONNECT:[ UseTime:0.006833s ] mysql:dbname=sdm442994699_db;host=sdm442994699.my3w.com;charset=utf8
[ sql ] [ SQL ] SHOW COLUMNS FROM `pro` [ RunTime:0.003750s ]
[ sql ] [ SQL ] SELECT * FROM `pro` WHERE  `pro_type` = 'jj'  AND `state` = 1  AND `pos` = 1 ORDER BY pro_id DESC LIMIT 3 [ RunTime:0.003281s ]
[ sql ] [ SQL ] SELECT * FROM `pro` WHERE  `pro_type` = 'jd'  AND `state` = 1  AND `pos` = 1 ORDER BY pro_id DESC LIMIT 3 [ RunTime:0.003275s ]
[ sql ] [ SQL ] SELECT * FROM `pro` WHERE  `pro_type` = 'yw'  AND `state` = 1  AND `pos` = 1 ORDER BY pro_id DESC LIMIT 3 [ RunTime:0.003339s ]
[ sql ] [ SQL ] SELECT * FROM `pro` WHERE  `pro_type` = 'sp'  AND `state` = 1  AND `pos` = 1 ORDER BY pro_id DESC LIMIT 3 [ RunTime:0.003228s ]
[ sql ] [ SQL ] SELECT * FROM `pro` WHERE  `pro_type` = 'sj'  AND `state` = 1  AND `pos` = 1 ORDER BY pro_id DESC LIMIT 3 [ RunTime:0.003173s ]
[ sql ] [ SQL ] SELECT * FROM `pro` WHERE  (  `pro_type` = 'cw'  AND `state` = 1  AND `pos` = 1 ) [ RunTime:0.003154s ]
[ sql ] [ SQL ] SHOW COLUMNS FROM `user` [ RunTime:0.003702s ]
[ sql ] [ SQL ] SELECT * FROM `user` WHERE  `state` = 1 ORDER BY id DESC LIMIT 3 [ RunTime:0.003553s ]
[ sql ] [ SQL ] SELECT * FROM `pro` WHERE  `pro_id` > 0  AND `state` = 1 ORDER BY pro_id DESC LIMIT 3 [ RunTime:0.003177s ]
[ sql ] [ SQL ] SHOW COLUMNS FROM `pagehits` [ RunTime:0.003382s ]
[ sql ] [ SQL ] UPDATE `pagehits`  SET `hits`=hits+1  WHERE  `id` = 1 [ RunTime:0.003074s ]
[ sql ] [ SQL ] SELECT `hits` FROM `pagehits` WHERE  `id` = 1 LIMIT 1 [ RunTime:0.003229s ]
---------------------------------------------------------------
[ 2018-10-06T04:03:36+08:00 ] 172.17.230.83 47.92.29.149 GET /
[ info ] 51mfgs.com/ [运行时间：0.135683s][吞吐率：7.37req/s] [内存消耗：736.77kb] [文件加载：49]
[ info ] [ LANG ] /data/home/syu4378230001/htdocs/thinkphp/lang/zh-cn.php
[ info ] [ BIND ] 'index/Index'
[ info ] [ ROUTE ] array (
  'type' => 'module',
  'module' => 
  array (
    0 => 'index',
    1 => 'Index',
    2 => NULL,
  ),
)
[ info ] [ HEADER ] array (
  'accept' => 'text/html, image/gif, image/jpeg, *; q=.2, */*; q=.2',
  'connection' => 'keep-alive',
  'host' => '51mfgs.com',
  'user-agent' => 'Mozilla/5.0 (X11; Ubuntu; Linux x86_64; rv:36.0) Gecko/20100101 Firefox/36.0',
)
[ info ] [ PARAM ] array (
)
[ info ] [ RUN ] app\index\controller\Index->index[ /data/home/syu4378230001/htdocs/app/index/controller/Index.php ]
[ info ] [ DB ] INIT mysql
[ info ] [ SESSION ] INIT array (
  'id' => '',
  'var_session_id' => '',
  'prefix' => '',
  'type' => '',
  'auto_start' => true,
  'httponly' => true,
  'secure' => false,
)
[ info ] [ CACHE ] INIT File
[ info ] [ VIEW ] ./app/index/view/index/index.html [ array (
  0 => 'indexhits',
  1 => 'userclass',
  2 => 'usersess',
  3 => 'res_newpro',
  4 => 'res_user',
  5 => 'time',
  6 => 'res_jj',
  7 => 'res_jd',
  8 => 'res_yw',
  9 => 'res_sp',
  10 => 'res_sj',
  11 => 'res_cw',
) ]
[ info ] [ LOG ] INIT File
[ sql ] [ DB ] CONNECT:[ UseTime:0.007537s ] mysql:dbname=sdm442994699_db;host=sdm442994699.my3w.com;charset=utf8
[ sql ] [ SQL ] SHOW COLUMNS FROM `pro` [ RunTime:0.004747s ]
[ sql ] [ SQL ] SELECT * FROM `pro` WHERE  `pro_type` = 'jj'  AND `state` = 1  AND `pos` = 1 ORDER BY pro_id DESC LIMIT 3 [ RunTime:0.005994s ]
[ sql ] [ SQL ] SELECT * FROM `pro` WHERE  `pro_type` = 'jd'  AND `state` = 1  AND `pos` = 1 ORDER BY pro_id DESC LIMIT 3 [ RunTime:0.005993s ]
[ sql ] [ SQL ] SELECT * FROM `pro` WHERE  `pro_type` = 'yw'  AND `state` = 1  AND `pos` = 1 ORDER BY pro_id DESC LIMIT 3 [ RunTime:0.005486s ]
[ sql ] [ SQL ] SELECT * FROM `pro` WHERE  `pro_type` = 'sp'  AND `state` = 1  AND `pos` = 1 ORDER BY pro_id DESC LIMIT 3 [ RunTime:0.005489s ]
[ sql ] [ SQL ] SELECT * FROM `pro` WHERE  `pro_type` = 'sj'  AND `state` = 1  AND `pos` = 1 ORDER BY pro_id DESC LIMIT 3 [ RunTime:0.005420s ]
[ sql ] [ SQL ] SELECT * FROM `pro` WHERE  (  `pro_type` = 'cw'  AND `state` = 1  AND `pos` = 1 ) [ RunTime:0.004827s ]
[ sql ] [ SQL ] SHOW COLUMNS FROM `user` [ RunTime:0.005578s ]
[ sql ] [ SQL ] SELECT * FROM `user` WHERE  `state` = 1 ORDER BY id DESC LIMIT 3 [ RunTime:0.004983s ]
[ sql ] [ SQL ] SELECT * FROM `pro` WHERE  `pro_id` > 0  AND `state` = 1 ORDER BY pro_id DESC LIMIT 3 [ RunTime:0.004536s ]
[ sql ] [ SQL ] SHOW COLUMNS FROM `pagehits` [ RunTime:0.007010s ]
[ sql ] [ SQL ] UPDATE `pagehits`  SET `hits`=hits+1  WHERE  `id` = 1 [ RunTime:0.004581s ]
[ sql ] [ SQL ] SELECT `hits` FROM `pagehits` WHERE  `id` = 1 LIMIT 1 [ RunTime:0.004095s ]
---------------------------------------------------------------
[ 2018-10-06T05:05:04+08:00 ] 172.17.230.83 191.96.249.150 GET /admin/index.php
[ info ] 51mfgs.com/admin/index.php [运行时间：0.032722s][吞吐率：30.56req/s] [内存消耗：323.73kb] [文件加载：37]
[ info ] [ LANG ] /data/home/syu4378230001/htdocs/thinkphp/lang/zh-cn.php
[ info ] [ BIND ] 'index/Index'
[ info ] [ ROUTE ] array (
  'type' => 'module',
  'module' => 
  array (
    0 => 'index',
    1 => 'Index',
    2 => 'admin',
  ),
)
[ info ] [ HEADER ] array (
  'accept' => 'text/html,application/xhtml+xml,application/xml;q=0.9,image/webp,image/apng,*/*;q=0.8',
  'accept-language' => 'ru,en-US;q=0.9,en;q=0.8,uk;q=0.7',
  'connection' => 'keep-alive',
  'host' => '51mfgs.com',
  'referer' => 'https://www.google.com/search?ei=S1GRW9OAMeamrgTHiruIDw&q=site%3A51mfgs.com&oq=site%3A51mfgs.com&gs_l=psy-ab.3...7334.7334.0.7447.1.1.0.0.0.0.67.67.1.1.0....0...1c.1.64.psy-ab..0.0.0....0.hBwTwbhN8pg',
  'user-agent' => 'Mozilla/5.0 (Windows NT 10.0; Win64; x64) AppleWebKit/537.36 (KHTML, like Gecko) Chrome/64.0.3282.167 Safari/537.36',
)
[ info ] [ PARAM ] array (
)
[ info ] [ RUN ] app\index\controller\Index->admin[ /data/home/syu4378230001/htdocs/app/index/controller/Index.php ]
[ info ] [ VIEW ] /data/home/syu4378230001/htdocs/thinkphp/tpl/dispatch_jump.tpl [ array (
  0 => 'code',
  1 => 'msg',
  2 => 'data',
  3 => 'url',
  4 => 'wait',
) ]
[ info ] [ LOG ] INIT File
---------------------------------------------------------------
[ 2018-10-06T06:20:24+08:00 ] 172.17.230.83 220.181.108.156 GET /index/Index/index
[ info ] 51mfgs.com/index/Index/index [运行时间：0.132990s][吞吐率：7.52req/s] [内存消耗：740.19kb] [文件加载：49]
[ info ] [ LANG ] /data/home/syu4378230001/htdocs/thinkphp/lang/zh-cn.php
[ info ] [ BIND ] 'index/Index'
[ info ] [ ROUTE ] array (
  'type' => 'module',
  'module' => 
  array (
    0 => 'index',
    1 => 'Index',
    2 => 'index',
  ),
)
[ info ] [ HEADER ] array (
  'accept' => '*/*',
  'accept-encoding' => 'gzip',
  'accept-language' => 'zh-cn,zh-tw',
  'connection' => 'close',
  'host' => '51mfgs.com',
  'user-agent' => 'Mozilla/5.0 (compatible; Baiduspider/2.0; +http://www.baidu.com/search/spider.html)',
)
[ info ] [ PARAM ] array (
  'Index' => 'index',
)
[ info ] [ RUN ] app\index\controller\Index->index[ /data/home/syu4378230001/htdocs/app/index/controller/Index.php ]
[ info ] [ DB ] INIT mysql
[ info ] [ SESSION ] INIT array (
  'id' => '',
  'var_session_id' => '',
  'prefix' => '',
  'type' => '',
  'auto_start' => true,
  'httponly' => true,
  'secure' => false,
)
[ info ] [ CACHE ] INIT File
[ info ] [ VIEW ] ./app/index/view/index/index.html [ array (
  0 => 'indexhits',
  1 => 'userclass',
  2 => 'usersess',
  3 => 'res_newpro',
  4 => 'res_user',
  5 => 'time',
  6 => 'res_jj',
  7 => 'res_jd',
  8 => 'res_yw',
  9 => 'res_sp',
  10 => 'res_sj',
  11 => 'res_cw',
) ]
[ info ] [ LOG ] INIT File
[ sql ] [ DB ] CONNECT:[ UseTime:0.010502s ] mysql:dbname=sdm442994699_db;host=sdm442994699.my3w.com;charset=utf8
[ sql ] [ SQL ] SHOW COLUMNS FROM `pro` [ RunTime:0.004666s ]
[ sql ] [ SQL ] SELECT * FROM `pro` WHERE  `pro_type` = 'jj'  AND `state` = 1  AND `pos` = 1 ORDER BY pro_id DESC LIMIT 3 [ RunTime:0.004302s ]
[ sql ] [ SQL ] SELECT * FROM `pro` WHERE  `pro_type` = 'jd'  AND `state` = 1  AND `pos` = 1 ORDER BY pro_id DESC LIMIT 3 [ RunTime:0.004865s ]
[ sql ] [ SQL ] SELECT * FROM `pro` WHERE  `pro_type` = 'yw'  AND `state` = 1  AND `pos` = 1 ORDER BY pro_id DESC LIMIT 3 [ RunTime:0.004733s ]
[ sql ] [ SQL ] SELECT * FROM `pro` WHERE  `pro_type` = 'sp'  AND `state` = 1  AND `pos` = 1 ORDER BY pro_id DESC LIMIT 3 [ RunTime:0.004764s ]
[ sql ] [ SQL ] SELECT * FROM `pro` WHERE  `pro_type` = 'sj'  AND `state` = 1  AND `pos` = 1 ORDER BY pro_id DESC LIMIT 3 [ RunTime:0.004758s ]
[ sql ] [ SQL ] SELECT * FROM `pro` WHERE  (  `pro_type` = 'cw'  AND `state` = 1  AND `pos` = 1 ) [ RunTime:0.005077s ]
[ sql ] [ SQL ] SHOW COLUMNS FROM `user` [ RunTime:0.004610s ]
[ sql ] [ SQL ] SELECT * FROM `user` WHERE  `state` = 1 ORDER BY id DESC LIMIT 3 [ RunTime:0.004255s ]
[ sql ] [ SQL ] SELECT * FROM `pro` WHERE  `pro_id` > 0  AND `state` = 1 ORDER BY pro_id DESC LIMIT 3 [ RunTime:0.004493s ]
[ sql ] [ SQL ] SHOW COLUMNS FROM `pagehits` [ RunTime:0.004299s ]
[ sql ] [ SQL ] UPDATE `pagehits`  SET `hits`=hits+1  WHERE  `id` = 1 [ RunTime:0.004970s ]
[ sql ] [ SQL ] SELECT `hits` FROM `pagehits` WHERE  `id` = 1 LIMIT 1 [ RunTime:0.004628s ]
---------------------------------------------------------------
[ 2018-10-06T07:19:49+08:00 ] 172.17.230.83 202.108.211.56 GET /
[ info ] www.51mfgs.com/ [运行时间：0.099708s][吞吐率：10.03req/s] [内存消耗：737.87kb] [文件加载：49]
[ info ] [ LANG ] /data/home/syu4378230001/htdocs/thinkphp/lang/zh-cn.php
[ info ] [ BIND ] 'index/Index'
[ info ] [ ROUTE ] array (
  'type' => 'module',
  'module' => 
  array (
    0 => 'index',
    1 => 'Index',
    2 => NULL,
  ),
)
[ info ] [ HEADER ] array (
  'accept' => 'text/html,application/xhtml+xml,application/xml;q=0.9,image/webp,*/*;q=0.8',
  'accept-encoding' => 'gzip, deflate, sdch',
  'accept-language' => 'zh-CN,zh;q=0.8,en-US;q=0.6,en;q=0.4',
  'cache-control' => 'no-cache',
  'connection' => 'keep-alive',
  'host' => 'www.51mfgs.com',
  'pragma' => 'no-cache',
  'upgrade-insecure-requests' => '1',
  'user-agent' => 'Mozilla/5.0 (X11; Linux x86_64) AppleWebKit/535.21 (KHTML, like Gecko) Chrome/19.0.1042.0 Safari/535.21',
)
[ info ] [ PARAM ] array (
)
[ info ] [ RUN ] app\index\controller\Index->index[ /data/home/syu4378230001/htdocs/app/index/controller/Index.php ]
[ info ] [ DB ] INIT mysql
[ info ] [ SESSION ] INIT array (
  'id' => '',
  'var_session_id' => '',
  'prefix' => '',
  'type' => '',
  'auto_start' => true,
  'httponly' => true,
  'secure' => false,
)
[ info ] [ CACHE ] INIT File
[ info ] [ VIEW ] ./app/index/view/index/index.html [ array (
  0 => 'indexhits',
  1 => 'userclass',
  2 => 'usersess',
  3 => 'res_newpro',
  4 => 'res_user',
  5 => 'time',
  6 => 'res_jj',
  7 => 'res_jd',
  8 => 'res_yw',
  9 => 'res_sp',
  10 => 'res_sj',
  11 => 'res_cw',
) ]
[ info ] [ LOG ] INIT File
[ sql ] [ DB ] CONNECT:[ UseTime:0.004977s ] mysql:dbname=sdm442994699_db;host=sdm442994699.my3w.com;charset=utf8
[ sql ] [ SQL ] SHOW COLUMNS FROM `pro` [ RunTime:0.002959s ]
[ sql ] [ SQL ] SELECT * FROM `pro` WHERE  `pro_type` = 'jj'  AND `state` = 1  AND `pos` = 1 ORDER BY pro_id DESC LIMIT 3 [ RunTime:0.002461s ]
[ sql ] [ SQL ] SELECT * FROM `pro` WHERE  `pro_type` = 'jd'  AND `state` = 1  AND `pos` = 1 ORDER BY pro_id DESC LIMIT 3 [ RunTime:0.002512s ]
[ sql ] [ SQL ] SELECT * FROM `pro` WHERE  `pro_type` = 'yw'  AND `state` = 1  AND `pos` = 1 ORDER BY pro_id DESC LIMIT 3 [ RunTime:0.002682s ]
[ sql ] [ SQL ] SELECT * FROM `pro` WHERE  `pro_type` = 'sp'  AND `state` = 1  AND `pos` = 1 ORDER BY pro_id DESC LIMIT 3 [ RunTime:0.002444s ]
[ sql ] [ SQL ] SELECT * FROM `pro` WHERE  `pro_type` = 'sj'  AND `state` = 1  AND `pos` = 1 ORDER BY pro_id DESC LIMIT 3 [ RunTime:0.002489s ]
[ sql ] [ SQL ] SELECT * FROM `pro` WHERE  (  `pro_type` = 'cw'  AND `state` = 1  AND `pos` = 1 ) [ RunTime:0.002364s ]
[ sql ] [ SQL ] SHOW COLUMNS FROM `user` [ RunTime:0.003046s ]
[ sql ] [ SQL ] SELECT * FROM `user` WHERE  `state` = 1 ORDER BY id DESC LIMIT 3 [ RunTime:0.002393s ]
[ sql ] [ SQL ] SELECT * FROM `pro` WHERE  `pro_id` > 0  AND `state` = 1 ORDER BY pro_id DESC LIMIT 3 [ RunTime:0.002510s ]
[ sql ] [ SQL ] SHOW COLUMNS FROM `pagehits` [ RunTime:0.002807s ]
[ sql ] [ SQL ] UPDATE `pagehits`  SET `hits`=hits+1  WHERE  `id` = 1 [ RunTime:0.002815s ]
[ sql ] [ SQL ] SELECT `hits` FROM `pagehits` WHERE  `id` = 1 LIMIT 1 [ RunTime:0.002249s ]
---------------------------------------------------------------
[ 2018-10-06T08:13:09+08:00 ] 172.17.230.83 220.181.108.159 GET /
[ info ] www.51mfgs.com/ [运行时间：0.107475s][吞吐率：9.30req/s] [内存消耗：737.01kb] [文件加载：49]
[ info ] [ LANG ] /data/home/syu4378230001/htdocs/thinkphp/lang/zh-cn.php
[ info ] [ BIND ] 'index/Index'
[ info ] [ ROUTE ] array (
  'type' => 'module',
  'module' => 
  array (
    0 => 'index',
    1 => 'Index',
    2 => NULL,
  ),
)
[ info ] [ HEADER ] array (
  'accept' => '*/*',
  'accept-encoding' => 'gzip',
  'accept-language' => 'zh-cn,zh-tw',
  'connection' => 'close',
  'host' => 'www.51mfgs.com',
  'if-none-match' => '"@NULL@"',
  'user-agent' => 'Mozilla/5.0 (compatible; Baiduspider/2.0; +http://www.baidu.com/search/spider.html)',
)
[ info ] [ PARAM ] array (
)
[ info ] [ RUN ] app\index\controller\Index->index[ /data/home/syu4378230001/htdocs/app/index/controller/Index.php ]
[ info ] [ DB ] INIT mysql
[ info ] [ SESSION ] INIT array (
  'id' => '',
  'var_session_id' => '',
  'prefix' => '',
  'type' => '',
  'auto_start' => true,
  'httponly' => true,
  'secure' => false,
)
[ info ] [ CACHE ] INIT File
[ info ] [ VIEW ] ./app/index/view/index/index.html [ array (
  0 => 'indexhits',
  1 => 'userclass',
  2 => 'usersess',
  3 => 'res_newpro',
  4 => 'res_user',
  5 => 'time',
  6 => 'res_jj',
  7 => 'res_jd',
  8 => 'res_yw',
  9 => 'res_sp',
  10 => 'res_sj',
  11 => 'res_cw',
) ]
[ info ] [ LOG ] INIT File
[ sql ] [ DB ] CONNECT:[ UseTime:0.008110s ] mysql:dbname=sdm442994699_db;host=sdm442994699.my3w.com;charset=utf8
[ sql ] [ SQL ] SHOW COLUMNS FROM `pro` [ RunTime:0.003767s ]
[ sql ] [ SQL ] SELECT * FROM `pro` WHERE  `pro_type` = 'jj'  AND `state` = 1  AND `pos` = 1 ORDER BY pro_id DESC LIMIT 3 [ RunTime:0.003774s ]
[ sql ] [ SQL ] SELECT * FROM `pro` WHERE  `pro_type` = 'jd'  AND `state` = 1  AND `pos` = 1 ORDER BY pro_id DESC LIMIT 3 [ RunTime:0.003151s ]
[ sql ] [ SQL ] SELECT * FROM `pro` WHERE  `pro_type` = 'yw'  AND `state` = 1  AND `pos` = 1 ORDER BY pro_id DESC LIMIT 3 [ RunTime:0.003320s ]
[ sql ] [ SQL ] SELECT * FROM `pro` WHERE  `pro_type` = 'sp'  AND `state` = 1  AND `pos` = 1 ORDER BY pro_id DESC LIMIT 3 [ RunTime:0.003076s ]
[ sql ] [ SQL ] SELECT * FROM `pro` WHERE  `pro_type` = 'sj'  AND `state` = 1  AND `pos` = 1 ORDER BY pro_id DESC LIMIT 3 [ RunTime:0.003136s ]
[ sql ] [ SQL ] SELECT * FROM `pro` WHERE  (  `pro_type` = 'cw'  AND `state` = 1  AND `pos` = 1 ) [ RunTime:0.003174s ]
[ sql ] [ SQL ] SHOW COLUMNS FROM `user` [ RunTime:0.003575s ]
[ sql ] [ SQL ] SELECT * FROM `user` WHERE  `state` = 1 ORDER BY id DESC LIMIT 3 [ RunTime:0.003114s ]
[ sql ] [ SQL ] SELECT * FROM `pro` WHERE  `pro_id` > 0  AND `state` = 1 ORDER BY pro_id DESC LIMIT 3 [ RunTime:0.003095s ]
[ sql ] [ SQL ] SHOW COLUMNS FROM `pagehits` [ RunTime:0.003433s ]
[ sql ] [ SQL ] UPDATE `pagehits`  SET `hits`=hits+1  WHERE  `id` = 1 [ RunTime:0.003182s ]
[ sql ] [ SQL ] SELECT `hits` FROM `pagehits` WHERE  `id` = 1 LIMIT 1 [ RunTime:0.003052s ]
---------------------------------------------------------------
[ 2018-10-06T09:18:33+08:00 ] 172.17.230.83 106.11.155.143 GET /b4.html
[ info ] www.51mfgs.com/b4.html [运行时间：0.032428s][吞吐率：30.84req/s] [内存消耗：318.90kb] [文件加载：35]
[ info ] [ LANG ] /data/home/syu4378230001/htdocs/thinkphp/lang/zh-cn.php
[ info ] [ BIND ] 'index/Index'
[ info ] [ ROUTE ] array (
  'type' => 'module',
  'module' => 
  array (
    0 => 'index',
    1 => 'Index',
    2 => 'b4',
  ),
)
[ info ] [ HEADER ] array (
  'accept' => '*/*',
  'accept-encoding' => 'gzip',
  'accept-language' => 'zh-cn,en-us,zh-tw,en-gb,en;',
  'connection' => 'Keep-Alive',
  'host' => 'www.51mfgs.com',
  'user-agent' => 'YisouSpider',
)
[ info ] [ PARAM ] array (
)
[ info ] [ RUN ] app\index\controller\Index->b4[ /data/home/syu4378230001/htdocs/app/index/controller/Index.php ]
[ info ] [ VIEW ] ./template/banwu/b4.html [ array (
) ]
[ info ] [ LOG ] INIT File
---------------------------------------------------------------
[ 2018-10-06T09:25:16+08:00 ] 172.17.230.83 47.96.12.13 GET /index.php
[ info ] 51mfgs.com/index.php [运行时间：0.108991s][吞吐率：9.18req/s] [内存消耗：736.79kb] [文件加载：49]
[ info ] [ LANG ] /data/home/syu4378230001/htdocs/thinkphp/lang/zh-cn.php
[ info ] [ BIND ] 'index/Index'
[ info ] [ ROUTE ] array (
  'type' => 'module',
  'module' => 
  array (
    0 => 'index',
    1 => 'Index',
    2 => NULL,
  ),
)
[ info ] [ HEADER ] array (
  'accept' => 'text/html, image/gif, image/jpeg, *; q=.2, */*; q=.2',
  'connection' => 'keep-alive',
  'host' => '51mfgs.com',
  'user-agent' => 'Mozilla/5.0 (X11; Ubuntu; Linux x86_64; rv:36.0) Gecko/20100101 Firefox/36.0',
)
[ info ] [ PARAM ] array (
)
[ info ] [ RUN ] app\index\controller\Index->index[ /data/home/syu4378230001/htdocs/app/index/controller/Index.php ]
[ info ] [ DB ] INIT mysql
[ info ] [ SESSION ] INIT array (
  'id' => '',
  'var_session_id' => '',
  'prefix' => '',
  'type' => '',
  'auto_start' => true,
  'httponly' => true,
  'secure' => false,
)
[ info ] [ CACHE ] INIT File
[ info ] [ VIEW ] ./app/index/view/index/index.html [ array (
  0 => 'indexhits',
  1 => 'userclass',
  2 => 'usersess',
  3 => 'res_newpro',
  4 => 'res_user',
  5 => 'time',
  6 => 'res_jj',
  7 => 'res_jd',
  8 => 'res_yw',
  9 => 'res_sp',
  10 => 'res_sj',
  11 => 'res_cw',
) ]
[ info ] [ LOG ] INIT File
[ sql ] [ DB ] CONNECT:[ UseTime:0.007711s ] mysql:dbname=sdm442994699_db;host=sdm442994699.my3w.com;charset=utf8
[ sql ] [ SQL ] SHOW COLUMNS FROM `pro` [ RunTime:0.003649s ]
[ sql ] [ SQL ] SELECT * FROM `pro` WHERE  `pro_type` = 'jj'  AND `state` = 1  AND `pos` = 1 ORDER BY pro_id DESC LIMIT 3 [ RunTime:0.003148s ]
[ sql ] [ SQL ] SELECT * FROM `pro` WHERE  `pro_type` = 'jd'  AND `state` = 1  AND `pos` = 1 ORDER BY pro_id DESC LIMIT 3 [ RunTime:0.003135s ]
[ sql ] [ SQL ] SELECT * FROM `pro` WHERE  `pro_type` = 'yw'  AND `state` = 1  AND `pos` = 1 ORDER BY pro_id DESC LIMIT 3 [ RunTime:0.003145s ]
[ sql ] [ SQL ] SELECT * FROM `pro` WHERE  `pro_type` = 'sp'  AND `state` = 1  AND `pos` = 1 ORDER BY pro_id DESC LIMIT 3 [ RunTime:0.003158s ]
[ sql ] [ SQL ] SELECT * FROM `pro` WHERE  `pro_type` = 'sj'  AND `state` = 1  AND `pos` = 1 ORDER BY pro_id DESC LIMIT 3 [ RunTime:0.003227s ]
[ sql ] [ SQL ] SELECT * FROM `pro` WHERE  (  `pro_type` = 'cw'  AND `state` = 1  AND `pos` = 1 ) [ RunTime:0.003246s ]
[ sql ] [ SQL ] SHOW COLUMNS FROM `user` [ RunTime:0.003734s ]
[ sql ] [ SQL ] SELECT * FROM `user` WHERE  `state` = 1 ORDER BY id DESC LIMIT 3 [ RunTime:0.003262s ]
[ sql ] [ SQL ] SELECT * FROM `pro` WHERE  `pro_id` > 0  AND `state` = 1 ORDER BY pro_id DESC LIMIT 3 [ RunTime:0.003256s ]
[ sql ] [ SQL ] SHOW COLUMNS FROM `pagehits` [ RunTime:0.003385s ]
[ sql ] [ SQL ] UPDATE `pagehits`  SET `hits`=hits+1  WHERE  `id` = 1 [ RunTime:0.003009s ]
[ sql ] [ SQL ] SELECT `hits` FROM `pagehits` WHERE  `id` = 1 LIMIT 1 [ RunTime:0.003025s ]
---------------------------------------------------------------
[ 2018-10-06T09:34:25+08:00 ] 172.17.230.83 203.208.60.115 GET /sj.html
[ info ] www.51mfgs.com/sj.html [运行时间：0.064036s][吞吐率：15.62req/s] [内存消耗：568.89kb] [文件加载：45]
[ info ] [ LANG ] /data/home/syu4378230001/htdocs/thinkphp/lang/zh-cn.php
[ info ] [ BIND ] 'index/Index'
[ info ] [ ROUTE ] array (
  'type' => 'module',
  'module' => 
  array (
    0 => 'index',
    1 => 'Index',
    2 => 'sj',
  ),
)
[ info ] [ HEADER ] array (
  'accept' => 'text/html,application/xhtml+xml,application/xml;q=0.9,*/*;q=0.8',
  'accept-encoding' => 'gzip,deflate,br',
  'connection' => 'keep-alive',
  'from' => 'googlebot(at)googlebot.com',
  'host' => 'www.51mfgs.com',
  'if-modified-since' => 'Sun, 30 Sep 2018 15:13:33 GMT',
  'user-agent' => 'Mozilla/5.0 (Linux; Android 6.0.1; Nexus 5X Build/MMB29P) AppleWebKit/537.36 (KHTML, like Gecko) Chrome/41.0.2272.96 Mobile Safari/537.36 (compatible; Googlebot/2.1; +http://www.google.com/bot.html)',
)
[ info ] [ PARAM ] array (
)
[ info ] [ RUN ] app\index\controller\Index->sj[ /data/home/syu4378230001/htdocs/app/index/controller/Index.php ]
[ info ] [ DB ] INIT mysql
[ info ] [ VIEW ] ./app/index/view/index/sj.html [ array (
  0 => 'list',
  1 => 'total',
) ]
[ info ] [ LOG ] INIT File
[ sql ] [ DB ] CONNECT:[ UseTime:0.004495s ] mysql:dbname=sdm442994699_db;host=sdm442994699.my3w.com;charset=utf8
[ sql ] [ SQL ] SHOW COLUMNS FROM `pro` [ RunTime:0.002961s ]
[ sql ] [ SQL ] SELECT COUNT(*) AS tp_count FROM `pro` WHERE  `pro_type` = 'sj'  AND `state` = 1 LIMIT 1 [ RunTime:0.002102s ]
[ sql ] [ SQL ] SELECT * FROM `pro` WHERE  `pro_type` = 'sj'  AND `state` = 1 LIMIT 0,15 [ RunTime:0.002332s ]
[ sql ] [ SQL ] SELECT COUNT(*) AS tp_count FROM `pro` WHERE  `pro_type` = 'sj'  AND `state` = 1 LIMIT 1 [ RunTime:0.002090s ]
---------------------------------------------------------------
[ 2018-10-06T09:34:26+08:00 ] 172.17.230.83 203.208.60.12 GET /sj.html
[ info ] www.51mfgs.com/sj.html [运行时间：0.065428s][吞吐率：15.28req/s] [内存消耗：568.89kb] [文件加载：45]
[ info ] [ LANG ] /data/home/syu4378230001/htdocs/thinkphp/lang/zh-cn.php
[ info ] [ BIND ] 'index/Index'
[ info ] [ ROUTE ] array (
  'type' => 'module',
  'module' => 
  array (
    0 => 'index',
    1 => 'Index',
    2 => 'sj',
  ),
)
[ info ] [ HEADER ] array (
  'accept' => 'text/html,application/xhtml+xml,application/xml;q=0.9,*/*;q=0.8',
  'accept-encoding' => 'gzip,deflate,br',
  'connection' => 'keep-alive',
  'from' => 'googlebot(at)googlebot.com',
  'host' => 'www.51mfgs.com',
  'if-modified-since' => 'Sun, 30 Sep 2018 15:13:33 GMT',
  'user-agent' => 'Mozilla/5.0 (Linux; Android 6.0.1; Nexus 5X Build/MMB29P) AppleWebKit/537.36 (KHTML, like Gecko) Chrome/41.0.2272.96 Mobile Safari/537.36 (compatible; Googlebot/2.1; +http://www.google.com/bot.html)',
)
[ info ] [ PARAM ] array (
)
[ info ] [ RUN ] app\index\controller\Index->sj[ /data/home/syu4378230001/htdocs/app/index/controller/Index.php ]
[ info ] [ DB ] INIT mysql
[ info ] [ VIEW ] ./app/index/view/index/sj.html [ array (
  0 => 'list',
  1 => 'total',
) ]
[ info ] [ LOG ] INIT File
[ sql ] [ DB ] CONNECT:[ UseTime:0.004718s ] mysql:dbname=sdm442994699_db;host=sdm442994699.my3w.com;charset=utf8
[ sql ] [ SQL ] SHOW COLUMNS FROM `pro` [ RunTime:0.002966s ]
[ sql ] [ SQL ] SELECT COUNT(*) AS tp_count FROM `pro` WHERE  `pro_type` = 'sj'  AND `state` = 1 LIMIT 1 [ RunTime:0.002333s ]
[ sql ] [ SQL ] SELECT * FROM `pro` WHERE  `pro_type` = 'sj'  AND `state` = 1 LIMIT 0,15 [ RunTime:0.002417s ]
[ sql ] [ SQL ] SELECT COUNT(*) AS tp_count FROM `pro` WHERE  `pro_type` = 'sj'  AND `state` = 1 LIMIT 1 [ RunTime:0.002235s ]
---------------------------------------------------------------
[ 2018-10-06T09:34:34+08:00 ] 172.17.230.83 203.208.60.45 GET /proshow/id/67
[ info ] www.51mfgs.com/proshow/id/67 [运行时间：0.068320s][吞吐率：14.64req/s] [内存消耗：575.86kb] [文件加载：44]
[ info ] [ LANG ] /data/home/syu4378230001/htdocs/thinkphp/lang/zh-cn.php
[ info ] [ BIND ] 'index/Index'
[ info ] [ ROUTE ] array (
  'type' => 'module',
  'module' => 
  array (
    0 => 'index',
    1 => 'Index',
    2 => 'proshow',
  ),
)
[ info ] [ HEADER ] array (
  'accept' => 'text/html,application/xhtml+xml,application/xml;q=0.9,*/*;q=0.8',
  'accept-encoding' => 'gzip,deflate,br',
  'connection' => 'keep-alive',
  'from' => 'googlebot(at)googlebot.com',
  'host' => 'www.51mfgs.com',
  'user-agent' => 'Mozilla/5.0 (Linux; Android 6.0.1; Nexus 5X Build/MMB29P) AppleWebKit/537.36 (KHTML, like Gecko) Chrome/41.0.2272.96 Mobile Safari/537.36 (compatible; Googlebot/2.1; +http://www.google.com/bot.html)',
)
[ info ] [ PARAM ] array (
  'id' => '67',
)
[ info ] [ RUN ] app\index\controller\Index->proshow[ /data/home/syu4378230001/htdocs/app/index/controller/Index.php ]
[ info ] [ DB ] INIT mysql
[ info ] [ VIEW ] ./app/index/view/index/proshow.html [ array (
  0 => 'data',
) ]
[ info ] [ LOG ] INIT File
[ sql ] [ DB ] CONNECT:[ UseTime:0.007295s ] mysql:dbname=sdm442994699_db;host=sdm442994699.my3w.com;charset=utf8
[ sql ] [ SQL ] SHOW COLUMNS FROM `pro` [ RunTime:0.004800s ]
[ sql ] [ SQL ] SELECT * FROM `pro` WHERE  `pro_id` = 67 LIMIT 1 [ RunTime:0.004238s ]
---------------------------------------------------------------
[ 2018-10-06T09:34:37+08:00 ] 172.17.230.83 203.208.60.37 GET /myspace.html
[ info ] www.51mfgs.com/myspace.html [运行时间：0.034038s][吞吐率：29.38req/s] [内存消耗：323.51kb] [文件加载：37]
[ info ] [ LANG ] /data/home/syu4378230001/htdocs/thinkphp/lang/zh-cn.php
[ info ] [ BIND ] 'index/Index'
[ info ] [ ROUTE ] array (
  'type' => 'module',
  'module' => 
  array (
    0 => 'index',
    1 => 'Index',
    2 => 'myspace',
  ),
)
[ info ] [ HEADER ] array (
  'accept' => 'text/html,application/xhtml+xml,application/xml;q=0.9,*/*;q=0.8',
  'accept-encoding' => 'gzip,deflate,br',
  'connection' => 'keep-alive',
  'from' => 'googlebot(at)googlebot.com',
  'host' => 'www.51mfgs.com',
  'user-agent' => 'Mozilla/5.0 (Linux; Android 6.0.1; Nexus 5X Build/MMB29P) AppleWebKit/537.36 (KHTML, like Gecko) Chrome/41.0.2272.96 Mobile Safari/537.36 (compatible; Googlebot/2.1; +http://www.google.com/bot.html)',
)
[ info ] [ PARAM ] array (
)
[ info ] [ RUN ] app\index\controller\Index->myspace[ /data/home/syu4378230001/htdocs/app/index/controller/Index.php ]
[ info ] [ VIEW ] /data/home/syu4378230001/htdocs/thinkphp/tpl/dispatch_jump.tpl [ array (
  0 => 'code',
  1 => 'msg',
  2 => 'data',
  3 => 'url',
  4 => 'wait',
) ]
[ info ] [ LOG ] INIT File
---------------------------------------------------------------
[ 2018-10-06T09:34:43+08:00 ] 172.17.230.83 203.208.60.27 GET /proshow/id/79
[ info ] www.51mfgs.com/proshow/id/79 [运行时间：0.060719s][吞吐率：16.47req/s] [内存消耗：575.98kb] [文件加载：44]
[ info ] [ LANG ] /data/home/syu4378230001/htdocs/thinkphp/lang/zh-cn.php
[ info ] [ BIND ] 'index/Index'
[ info ] [ ROUTE ] array (
  'type' => 'module',
  'module' => 
  array (
    0 => 'index',
    1 => 'Index',
    2 => 'proshow',
  ),
)
[ info ] [ HEADER ] array (
  'accept' => 'text/html,application/xhtml+xml,application/xml;q=0.9,*/*;q=0.8',
  'accept-encoding' => 'gzip,deflate,br',
  'connection' => 'keep-alive',
  'from' => 'googlebot(at)googlebot.com',
  'host' => 'www.51mfgs.com',
  'user-agent' => 'Mozilla/5.0 (Linux; Android 6.0.1; Nexus 5X Build/MMB29P) AppleWebKit/537.36 (KHTML, like Gecko) Chrome/41.0.2272.96 Mobile Safari/537.36 (compatible; Googlebot/2.1; +http://www.google.com/bot.html)',
)
[ info ] [ PARAM ] array (
  'id' => '79',
)
[ info ] [ RUN ] app\index\controller\Index->proshow[ /data/home/syu4378230001/htdocs/app/index/controller/Index.php ]
[ info ] [ DB ] INIT mysql
[ info ] [ VIEW ] ./app/index/view/index/proshow.html [ array (
  0 => 'data',
) ]
[ info ] [ LOG ] INIT File
[ sql ] [ DB ] CONNECT:[ UseTime:0.005142s ] mysql:dbname=sdm442994699_db;host=sdm442994699.my3w.com;charset=utf8
[ sql ] [ SQL ] SHOW COLUMNS FROM `pro` [ RunTime:0.002861s ]
[ sql ] [ SQL ] SELECT * FROM `pro` WHERE  `pro_id` = 79 LIMIT 1 [ RunTime:0.002373s ]
---------------------------------------------------------------
[ 2018-10-06T09:34:50+08:00 ] 172.17.230.83 203.208.60.42 GET /proshow/id/78
[ info ] www.51mfgs.com/proshow/id/78 [运行时间：0.065218s][吞吐率：15.33req/s] [内存消耗：575.89kb] [文件加载：44]
[ info ] [ LANG ] /data/home/syu4378230001/htdocs/thinkphp/lang/zh-cn.php
[ info ] [ BIND ] 'index/Index'
[ info ] [ ROUTE ] array (
  'type' => 'module',
  'module' => 
  array (
    0 => 'index',
    1 => 'Index',
    2 => 'proshow',
  ),
)
[ info ] [ HEADER ] array (
  'accept' => 'text/html,application/xhtml+xml,application/xml;q=0.9,*/*;q=0.8',
  'accept-encoding' => 'gzip,deflate,br',
  'connection' => 'keep-alive',
  'from' => 'googlebot(at)googlebot.com',
  'host' => 'www.51mfgs.com',
  'user-agent' => 'Mozilla/5.0 (Linux; Android 6.0.1; Nexus 5X Build/MMB29P) AppleWebKit/537.36 (KHTML, like Gecko) Chrome/41.0.2272.96 Mobile Safari/537.36 (compatible; Googlebot/2.1; +http://www.google.com/bot.html)',
)
[ info ] [ PARAM ] array (
  'id' => '78',
)
[ info ] [ RUN ] app\index\controller\Index->proshow[ /data/home/syu4378230001/htdocs/app/index/controller/Index.php ]
[ info ] [ DB ] INIT mysql
[ info ] [ VIEW ] ./app/index/view/index/proshow.html [ array (
  0 => 'data',
) ]
[ info ] [ LOG ] INIT File
[ sql ] [ DB ] CONNECT:[ UseTime:0.005608s ] mysql:dbname=sdm442994699_db;host=sdm442994699.my3w.com;charset=utf8
[ sql ] [ SQL ] SHOW COLUMNS FROM `pro` [ RunTime:0.003729s ]
[ sql ] [ SQL ] SELECT * FROM `pro` WHERE  `pro_id` = 78 LIMIT 1 [ RunTime:0.005628s ]
---------------------------------------------------------------
[ 2018-10-06T09:34:56+08:00 ] 172.17.230.83 203.208.60.96 GET /proshow/id/70
[ info ] www.51mfgs.com/proshow/id/70 [运行时间：0.059709s][吞吐率：16.75req/s] [内存消耗：575.88kb] [文件加载：44]
[ info ] [ LANG ] /data/home/syu4378230001/htdocs/thinkphp/lang/zh-cn.php
[ info ] [ BIND ] 'index/Index'
[ info ] [ ROUTE ] array (
  'type' => 'module',
  'module' => 
  array (
    0 => 'index',
    1 => 'Index',
    2 => 'proshow',
  ),
)
[ info ] [ HEADER ] array (
  'accept' => 'text/html,application/xhtml+xml,application/xml;q=0.9,*/*;q=0.8',
  'accept-encoding' => 'gzip,deflate,br',
  'connection' => 'keep-alive',
  'from' => 'googlebot(at)googlebot.com',
  'host' => 'www.51mfgs.com',
  'user-agent' => 'Mozilla/5.0 (Linux; Android 6.0.1; Nexus 5X Build/MMB29P) AppleWebKit/537.36 (KHTML, like Gecko) Chrome/41.0.2272.96 Mobile Safari/537.36 (compatible; Googlebot/2.1; +http://www.google.com/bot.html)',
)
[ info ] [ PARAM ] array (
  'id' => '70',
)
[ info ] [ RUN ] app\index\controller\Index->proshow[ /data/home/syu4378230001/htdocs/app/index/controller/Index.php ]
[ info ] [ DB ] INIT mysql
[ info ] [ VIEW ] ./app/index/view/index/proshow.html [ array (
  0 => 'data',
) ]
[ info ] [ LOG ] INIT File
[ sql ] [ DB ] CONNECT:[ UseTime:0.004444s ] mysql:dbname=sdm442994699_db;host=sdm442994699.my3w.com;charset=utf8
[ sql ] [ SQL ] SHOW COLUMNS FROM `pro` [ RunTime:0.003023s ]
[ sql ] [ SQL ] SELECT * FROM `pro` WHERE  `pro_id` = 70 LIMIT 1 [ RunTime:0.002335s ]
---------------------------------------------------------------
[ 2018-10-06T10:25:25+08:00 ] 172.17.230.83 42.236.102.3 GET /index.php
[ info ] 51mfgs.com/index.php [运行时间：0.129677s][吞吐率：7.71req/s] [内存消耗：737.21kb] [文件加载：49]
[ info ] [ LANG ] /data/home/syu4378230001/htdocs/thinkphp/lang/zh-cn.php
[ info ] [ BIND ] 'index/Index'
[ info ] [ ROUTE ] array (
  'type' => 'module',
  'module' => 
  array (
    0 => 'index',
    1 => 'Index',
    2 => NULL,
  ),
)
[ info ] [ HEADER ] array (
  'accept' => '*/*',
  'accept-encoding' => 'deflate, gzip',
  'accept-language' => 'zh-CN',
  'connection' => 'Keep-Alive',
  'cookie' => '',
  'host' => '51mfgs.com',
  'referer' => 'http://51mfgs.com/index.php',
  'user-agent' => 'Mozilla/5.0 (Windows NT 6.1; WOW64) AppleWebKit/537.36 (KHTML, like Gecko) Chrome/50.0.2661.102 Safari/537.36; 360Spider',
)
[ info ] [ PARAM ] array (
)
[ info ] [ RUN ] app\index\controller\Index->index[ /data/home/syu4378230001/htdocs/app/index/controller/Index.php ]
[ info ] [ DB ] INIT mysql
[ info ] [ SESSION ] INIT array (
  'id' => '',
  'var_session_id' => '',
  'prefix' => '',
  'type' => '',
  'auto_start' => true,
  'httponly' => true,
  'secure' => false,
)
[ info ] [ CACHE ] INIT File
[ info ] [ VIEW ] ./app/index/view/index/index.html [ array (
  0 => 'indexhits',
  1 => 'userclass',
  2 => 'usersess',
  3 => 'res_newpro',
  4 => 'res_user',
  5 => 'time',
  6 => 'res_jj',
  7 => 'res_jd',
  8 => 'res_yw',
  9 => 'res_sp',
  10 => 'res_sj',
  11 => 'res_cw',
) ]
[ info ] [ LOG ] INIT File
[ sql ] [ DB ] CONNECT:[ UseTime:0.007774s ] mysql:dbname=sdm442994699_db;host=sdm442994699.my3w.com;charset=utf8
[ sql ] [ SQL ] SHOW COLUMNS FROM `pro` [ RunTime:0.004843s ]
[ sql ] [ SQL ] SELECT * FROM `pro` WHERE  `pro_type` = 'jj'  AND `state` = 1  AND `pos` = 1 ORDER BY pro_id DESC LIMIT 3 [ RunTime:0.004359s ]
[ sql ] [ SQL ] SELECT * FROM `pro` WHERE  `pro_type` = 'jd'  AND `state` = 1  AND `pos` = 1 ORDER BY pro_id DESC LIMIT 3 [ RunTime:0.004253s ]
[ sql ] [ SQL ] SELECT * FROM `pro` WHERE  `pro_type` = 'yw'  AND `state` = 1  AND `pos` = 1 ORDER BY pro_id DESC LIMIT 3 [ RunTime:0.005047s ]
[ sql ] [ SQL ] SELECT * FROM `pro` WHERE  `pro_type` = 'sp'  AND `state` = 1  AND `pos` = 1 ORDER BY pro_id DESC LIMIT 3 [ RunTime:0.004591s ]
[ sql ] [ SQL ] SELECT * FROM `pro` WHERE  `pro_type` = 'sj'  AND `state` = 1  AND `pos` = 1 ORDER BY pro_id DESC LIMIT 3 [ RunTime:0.004542s ]
[ sql ] [ SQL ] SELECT * FROM `pro` WHERE  (  `pro_type` = 'cw'  AND `state` = 1  AND `pos` = 1 ) [ RunTime:0.004153s ]
[ sql ] [ SQL ] SHOW COLUMNS FROM `user` [ RunTime:0.004473s ]
[ sql ] [ SQL ] SELECT * FROM `user` WHERE  `state` = 1 ORDER BY id DESC LIMIT 3 [ RunTime:0.004042s ]
[ sql ] [ SQL ] SELECT * FROM `pro` WHERE  `pro_id` > 0  AND `state` = 1 ORDER BY pro_id DESC LIMIT 3 [ RunTime:0.004901s ]
[ sql ] [ SQL ] SHOW COLUMNS FROM `pagehits` [ RunTime:0.004367s ]
[ sql ] [ SQL ] UPDATE `pagehits`  SET `hits`=hits+1  WHERE  `id` = 1 [ RunTime:0.005507s ]
[ sql ] [ SQL ] SELECT `hits` FROM `pagehits` WHERE  `id` = 1 LIMIT 1 [ RunTime:0.004785s ]
---------------------------------------------------------------
[ 2018-10-06T10:31:37+08:00 ] 172.17.230.83 42.236.12.170 GET /
[ info ] www.51mfgs.com/ [运行时间：0.110465s][吞吐率：9.05req/s] [内存消耗：737.19kb] [文件加载：49]
[ info ] [ LANG ] /data/home/syu4378230001/htdocs/thinkphp/lang/zh-cn.php
[ info ] [ BIND ] 'index/Index'
[ info ] [ ROUTE ] array (
  'type' => 'module',
  'module' => 
  array (
    0 => 'index',
    1 => 'Index',
    2 => NULL,
  ),
)
[ info ] [ HEADER ] array (
  'accept' => '*/*',
  'accept-encoding' => 'deflate, gzip',
  'accept-language' => 'zh-CN',
  'connection' => 'Keep-Alive',
  'cookie' => '',
  'host' => 'www.51mfgs.com',
  'referer' => 'http://www.51mfgs.com/',
  'user-agent' => 'Mozilla/5.0 (Windows NT 6.1; WOW64) AppleWebKit/537.36 (KHTML, like Gecko) Chrome/50.0.2661.102 Safari/537.36; 360Spider',
)
[ info ] [ PARAM ] array (
)
[ info ] [ RUN ] app\index\controller\Index->index[ /data/home/syu4378230001/htdocs/app/index/controller/Index.php ]
[ info ] [ DB ] INIT mysql
[ info ] [ SESSION ] INIT array (
  'id' => '',
  'var_session_id' => '',
  'prefix' => '',
  'type' => '',
  'auto_start' => true,
  'httponly' => true,
  'secure' => false,
)
[ info ] [ CACHE ] INIT File
[ info ] [ VIEW ] ./app/index/view/index/index.html [ array (
  0 => 'indexhits',
  1 => 'userclass',
  2 => 'usersess',
  3 => 'res_newpro',
  4 => 'res_user',
  5 => 'time',
  6 => 'res_jj',
  7 => 'res_jd',
  8 => 'res_yw',
  9 => 'res_sp',
  10 => 'res_sj',
  11 => 'res_cw',
) ]
[ info ] [ LOG ] INIT File
[ sql ] [ DB ] CONNECT:[ UseTime:0.008084s ] mysql:dbname=sdm442994699_db;host=sdm442994699.my3w.com;charset=utf8
[ sql ] [ SQL ] SHOW COLUMNS FROM `pro` [ RunTime:0.003517s ]
[ sql ] [ SQL ] SELECT * FROM `pro` WHERE  `pro_type` = 'jj'  AND `state` = 1  AND `pos` = 1 ORDER BY pro_id DESC LIMIT 3 [ RunTime:0.002946s ]
[ sql ] [ SQL ] SELECT * FROM `pro` WHERE  `pro_type` = 'jd'  AND `state` = 1  AND `pos` = 1 ORDER BY pro_id DESC LIMIT 3 [ RunTime:0.003268s ]
[ sql ] [ SQL ] SELECT * FROM `pro` WHERE  `pro_type` = 'yw'  AND `state` = 1  AND `pos` = 1 ORDER BY pro_id DESC LIMIT 3 [ RunTime:0.002989s ]
[ sql ] [ SQL ] SELECT * FROM `pro` WHERE  `pro_type` = 'sp'  AND `state` = 1  AND `pos` = 1 ORDER BY pro_id DESC LIMIT 3 [ RunTime:0.003175s ]
[ sql ] [ SQL ] SELECT * FROM `pro` WHERE  `pro_type` = 'sj'  AND `state` = 1  AND `pos` = 1 ORDER BY pro_id DESC LIMIT 3 [ RunTime:0.003034s ]
[ sql ] [ SQL ] SELECT * FROM `pro` WHERE  (  `pro_type` = 'cw'  AND `state` = 1  AND `pos` = 1 ) [ RunTime:0.003077s ]
[ sql ] [ SQL ] SHOW COLUMNS FROM `user` [ RunTime:0.003625s ]
[ sql ] [ SQL ] SELECT * FROM `user` WHERE  `state` = 1 ORDER BY id DESC LIMIT 3 [ RunTime:0.002874s ]
[ sql ] [ SQL ] SELECT * FROM `pro` WHERE  `pro_id` > 0  AND `state` = 1 ORDER BY pro_id DESC LIMIT 3 [ RunTime:0.003329s ]
[ sql ] [ SQL ] SHOW COLUMNS FROM `pagehits` [ RunTime:0.003361s ]
[ sql ] [ SQL ] UPDATE `pagehits`  SET `hits`=hits+1  WHERE  `id` = 1 [ RunTime:0.003227s ]
[ sql ] [ SQL ] SELECT `hits` FROM `pagehits` WHERE  `id` = 1 LIMIT 1 [ RunTime:0.003245s ]
---------------------------------------------------------------
[ 2018-10-06T11:28:59+08:00 ] 172.17.230.83 123.125.71.48 GET /pro/images/14994050901499145875cabvabvfs.jpg
[ info ] www.51mfgs.com/pro/images/14994050901499145875cabvabvfs.jpg [运行时间：0.026683s][吞吐率：37.48req/s] [内存消耗：220.09kb] [文件加载：29]
[ info ] [ LANG ] /data/home/syu4378230001/htdocs/thinkphp/lang/zh-cn.php
[ info ] [ BIND ] 'index/Index'
[ info ] [ ROUTE ] array (
  'type' => 'module',
  'module' => 
  array (
    0 => 'admin',
    1 => 'Index',
    2 => 'proinfo',
  ),
  'convert' => false,
)
[ info ] [ HEADER ] array (
  'accept' => '*/*',
  'accept-encoding' => 'gzip',
  'connection' => 'close',
  'host' => 'www.51mfgs.com',
  'referer' => 'http://image.baidu.com/i?ct=503316480&z=0&tn=baiduimagedetail',
  'user-agent' => 'Baiduspider-image+(+http://www.baidu.com/search/spider.htm)',
)
[ info ] [ PARAM ] array (
  'id' => 'images',
)
[ info ] [ LOG ] INIT File
---------------------------------------------------------------
[ 2018-10-06T12:49:23+08:00 ] 172.17.230.83 40.77.167.9 GET /pro/images/7bcb86152d4937c7e1690e53325d8656.jpg
[ info ] 51mfgs.com/pro/images/7bcb86152d4937c7e1690e53325d8656.jpg [运行时间：0.024448s][吞吐率：40.90req/s] [内存消耗：220.28kb] [文件加载：29]
[ info ] [ LANG ] /data/home/syu4378230001/htdocs/thinkphp/lang/zh-cn.php
[ info ] [ BIND ] 'index/Index'
[ info ] [ ROUTE ] array (
  'type' => 'module',
  'module' => 
  array (
    0 => 'admin',
    1 => 'Index',
    2 => 'proinfo',
  ),
  'convert' => false,
)
[ info ] [ HEADER ] array (
  'accept' => '*/*',
  'accept-encoding' => 'gzip, deflate',
  'cache-control' => 'no-cache',
  'connection' => 'Keep-Alive',
  'from' => 'bingbot(at)microsoft.com',
  'host' => '51mfgs.com',
  'pragma' => 'no-cache',
  'user-agent' => 'Mozilla/5.0 (compatible; bingbot/2.0; +http://www.bing.com/bingbot.htm)',
)
[ info ] [ PARAM ] array (
  'id' => 'images',
)
[ info ] [ LOG ] INIT File
---------------------------------------------------------------
[ 2018-10-06T13:09:33+08:00 ] 172.17.230.83 183.136.190.62 GET /
[ info ] 51mfgs.com/ [运行时间：0.117161s][吞吐率：8.54req/s] [内存消耗：737.16kb] [文件加载：49]
[ info ] [ LANG ] /data/home/syu4378230001/htdocs/thinkphp/lang/zh-cn.php
[ info ] [ BIND ] 'index/Index'
[ info ] [ ROUTE ] array (
  'type' => 'module',
  'module' => 
  array (
    0 => 'index',
    1 => 'Index',
    2 => NULL,
  ),
)
[ info ] [ HEADER ] array (
  'accept' => 'text/html,application/xhtml+xml,application/xml;q=0.9,image/webp,*/*;q=0.8',
  'accept-encoding' => '',
  'accept-language' => 'zh-CN,zh;q=0.8',
  'cache-control' => 'max-age=0',
  'connection' => 'close',
  'host' => '51mfgs.com',
  'user-agent' => 'Mozilla/5.0 (Windows NT 6.1) AppleWebKit/537.36 (KHTML, like Gecko) Chrome/35.0.1916.153 Safari/537.36',
)
[ info ] [ PARAM ] array (
)
[ info ] [ RUN ] app\index\controller\Index->index[ /data/home/syu4378230001/htdocs/app/index/controller/Index.php ]
[ info ] [ DB ] INIT mysql
[ info ] [ SESSION ] INIT array (
  'id' => '',
  'var_session_id' => '',
  'prefix' => '',
  'type' => '',
  'auto_start' => true,
  'httponly' => true,
  'secure' => false,
)
[ info ] [ CACHE ] INIT File
[ info ] [ VIEW ] ./app/index/view/index/index.html [ array (
  0 => 'indexhits',
  1 => 'userclass',
  2 => 'usersess',
  3 => 'res_newpro',
  4 => 'res_user',
  5 => 'time',
  6 => 'res_jj',
  7 => 'res_jd',
  8 => 'res_yw',
  9 => 'res_sp',
  10 => 'res_sj',
  11 => 'res_cw',
) ]
[ info ] [ LOG ] INIT File
[ sql ] [ DB ] CONNECT:[ UseTime:0.007799s ] mysql:dbname=sdm442994699_db;host=sdm442994699.my3w.com;charset=utf8
[ sql ] [ SQL ] SHOW COLUMNS FROM `pro` [ RunTime:0.003871s ]
[ sql ] [ SQL ] SELECT * FROM `pro` WHERE  `pro_type` = 'jj'  AND `state` = 1  AND `pos` = 1 ORDER BY pro_id DESC LIMIT 3 [ RunTime:0.003290s ]
[ sql ] [ SQL ] SELECT * FROM `pro` WHERE  `pro_type` = 'jd'  AND `state` = 1  AND `pos` = 1 ORDER BY pro_id DESC LIMIT 3 [ RunTime:0.003500s ]
[ sql ] [ SQL ] SELECT * FROM `pro` WHERE  `pro_type` = 'yw'  AND `state` = 1  AND `pos` = 1 ORDER BY pro_id DESC LIMIT 3 [ RunTime:0.003154s ]
[ sql ] [ SQL ] SELECT * FROM `pro` WHERE  `pro_type` = 'sp'  AND `state` = 1  AND `pos` = 1 ORDER BY pro_id DESC LIMIT 3 [ RunTime:0.002993s ]
[ sql ] [ SQL ] SELECT * FROM `pro` WHERE  `pro_type` = 'sj'  AND `state` = 1  AND `pos` = 1 ORDER BY pro_id DESC LIMIT 3 [ RunTime:0.002938s ]
[ sql ] [ SQL ] SELECT * FROM `pro` WHERE  (  `pro_type` = 'cw'  AND `state` = 1  AND `pos` = 1 ) [ RunTime:0.003156s ]
[ sql ] [ SQL ] SHOW COLUMNS FROM `user` [ RunTime:0.004126s ]
[ sql ] [ SQL ] SELECT * FROM `user` WHERE  `state` = 1 ORDER BY id DESC LIMIT 3 [ RunTime:0.003122s ]
[ sql ] [ SQL ] SELECT * FROM `pro` WHERE  `pro_id` > 0  AND `state` = 1 ORDER BY pro_id DESC LIMIT 3 [ RunTime:0.002987s ]
[ sql ] [ SQL ] SHOW COLUMNS FROM `pagehits` [ RunTime:0.003279s ]
[ sql ] [ SQL ] UPDATE `pagehits`  SET `hits`=hits+1  WHERE  `id` = 1 [ RunTime:0.002977s ]
[ sql ] [ SQL ] SELECT `hits` FROM `pagehits` WHERE  `id` = 1 LIMIT 1 [ RunTime:0.002890s ]
---------------------------------------------------------------
[ 2018-10-06T13:31:51+08:00 ] 172.17.230.83 106.11.157.76 GET /cw.html
[ info ] www.51mfgs.com/cw.html [运行时间：0.068916s][吞吐率：14.51req/s] [内存消耗：556.80kb] [文件加载：45]
[ info ] [ LANG ] /data/home/syu4378230001/htdocs/thinkphp/lang/zh-cn.php
[ info ] [ BIND ] 'index/Index'
[ info ] [ ROUTE ] array (
  'type' => 'module',
  'module' => 
  array (
    0 => 'index',
    1 => 'Index',
    2 => 'cw',
  ),
)
[ info ] [ HEADER ] array (
  'accept' => 'text/html,application/xhtml+xml,application/xml;q=0.9,image/webp,image/apng,*/*;q=0.8',
  'accept-encoding' => 'gzip, deflate',
  'connection' => 'close',
  'host' => 'www.51mfgs.com',
  'upgrade-insecure-requests' => '1',
  'user-agent' => 'Mozilla/5.0 (Windows NT 6.1; Win64; x64) AppleWebKit/537.36 (KHTML, like Gecko) Chrome/69.0.3497.81 Safari/537.36',
)
[ info ] [ PARAM ] array (
)
[ info ] [ RUN ] app\index\controller\Index->cw[ /data/home/syu4378230001/htdocs/app/index/controller/Index.php ]
[ info ] [ DB ] INIT mysql
[ info ] [ VIEW ] ./app/index/view/index/cw.html [ array (
  0 => 'list',
  1 => 'total',
) ]
[ info ] [ LOG ] INIT File
[ sql ] [ DB ] CONNECT:[ UseTime:0.004991s ] mysql:dbname=sdm442994699_db;host=sdm442994699.my3w.com;charset=utf8
[ sql ] [ SQL ] SHOW COLUMNS FROM `pro` [ RunTime:0.003156s ]
[ sql ] [ SQL ] SELECT COUNT(*) AS tp_count FROM `pro` WHERE  `pro_type` = 'cw'  AND `state` = 1 LIMIT 1 [ RunTime:0.002312s ]
[ sql ] [ SQL ] SELECT * FROM `pro` WHERE  `pro_type` = 'cw'  AND `state` = 1 LIMIT 0,15 [ RunTime:0.003428s ]
[ sql ] [ SQL ] SELECT COUNT(*) AS tp_count FROM `pro` WHERE  `pro_type` = 'cw'  AND `state` = 1 LIMIT 1 [ RunTime:0.002428s ]
---------------------------------------------------------------
[ 2018-10-06T13:41:37+08:00 ] 172.17.230.83 40.77.167.9 GET /user/reg.php
[ info ] 51mfgs.com/user/reg.php [运行时间：0.024423s][吞吐率：40.94req/s] [内存消耗：220.26kb] [文件加载：29]
[ info ] [ LANG ] /data/home/syu4378230001/htdocs/thinkphp/lang/zh-cn.php
[ info ] [ BIND ] 'index/Index'
[ info ] [ ROUTE ] array (
  'type' => 'module',
  'module' => 
  array (
    0 => 'admin',
    1 => 'Index',
    2 => 'userinfo',
  ),
  'convert' => false,
)
[ info ] [ HEADER ] array (
  'accept' => '*/*',
  'accept-encoding' => 'gzip, deflate',
  'cache-control' => 'no-cache',
  'connection' => 'Keep-Alive',
  'from' => 'bingbot(at)microsoft.com',
  'host' => '51mfgs.com',
  'pragma' => 'no-cache',
  'user-agent' => 'Mozilla/5.0 (compatible; bingbot/2.0; +http://www.bing.com/bingbot.htm)',
)
[ info ] [ PARAM ] array (
  'id' => 'reg.php',
)
[ info ] [ LOG ] INIT File
---------------------------------------------------------------
[ 2018-10-06T14:02:37+08:00 ] 172.17.230.83 203.208.60.55 GET /robots.txt
[ info ] 51mfgs.com/robots.txt [运行时间：0.052235s][吞吐率：19.14req/s] [内存消耗：305.25kb] [文件加载：37]
[ info ] [ LANG ] /data/home/syu4378230001/htdocs/thinkphp/lang/zh-cn.php
[ info ] [ BIND ] 'index/Index'
[ info ] [ ROUTE ] array (
  'type' => 'module',
  'module' => 
  array (
    0 => 'index',
    1 => 'Index',
    2 => 'robots.txt',
  ),
)
[ info ] [ HEADER ] array (
  'accept' => 'text/plain,text/html,*/*',
  'accept-encoding' => 'gzip,deflate,br',
  'connection' => 'keep-alive',
  'host' => '51mfgs.com',
  'user-agent' => 'Mozilla/5.0 (compatible; Googlebot/2.1; +http://www.google.com/bot.html)',
)
[ info ] [ PARAM ] array (
)
[ info ] [ LOG ] INIT File
---------------------------------------------------------------
[ 2018-10-06T14:02:38+08:00 ] 172.17.230.83 203.208.60.42 GET /
[ info ] 51mfgs.com/ [运行时间：0.134036s][吞吐率：7.46req/s] [内存消耗：737.02kb] [文件加载：49]
[ info ] [ LANG ] /data/home/syu4378230001/htdocs/thinkphp/lang/zh-cn.php
[ info ] [ BIND ] 'index/Index'
[ info ] [ ROUTE ] array (
  'type' => 'module',
  'module' => 
  array (
    0 => 'index',
    1 => 'Index',
    2 => NULL,
  ),
)
[ info ] [ HEADER ] array (
  'accept' => 'text/html,application/xhtml+xml,application/xml;q=0.9,*/*;q=0.8',
  'accept-encoding' => 'gzip,deflate,br',
  'connection' => 'keep-alive',
  'from' => 'googlebot(at)googlebot.com',
  'host' => '51mfgs.com',
  'user-agent' => 'Mozilla/5.0 (compatible; Googlebot/2.1; +http://www.google.com/bot.html)',
)
[ info ] [ PARAM ] array (
)
[ info ] [ RUN ] app\index\controller\Index->index[ /data/home/syu4378230001/htdocs/app/index/controller/Index.php ]
[ info ] [ DB ] INIT mysql
[ info ] [ SESSION ] INIT array (
  'id' => '',
  'var_session_id' => '',
  'prefix' => '',
  'type' => '',
  'auto_start' => true,
  'httponly' => true,
  'secure' => false,
)
[ info ] [ CACHE ] INIT File
[ info ] [ VIEW ] ./app/index/view/index/index.html [ array (
  0 => 'indexhits',
  1 => 'userclass',
  2 => 'usersess',
  3 => 'res_newpro',
  4 => 'res_user',
  5 => 'time',
  6 => 'res_jj',
  7 => 'res_jd',
  8 => 'res_yw',
  9 => 'res_sp',
  10 => 'res_sj',
  11 => 'res_cw',
) ]
[ info ] [ LOG ] INIT File
[ sql ] [ DB ] CONNECT:[ UseTime:0.005935s ] mysql:dbname=sdm442994699_db;host=sdm442994699.my3w.com;charset=utf8
[ sql ] [ SQL ] SHOW COLUMNS FROM `pro` [ RunTime:0.008494s ]
[ sql ] [ SQL ] SELECT * FROM `pro` WHERE  `pro_type` = 'jj'  AND `state` = 1  AND `pos` = 1 ORDER BY pro_id DESC LIMIT 3 [ RunTime:0.003163s ]
[ sql ] [ SQL ] SELECT * FROM `pro` WHERE  `pro_type` = 'jd'  AND `state` = 1  AND `pos` = 1 ORDER BY pro_id DESC LIMIT 3 [ RunTime:0.005448s ]
[ sql ] [ SQL ] SELECT * FROM `pro` WHERE  `pro_type` = 'yw'  AND `state` = 1  AND `pos` = 1 ORDER BY pro_id DESC LIMIT 3 [ RunTime:0.005326s ]
[ sql ] [ SQL ] SELECT * FROM `pro` WHERE  `pro_type` = 'sp'  AND `state` = 1  AND `pos` = 1 ORDER BY pro_id DESC LIMIT 3 [ RunTime:0.003480s ]
[ sql ] [ SQL ] SELECT * FROM `pro` WHERE  `pro_type` = 'sj'  AND `state` = 1  AND `pos` = 1 ORDER BY pro_id DESC LIMIT 3 [ RunTime:0.003014s ]
[ sql ] [ SQL ] SELECT * FROM `pro` WHERE  (  `pro_type` = 'cw'  AND `state` = 1  AND `pos` = 1 ) [ RunTime:0.003113s ]
[ sql ] [ SQL ] SHOW COLUMNS FROM `user` [ RunTime:0.003855s ]
[ sql ] [ SQL ] SELECT * FROM `user` WHERE  `state` = 1 ORDER BY id DESC LIMIT 3 [ RunTime:0.003159s ]
[ sql ] [ SQL ] SELECT * FROM `pro` WHERE  `pro_id` > 0  AND `state` = 1 ORDER BY pro_id DESC LIMIT 3 [ RunTime:0.003025s ]
[ sql ] [ SQL ] SHOW COLUMNS FROM `pagehits` [ RunTime:0.003459s ]
[ sql ] [ SQL ] UPDATE `pagehits`  SET `hits`=hits+1  WHERE  `id` = 1 [ RunTime:0.002851s ]
[ sql ] [ SQL ] SELECT `hits` FROM `pagehits` WHERE  `id` = 1 LIMIT 1 [ RunTime:0.002845s ]
---------------------------------------------------------------
[ 2018-10-06T14:15:35+08:00 ] 172.17.230.83 123.125.71.80 GET /about.html
[ info ] www.51mfgs.com/about.html [运行时间：0.074828s][吞吐率：13.36req/s] [内存消耗：538.90kb] [文件加载：45]
[ info ] [ LANG ] /data/home/syu4378230001/htdocs/thinkphp/lang/zh-cn.php
[ info ] [ BIND ] 'index/Index'
[ info ] [ ROUTE ] array (
  'type' => 'module',
  'module' => 
  array (
    0 => 'index',
    1 => 'Index',
    2 => 'about',
  ),
)
[ info ] [ HEADER ] array (
  'accept' => '*/*',
  'accept-encoding' => 'gzip',
  'accept-language' => 'zh-cn,zh-tw',
  'connection' => 'close',
  'host' => 'www.51mfgs.com',
  'user-agent' => 'Mozilla/5.0 (compatible; Baiduspider/2.0; +http://www.baidu.com/search/spider.html)',
)
[ info ] [ PARAM ] array (
)
[ info ] [ RUN ] app\index\controller\Index->about[ /data/home/syu4378230001/htdocs/app/index/controller/Index.php ]
[ info ] [ DB ] INIT mysql
[ info ] [ CACHE ] INIT File
[ info ] [ VIEW ] ./app/index/view/index/about.html [ array (
  0 => 'abouthits',
) ]
[ info ] [ LOG ] INIT File
[ sql ] [ DB ] CONNECT:[ UseTime:0.009019s ] mysql:dbname=sdm442994699_db;host=sdm442994699.my3w.com;charset=utf8
[ sql ] [ SQL ] SHOW COLUMNS FROM `pagehits` [ RunTime:0.004472s ]
[ sql ] [ SQL ] UPDATE `pagehits`  SET `hits`=hits+1  WHERE  `id` = 2 [ RunTime:0.004154s ]
[ sql ] [ SQL ] SELECT `hits` FROM `pagehits` WHERE  `id` = 2 LIMIT 1 [ RunTime:0.003955s ]
---------------------------------------------------------------
[ 2018-10-06T14:50:11+08:00 ] 172.17.230.83 40.77.167.9 GET /
[ info ] 51mfgs.com/ [运行时间：0.116653s][吞吐率：8.57req/s] [内存消耗：737.09kb] [文件加载：49]
[ info ] [ LANG ] /data/home/syu4378230001/htdocs/thinkphp/lang/zh-cn.php
[ info ] [ BIND ] 'index/Index'
[ info ] [ ROUTE ] array (
  'type' => 'module',
  'module' => 
  array (
    0 => 'index',
    1 => 'Index',
    2 => NULL,
  ),
)
[ info ] [ HEADER ] array (
  'accept' => '*/*',
  'accept-encoding' => 'gzip, deflate',
  'cache-control' => 'no-cache',
  'connection' => 'Keep-Alive',
  'from' => 'bingbot(at)microsoft.com',
  'host' => '51mfgs.com',
  'pragma' => 'no-cache',
  'user-agent' => 'Mozilla/5.0 (compatible; bingbot/2.0; +http://www.bing.com/bingbot.htm)',
)
[ info ] [ PARAM ] array (
)
[ info ] [ RUN ] app\index\controller\Index->index[ /data/home/syu4378230001/htdocs/app/index/controller/Index.php ]
[ info ] [ DB ] INIT mysql
[ info ] [ SESSION ] INIT array (
  'id' => '',
  'var_session_id' => '',
  'prefix' => '',
  'type' => '',
  'auto_start' => true,
  'httponly' => true,
  'secure' => false,
)
[ info ] [ CACHE ] INIT File
[ info ] [ VIEW ] ./app/index/view/index/index.html [ array (
  0 => 'indexhits',
  1 => 'userclass',
  2 => 'usersess',
  3 => 'res_newpro',
  4 => 'res_user',
  5 => 'time',
  6 => 'res_jj',
  7 => 'res_jd',
  8 => 'res_yw',
  9 => 'res_sp',
  10 => 'res_sj',
  11 => 'res_cw',
) ]
[ info ] [ LOG ] INIT File
[ sql ] [ DB ] CONNECT:[ UseTime:0.006864s ] mysql:dbname=sdm442994699_db;host=sdm442994699.my3w.com;charset=utf8
[ sql ] [ SQL ] SHOW COLUMNS FROM `pro` [ RunTime:0.004783s ]
[ sql ] [ SQL ] SELECT * FROM `pro` WHERE  `pro_type` = 'jj'  AND `state` = 1  AND `pos` = 1 ORDER BY pro_id DESC LIMIT 3 [ RunTime:0.003848s ]
[ sql ] [ SQL ] SELECT * FROM `pro` WHERE  `pro_type` = 'jd'  AND `state` = 1  AND `pos` = 1 ORDER BY pro_id DESC LIMIT 3 [ RunTime:0.003789s ]
[ sql ] [ SQL ] SELECT * FROM `pro` WHERE  `pro_type` = 'yw'  AND `state` = 1  AND `pos` = 1 ORDER BY pro_id DESC LIMIT 3 [ RunTime:0.003890s ]
[ sql ] [ SQL ] SELECT * FROM `pro` WHERE  `pro_type` = 'sp'  AND `state` = 1  AND `pos` = 1 ORDER BY pro_id DESC LIMIT 3 [ RunTime:0.004133s ]
[ sql ] [ SQL ] SELECT * FROM `pro` WHERE  `pro_type` = 'sj'  AND `state` = 1  AND `pos` = 1 ORDER BY pro_id DESC LIMIT 3 [ RunTime:0.003826s ]
[ sql ] [ SQL ] SELECT * FROM `pro` WHERE  (  `pro_type` = 'cw'  AND `state` = 1  AND `pos` = 1 ) [ RunTime:0.003883s ]
[ sql ] [ SQL ] SHOW COLUMNS FROM `user` [ RunTime:0.004298s ]
[ sql ] [ SQL ] SELECT * FROM `user` WHERE  `state` = 1 ORDER BY id DESC LIMIT 3 [ RunTime:0.003845s ]
[ sql ] [ SQL ] SELECT * FROM `pro` WHERE  `pro_id` > 0  AND `state` = 1 ORDER BY pro_id DESC LIMIT 3 [ RunTime:0.003805s ]
[ sql ] [ SQL ] SHOW COLUMNS FROM `pagehits` [ RunTime:0.004022s ]
[ sql ] [ SQL ] UPDATE `pagehits`  SET `hits`=hits+1  WHERE  `id` = 1 [ RunTime:0.003914s ]
[ sql ] [ SQL ] SELECT `hits` FROM `pagehits` WHERE  `id` = 1 LIMIT 1 [ RunTime:0.003647s ]
---------------------------------------------------------------
[ 2018-10-06T15:59:07+08:00 ] 172.17.230.83 47.92.144.188 GET /
[ info ] 51mfgs.com/ [运行时间：0.122817s][吞吐率：8.14req/s] [内存消耗：736.77kb] [文件加载：49]
[ info ] [ LANG ] /data/home/syu4378230001/htdocs/thinkphp/lang/zh-cn.php
[ info ] [ BIND ] 'index/Index'
[ info ] [ ROUTE ] array (
  'type' => 'module',
  'module' => 
  array (
    0 => 'index',
    1 => 'Index',
    2 => NULL,
  ),
)
[ info ] [ HEADER ] array (
  'accept' => 'text/html, image/gif, image/jpeg, *; q=.2, */*; q=.2',
  'connection' => 'keep-alive',
  'host' => '51mfgs.com',
  'user-agent' => 'Mozilla/5.0 (X11; Ubuntu; Linux x86_64; rv:36.0) Gecko/20100101 Firefox/36.0',
)
[ info ] [ PARAM ] array (
)
[ info ] [ RUN ] app\index\controller\Index->index[ /data/home/syu4378230001/htdocs/app/index/controller/Index.php ]
[ info ] [ DB ] INIT mysql
[ info ] [ SESSION ] INIT array (
  'id' => '',
  'var_session_id' => '',
  'prefix' => '',
  'type' => '',
  'auto_start' => true,
  'httponly' => true,
  'secure' => false,
)
[ info ] [ CACHE ] INIT File
[ info ] [ VIEW ] ./app/index/view/index/index.html [ array (
  0 => 'indexhits',
  1 => 'userclass',
  2 => 'usersess',
  3 => 'res_newpro',
  4 => 'res_user',
  5 => 'time',
  6 => 'res_jj',
  7 => 'res_jd',
  8 => 'res_yw',
  9 => 'res_sp',
  10 => 'res_sj',
  11 => 'res_cw',
) ]
[ info ] [ LOG ] INIT File
[ sql ] [ DB ] CONNECT:[ UseTime:0.008742s ] mysql:dbname=sdm442994699_db;host=sdm442994699.my3w.com;charset=utf8
[ sql ] [ SQL ] SHOW COLUMNS FROM `pro` [ RunTime:0.005223s ]
[ sql ] [ SQL ] SELECT * FROM `pro` WHERE  `pro_type` = 'jj'  AND `state` = 1  AND `pos` = 1 ORDER BY pro_id DESC LIMIT 3 [ RunTime:0.003953s ]
[ sql ] [ SQL ] SELECT * FROM `pro` WHERE  `pro_type` = 'jd'  AND `state` = 1  AND `pos` = 1 ORDER BY pro_id DESC LIMIT 3 [ RunTime:0.003952s ]
[ sql ] [ SQL ] SELECT * FROM `pro` WHERE  `pro_type` = 'yw'  AND `state` = 1  AND `pos` = 1 ORDER BY pro_id DESC LIMIT 3 [ RunTime:0.004062s ]
[ sql ] [ SQL ] SELECT * FROM `pro` WHERE  `pro_type` = 'sp'  AND `state` = 1  AND `pos` = 1 ORDER BY pro_id DESC LIMIT 3 [ RunTime:0.003974s ]
[ sql ] [ SQL ] SELECT * FROM `pro` WHERE  `pro_type` = 'sj'  AND `state` = 1  AND `pos` = 1 ORDER BY pro_id DESC LIMIT 3 [ RunTime:0.004111s ]
[ sql ] [ SQL ] SELECT * FROM `pro` WHERE  (  `pro_type` = 'cw'  AND `state` = 1  AND `pos` = 1 ) [ RunTime:0.004113s ]
[ sql ] [ SQL ] SHOW COLUMNS FROM `user` [ RunTime:0.004496s ]
[ sql ] [ SQL ] SELECT * FROM `user` WHERE  `state` = 1 ORDER BY id DESC LIMIT 3 [ RunTime:0.004012s ]
[ sql ] [ SQL ] SELECT * FROM `pro` WHERE  `pro_id` > 0  AND `state` = 1 ORDER BY pro_id DESC LIMIT 3 [ RunTime:0.003890s ]
[ sql ] [ SQL ] SHOW COLUMNS FROM `pagehits` [ RunTime:0.004641s ]
[ sql ] [ SQL ] UPDATE `pagehits`  SET `hits`=hits+1  WHERE  `id` = 1 [ RunTime:0.003723s ]
[ sql ] [ SQL ] SELECT `hits` FROM `pagehits` WHERE  `id` = 1 LIMIT 1 [ RunTime:0.003653s ]
---------------------------------------------------------------
[ 2018-10-06T16:00:30+08:00 ] 172.17.230.83 47.92.98.215 GET /
[ info ] www.51mfgs.com/ [运行时间：0.096324s][吞吐率：10.38req/s] [内存消耗：736.77kb] [文件加载：49]
[ info ] [ LANG ] /data/home/syu4378230001/htdocs/thinkphp/lang/zh-cn.php
[ info ] [ BIND ] 'index/Index'
[ info ] [ ROUTE ] array (
  'type' => 'module',
  'module' => 
  array (
    0 => 'index',
    1 => 'Index',
    2 => NULL,
  ),
)
[ info ] [ HEADER ] array (
  'accept' => 'text/html, image/gif, image/jpeg, *; q=.2, */*; q=.2',
  'connection' => 'keep-alive',
  'host' => 'www.51mfgs.com',
  'user-agent' => 'Mozilla/5.0 (X11; Ubuntu; Linux x86_64; rv:36.0) Gecko/20100101 Firefox/36.0',
)
[ info ] [ PARAM ] array (
)
[ info ] [ RUN ] app\index\controller\Index->index[ /data/home/syu4378230001/htdocs/app/index/controller/Index.php ]
[ info ] [ DB ] INIT mysql
[ info ] [ SESSION ] INIT array (
  'id' => '',
  'var_session_id' => '',
  'prefix' => '',
  'type' => '',
  'auto_start' => true,
  'httponly' => true,
  'secure' => false,
)
[ info ] [ CACHE ] INIT File
[ info ] [ VIEW ] ./app/index/view/index/index.html [ array (
  0 => 'indexhits',
  1 => 'userclass',
  2 => 'usersess',
  3 => 'res_newpro',
  4 => 'res_user',
  5 => 'time',
  6 => 'res_jj',
  7 => 'res_jd',
  8 => 'res_yw',
  9 => 'res_sp',
  10 => 'res_sj',
  11 => 'res_cw',
) ]
[ info ] [ LOG ] INIT File
[ sql ] [ DB ] CONNECT:[ UseTime:0.004898s ] mysql:dbname=sdm442994699_db;host=sdm442994699.my3w.com;charset=utf8
[ sql ] [ SQL ] SHOW COLUMNS FROM `pro` [ RunTime:0.002930s ]
[ sql ] [ SQL ] SELECT * FROM `pro` WHERE  `pro_type` = 'jj'  AND `state` = 1  AND `pos` = 1 ORDER BY pro_id DESC LIMIT 3 [ RunTime:0.002252s ]
[ sql ] [ SQL ] SELECT * FROM `pro` WHERE  `pro_type` = 'jd'  AND `state` = 1  AND `pos` = 1 ORDER BY pro_id DESC LIMIT 3 [ RunTime:0.002189s ]
[ sql ] [ SQL ] SELECT * FROM `pro` WHERE  `pro_type` = 'yw'  AND `state` = 1  AND `pos` = 1 ORDER BY pro_id DESC LIMIT 3 [ RunTime:0.002120s ]
[ sql ] [ SQL ] SELECT * FROM `pro` WHERE  `pro_type` = 'sp'  AND `state` = 1  AND `pos` = 1 ORDER BY pro_id DESC LIMIT 3 [ RunTime:0.002194s ]
[ sql ] [ SQL ] SELECT * FROM `pro` WHERE  `pro_type` = 'sj'  AND `state` = 1  AND `pos` = 1 ORDER BY pro_id DESC LIMIT 3 [ RunTime:0.002295s ]
[ sql ] [ SQL ] SELECT * FROM `pro` WHERE  (  `pro_type` = 'cw'  AND `state` = 1  AND `pos` = 1 ) [ RunTime:0.002210s ]
[ sql ] [ SQL ] SHOW COLUMNS FROM `user` [ RunTime:0.002694s ]
[ sql ] [ SQL ] SELECT * FROM `user` WHERE  `state` = 1 ORDER BY id DESC LIMIT 3 [ RunTime:0.002161s ]
[ sql ] [ SQL ] SELECT * FROM `pro` WHERE  `pro_id` > 0  AND `state` = 1 ORDER BY pro_id DESC LIMIT 3 [ RunTime:0.002177s ]
[ sql ] [ SQL ] SHOW COLUMNS FROM `pagehits` [ RunTime:0.002534s ]
[ sql ] [ SQL ] UPDATE `pagehits`  SET `hits`=hits+1  WHERE  `id` = 1 [ RunTime:0.002202s ]
[ sql ] [ SQL ] SELECT `hits` FROM `pagehits` WHERE  `id` = 1 LIMIT 1 [ RunTime:0.002119s ]
---------------------------------------------------------------
[ 2018-10-06T17:15:35+08:00 ] 172.17.230.83 220.181.108.76 GET /
[ info ] www.51mfgs.com/ [运行时间：0.111371s][吞吐率：8.98req/s] [内存消耗：737.01kb] [文件加载：49]
[ info ] [ LANG ] /data/home/syu4378230001/htdocs/thinkphp/lang/zh-cn.php
[ info ] [ BIND ] 'index/Index'
[ info ] [ ROUTE ] array (
  'type' => 'module',
  'module' => 
  array (
    0 => 'index',
    1 => 'Index',
    2 => NULL,
  ),
)
[ info ] [ HEADER ] array (
  'accept' => '*/*',
  'accept-encoding' => 'gzip',
  'accept-language' => 'zh-cn,zh-tw',
  'connection' => 'close',
  'host' => 'www.51mfgs.com',
  'if-none-match' => '"@NULL@"',
  'user-agent' => 'Mozilla/5.0 (compatible; Baiduspider/2.0; +http://www.baidu.com/search/spider.html)',
)
[ info ] [ PARAM ] array (
)
[ info ] [ RUN ] app\index\controller\Index->index[ /data/home/syu4378230001/htdocs/app/index/controller/Index.php ]
[ info ] [ DB ] INIT mysql
[ info ] [ SESSION ] INIT array (
  'id' => '',
  'var_session_id' => '',
  'prefix' => '',
  'type' => '',
  'auto_start' => true,
  'httponly' => true,
  'secure' => false,
)
[ info ] [ CACHE ] INIT File
[ info ] [ VIEW ] ./app/index/view/index/index.html [ array (
  0 => 'indexhits',
  1 => 'userclass',
  2 => 'usersess',
  3 => 'res_newpro',
  4 => 'res_user',
  5 => 'time',
  6 => 'res_jj',
  7 => 'res_jd',
  8 => 'res_yw',
  9 => 'res_sp',
  10 => 'res_sj',
  11 => 'res_cw',
) ]
[ info ] [ LOG ] INIT File
[ sql ] [ DB ] CONNECT:[ UseTime:0.008561s ] mysql:dbname=sdm442994699_db;host=sdm442994699.my3w.com;charset=utf8
[ sql ] [ SQL ] SHOW COLUMNS FROM `pro` [ RunTime:0.004867s ]
[ sql ] [ SQL ] SELECT * FROM `pro` WHERE  `pro_type` = 'jj'  AND `state` = 1  AND `pos` = 1 ORDER BY pro_id DESC LIMIT 3 [ RunTime:0.003152s ]
[ sql ] [ SQL ] SELECT * FROM `pro` WHERE  `pro_type` = 'jd'  AND `state` = 1  AND `pos` = 1 ORDER BY pro_id DESC LIMIT 3 [ RunTime:0.003135s ]
[ sql ] [ SQL ] SELECT * FROM `pro` WHERE  `pro_type` = 'yw'  AND `state` = 1  AND `pos` = 1 ORDER BY pro_id DESC LIMIT 3 [ RunTime:0.003115s ]
[ sql ] [ SQL ] SELECT * FROM `pro` WHERE  `pro_type` = 'sp'  AND `state` = 1  AND `pos` = 1 ORDER BY pro_id DESC LIMIT 3 [ RunTime:0.003462s ]
[ sql ] [ SQL ] SELECT * FROM `pro` WHERE  `pro_type` = 'sj'  AND `state` = 1  AND `pos` = 1 ORDER BY pro_id DESC LIMIT 3 [ RunTime:0.003332s ]
[ sql ] [ SQL ] SELECT * FROM `pro` WHERE  (  `pro_type` = 'cw'  AND `state` = 1  AND `pos` = 1 ) [ RunTime:0.003396s ]
[ sql ] [ SQL ] SHOW COLUMNS FROM `user` [ RunTime:0.003557s ]
[ sql ] [ SQL ] SELECT * FROM `user` WHERE  `state` = 1 ORDER BY id DESC LIMIT 3 [ RunTime:0.003292s ]
[ sql ] [ SQL ] SELECT * FROM `pro` WHERE  `pro_id` > 0  AND `state` = 1 ORDER BY pro_id DESC LIMIT 3 [ RunTime:0.003349s ]
[ sql ] [ SQL ] SHOW COLUMNS FROM `pagehits` [ RunTime:0.003335s ]
[ sql ] [ SQL ] UPDATE `pagehits`  SET `hits`=hits+1  WHERE  `id` = 1 [ RunTime:0.003080s ]
[ sql ] [ SQL ] SELECT `hits` FROM `pagehits` WHERE  `id` = 1 LIMIT 1 [ RunTime:0.003205s ]
---------------------------------------------------------------
[ 2018-10-06T18:27:15+08:00 ] 172.17.230.83 203.208.60.0 GET /robots.txt
[ info ] www.51mfgs.com/robots.txt [运行时间：0.034112s][吞吐率：29.32req/s] [内存消耗：305.26kb] [文件加载：37]
[ info ] [ LANG ] /data/home/syu4378230001/htdocs/thinkphp/lang/zh-cn.php
[ info ] [ BIND ] 'index/Index'
[ info ] [ ROUTE ] array (
  'type' => 'module',
  'module' => 
  array (
    0 => 'index',
    1 => 'Index',
    2 => 'robots.txt',
  ),
)
[ info ] [ HEADER ] array (
  'accept' => 'text/plain,text/html,*/*',
  'accept-encoding' => 'gzip,deflate,br',
  'connection' => 'keep-alive',
  'host' => 'www.51mfgs.com',
  'user-agent' => 'Mozilla/5.0 (compatible; Googlebot/2.1; +http://www.google.com/bot.html)',
)
[ info ] [ PARAM ] array (
)
[ info ] [ LOG ] INIT File
---------------------------------------------------------------
[ 2018-10-06T18:27:15+08:00 ] 172.17.230.83 203.208.60.7 GET /sp.html
[ info ] www.51mfgs.com/sp.html [运行时间：0.078523s][吞吐率：12.74req/s] [内存消耗：565.31kb] [文件加载：45]
[ info ] [ LANG ] /data/home/syu4378230001/htdocs/thinkphp/lang/zh-cn.php
[ info ] [ BIND ] 'index/Index'
[ info ] [ ROUTE ] array (
  'type' => 'module',
  'module' => 
  array (
    0 => 'index',
    1 => 'Index',
    2 => 'sp',
  ),
)
[ info ] [ HEADER ] array (
  'accept' => 'text/html,application/xhtml+xml,application/xml;q=0.9,*/*;q=0.8',
  'accept-encoding' => 'gzip,deflate,br',
  'connection' => 'keep-alive',
  'from' => 'googlebot(at)googlebot.com',
  'host' => 'www.51mfgs.com',
  'if-modified-since' => 'Mon, 01 Oct 2018 09:58:20 GMT',
  'user-agent' => 'Mozilla/5.0 (Linux; Android 6.0.1; Nexus 5X Build/MMB29P) AppleWebKit/537.36 (KHTML, like Gecko) Chrome/41.0.2272.96 Mobile Safari/537.36 (compatible; Googlebot/2.1; +http://www.google.com/bot.html)',
)
[ info ] [ PARAM ] array (
)
[ info ] [ RUN ] app\index\controller\Index->sp[ /data/home/syu4378230001/htdocs/app/index/controller/Index.php ]
[ info ] [ DB ] INIT mysql
[ info ] [ VIEW ] ./app/index/view/index/sp.html [ array (
  0 => 'list',
  1 => 'total',
) ]
[ info ] [ LOG ] INIT File
[ sql ] [ DB ] CONNECT:[ UseTime:0.008384s ] mysql:dbname=sdm442994699_db;host=sdm442994699.my3w.com;charset=utf8
[ sql ] [ SQL ] SHOW COLUMNS FROM `pro` [ RunTime:0.004309s ]
[ sql ] [ SQL ] SELECT COUNT(*) AS tp_count FROM `pro` WHERE  `pro_type` = 'sp'  AND `state` = 1 LIMIT 1 [ RunTime:0.003248s ]
[ sql ] [ SQL ] SELECT * FROM `pro` WHERE  `pro_type` = 'sp'  AND `state` = 1 LIMIT 0,15 [ RunTime:0.003964s ]
[ sql ] [ SQL ] SELECT COUNT(*) AS tp_count FROM `pro` WHERE  `pro_type` = 'sp'  AND `state` = 1 LIMIT 1 [ RunTime:0.004336s ]
---------------------------------------------------------------
[ 2018-10-06T18:55:26+08:00 ] 172.17.230.83 93.100.233.244 GET /
[ info ] 51mfgs.com/ [运行时间：0.119993s][吞吐率：8.33req/s] [内存消耗：737.01kb] [文件加载：49]
[ info ] [ LANG ] /data/home/syu4378230001/htdocs/thinkphp/lang/zh-cn.php
[ info ] [ BIND ] 'index/Index'
[ info ] [ ROUTE ] array (
  'type' => 'module',
  'module' => 
  array (
    0 => 'index',
    1 => 'Index',
    2 => NULL,
  ),
)
[ info ] [ HEADER ] array (
  'content-type' => 'application/x-www-form-urlencoded',
  'accept' => '*/*',
  'connection' => 'keep-alive',
  'host' => '51mfgs.com',
  'keep-alive' => '10',
  'user-agent' => 'Mozilla/5.0 (Windows NT 6.1; Win64; x64) AppleWebKit/537.36 (KHTML, like Gecko) Chrome/62.0.3202.94 Safari/537.36',
)
[ info ] [ PARAM ] array (
)
[ info ] [ RUN ] app\index\controller\Index->index[ /data/home/syu4378230001/htdocs/app/index/controller/Index.php ]
[ info ] [ DB ] INIT mysql
[ info ] [ SESSION ] INIT array (
  'id' => '',
  'var_session_id' => '',
  'prefix' => '',
  'type' => '',
  'auto_start' => true,
  'httponly' => true,
  'secure' => false,
)
[ info ] [ CACHE ] INIT File
[ info ] [ VIEW ] ./app/index/view/index/index.html [ array (
  0 => 'indexhits',
  1 => 'userclass',
  2 => 'usersess',
  3 => 'res_newpro',
  4 => 'res_user',
  5 => 'time',
  6 => 'res_jj',
  7 => 'res_jd',
  8 => 'res_yw',
  9 => 'res_sp',
  10 => 'res_sj',
  11 => 'res_cw',
) ]
[ info ] [ LOG ] INIT File
[ sql ] [ DB ] CONNECT:[ UseTime:0.006992s ] mysql:dbname=sdm442994699_db;host=sdm442994699.my3w.com;charset=utf8
[ sql ] [ SQL ] SHOW COLUMNS FROM `pro` [ RunTime:0.004351s ]
[ sql ] [ SQL ] SELECT * FROM `pro` WHERE  `pro_type` = 'jj'  AND `state` = 1  AND `pos` = 1 ORDER BY pro_id DESC LIMIT 3 [ RunTime:0.004366s ]
[ sql ] [ SQL ] SELECT * FROM `pro` WHERE  `pro_type` = 'jd'  AND `state` = 1  AND `pos` = 1 ORDER BY pro_id DESC LIMIT 3 [ RunTime:0.004196s ]
[ sql ] [ SQL ] SELECT * FROM `pro` WHERE  `pro_type` = 'yw'  AND `state` = 1  AND `pos` = 1 ORDER BY pro_id DESC LIMIT 3 [ RunTime:0.003930s ]
[ sql ] [ SQL ] SELECT * FROM `pro` WHERE  `pro_type` = 'sp'  AND `state` = 1  AND `pos` = 1 ORDER BY pro_id DESC LIMIT 3 [ RunTime:0.003726s ]
[ sql ] [ SQL ] SELECT * FROM `pro` WHERE  `pro_type` = 'sj'  AND `state` = 1  AND `pos` = 1 ORDER BY pro_id DESC LIMIT 3 [ RunTime:0.003575s ]
[ sql ] [ SQL ] SELECT * FROM `pro` WHERE  (  `pro_type` = 'cw'  AND `state` = 1  AND `pos` = 1 ) [ RunTime:0.004278s ]
[ sql ] [ SQL ] SHOW COLUMNS FROM `user` [ RunTime:0.004065s ]
[ sql ] [ SQL ] SELECT * FROM `user` WHERE  `state` = 1 ORDER BY id DESC LIMIT 3 [ RunTime:0.004327s ]
[ sql ] [ SQL ] SELECT * FROM `pro` WHERE  `pro_id` > 0  AND `state` = 1 ORDER BY pro_id DESC LIMIT 3 [ RunTime:0.003960s ]
[ sql ] [ SQL ] SHOW COLUMNS FROM `pagehits` [ RunTime:0.004204s ]
[ sql ] [ SQL ] UPDATE `pagehits`  SET `hits`=hits+1  WHERE  `id` = 1 [ RunTime:0.004233s ]
[ sql ] [ SQL ] SELECT `hits` FROM `pagehits` WHERE  `id` = 1 LIMIT 1 [ RunTime:0.003739s ]
---------------------------------------------------------------
[ 2018-10-06T19:17:45+08:00 ] 172.17.230.83 203.208.60.78 GET /reg.html
[ info ] www.51mfgs.com/reg.html [运行时间：0.031782s][吞吐率：31.46req/s] [内存消耗：320.62kb] [文件加载：35]
[ info ] [ LANG ] /data/home/syu4378230001/htdocs/thinkphp/lang/zh-cn.php
[ info ] [ BIND ] 'index/Index'
[ info ] [ ROUTE ] array (
  'type' => 'module',
  'module' => 
  array (
    0 => 'index',
    1 => 'Index',
    2 => 'reg',
  ),
)
[ info ] [ HEADER ] array (
  'accept' => 'text/html,application/xhtml+xml,application/xml;q=0.9,*/*;q=0.8',
  'accept-encoding' => 'gzip,deflate,br',
  'connection' => 'keep-alive',
  'from' => 'googlebot(at)googlebot.com',
  'host' => 'www.51mfgs.com',
  'if-modified-since' => 'Sun, 30 Sep 2018 21:16:14 GMT',
  'user-agent' => 'Mozilla/5.0 (Linux; Android 6.0.1; Nexus 5X Build/MMB29P) AppleWebKit/537.36 (KHTML, like Gecko) Chrome/41.0.2272.96 Mobile Safari/537.36 (compatible; Googlebot/2.1; +http://www.google.com/bot.html)',
)
[ info ] [ PARAM ] array (
)
[ info ] [ RUN ] app\index\controller\Index->reg[ /data/home/syu4378230001/htdocs/app/index/controller/Index.php ]
[ info ] [ VIEW ] ./template/user/reg.html [ array (
) ]
[ info ] [ LOG ] INIT File
---------------------------------------------------------------
[ 2018-10-06T19:27:42+08:00 ] 172.17.230.83 52.53.201.78 GET /
[ info ] www.51mfgs.com/ [运行时间：0.116531s][吞吐率：8.58req/s] [内存消耗：736.77kb] [文件加载：49]
[ info ] [ LANG ] /data/home/syu4378230001/htdocs/thinkphp/lang/zh-cn.php
[ info ] [ BIND ] 'index/Index'
[ info ] [ ROUTE ] array (
  'type' => 'module',
  'module' => 
  array (
    0 => 'index',
    1 => 'Index',
    2 => NULL,
  ),
)
[ info ] [ HEADER ] array (
  'accept' => '*/*',
  'accept-encoding' => 'gzip',
  'host' => 'www.51mfgs.com',
  'user-agent' => 'Mozilla/5.0 (Macintosh; Intel Mac OS X 10_12_6) AppleWebKit/537.36 (KHTML, like Gecko) Chrome/61.0.3163.100 Safari/537.36',
)
[ info ] [ PARAM ] array (
)
[ info ] [ RUN ] app\index\controller\Index->index[ /data/home/syu4378230001/htdocs/app/index/controller/Index.php ]
[ info ] [ DB ] INIT mysql
[ info ] [ SESSION ] INIT array (
  'id' => '',
  'var_session_id' => '',
  'prefix' => '',
  'type' => '',
  'auto_start' => true,
  'httponly' => true,
  'secure' => false,
)
[ info ] [ CACHE ] INIT File
[ info ] [ VIEW ] ./app/index/view/index/index.html [ array (
  0 => 'indexhits',
  1 => 'userclass',
  2 => 'usersess',
  3 => 'res_newpro',
  4 => 'res_user',
  5 => 'time',
  6 => 'res_jj',
  7 => 'res_jd',
  8 => 'res_yw',
  9 => 'res_sp',
  10 => 'res_sj',
  11 => 'res_cw',
) ]
[ info ] [ LOG ] INIT File
[ sql ] [ DB ] CONNECT:[ UseTime:0.007229s ] mysql:dbname=sdm442994699_db;host=sdm442994699.my3w.com;charset=utf8
[ sql ] [ SQL ] SHOW COLUMNS FROM `pro` [ RunTime:0.004776s ]
[ sql ] [ SQL ] SELECT * FROM `pro` WHERE  `pro_type` = 'jj'  AND `state` = 1  AND `pos` = 1 ORDER BY pro_id DESC LIMIT 3 [ RunTime:0.004189s ]
[ sql ] [ SQL ] SELECT * FROM `pro` WHERE  `pro_type` = 'jd'  AND `state` = 1  AND `pos` = 1 ORDER BY pro_id DESC LIMIT 3 [ RunTime:0.004279s ]
[ sql ] [ SQL ] SELECT * FROM `pro` WHERE  `pro_type` = 'yw'  AND `state` = 1  AND `pos` = 1 ORDER BY pro_id DESC LIMIT 3 [ RunTime:0.004243s ]
[ sql ] [ SQL ] SELECT * FROM `pro` WHERE  `pro_type` = 'sp'  AND `state` = 1  AND `pos` = 1 ORDER BY pro_id DESC LIMIT 3 [ RunTime:0.004116s ]
[ sql ] [ SQL ] SELECT * FROM `pro` WHERE  `pro_type` = 'sj'  AND `state` = 1  AND `pos` = 1 ORDER BY pro_id DESC LIMIT 3 [ RunTime:0.004067s ]
[ sql ] [ SQL ] SELECT * FROM `pro` WHERE  (  `pro_type` = 'cw'  AND `state` = 1  AND `pos` = 1 ) [ RunTime:0.004223s ]
[ sql ] [ SQL ] SHOW COLUMNS FROM `user` [ RunTime:0.004595s ]
[ sql ] [ SQL ] SELECT * FROM `user` WHERE  `state` = 1 ORDER BY id DESC LIMIT 3 [ RunTime:0.004098s ]
[ sql ] [ SQL ] SELECT * FROM `pro` WHERE  `pro_id` > 0  AND `state` = 1 ORDER BY pro_id DESC LIMIT 3 [ RunTime:0.004143s ]
[ sql ] [ SQL ] SHOW COLUMNS FROM `pagehits` [ RunTime:0.004327s ]
[ sql ] [ SQL ] UPDATE `pagehits`  SET `hits`=hits+1  WHERE  `id` = 1 [ RunTime:0.003942s ]
[ sql ] [ SQL ] SELECT `hits` FROM `pagehits` WHERE  `id` = 1 LIMIT 1 [ RunTime:0.003988s ]
---------------------------------------------------------------
[ 2018-10-06T20:27:20+08:00 ] 172.17.230.83 203.208.60.71 GET /proshow/id/69
[ info ] www.51mfgs.com/proshow/id/69 [运行时间：0.066633s][吞吐率：15.01req/s] [内存消耗：575.90kb] [文件加载：44]
[ info ] [ LANG ] /data/home/syu4378230001/htdocs/thinkphp/lang/zh-cn.php
[ info ] [ BIND ] 'index/Index'
[ info ] [ ROUTE ] array (
  'type' => 'module',
  'module' => 
  array (
    0 => 'index',
    1 => 'Index',
    2 => 'proshow',
  ),
)
[ info ] [ HEADER ] array (
  'accept' => 'text/html,application/xhtml+xml,application/xml;q=0.9,*/*;q=0.8',
  'accept-encoding' => 'gzip,deflate,br',
  'connection' => 'keep-alive',
  'from' => 'googlebot(at)googlebot.com',
  'host' => 'www.51mfgs.com',
  'user-agent' => 'Mozilla/5.0 (Linux; Android 6.0.1; Nexus 5X Build/MMB29P) AppleWebKit/537.36 (KHTML, like Gecko) Chrome/41.0.2272.96 Mobile Safari/537.36 (compatible; Googlebot/2.1; +http://www.google.com/bot.html)',
)
[ info ] [ PARAM ] array (
  'id' => '69',
)
[ info ] [ RUN ] app\index\controller\Index->proshow[ /data/home/syu4378230001/htdocs/app/index/controller/Index.php ]
[ info ] [ DB ] INIT mysql
[ info ] [ VIEW ] ./app/index/view/index/proshow.html [ array (
  0 => 'data',
) ]
[ info ] [ LOG ] INIT File
[ sql ] [ DB ] CONNECT:[ UseTime:0.008296s ] mysql:dbname=sdm442994699_db;host=sdm442994699.my3w.com;charset=utf8
[ sql ] [ SQL ] SHOW COLUMNS FROM `pro` [ RunTime:0.003869s ]
[ sql ] [ SQL ] SELECT * FROM `pro` WHERE  `pro_id` = 69 LIMIT 1 [ RunTime:0.003211s ]
---------------------------------------------------------------
[ 2018-10-06T20:28:56+08:00 ] 172.17.230.83 203.208.60.15 GET /proshow/id/68
[ info ] www.51mfgs.com/proshow/id/68 [运行时间：0.062595s][吞吐率：15.98req/s] [内存消耗：575.87kb] [文件加载：44]
[ info ] [ LANG ] /data/home/syu4378230001/htdocs/thinkphp/lang/zh-cn.php
[ info ] [ BIND ] 'index/Index'
[ info ] [ ROUTE ] array (
  'type' => 'module',
  'module' => 
  array (
    0 => 'index',
    1 => 'Index',
    2 => 'proshow',
  ),
)
[ info ] [ HEADER ] array (
  'accept' => 'text/html,application/xhtml+xml,application/xml;q=0.9,*/*;q=0.8',
  'accept-encoding' => 'gzip,deflate,br',
  'connection' => 'keep-alive',
  'from' => 'googlebot(at)googlebot.com',
  'host' => 'www.51mfgs.com',
  'user-agent' => 'Mozilla/5.0 (Linux; Android 6.0.1; Nexus 5X Build/MMB29P) AppleWebKit/537.36 (KHTML, like Gecko) Chrome/41.0.2272.96 Mobile Safari/537.36 (compatible; Googlebot/2.1; +http://www.google.com/bot.html)',
)
[ info ] [ PARAM ] array (
  'id' => '68',
)
[ info ] [ RUN ] app\index\controller\Index->proshow[ /data/home/syu4378230001/htdocs/app/index/controller/Index.php ]
[ info ] [ DB ] INIT mysql
[ info ] [ VIEW ] ./app/index/view/index/proshow.html [ array (
  0 => 'data',
) ]
[ info ] [ LOG ] INIT File
[ sql ] [ DB ] CONNECT:[ UseTime:0.005811s ] mysql:dbname=sdm442994699_db;host=sdm442994699.my3w.com;charset=utf8
[ sql ] [ SQL ] SHOW COLUMNS FROM `pro` [ RunTime:0.003858s ]
[ sql ] [ SQL ] SELECT * FROM `pro` WHERE  `pro_id` = 68 LIMIT 1 [ RunTime:0.003257s ]
---------------------------------------------------------------
[ 2018-10-06T20:30:07+08:00 ] 172.17.230.83 203.208.60.37 GET /proshow/id/71
[ info ] www.51mfgs.com/proshow/id/71 [运行时间：0.063842s][吞吐率：15.66req/s] [内存消耗：575.88kb] [文件加载：44]
[ info ] [ LANG ] /data/home/syu4378230001/htdocs/thinkphp/lang/zh-cn.php
[ info ] [ BIND ] 'index/Index'
[ info ] [ ROUTE ] array (
  'type' => 'module',
  'module' => 
  array (
    0 => 'index',
    1 => 'Index',
    2 => 'proshow',
  ),
)
[ info ] [ HEADER ] array (
  'accept' => 'text/html,application/xhtml+xml,application/xml;q=0.9,*/*;q=0.8',
  'accept-encoding' => 'gzip,deflate,br',
  'connection' => 'keep-alive',
  'from' => 'googlebot(at)googlebot.com',
  'host' => 'www.51mfgs.com',
  'user-agent' => 'Mozilla/5.0 (Linux; Android 6.0.1; Nexus 5X Build/MMB29P) AppleWebKit/537.36 (KHTML, like Gecko) Chrome/41.0.2272.96 Mobile Safari/537.36 (compatible; Googlebot/2.1; +http://www.google.com/bot.html)',
)
[ info ] [ PARAM ] array (
  'id' => '71',
)
[ info ] [ RUN ] app\index\controller\Index->proshow[ /data/home/syu4378230001/htdocs/app/index/controller/Index.php ]
[ info ] [ DB ] INIT mysql
[ info ] [ VIEW ] ./app/index/view/index/proshow.html [ array (
  0 => 'data',
) ]
[ info ] [ LOG ] INIT File
[ sql ] [ DB ] CONNECT:[ UseTime:0.005164s ] mysql:dbname=sdm442994699_db;host=sdm442994699.my3w.com;charset=utf8
[ sql ] [ SQL ] SHOW COLUMNS FROM `pro` [ RunTime:0.003575s ]
[ sql ] [ SQL ] SELECT * FROM `pro` WHERE  `pro_id` = 71 LIMIT 1 [ RunTime:0.003616s ]
---------------------------------------------------------------
[ 2018-10-06T20:34:10+08:00 ] 172.17.230.83 203.208.60.78 GET /index/Index/index
[ info ] www.51mfgs.com/index/Index/index [运行时间：0.103738s][吞吐率：9.64req/s] [内存消耗：740.58kb] [文件加载：49]
[ info ] [ LANG ] /data/home/syu4378230001/htdocs/thinkphp/lang/zh-cn.php
[ info ] [ BIND ] 'index/Index'
[ info ] [ ROUTE ] array (
  'type' => 'module',
  'module' => 
  array (
    0 => 'index',
    1 => 'Index',
    2 => 'index',
  ),
)
[ info ] [ HEADER ] array (
  'accept' => 'text/html,application/xhtml+xml,application/xml;q=0.9,*/*;q=0.8',
  'accept-encoding' => 'gzip,deflate,br',
  'connection' => 'keep-alive',
  'from' => 'googlebot(at)googlebot.com',
  'host' => 'www.51mfgs.com',
  'user-agent' => 'Mozilla/5.0 (Linux; Android 6.0.1; Nexus 5X Build/MMB29P) AppleWebKit/537.36 (KHTML, like Gecko) Chrome/41.0.2272.96 Mobile Safari/537.36 (compatible; Googlebot/2.1; +http://www.google.com/bot.html)',
)
[ info ] [ PARAM ] array (
  'Index' => 'index',
)
[ info ] [ RUN ] app\index\controller\Index->index[ /data/home/syu4378230001/htdocs/app/index/controller/Index.php ]
[ info ] [ DB ] INIT mysql
[ info ] [ SESSION ] INIT array (
  'id' => '',
  'var_session_id' => '',
  'prefix' => '',
  'type' => '',
  'auto_start' => true,
  'httponly' => true,
  'secure' => false,
)
[ info ] [ CACHE ] INIT File
[ info ] [ VIEW ] ./app/index/view/index/index.html [ array (
  0 => 'indexhits',
  1 => 'userclass',
  2 => 'usersess',
  3 => 'res_newpro',
  4 => 'res_user',
  5 => 'time',
  6 => 'res_jj',
  7 => 'res_jd',
  8 => 'res_yw',
  9 => 'res_sp',
  10 => 'res_sj',
  11 => 'res_cw',
) ]
[ info ] [ LOG ] INIT File
[ sql ] [ DB ] CONNECT:[ UseTime:0.005817s ] mysql:dbname=sdm442994699_db;host=sdm442994699.my3w.com;charset=utf8
[ sql ] [ SQL ] SHOW COLUMNS FROM `pro` [ RunTime:0.003743s ]
[ sql ] [ SQL ] SELECT * FROM `pro` WHERE  `pro_type` = 'jj'  AND `state` = 1  AND `pos` = 1 ORDER BY pro_id DESC LIMIT 3 [ RunTime:0.003467s ]
[ sql ] [ SQL ] SELECT * FROM `pro` WHERE  `pro_type` = 'jd'  AND `state` = 1  AND `pos` = 1 ORDER BY pro_id DESC LIMIT 3 [ RunTime:0.003282s ]
[ sql ] [ SQL ] SELECT * FROM `pro` WHERE  `pro_type` = 'yw'  AND `state` = 1  AND `pos` = 1 ORDER BY pro_id DESC LIMIT 3 [ RunTime:0.003188s ]
[ sql ] [ SQL ] SELECT * FROM `pro` WHERE  `pro_type` = 'sp'  AND `state` = 1  AND `pos` = 1 ORDER BY pro_id DESC LIMIT 3 [ RunTime:0.003128s ]
[ sql ] [ SQL ] SELECT * FROM `pro` WHERE  `pro_type` = 'sj'  AND `state` = 1  AND `pos` = 1 ORDER BY pro_id DESC LIMIT 3 [ RunTime:0.003083s ]
[ sql ] [ SQL ] SELECT * FROM `pro` WHERE  (  `pro_type` = 'cw'  AND `state` = 1  AND `pos` = 1 ) [ RunTime:0.003087s ]
[ sql ] [ SQL ] SHOW COLUMNS FROM `user` [ RunTime:0.003640s ]
[ sql ] [ SQL ] SELECT * FROM `user` WHERE  `state` = 1 ORDER BY id DESC LIMIT 3 [ RunTime:0.003209s ]
[ sql ] [ SQL ] SELECT * FROM `pro` WHERE  `pro_id` > 0  AND `state` = 1 ORDER BY pro_id DESC LIMIT 3 [ RunTime:0.003148s ]
[ sql ] [ SQL ] SHOW COLUMNS FROM `pagehits` [ RunTime:0.003391s ]
[ sql ] [ SQL ] UPDATE `pagehits`  SET `hits`=hits+1  WHERE  `id` = 1 [ RunTime:0.002940s ]
[ sql ] [ SQL ] SELECT `hits` FROM `pagehits` WHERE  `id` = 1 LIMIT 1 [ RunTime:0.003073s ]
---------------------------------------------------------------
[ 2018-10-06T20:39:56+08:00 ] 172.17.230.83 106.11.158.133 GET /b2.html
[ info ] www.51mfgs.com/b2.html [运行时间：0.031297s][吞吐率：31.95req/s] [内存消耗：318.90kb] [文件加载：35]
[ info ] [ LANG ] /data/home/syu4378230001/htdocs/thinkphp/lang/zh-cn.php
[ info ] [ BIND ] 'index/Index'
[ info ] [ ROUTE ] array (
  'type' => 'module',
  'module' => 
  array (
    0 => 'index',
    1 => 'Index',
    2 => 'b2',
  ),
)
[ info ] [ HEADER ] array (
  'accept' => '*/*',
  'accept-encoding' => 'gzip',
  'accept-language' => 'zh-cn,en-us,zh-tw,en-gb,en;',
  'connection' => 'Keep-Alive',
  'host' => 'www.51mfgs.com',
  'user-agent' => 'YisouSpider',
)
[ info ] [ PARAM ] array (
)
[ info ] [ RUN ] app\index\controller\Index->b2[ /data/home/syu4378230001/htdocs/app/index/controller/Index.php ]
[ info ] [ VIEW ] ./template/banwu/b2.html [ array (
) ]
[ info ] [ LOG ] INIT File
---------------------------------------------------------------
[ 2018-10-06T23:41:46+08:00 ] 172.17.230.83 203.208.60.72 GET /leavemessage/index.php
[ info ] www.51mfgs.com/leavemessage/index.php [运行时间：0.095837s][吞吐率：10.43req/s] [内存消耗：677.95kb] [文件加载：52]
[ info ] [ LANG ] /data/home/syu4378230001/htdocs/thinkphp/lang/zh-cn.php
[ info ] [ BIND ] 'index/Index'
[ info ] [ ROUTE ] array (
  'type' => 'module',
  'module' => 
  array (
    0 => 'index',
    1 => 'Index',
    2 => 'leavemessage',
  ),
)
[ info ] [ HEADER ] array (
  'accept' => 'text/html,application/xhtml+xml,application/xml;q=0.9,*/*;q=0.8',
  'accept-encoding' => 'gzip,deflate,br',
  'accept-language' => 'en-US',
  'connection' => 'keep-alive',
  'cookie' => 'PHPSESSID=q7it8jtjp2ar56il53a3sqjpu6',
  'from' => 'googlebot(at)googlebot.com',
  'host' => 'www.51mfgs.com',
  'referer' => 'http://www.51mfgs.com/leavemessage/leaveword.php',
  'user-agent' => 'Mozilla/5.0 AppleWebKit/537.36 (KHTML, like Gecko; compatible; Googlebot/2.1; +http://www.google.com/bot.html) Safari/537.36',
)
[ info ] [ PARAM ] array (
)
[ info ] [ RUN ] app\index\controller\Index->leavemessage[ /data/home/syu4378230001/htdocs/app/index/controller/Index.php ]
[ info ] [ DB ] INIT mysql
[ info ] [ SESSION ] INIT array (
  'id' => '',
  'var_session_id' => '',
  'prefix' => '',
  'type' => '',
  'auto_start' => true,
  'httponly' => true,
  'secure' => false,
)
[ info ] [ VIEW ] ./template/leavemessage/index.html [ array (
  0 => 'list',
  1 => 'total',
  2 => 'class',
  3 => 'now',
  4 => 'data',
  5 => 'pwd',
) ]
[ info ] [ LOG ] INIT File
[ sql ] [ DB ] CONNECT:[ UseTime:0.007887s ] mysql:dbname=sdm442994699_db;host=sdm442994699.my3w.com;charset=utf8
[ sql ] [ SQL ] SHOW COLUMNS FROM `mes` [ RunTime:0.003698s ]
[ sql ] [ SQL ] SELECT COUNT(*) AS tp_count FROM `mes` WHERE  `state` = 1 LIMIT 1 [ RunTime:0.002989s ]
[ sql ] [ SQL ] SELECT * FROM `mes` WHERE  `state` = 1 LIMIT 0,15 [ RunTime:0.003075s ]
[ sql ] [ SQL ] SHOW COLUMNS FROM `user` [ RunTime:0.003821s ]
[ sql ] [ SQL ] SELECT * FROM `user` WHERE  `id` = 16 LIMIT 1 [ RunTime:0.003135s ]
[ sql ] [ SQL ] SELECT * FROM `user` WHERE  `id` = 18 LIMIT 1 [ RunTime:0.003137s ]
[ sql ] [ SQL ] SELECT COUNT(*) AS tp_count FROM `mes` WHERE  `state` = 1 LIMIT 1 [ RunTime:0.003025s ]
[ sql ] [ SQL ] SELECT * FROM `user` WHERE  `username` IS NULL LIMIT 1 [ RunTime:0.003067s ]
[ sql ] [ SQL ] SELECT * FROM `mes` WHERE  `state` = 1 ORDER BY createtime DESC [ RunTime:0.003087s ]
