---------------------------------------------------------------
[ 2020-01-30T00:10:21+08:00 ] 172.17.230.83 220.181.108.97 GET /
[ info ] 51mfgs.com/ [运行时间：0.172653s][吞吐率：5.79req/s] [内存消耗：813.94kb] [文件加载：49]
[ info ] [ LANG ] /data/home/syu4378230001/htdocs/thinkphp/lang/zh-cn.php
[ info ] [ BIND ] 'index/Index'
[ info ] [ ROUTE ] array (
  'type' => 'module',
  'module' => 
  array (
    0 => 'index',
    1 => 'Index',
    2 => NULL,
  ),
)
[ info ] [ HEADER ] array (
  'accept' => '*/*',
  'accept-language' => 'zh-cn,zh-tw',
  'host' => '51mfgs.com',
  'if-none-match' => '"@NULL@"',
  'user-agent' => 'Mozilla/5.0 (compatible; Baiduspider/2.0; +http://www.baidu.com/search/spider.html)',
)
[ info ] [ PARAM ] array (
)
[ info ] [ RUN ] app\index\controller\Index->index[ /data/home/syu4378230001/htdocs/app/index/controller/Index.php ]
[ info ] [ DB ] INIT mysql
[ info ] [ SESSION ] INIT array (
  'id' => '',
  'var_session_id' => '',
  'prefix' => '',
  'type' => '',
  'auto_start' => true,
  'httponly' => true,
  'secure' => false,
)
[ info ] [ CACHE ] INIT File
[ info ] [ VIEW ] ./app/index/view/index/index.html [ array (
  0 => 'indexhits',
  1 => 'userclass',
  2 => 'usersess',
  3 => 'res_newpro',
  4 => 'res_user',
  5 => 'time',
  6 => 'res_jj',
  7 => 'res_jd',
  8 => 'res_yw',
  9 => 'res_sp',
  10 => 'res_sj',
  11 => 'res_cw',
) ]
[ info ] [ LOG ] INIT File
[ sql ] [ DB ] CONNECT:[ UseTime:0.011986s ] mysql:dbname=sdm442994699_db;host=sdm442994699.my3w.com;charset=utf8
[ sql ] [ SQL ] SHOW COLUMNS FROM `pro2` [ RunTime:0.006388s ]
[ sql ] [ SQL ] SELECT * FROM `pro2` WHERE  `pro_type` = 'jj'  AND `state` = 1  AND `pos` = 1 ORDER BY pro_id DESC LIMIT 3 [ RunTime:0.005828s ]
[ sql ] [ SQL ] SELECT * FROM `pro2` WHERE  `pro_type` = 'jd'  AND `state` = 1  AND `pos` = 1 ORDER BY pro_id DESC LIMIT 3 [ RunTime:0.005828s ]
[ sql ] [ SQL ] SELECT * FROM `pro2` WHERE  `pro_type` = 'yw'  AND `state` = 1  AND `pos` = 1 ORDER BY pro_id DESC LIMIT 3 [ RunTime:0.005932s ]
[ sql ] [ SQL ] SELECT * FROM `pro2` WHERE  `pro_type` = 'sp'  AND `state` = 1  AND `pos` = 1 ORDER BY pro_id DESC LIMIT 3 [ RunTime:0.006203s ]
[ sql ] [ SQL ] SELECT * FROM `pro2` WHERE  `pro_type` = 'sj'  AND `state` = 1  AND `pos` = 1 ORDER BY pro_id DESC LIMIT 3 [ RunTime:0.006365s ]
[ sql ] [ SQL ] SELECT * FROM `pro2` WHERE  (  `pro_type` = 'cw'  AND `state` = 1  AND `pos` = 1 ) [ RunTime:0.007201s ]
[ sql ] [ SQL ] SHOW COLUMNS FROM `user` [ RunTime:0.006676s ]
[ sql ] [ SQL ] SELECT * FROM `user` WHERE  `state` = 1 ORDER BY id DESC LIMIT 3 [ RunTime:0.006309s ]
[ sql ] [ SQL ] SHOW COLUMNS FROM `pro` [ RunTime:0.006593s ]
[ sql ] [ SQL ] SELECT * FROM `pro` WHERE  `pro_id` > 0  AND `state` = 1 ORDER BY pro_id DESC LIMIT 3 [ RunTime:0.006449s ]
[ sql ] [ SQL ] SHOW COLUMNS FROM `pagehits` [ RunTime:0.006452s ]
[ sql ] [ SQL ] UPDATE `pagehits`  SET `hits`=hits+1  WHERE  `id` = 1 [ RunTime:0.005733s ]
[ sql ] [ SQL ] SELECT `hits` FROM `pagehits` WHERE  `id` = 1 LIMIT 1 [ RunTime:0.005714s ]
---------------------------------------------------------------
[ 2020-01-30T00:15:36+08:00 ] 172.17.230.83 207.46.13.52 GET /
[ info ] 51mfgs.com/ [运行时间：0.187852s][吞吐率：5.32req/s] [内存消耗：814.23kb] [文件加载：49]
[ info ] [ LANG ] /data/home/syu4378230001/htdocs/thinkphp/lang/zh-cn.php
[ info ] [ BIND ] 'index/Index'
[ info ] [ ROUTE ] array (
  'type' => 'module',
  'module' => 
  array (
    0 => 'index',
    1 => 'Index',
    2 => NULL,
  ),
)
[ info ] [ HEADER ] array (
  'accept' => '*/*',
  'accept-encoding' => 'gzip, deflate',
  'cache-control' => 'no-cache',
  'connection' => 'Keep-Alive',
  'from' => 'bingbot(at)microsoft.com',
  'host' => '51mfgs.com',
  'pragma' => 'no-cache',
  'user-agent' => 'Mozilla/5.0 (compatible; bingbot/2.0; +http://www.bing.com/bingbot.htm)',
)
[ info ] [ PARAM ] array (
)
[ info ] [ RUN ] app\index\controller\Index->index[ /data/home/syu4378230001/htdocs/app/index/controller/Index.php ]
[ info ] [ DB ] INIT mysql
[ info ] [ SESSION ] INIT array (
  'id' => '',
  'var_session_id' => '',
  'prefix' => '',
  'type' => '',
  'auto_start' => true,
  'httponly' => true,
  'secure' => false,
)
[ info ] [ CACHE ] INIT File
[ info ] [ VIEW ] ./app/index/view/index/index.html [ array (
  0 => 'indexhits',
  1 => 'userclass',
  2 => 'usersess',
  3 => 'res_newpro',
  4 => 'res_user',
  5 => 'time',
  6 => 'res_jj',
  7 => 'res_jd',
  8 => 'res_yw',
  9 => 'res_sp',
  10 => 'res_sj',
  11 => 'res_cw',
) ]
[ info ] [ LOG ] INIT File
[ sql ] [ DB ] CONNECT:[ UseTime:0.013227s ] mysql:dbname=sdm442994699_db;host=sdm442994699.my3w.com;charset=utf8
[ sql ] [ SQL ] SHOW COLUMNS FROM `pro2` [ RunTime:0.009152s ]
[ sql ] [ SQL ] SELECT * FROM `pro2` WHERE  `pro_type` = 'jj'  AND `state` = 1  AND `pos` = 1 ORDER BY pro_id DESC LIMIT 3 [ RunTime:0.009799s ]
[ sql ] [ SQL ] SELECT * FROM `pro2` WHERE  `pro_type` = 'jd'  AND `state` = 1  AND `pos` = 1 ORDER BY pro_id DESC LIMIT 3 [ RunTime:0.007216s ]
[ sql ] [ SQL ] SELECT * FROM `pro2` WHERE  `pro_type` = 'yw'  AND `state` = 1  AND `pos` = 1 ORDER BY pro_id DESC LIMIT 3 [ RunTime:0.007260s ]
[ sql ] [ SQL ] SELECT * FROM `pro2` WHERE  `pro_type` = 'sp'  AND `state` = 1  AND `pos` = 1 ORDER BY pro_id DESC LIMIT 3 [ RunTime:0.009001s ]
[ sql ] [ SQL ] SELECT * FROM `pro2` WHERE  `pro_type` = 'sj'  AND `state` = 1  AND `pos` = 1 ORDER BY pro_id DESC LIMIT 3 [ RunTime:0.005913s ]
[ sql ] [ SQL ] SELECT * FROM `pro2` WHERE  (  `pro_type` = 'cw'  AND `state` = 1  AND `pos` = 1 ) [ RunTime:0.008656s ]
[ sql ] [ SQL ] SHOW COLUMNS FROM `user` [ RunTime:0.009174s ]
[ sql ] [ SQL ] SELECT * FROM `user` WHERE  `state` = 1 ORDER BY id DESC LIMIT 3 [ RunTime:0.007564s ]
[ sql ] [ SQL ] SHOW COLUMNS FROM `pro` [ RunTime:0.006329s ]
[ sql ] [ SQL ] SELECT * FROM `pro` WHERE  `pro_id` > 0  AND `state` = 1 ORDER BY pro_id DESC LIMIT 3 [ RunTime:0.008952s ]
[ sql ] [ SQL ] SHOW COLUMNS FROM `pagehits` [ RunTime:0.007678s ]
[ sql ] [ SQL ] UPDATE `pagehits`  SET `hits`=hits+1  WHERE  `id` = 1 [ RunTime:0.006874s ]
[ sql ] [ SQL ] SELECT `hits` FROM `pagehits` WHERE  `id` = 1 LIMIT 1 [ RunTime:0.006376s ]
---------------------------------------------------------------
[ 2020-01-30T01:10:14+08:00 ] 172.17.230.83 157.55.39.5 GET /robots.txt
[ info ] 51mfgs.com/robots.txt [运行时间：0.037859s][吞吐率：26.41req/s] [内存消耗：389.23kb] [文件加载：36]
[ info ] [ LANG ] /data/home/syu4378230001/htdocs/thinkphp/lang/zh-cn.php
[ info ] [ BIND ] 'index/Index'
[ info ] [ ROUTE ] array (
  'type' => 'module',
  'module' => 
  array (
    0 => 'index',
    1 => 'Index',
    2 => 'robots.txt',
  ),
)
[ info ] [ HEADER ] array (
  'accept' => '*/*',
  'accept-encoding' => 'gzip, deflate',
  'cache-control' => 'no-cache',
  'connection' => 'Keep-Alive',
  'host' => '51mfgs.com',
  'pragma' => 'no-cache',
  'user-agent' => 'Mozilla/5.0 (compatible; bingbot/2.0; +http://www.bing.com/bingbot.htm)',
)
[ info ] [ PARAM ] array (
)
[ info ] [ RUN ] app\index\controller\Index->_empty[ /data/home/syu4378230001/htdocs/app/index/controller/Index.php ]
[ info ] [ VIEW ] /data/home/syu4378230001/htdocs/thinkphp/tpl/dispatch_jump.tpl [ array (
  0 => 'code',
  1 => 'msg',
  2 => 'data',
  3 => 'url',
  4 => 'wait',
) ]
[ info ] [ LOG ] INIT File
---------------------------------------------------------------
[ 2020-01-30T01:56:41+08:00 ] 172.17.230.83 159.203.96.51 GET /
[ info ] video.51mfgs.com/ [运行时间：0.162370s][吞吐率：6.16req/s] [内存消耗：814.33kb] [文件加载：49]
[ info ] [ LANG ] /data/home/syu4378230001/htdocs/thinkphp/lang/zh-cn.php
[ info ] [ BIND ] 'index/Index'
[ info ] [ ROUTE ] array (
  'type' => 'module',
  'module' => 
  array (
    0 => 'index',
    1 => 'Index',
    2 => NULL,
  ),
)
[ info ] [ HEADER ] array (
  'accept' => 'text/xml,application/xml,application/xhtml+xml,text/html;q=0.9,text/plain;q=0.8,image/png,*/*;q=0.5',
  'accept-charset' => 'ISO-8859-1,utf-8;q=0.7,*;q=0.7',
  'accept-encoding' => 'identity',
  'accept-language' => 'en-gb,en;q=0.5',
  'connection' => 'close',
  'host' => 'video.51mfgs.com',
  'user-agent' => 'Mozilla/5.0 (compatible; NetcraftSurveyAgent/1.0; +info@netcraft.com)',
)
[ info ] [ PARAM ] array (
)
[ info ] [ RUN ] app\index\controller\Index->index[ /data/home/syu4378230001/htdocs/app/index/controller/Index.php ]
[ info ] [ DB ] INIT mysql
[ info ] [ SESSION ] INIT array (
  'id' => '',
  'var_session_id' => '',
  'prefix' => '',
  'type' => '',
  'auto_start' => true,
  'httponly' => true,
  'secure' => false,
)
[ info ] [ CACHE ] INIT File
[ info ] [ VIEW ] ./app/index/view/index/index.html [ array (
  0 => 'indexhits',
  1 => 'userclass',
  2 => 'usersess',
  3 => 'res_newpro',
  4 => 'res_user',
  5 => 'time',
  6 => 'res_jj',
  7 => 'res_jd',
  8 => 'res_yw',
  9 => 'res_sp',
  10 => 'res_sj',
  11 => 'res_cw',
) ]
[ info ] [ LOG ] INIT File
[ sql ] [ DB ] CONNECT:[ UseTime:0.012271s ] mysql:dbname=sdm442994699_db;host=sdm442994699.my3w.com;charset=utf8
[ sql ] [ SQL ] SHOW COLUMNS FROM `pro2` [ RunTime:0.005780s ]
[ sql ] [ SQL ] SELECT * FROM `pro2` WHERE  `pro_type` = 'jj'  AND `state` = 1  AND `pos` = 1 ORDER BY pro_id DESC LIMIT 3 [ RunTime:0.006290s ]
[ sql ] [ SQL ] SELECT * FROM `pro2` WHERE  `pro_type` = 'jd'  AND `state` = 1  AND `pos` = 1 ORDER BY pro_id DESC LIMIT 3 [ RunTime:0.006228s ]
[ sql ] [ SQL ] SELECT * FROM `pro2` WHERE  `pro_type` = 'yw'  AND `state` = 1  AND `pos` = 1 ORDER BY pro_id DESC LIMIT 3 [ RunTime:0.005656s ]
[ sql ] [ SQL ] SELECT * FROM `pro2` WHERE  `pro_type` = 'sp'  AND `state` = 1  AND `pos` = 1 ORDER BY pro_id DESC LIMIT 3 [ RunTime:0.005545s ]
[ sql ] [ SQL ] SELECT * FROM `pro2` WHERE  `pro_type` = 'sj'  AND `state` = 1  AND `pos` = 1 ORDER BY pro_id DESC LIMIT 3 [ RunTime:0.006060s ]
[ sql ] [ SQL ] SELECT * FROM `pro2` WHERE  (  `pro_type` = 'cw'  AND `state` = 1  AND `pos` = 1 ) [ RunTime:0.006072s ]
[ sql ] [ SQL ] SHOW COLUMNS FROM `user` [ RunTime:0.005907s ]
[ sql ] [ SQL ] SELECT * FROM `user` WHERE  `state` = 1 ORDER BY id DESC LIMIT 3 [ RunTime:0.005208s ]
[ sql ] [ SQL ] SHOW COLUMNS FROM `pro` [ RunTime:0.005611s ]
[ sql ] [ SQL ] SELECT * FROM `pro` WHERE  `pro_id` > 0  AND `state` = 1 ORDER BY pro_id DESC LIMIT 3 [ RunTime:0.006193s ]
[ sql ] [ SQL ] SHOW COLUMNS FROM `pagehits` [ RunTime:0.005755s ]
[ sql ] [ SQL ] UPDATE `pagehits`  SET `hits`=hits+1  WHERE  `id` = 1 [ RunTime:0.004743s ]
[ sql ] [ SQL ] SELECT `hits` FROM `pagehits` WHERE  `id` = 1 LIMIT 1 [ RunTime:0.005194s ]
---------------------------------------------------------------
[ 2020-01-30T03:38:35+08:00 ] 172.17.230.83 47.92.98.236 GET /
[ info ] www.51mfgs.com/ [运行时间：0.162710s][吞吐率：6.15req/s] [内存消耗：813.77kb] [文件加载：49]
[ info ] [ LANG ] /data/home/syu4378230001/htdocs/thinkphp/lang/zh-cn.php
[ info ] [ BIND ] 'index/Index'
[ info ] [ ROUTE ] array (
  'type' => 'module',
  'module' => 
  array (
    0 => 'index',
    1 => 'Index',
    2 => NULL,
  ),
)
[ info ] [ HEADER ] array (
  'accept-encoding' => 'gzip',
  'connection' => 'Keep-Alive',
  'host' => 'www.51mfgs.com',
  'user-agent' => 'Mozilla/5.0 (Linux; Android 4.1.1; Nexus 7 Build/JRO03D)',
)
[ info ] [ PARAM ] array (
)
[ info ] [ RUN ] app\index\controller\Index->index[ /data/home/syu4378230001/htdocs/app/index/controller/Index.php ]
[ info ] [ DB ] INIT mysql
[ info ] [ SESSION ] INIT array (
  'id' => '',
  'var_session_id' => '',
  'prefix' => '',
  'type' => '',
  'auto_start' => true,
  'httponly' => true,
  'secure' => false,
)
[ info ] [ CACHE ] INIT File
[ info ] [ VIEW ] ./app/index/view/index/index.html [ array (
  0 => 'indexhits',
  1 => 'userclass',
  2 => 'usersess',
  3 => 'res_newpro',
  4 => 'res_user',
  5 => 'time',
  6 => 'res_jj',
  7 => 'res_jd',
  8 => 'res_yw',
  9 => 'res_sp',
  10 => 'res_sj',
  11 => 'res_cw',
) ]
[ info ] [ LOG ] INIT File
[ sql ] [ DB ] CONNECT:[ UseTime:0.012577s ] mysql:dbname=sdm442994699_db;host=sdm442994699.my3w.com;charset=utf8
[ sql ] [ SQL ] SHOW COLUMNS FROM `pro2` [ RunTime:0.006657s ]
[ sql ] [ SQL ] SELECT * FROM `pro2` WHERE  `pro_type` = 'jj'  AND `state` = 1  AND `pos` = 1 ORDER BY pro_id DESC LIMIT 3 [ RunTime:0.006481s ]
[ sql ] [ SQL ] SELECT * FROM `pro2` WHERE  `pro_type` = 'jd'  AND `state` = 1  AND `pos` = 1 ORDER BY pro_id DESC LIMIT 3 [ RunTime:0.006383s ]
[ sql ] [ SQL ] SELECT * FROM `pro2` WHERE  `pro_type` = 'yw'  AND `state` = 1  AND `pos` = 1 ORDER BY pro_id DESC LIMIT 3 [ RunTime:0.006770s ]
[ sql ] [ SQL ] SELECT * FROM `pro2` WHERE  `pro_type` = 'sp'  AND `state` = 1  AND `pos` = 1 ORDER BY pro_id DESC LIMIT 3 [ RunTime:0.005746s ]
[ sql ] [ SQL ] SELECT * FROM `pro2` WHERE  `pro_type` = 'sj'  AND `state` = 1  AND `pos` = 1 ORDER BY pro_id DESC LIMIT 3 [ RunTime:0.005562s ]
[ sql ] [ SQL ] SELECT * FROM `pro2` WHERE  (  `pro_type` = 'cw'  AND `state` = 1  AND `pos` = 1 ) [ RunTime:0.005438s ]
[ sql ] [ SQL ] SHOW COLUMNS FROM `user` [ RunTime:0.006104s ]
[ sql ] [ SQL ] SELECT * FROM `user` WHERE  `state` = 1 ORDER BY id DESC LIMIT 3 [ RunTime:0.006906s ]
[ sql ] [ SQL ] SHOW COLUMNS FROM `pro` [ RunTime:0.006006s ]
[ sql ] [ SQL ] SELECT * FROM `pro` WHERE  `pro_id` > 0  AND `state` = 1 ORDER BY pro_id DESC LIMIT 3 [ RunTime:0.005719s ]
[ sql ] [ SQL ] SHOW COLUMNS FROM `pagehits` [ RunTime:0.005856s ]
[ sql ] [ SQL ] UPDATE `pagehits`  SET `hits`=hits+1  WHERE  `id` = 1 [ RunTime:0.005373s ]
[ sql ] [ SQL ] SELECT `hits` FROM `pagehits` WHERE  `id` = 1 LIMIT 1 [ RunTime:0.005377s ]
---------------------------------------------------------------
[ 2020-01-30T03:45:37+08:00 ] 172.17.230.83 101.132.188.111 GET /
[ info ] 51mfgs.com/ [运行时间：0.131943s][吞吐率：7.58req/s] [内存消耗：813.77kb] [文件加载：49]
[ info ] [ LANG ] /data/home/syu4378230001/htdocs/thinkphp/lang/zh-cn.php
[ info ] [ BIND ] 'index/Index'
[ info ] [ ROUTE ] array (
  'type' => 'module',
  'module' => 
  array (
    0 => 'index',
    1 => 'Index',
    2 => NULL,
  ),
)
[ info ] [ HEADER ] array (
  'accept-encoding' => 'gzip',
  'connection' => 'Keep-Alive',
  'host' => '51mfgs.com',
  'user-agent' => 'Mozilla/5.0 (Linux; Android 4.1.1; Nexus 7 Build/JRO03D)',
)
[ info ] [ PARAM ] array (
)
[ info ] [ RUN ] app\index\controller\Index->index[ /data/home/syu4378230001/htdocs/app/index/controller/Index.php ]
[ info ] [ DB ] INIT mysql
[ info ] [ SESSION ] INIT array (
  'id' => '',
  'var_session_id' => '',
  'prefix' => '',
  'type' => '',
  'auto_start' => true,
  'httponly' => true,
  'secure' => false,
)
[ info ] [ CACHE ] INIT File
[ info ] [ VIEW ] ./app/index/view/index/index.html [ array (
  0 => 'indexhits',
  1 => 'userclass',
  2 => 'usersess',
  3 => 'res_newpro',
  4 => 'res_user',
  5 => 'time',
  6 => 'res_jj',
  7 => 'res_jd',
  8 => 'res_yw',
  9 => 'res_sp',
  10 => 'res_sj',
  11 => 'res_cw',
) ]
[ info ] [ LOG ] INIT File
[ sql ] [ DB ] CONNECT:[ UseTime:0.007696s ] mysql:dbname=sdm442994699_db;host=sdm442994699.my3w.com;charset=utf8
[ sql ] [ SQL ] SHOW COLUMNS FROM `pro2` [ RunTime:0.004660s ]
[ sql ] [ SQL ] SELECT * FROM `pro2` WHERE  `pro_type` = 'jj'  AND `state` = 1  AND `pos` = 1 ORDER BY pro_id DESC LIMIT 3 [ RunTime:0.003615s ]
[ sql ] [ SQL ] SELECT * FROM `pro2` WHERE  `pro_type` = 'jd'  AND `state` = 1  AND `pos` = 1 ORDER BY pro_id DESC LIMIT 3 [ RunTime:0.003996s ]
[ sql ] [ SQL ] SELECT * FROM `pro2` WHERE  `pro_type` = 'yw'  AND `state` = 1  AND `pos` = 1 ORDER BY pro_id DESC LIMIT 3 [ RunTime:0.005274s ]
[ sql ] [ SQL ] SELECT * FROM `pro2` WHERE  `pro_type` = 'sp'  AND `state` = 1  AND `pos` = 1 ORDER BY pro_id DESC LIMIT 3 [ RunTime:0.004131s ]
[ sql ] [ SQL ] SELECT * FROM `pro2` WHERE  `pro_type` = 'sj'  AND `state` = 1  AND `pos` = 1 ORDER BY pro_id DESC LIMIT 3 [ RunTime:0.004210s ]
[ sql ] [ SQL ] SELECT * FROM `pro2` WHERE  (  `pro_type` = 'cw'  AND `state` = 1  AND `pos` = 1 ) [ RunTime:0.004983s ]
[ sql ] [ SQL ] SHOW COLUMNS FROM `user` [ RunTime:0.004729s ]
[ sql ] [ SQL ] SELECT * FROM `user` WHERE  `state` = 1 ORDER BY id DESC LIMIT 3 [ RunTime:0.003919s ]
[ sql ] [ SQL ] SHOW COLUMNS FROM `pro` [ RunTime:0.004219s ]
[ sql ] [ SQL ] SELECT * FROM `pro` WHERE  `pro_id` > 0  AND `state` = 1 ORDER BY pro_id DESC LIMIT 3 [ RunTime:0.003343s ]
[ sql ] [ SQL ] SHOW COLUMNS FROM `pagehits` [ RunTime:0.003923s ]
[ sql ] [ SQL ] UPDATE `pagehits`  SET `hits`=hits+1  WHERE  `id` = 1 [ RunTime:0.004448s ]
[ sql ] [ SQL ] SELECT `hits` FROM `pagehits` WHERE  `id` = 1 LIMIT 1 [ RunTime:0.004587s ]
---------------------------------------------------------------
[ 2020-01-30T04:06:22+08:00 ] 172.17.230.83 47.100.38.9 GET /
[ info ] 51mfgs.com/ [运行时间：0.152912s][吞吐率：6.54req/s] [内存消耗：813.75kb] [文件加载：49]
[ info ] [ LANG ] /data/home/syu4378230001/htdocs/thinkphp/lang/zh-cn.php
[ info ] [ BIND ] 'index/Index'
[ info ] [ ROUTE ] array (
  'type' => 'module',
  'module' => 
  array (
    0 => 'index',
    1 => 'Index',
    2 => NULL,
  ),
)
[ info ] [ HEADER ] array (
  'accept-encoding' => 'gzip',
  'connection' => 'Keep-Alive',
  'host' => '51mfgs.com',
  'user-agent' => 'Mozilla/5.0 (iPhone; CPU iPhone OS 8_0_2 like Mac OS X)',
)
[ info ] [ PARAM ] array (
)
[ info ] [ RUN ] app\index\controller\Index->index[ /data/home/syu4378230001/htdocs/app/index/controller/Index.php ]
[ info ] [ DB ] INIT mysql
[ info ] [ SESSION ] INIT array (
  'id' => '',
  'var_session_id' => '',
  'prefix' => '',
  'type' => '',
  'auto_start' => true,
  'httponly' => true,
  'secure' => false,
)
[ info ] [ CACHE ] INIT File
[ info ] [ VIEW ] ./app/index/view/index/index.html [ array (
  0 => 'indexhits',
  1 => 'userclass',
  2 => 'usersess',
  3 => 'res_newpro',
  4 => 'res_user',
  5 => 'time',
  6 => 'res_jj',
  7 => 'res_jd',
  8 => 'res_yw',
  9 => 'res_sp',
  10 => 'res_sj',
  11 => 'res_cw',
) ]
[ info ] [ LOG ] INIT File
[ sql ] [ DB ] CONNECT:[ UseTime:0.008837s ] mysql:dbname=sdm442994699_db;host=sdm442994699.my3w.com;charset=utf8
[ sql ] [ SQL ] SHOW COLUMNS FROM `pro2` [ RunTime:0.005880s ]
[ sql ] [ SQL ] SELECT * FROM `pro2` WHERE  `pro_type` = 'jj'  AND `state` = 1  AND `pos` = 1 ORDER BY pro_id DESC LIMIT 3 [ RunTime:0.005261s ]
[ sql ] [ SQL ] SELECT * FROM `pro2` WHERE  `pro_type` = 'jd'  AND `state` = 1  AND `pos` = 1 ORDER BY pro_id DESC LIMIT 3 [ RunTime:0.005158s ]
[ sql ] [ SQL ] SELECT * FROM `pro2` WHERE  `pro_type` = 'yw'  AND `state` = 1  AND `pos` = 1 ORDER BY pro_id DESC LIMIT 3 [ RunTime:0.005805s ]
[ sql ] [ SQL ] SELECT * FROM `pro2` WHERE  `pro_type` = 'sp'  AND `state` = 1  AND `pos` = 1 ORDER BY pro_id DESC LIMIT 3 [ RunTime:0.005314s ]
[ sql ] [ SQL ] SELECT * FROM `pro2` WHERE  `pro_type` = 'sj'  AND `state` = 1  AND `pos` = 1 ORDER BY pro_id DESC LIMIT 3 [ RunTime:0.005210s ]
[ sql ] [ SQL ] SELECT * FROM `pro2` WHERE  (  `pro_type` = 'cw'  AND `state` = 1  AND `pos` = 1 ) [ RunTime:0.005986s ]
[ sql ] [ SQL ] SHOW COLUMNS FROM `user` [ RunTime:0.005974s ]
[ sql ] [ SQL ] SELECT * FROM `user` WHERE  `state` = 1 ORDER BY id DESC LIMIT 3 [ RunTime:0.005944s ]
[ sql ] [ SQL ] SHOW COLUMNS FROM `pro` [ RunTime:0.006106s ]
[ sql ] [ SQL ] SELECT * FROM `pro` WHERE  `pro_id` > 0  AND `state` = 1 ORDER BY pro_id DESC LIMIT 3 [ RunTime:0.005404s ]
[ sql ] [ SQL ] SHOW COLUMNS FROM `pagehits` [ RunTime:0.005197s ]
[ sql ] [ SQL ] UPDATE `pagehits`  SET `hits`=hits+1  WHERE  `id` = 1 [ RunTime:0.005618s ]
[ sql ] [ SQL ] SELECT `hits` FROM `pagehits` WHERE  `id` = 1 LIMIT 1 [ RunTime:0.004807s ]
---------------------------------------------------------------
[ 2020-01-30T04:14:35+08:00 ] 172.17.230.83 47.92.107.192 GET /
[ info ] www.51mfgs.com/ [运行时间：0.192878s][吞吐率：5.18req/s] [内存消耗：813.75kb] [文件加载：49]
[ info ] [ LANG ] /data/home/syu4378230001/htdocs/thinkphp/lang/zh-cn.php
[ info ] [ BIND ] 'index/Index'
[ info ] [ ROUTE ] array (
  'type' => 'module',
  'module' => 
  array (
    0 => 'index',
    1 => 'Index',
    2 => NULL,
  ),
)
[ info ] [ HEADER ] array (
  'accept-encoding' => 'gzip',
  'connection' => 'Keep-Alive',
  'host' => 'www.51mfgs.com',
  'user-agent' => 'Mozilla/5.0 (iPhone; CPU iPhone OS 8_0_2 like Mac OS X)',
)
[ info ] [ PARAM ] array (
)
[ info ] [ RUN ] app\index\controller\Index->index[ /data/home/syu4378230001/htdocs/app/index/controller/Index.php ]
[ info ] [ DB ] INIT mysql
[ info ] [ SESSION ] INIT array (
  'id' => '',
  'var_session_id' => '',
  'prefix' => '',
  'type' => '',
  'auto_start' => true,
  'httponly' => true,
  'secure' => false,
)
[ info ] [ CACHE ] INIT File
[ info ] [ VIEW ] ./app/index/view/index/index.html [ array (
  0 => 'indexhits',
  1 => 'userclass',
  2 => 'usersess',
  3 => 'res_newpro',
  4 => 'res_user',
  5 => 'time',
  6 => 'res_jj',
  7 => 'res_jd',
  8 => 'res_yw',
  9 => 'res_sp',
  10 => 'res_sj',
  11 => 'res_cw',
) ]
[ info ] [ LOG ] INIT File
[ sql ] [ DB ] CONNECT:[ UseTime:0.013206s ] mysql:dbname=sdm442994699_db;host=sdm442994699.my3w.com;charset=utf8
[ sql ] [ SQL ] SHOW COLUMNS FROM `pro2` [ RunTime:0.012485s ]
[ sql ] [ SQL ] SELECT * FROM `pro2` WHERE  `pro_type` = 'jj'  AND `state` = 1  AND `pos` = 1 ORDER BY pro_id DESC LIMIT 3 [ RunTime:0.008282s ]
[ sql ] [ SQL ] SELECT * FROM `pro2` WHERE  `pro_type` = 'jd'  AND `state` = 1  AND `pos` = 1 ORDER BY pro_id DESC LIMIT 3 [ RunTime:0.008844s ]
[ sql ] [ SQL ] SELECT * FROM `pro2` WHERE  `pro_type` = 'yw'  AND `state` = 1  AND `pos` = 1 ORDER BY pro_id DESC LIMIT 3 [ RunTime:0.009514s ]
[ sql ] [ SQL ] SELECT * FROM `pro2` WHERE  `pro_type` = 'sp'  AND `state` = 1  AND `pos` = 1 ORDER BY pro_id DESC LIMIT 3 [ RunTime:0.007114s ]
[ sql ] [ SQL ] SELECT * FROM `pro2` WHERE  `pro_type` = 'sj'  AND `state` = 1  AND `pos` = 1 ORDER BY pro_id DESC LIMIT 3 [ RunTime:0.008619s ]
[ sql ] [ SQL ] SELECT * FROM `pro2` WHERE  (  `pro_type` = 'cw'  AND `state` = 1  AND `pos` = 1 ) [ RunTime:0.006722s ]
[ sql ] [ SQL ] SHOW COLUMNS FROM `user` [ RunTime:0.009559s ]
[ sql ] [ SQL ] SELECT * FROM `user` WHERE  `state` = 1 ORDER BY id DESC LIMIT 3 [ RunTime:0.008705s ]
[ sql ] [ SQL ] SHOW COLUMNS FROM `pro` [ RunTime:0.009251s ]
[ sql ] [ SQL ] SELECT * FROM `pro` WHERE  `pro_id` > 0  AND `state` = 1 ORDER BY pro_id DESC LIMIT 3 [ RunTime:0.006835s ]
[ sql ] [ SQL ] SHOW COLUMNS FROM `pagehits` [ RunTime:0.007344s ]
[ sql ] [ SQL ] UPDATE `pagehits`  SET `hits`=hits+1  WHERE  `id` = 1 [ RunTime:0.005970s ]
[ sql ] [ SQL ] SELECT `hits` FROM `pagehits` WHERE  `id` = 1 LIMIT 1 [ RunTime:0.007473s ]
---------------------------------------------------------------
[ 2020-01-30T04:52:50+08:00 ] 172.17.230.83 46.229.168.147 GET /robots.txt
[ info ] 51mfgs.com/robots.txt [运行时间：0.048352s][吞吐率：20.68req/s] [内存消耗：388.78kb] [文件加载：36]
[ info ] [ LANG ] /data/home/syu4378230001/htdocs/thinkphp/lang/zh-cn.php
[ info ] [ BIND ] 'index/Index'
[ info ] [ ROUTE ] array (
  'type' => 'module',
  'module' => 
  array (
    0 => 'index',
    1 => 'Index',
    2 => 'robots.txt',
  ),
)
[ info ] [ HEADER ] array (
  'accept' => '*/*',
  'accept-encoding' => 'gzip,deflate',
  'connection' => 'close',
  'host' => '51mfgs.com',
  'user-agent' => 'Mozilla/5.0 (compatible; SemrushBot/6~bl; +http://www.semrush.com/bot.html)',
)
[ info ] [ PARAM ] array (
)
[ info ] [ RUN ] app\index\controller\Index->_empty[ /data/home/syu4378230001/htdocs/app/index/controller/Index.php ]
[ info ] [ VIEW ] /data/home/syu4378230001/htdocs/thinkphp/tpl/dispatch_jump.tpl [ array (
  0 => 'code',
  1 => 'msg',
  2 => 'data',
  3 => 'url',
  4 => 'wait',
) ]
[ info ] [ LOG ] INIT File
---------------------------------------------------------------
[ 2020-01-30T04:52:51+08:00 ] 172.17.230.83 46.229.168.135 GET /proshow/id/79
[ info ] 51mfgs.com/proshow/id/79 [运行时间：0.080182s][吞吐率：12.47req/s] [内存消耗：711.73kb] [文件加载：44]
[ info ] [ LANG ] /data/home/syu4378230001/htdocs/thinkphp/lang/zh-cn.php
[ info ] [ BIND ] 'index/Index'
[ info ] [ ROUTE ] array (
  'type' => 'module',
  'module' => 
  array (
    0 => 'index',
    1 => 'Index',
    2 => 'proshow',
  ),
)
[ info ] [ HEADER ] array (
  'accept' => 'text/html, application/rss+xml, application/atom+xml, text/xml, text/rss+xml',
  'accept-encoding' => 'gzip,deflate',
  'connection' => 'close',
  'host' => '51mfgs.com',
  'user-agent' => 'Mozilla/5.0 (compatible; SemrushBot/6~bl; +http://www.semrush.com/bot.html)',
)
[ info ] [ PARAM ] array (
  'id' => '79',
)
[ info ] [ RUN ] app\index\controller\Index->proshow[ /data/home/syu4378230001/htdocs/app/index/controller/Index.php ]
[ info ] [ DB ] INIT mysql
[ info ] [ VIEW ] ./app/index/view/index/proshow.html [ array (
  0 => 'data',
) ]
[ info ] [ LOG ] INIT File
[ sql ] [ DB ] CONNECT:[ UseTime:0.009670s ] mysql:dbname=sdm442994699_db;host=sdm442994699.my3w.com;charset=utf8
[ sql ] [ SQL ] SHOW COLUMNS FROM `pro2` [ RunTime:0.004753s ]
[ sql ] [ SQL ] SELECT * FROM `pro2` WHERE  `pro_id` = 79 LIMIT 1 [ RunTime:0.005093s ]
---------------------------------------------------------------
[ 2020-01-30T05:48:20+08:00 ] 172.17.230.83 46.229.168.133 GET /robots.txt
[ info ] 51mfgs.com/robots.txt [运行时间：0.037619s][吞吐率：26.58req/s] [内存消耗：388.78kb] [文件加载：36]
[ info ] [ LANG ] /data/home/syu4378230001/htdocs/thinkphp/lang/zh-cn.php
[ info ] [ BIND ] 'index/Index'
[ info ] [ ROUTE ] array (
  'type' => 'module',
  'module' => 
  array (
    0 => 'index',
    1 => 'Index',
    2 => 'robots.txt',
  ),
)
[ info ] [ HEADER ] array (
  'accept' => '*/*',
  'accept-encoding' => 'gzip,deflate',
  'connection' => 'close',
  'host' => '51mfgs.com',
  'user-agent' => 'Mozilla/5.0 (compatible; SemrushBot/6~bl; +http://www.semrush.com/bot.html)',
)
[ info ] [ PARAM ] array (
)
[ info ] [ RUN ] app\index\controller\Index->_empty[ /data/home/syu4378230001/htdocs/app/index/controller/Index.php ]
[ info ] [ VIEW ] /data/home/syu4378230001/htdocs/thinkphp/tpl/dispatch_jump.tpl [ array (
  0 => 'code',
  1 => 'msg',
  2 => 'data',
  3 => 'url',
  4 => 'wait',
) ]
[ info ] [ LOG ] INIT File
---------------------------------------------------------------
[ 2020-01-30T05:48:21+08:00 ] 172.17.230.83 46.229.168.139 GET /proshow/id/143
[ info ] 51mfgs.com/proshow/id/143 [运行时间：0.077622s][吞吐率：12.88req/s] [内存消耗：711.58kb] [文件加载：44]
[ info ] [ LANG ] /data/home/syu4378230001/htdocs/thinkphp/lang/zh-cn.php
[ info ] [ BIND ] 'index/Index'
[ info ] [ ROUTE ] array (
  'type' => 'module',
  'module' => 
  array (
    0 => 'index',
    1 => 'Index',
    2 => 'proshow',
  ),
)
[ info ] [ HEADER ] array (
  'accept' => 'text/html, application/rss+xml, application/atom+xml, text/xml, text/rss+xml',
  'accept-encoding' => 'gzip,deflate',
  'connection' => 'close',
  'host' => '51mfgs.com',
  'user-agent' => 'Mozilla/5.0 (compatible; SemrushBot/6~bl; +http://www.semrush.com/bot.html)',
)
[ info ] [ PARAM ] array (
  'id' => '143',
)
[ info ] [ RUN ] app\index\controller\Index->proshow[ /data/home/syu4378230001/htdocs/app/index/controller/Index.php ]
[ info ] [ DB ] INIT mysql
[ info ] [ VIEW ] ./app/index/view/index/proshow.html [ array (
  0 => 'data',
) ]
[ info ] [ LOG ] INIT File
[ sql ] [ DB ] CONNECT:[ UseTime:0.009339s ] mysql:dbname=sdm442994699_db;host=sdm442994699.my3w.com;charset=utf8
[ sql ] [ SQL ] SHOW COLUMNS FROM `pro2` [ RunTime:0.005723s ]
[ sql ] [ SQL ] SELECT * FROM `pro2` WHERE  `pro_id` = 143 LIMIT 1 [ RunTime:0.006909s ]
---------------------------------------------------------------
[ 2020-01-30T06:41:09+08:00 ] 172.17.230.83 66.249.71.80 GET /about
[ info ] 51mfgs.com/about [运行时间：0.098646s][吞吐率：10.14req/s] [内存消耗：608.08kb] [文件加载：45]
[ info ] [ LANG ] /data/home/syu4378230001/htdocs/thinkphp/lang/zh-cn.php
[ info ] [ BIND ] 'index/Index'
[ info ] [ ROUTE ] array (
  'type' => 'module',
  'module' => 
  array (
    0 => 'index',
    1 => 'Index',
    2 => 'about',
  ),
)
[ info ] [ HEADER ] array (
  'accept' => 'text/html,application/xhtml+xml,application/signed-exchange;v=b3,application/xml;q=0.9,*/*;q=0.8',
  'accept-encoding' => 'gzip,deflate,br',
  'amp-cache-transform' => 'google;v="1..2"',
  'connection' => 'keep-alive',
  'from' => 'googlebot(at)googlebot.com',
  'host' => '51mfgs.com',
  'if-modified-since' => 'Mon, 23 Dec 2019 19:58:31 GMT',
  'user-agent' => 'Mozilla/5.0 (Linux; Android 6.0.1; Nexus 5X Build/MMB29P) AppleWebKit/537.36 (KHTML, like Gecko) Chrome/41.0.2272.96 Mobile Safari/537.36 (compatible; Googlebot/2.1; +http://www.google.com/bot.html)',
)
[ info ] [ PARAM ] array (
)
[ info ] [ RUN ] app\index\controller\Index->about[ /data/home/syu4378230001/htdocs/app/index/controller/Index.php ]
[ info ] [ DB ] INIT mysql
[ info ] [ CACHE ] INIT File
[ info ] [ VIEW ] ./app/index/view/index/about.html [ array (
  0 => 'abouthits',
) ]
[ info ] [ LOG ] INIT File
[ sql ] [ DB ] CONNECT:[ UseTime:0.018678s ] mysql:dbname=sdm442994699_db;host=sdm442994699.my3w.com;charset=utf8
[ sql ] [ SQL ] SHOW COLUMNS FROM `pagehits` [ RunTime:0.008387s ]
[ sql ] [ SQL ] UPDATE `pagehits`  SET `hits`=hits+1  WHERE  `id` = 2 [ RunTime:0.006933s ]
[ sql ] [ SQL ] SELECT `hits` FROM `pagehits` WHERE  `id` = 2 LIMIT 1 [ RunTime:0.009565s ]
---------------------------------------------------------------
[ 2020-01-30T07:09:46+08:00 ] 172.17.230.83 46.229.168.163 GET /robots.txt
[ info ] 51mfgs.com/robots.txt [运行时间：0.038912s][吞吐率：25.70req/s] [内存消耗：388.78kb] [文件加载：36]
[ info ] [ LANG ] /data/home/syu4378230001/htdocs/thinkphp/lang/zh-cn.php
[ info ] [ BIND ] 'index/Index'
[ info ] [ ROUTE ] array (
  'type' => 'module',
  'module' => 
  array (
    0 => 'index',
    1 => 'Index',
    2 => 'robots.txt',
  ),
)
[ info ] [ HEADER ] array (
  'accept' => '*/*',
  'accept-encoding' => 'gzip,deflate',
  'connection' => 'close',
  'host' => '51mfgs.com',
  'user-agent' => 'Mozilla/5.0 (compatible; SemrushBot/6~bl; +http://www.semrush.com/bot.html)',
)
[ info ] [ PARAM ] array (
)
[ info ] [ RUN ] app\index\controller\Index->_empty[ /data/home/syu4378230001/htdocs/app/index/controller/Index.php ]
[ info ] [ VIEW ] /data/home/syu4378230001/htdocs/thinkphp/tpl/dispatch_jump.tpl [ array (
  0 => 'code',
  1 => 'msg',
  2 => 'data',
  3 => 'url',
  4 => 'wait',
) ]
[ info ] [ LOG ] INIT File
---------------------------------------------------------------
[ 2020-01-30T07:09:47+08:00 ] 172.17.230.83 46.229.168.154 GET /proshow/id/144
[ info ] 51mfgs.com/proshow/id/144 [运行时间：0.080328s][吞吐率：12.45req/s] [内存消耗：711.72kb] [文件加载：44]
[ info ] [ LANG ] /data/home/syu4378230001/htdocs/thinkphp/lang/zh-cn.php
[ info ] [ BIND ] 'index/Index'
[ info ] [ ROUTE ] array (
  'type' => 'module',
  'module' => 
  array (
    0 => 'index',
    1 => 'Index',
    2 => 'proshow',
  ),
)
[ info ] [ HEADER ] array (
  'accept' => 'text/html, application/rss+xml, application/atom+xml, text/xml, text/rss+xml',
  'accept-encoding' => 'gzip,deflate',
  'connection' => 'close',
  'host' => '51mfgs.com',
  'user-agent' => 'Mozilla/5.0 (compatible; SemrushBot/6~bl; +http://www.semrush.com/bot.html)',
)
[ info ] [ PARAM ] array (
  'id' => '144',
)
[ info ] [ RUN ] app\index\controller\Index->proshow[ /data/home/syu4378230001/htdocs/app/index/controller/Index.php ]
[ info ] [ DB ] INIT mysql
[ info ] [ VIEW ] ./app/index/view/index/proshow.html [ array (
  0 => 'data',
) ]
[ info ] [ LOG ] INIT File
[ sql ] [ DB ] CONNECT:[ UseTime:0.011826s ] mysql:dbname=sdm442994699_db;host=sdm442994699.my3w.com;charset=utf8
[ sql ] [ SQL ] SHOW COLUMNS FROM `pro2` [ RunTime:0.006689s ]
[ sql ] [ SQL ] SELECT * FROM `pro2` WHERE  `pro_id` = 144 LIMIT 1 [ RunTime:0.005566s ]
---------------------------------------------------------------
[ 2020-01-30T08:01:14+08:00 ] 172.17.230.83 66.249.71.73 GET /robots.txt
[ info ] 51mfgs.com/robots.txt [运行时间：0.039495s][吞吐率：25.32req/s] [内存消耗：388.88kb] [文件加载：36]
[ info ] [ LANG ] /data/home/syu4378230001/htdocs/thinkphp/lang/zh-cn.php
[ info ] [ BIND ] 'index/Index'
[ info ] [ ROUTE ] array (
  'type' => 'module',
  'module' => 
  array (
    0 => 'index',
    1 => 'Index',
    2 => 'robots.txt',
  ),
)
[ info ] [ HEADER ] array (
  'accept' => 'text/plain,text/html,*/*',
  'accept-encoding' => 'gzip,deflate,br',
  'connection' => 'keep-alive',
  'host' => '51mfgs.com',
  'user-agent' => 'Mozilla/5.0 (compatible; Googlebot/2.1; +http://www.google.com/bot.html)',
)
[ info ] [ PARAM ] array (
)
[ info ] [ RUN ] app\index\controller\Index->_empty[ /data/home/syu4378230001/htdocs/app/index/controller/Index.php ]
[ info ] [ VIEW ] /data/home/syu4378230001/htdocs/thinkphp/tpl/dispatch_jump.tpl [ array (
  0 => 'code',
  1 => 'msg',
  2 => 'data',
  3 => 'url',
  4 => 'wait',
) ]
[ info ] [ LOG ] INIT File
---------------------------------------------------------------
[ 2020-01-30T08:01:14+08:00 ] 172.17.230.83 66.249.71.73 GET /jd.html
[ info ] 51mfgs.com/jd.html [运行时间：0.094566s][吞吐率：10.57req/s] [内存消耗：624.64kb] [文件加载：45]
[ info ] [ LANG ] /data/home/syu4378230001/htdocs/thinkphp/lang/zh-cn.php
[ info ] [ BIND ] 'index/Index'
[ info ] [ ROUTE ] array (
  'type' => 'module',
  'module' => 
  array (
    0 => 'index',
    1 => 'Index',
    2 => 'jd',
  ),
)
[ info ] [ HEADER ] array (
  'accept' => 'text/html,application/xhtml+xml,application/signed-exchange;v=b3,application/xml;q=0.9,*/*;q=0.8',
  'accept-encoding' => 'gzip,deflate,br',
  'amp-cache-transform' => 'google;v="1..2"',
  'connection' => 'keep-alive',
  'from' => 'googlebot(at)googlebot.com',
  'host' => '51mfgs.com',
  'if-modified-since' => 'Tue, 17 Dec 2019 02:44:43 GMT',
  'user-agent' => 'Mozilla/5.0 (Linux; Android 6.0.1; Nexus 5X Build/MMB29P) AppleWebKit/537.36 (KHTML, like Gecko) Chrome/41.0.2272.96 Mobile Safari/537.36 (compatible; Googlebot/2.1; +http://www.google.com/bot.html)',
)
[ info ] [ PARAM ] array (
)
[ info ] [ RUN ] app\index\controller\Index->jd[ /data/home/syu4378230001/htdocs/app/index/controller/Index.php ]
[ info ] [ DB ] INIT mysql
[ info ] [ VIEW ] ./app/index/view/index/jd.html [ array (
  0 => 'list',
  1 => 'total',
) ]
[ info ] [ LOG ] INIT File
[ sql ] [ DB ] CONNECT:[ UseTime:0.011070s ] mysql:dbname=sdm442994699_db;host=sdm442994699.my3w.com;charset=utf8
[ sql ] [ SQL ] SHOW COLUMNS FROM `pro2` [ RunTime:0.007862s ]
[ sql ] [ SQL ] SELECT COUNT(*) AS tp_count FROM `pro2` WHERE  `pro_type` = 'jd'  AND `state` = 1 LIMIT 1 [ RunTime:0.005109s ]
[ sql ] [ SQL ] SELECT * FROM `pro2` WHERE  `pro_type` = 'jd'  AND `state` = 1 ORDER BY pubtime DESC LIMIT 0,100 [ RunTime:0.005977s ]
[ sql ] [ SQL ] SELECT COUNT(*) AS tp_count FROM `pro2` WHERE  `pro_type` = 'jd'  AND `state` = 1 LIMIT 1 [ RunTime:0.005953s ]
---------------------------------------------------------------
[ 2020-01-30T08:12:07+08:00 ] 172.17.230.83 123.125.71.40 GET /
[ info ] www.51mfgs.com/ [运行时间：0.172364s][吞吐率：5.80req/s] [内存消耗：813.95kb] [文件加载：49]
[ info ] [ LANG ] /data/home/syu4378230001/htdocs/thinkphp/lang/zh-cn.php
[ info ] [ BIND ] 'index/Index'
[ info ] [ ROUTE ] array (
  'type' => 'module',
  'module' => 
  array (
    0 => 'index',
    1 => 'Index',
    2 => NULL,
  ),
)
[ info ] [ HEADER ] array (
  'accept' => '*/*',
  'accept-language' => 'zh-cn,zh-tw',
  'host' => 'www.51mfgs.com',
  'if-none-match' => '""""@NULL@""""',
  'user-agent' => 'Mozilla/5.0 (compatible; Baiduspider/2.0; +http://www.baidu.com/search/spider.html)',
)
[ info ] [ PARAM ] array (
)
[ info ] [ RUN ] app\index\controller\Index->index[ /data/home/syu4378230001/htdocs/app/index/controller/Index.php ]
[ info ] [ DB ] INIT mysql
[ info ] [ SESSION ] INIT array (
  'id' => '',
  'var_session_id' => '',
  'prefix' => '',
  'type' => '',
  'auto_start' => true,
  'httponly' => true,
  'secure' => false,
)
[ info ] [ CACHE ] INIT File
[ info ] [ VIEW ] ./app/index/view/index/index.html [ array (
  0 => 'indexhits',
  1 => 'userclass',
  2 => 'usersess',
  3 => 'res_newpro',
  4 => 'res_user',
  5 => 'time',
  6 => 'res_jj',
  7 => 'res_jd',
  8 => 'res_yw',
  9 => 'res_sp',
  10 => 'res_sj',
  11 => 'res_cw',
) ]
[ info ] [ LOG ] INIT File
[ sql ] [ DB ] CONNECT:[ UseTime:0.009447s ] mysql:dbname=sdm442994699_db;host=sdm442994699.my3w.com;charset=utf8
[ sql ] [ SQL ] SHOW COLUMNS FROM `pro2` [ RunTime:0.007206s ]
[ sql ] [ SQL ] SELECT * FROM `pro2` WHERE  `pro_type` = 'jj'  AND `state` = 1  AND `pos` = 1 ORDER BY pro_id DESC LIMIT 3 [ RunTime:0.006857s ]
[ sql ] [ SQL ] SELECT * FROM `pro2` WHERE  `pro_type` = 'jd'  AND `state` = 1  AND `pos` = 1 ORDER BY pro_id DESC LIMIT 3 [ RunTime:0.006268s ]
[ sql ] [ SQL ] SELECT * FROM `pro2` WHERE  `pro_type` = 'yw'  AND `state` = 1  AND `pos` = 1 ORDER BY pro_id DESC LIMIT 3 [ RunTime:0.007468s ]
[ sql ] [ SQL ] SELECT * FROM `pro2` WHERE  `pro_type` = 'sp'  AND `state` = 1  AND `pos` = 1 ORDER BY pro_id DESC LIMIT 3 [ RunTime:0.005939s ]
[ sql ] [ SQL ] SELECT * FROM `pro2` WHERE  `pro_type` = 'sj'  AND `state` = 1  AND `pos` = 1 ORDER BY pro_id DESC LIMIT 3 [ RunTime:0.007019s ]
[ sql ] [ SQL ] SELECT * FROM `pro2` WHERE  (  `pro_type` = 'cw'  AND `state` = 1  AND `pos` = 1 ) [ RunTime:0.005751s ]
[ sql ] [ SQL ] SHOW COLUMNS FROM `user` [ RunTime:0.006223s ]
[ sql ] [ SQL ] SELECT * FROM `user` WHERE  `state` = 1 ORDER BY id DESC LIMIT 3 [ RunTime:0.006277s ]
[ sql ] [ SQL ] SHOW COLUMNS FROM `pro` [ RunTime:0.006058s ]
[ sql ] [ SQL ] SELECT * FROM `pro` WHERE  `pro_id` > 0  AND `state` = 1 ORDER BY pro_id DESC LIMIT 3 [ RunTime:0.009265s ]
[ sql ] [ SQL ] SHOW COLUMNS FROM `pagehits` [ RunTime:0.007681s ]
[ sql ] [ SQL ] UPDATE `pagehits`  SET `hits`=hits+1  WHERE  `id` = 1 [ RunTime:0.006367s ]
[ sql ] [ SQL ] SELECT `hits` FROM `pagehits` WHERE  `id` = 1 LIMIT 1 [ RunTime:0.006181s ]
---------------------------------------------------------------
[ 2020-01-30T09:44:41+08:00 ] 172.17.230.83 157.55.39.5 GET /robots.txt
[ info ] 51mfgs.com/robots.txt [运行时间：0.043926s][吞吐率：22.77req/s] [内存消耗：389.23kb] [文件加载：36]
[ info ] [ LANG ] /data/home/syu4378230001/htdocs/thinkphp/lang/zh-cn.php
[ info ] [ BIND ] 'index/Index'
[ info ] [ ROUTE ] array (
  'type' => 'module',
  'module' => 
  array (
    0 => 'index',
    1 => 'Index',
    2 => 'robots.txt',
  ),
)
[ info ] [ HEADER ] array (
  'accept' => '*/*',
  'accept-encoding' => 'gzip, deflate',
  'cache-control' => 'no-cache',
  'connection' => 'Keep-Alive',
  'host' => '51mfgs.com',
  'pragma' => 'no-cache',
  'user-agent' => 'Mozilla/5.0 (compatible; bingbot/2.0; +http://www.bing.com/bingbot.htm)',
)
[ info ] [ PARAM ] array (
)
[ info ] [ RUN ] app\index\controller\Index->_empty[ /data/home/syu4378230001/htdocs/app/index/controller/Index.php ]
[ info ] [ VIEW ] /data/home/syu4378230001/htdocs/thinkphp/tpl/dispatch_jump.tpl [ array (
  0 => 'code',
  1 => 'msg',
  2 => 'data',
  3 => 'url',
  4 => 'wait',
) ]
[ info ] [ LOG ] INIT File
---------------------------------------------------------------
[ 2020-01-30T09:44:42+08:00 ] 172.17.230.83 157.55.39.5 GET /robots.txt
[ info ] 51mfgs.com/robots.txt [运行时间：0.040811s][吞吐率：24.50req/s] [内存消耗：389.23kb] [文件加载：36]
[ info ] [ LANG ] /data/home/syu4378230001/htdocs/thinkphp/lang/zh-cn.php
[ info ] [ BIND ] 'index/Index'
[ info ] [ ROUTE ] array (
  'type' => 'module',
  'module' => 
  array (
    0 => 'index',
    1 => 'Index',
    2 => 'robots.txt',
  ),
)
[ info ] [ HEADER ] array (
  'accept' => '*/*',
  'accept-encoding' => 'gzip, deflate',
  'cache-control' => 'no-cache',
  'connection' => 'Keep-Alive',
  'host' => '51mfgs.com',
  'pragma' => 'no-cache',
  'user-agent' => 'Mozilla/5.0 (compatible; bingbot/2.0; +http://www.bing.com/bingbot.htm)',
)
[ info ] [ PARAM ] array (
)
[ info ] [ RUN ] app\index\controller\Index->_empty[ /data/home/syu4378230001/htdocs/app/index/controller/Index.php ]
[ info ] [ VIEW ] /data/home/syu4378230001/htdocs/thinkphp/tpl/dispatch_jump.tpl [ array (
  0 => 'code',
  1 => 'msg',
  2 => 'data',
  3 => 'url',
  4 => 'wait',
) ]
[ info ] [ LOG ] INIT File
---------------------------------------------------------------
[ 2020-01-30T11:00:03+08:00 ] 172.17.230.83 40.77.167.25 GET /
[ info ] 51mfgs.com/ [运行时间：0.192615s][吞吐率：5.19req/s] [内存消耗：814.08kb] [文件加载：49]
[ info ] [ LANG ] /data/home/syu4378230001/htdocs/thinkphp/lang/zh-cn.php
[ info ] [ BIND ] 'index/Index'
[ info ] [ ROUTE ] array (
  'type' => 'module',
  'module' => 
  array (
    0 => 'index',
    1 => 'Index',
    2 => NULL,
  ),
)
[ info ] [ HEADER ] array (
  'accept' => '*/*',
  'accept-encoding' => 'gzip, deflate',
  'cache-control' => 'no-cache',
  'connection' => 'Keep-Alive',
  'host' => '51mfgs.com',
  'pragma' => 'no-cache',
  'user-agent' => 'Mozilla/5.0 (compatible; bingbot/2.0; +http://www.bing.com/bingbot.htm)',
)
[ info ] [ PARAM ] array (
)
[ info ] [ RUN ] app\index\controller\Index->index[ /data/home/syu4378230001/htdocs/app/index/controller/Index.php ]
[ info ] [ DB ] INIT mysql
[ info ] [ SESSION ] INIT array (
  'id' => '',
  'var_session_id' => '',
  'prefix' => '',
  'type' => '',
  'auto_start' => true,
  'httponly' => true,
  'secure' => false,
)
[ info ] [ CACHE ] INIT File
[ info ] [ VIEW ] ./app/index/view/index/index.html [ array (
  0 => 'indexhits',
  1 => 'userclass',
  2 => 'usersess',
  3 => 'res_newpro',
  4 => 'res_user',
  5 => 'time',
  6 => 'res_jj',
  7 => 'res_jd',
  8 => 'res_yw',
  9 => 'res_sp',
  10 => 'res_sj',
  11 => 'res_cw',
) ]
[ info ] [ LOG ] INIT File
[ sql ] [ DB ] CONNECT:[ UseTime:0.018481s ] mysql:dbname=sdm442994699_db;host=sdm442994699.my3w.com;charset=utf8
[ sql ] [ SQL ] SHOW COLUMNS FROM `pro2` [ RunTime:0.008067s ]
[ sql ] [ SQL ] SELECT * FROM `pro2` WHERE  `pro_type` = 'jj'  AND `state` = 1  AND `pos` = 1 ORDER BY pro_id DESC LIMIT 3 [ RunTime:0.009861s ]
[ sql ] [ SQL ] SELECT * FROM `pro2` WHERE  `pro_type` = 'jd'  AND `state` = 1  AND `pos` = 1 ORDER BY pro_id DESC LIMIT 3 [ RunTime:0.007439s ]
[ sql ] [ SQL ] SELECT * FROM `pro2` WHERE  `pro_type` = 'yw'  AND `state` = 1  AND `pos` = 1 ORDER BY pro_id DESC LIMIT 3 [ RunTime:0.006947s ]
[ sql ] [ SQL ] SELECT * FROM `pro2` WHERE  `pro_type` = 'sp'  AND `state` = 1  AND `pos` = 1 ORDER BY pro_id DESC LIMIT 3 [ RunTime:0.007470s ]
[ sql ] [ SQL ] SELECT * FROM `pro2` WHERE  `pro_type` = 'sj'  AND `state` = 1  AND `pos` = 1 ORDER BY pro_id DESC LIMIT 3 [ RunTime:0.007318s ]
[ sql ] [ SQL ] SELECT * FROM `pro2` WHERE  (  `pro_type` = 'cw'  AND `state` = 1  AND `pos` = 1 ) [ RunTime:0.006269s ]
[ sql ] [ SQL ] SHOW COLUMNS FROM `user` [ RunTime:0.008008s ]
[ sql ] [ SQL ] SELECT * FROM `user` WHERE  `state` = 1 ORDER BY id DESC LIMIT 3 [ RunTime:0.006685s ]
[ sql ] [ SQL ] SHOW COLUMNS FROM `pro` [ RunTime:0.005798s ]
[ sql ] [ SQL ] SELECT * FROM `pro` WHERE  `pro_id` > 0  AND `state` = 1 ORDER BY pro_id DESC LIMIT 3 [ RunTime:0.007282s ]
[ sql ] [ SQL ] SHOW COLUMNS FROM `pagehits` [ RunTime:0.006906s ]
[ sql ] [ SQL ] UPDATE `pagehits`  SET `hits`=hits+1  WHERE  `id` = 1 [ RunTime:0.007158s ]
[ sql ] [ SQL ] SELECT `hits` FROM `pagehits` WHERE  `id` = 1 LIMIT 1 [ RunTime:0.006639s ]
---------------------------------------------------------------
[ 2020-01-30T11:13:57+08:00 ] 172.17.230.83 46.229.168.140 GET /robots.txt
[ info ] 51mfgs.com/robots.txt [运行时间：0.041206s][吞吐率：24.27req/s] [内存消耗：388.78kb] [文件加载：36]
[ info ] [ LANG ] /data/home/syu4378230001/htdocs/thinkphp/lang/zh-cn.php
[ info ] [ BIND ] 'index/Index'
[ info ] [ ROUTE ] array (
  'type' => 'module',
  'module' => 
  array (
    0 => 'index',
    1 => 'Index',
    2 => 'robots.txt',
  ),
)
[ info ] [ HEADER ] array (
  'accept' => '*/*',
  'accept-encoding' => 'gzip,deflate',
  'connection' => 'close',
  'host' => '51mfgs.com',
  'user-agent' => 'Mozilla/5.0 (compatible; SemrushBot/6~bl; +http://www.semrush.com/bot.html)',
)
[ info ] [ PARAM ] array (
)
[ info ] [ RUN ] app\index\controller\Index->_empty[ /data/home/syu4378230001/htdocs/app/index/controller/Index.php ]
[ info ] [ VIEW ] /data/home/syu4378230001/htdocs/thinkphp/tpl/dispatch_jump.tpl [ array (
  0 => 'code',
  1 => 'msg',
  2 => 'data',
  3 => 'url',
  4 => 'wait',
) ]
[ info ] [ LOG ] INIT File
---------------------------------------------------------------
[ 2020-01-30T11:13:58+08:00 ] 172.17.230.83 46.229.168.144 GET /proshow/id/33
[ info ] 51mfgs.com/proshow/id/33 [运行时间：0.085904s][吞吐率：11.64req/s] [内存消耗：711.70kb] [文件加载：44]
[ info ] [ LANG ] /data/home/syu4378230001/htdocs/thinkphp/lang/zh-cn.php
[ info ] [ BIND ] 'index/Index'
[ info ] [ ROUTE ] array (
  'type' => 'module',
  'module' => 
  array (
    0 => 'index',
    1 => 'Index',
    2 => 'proshow',
  ),
)
[ info ] [ HEADER ] array (
  'accept' => 'text/html, application/rss+xml, application/atom+xml, text/xml, text/rss+xml',
  'accept-encoding' => 'gzip,deflate',
  'connection' => 'close',
  'host' => '51mfgs.com',
  'user-agent' => 'Mozilla/5.0 (compatible; SemrushBot/6~bl; +http://www.semrush.com/bot.html)',
)
[ info ] [ PARAM ] array (
  'id' => '33',
)
[ info ] [ RUN ] app\index\controller\Index->proshow[ /data/home/syu4378230001/htdocs/app/index/controller/Index.php ]
[ info ] [ DB ] INIT mysql
[ info ] [ VIEW ] ./app/index/view/index/proshow.html [ array (
  0 => 'data',
) ]
[ info ] [ LOG ] INIT File
[ sql ] [ DB ] CONNECT:[ UseTime:0.011683s ] mysql:dbname=sdm442994699_db;host=sdm442994699.my3w.com;charset=utf8
[ sql ] [ SQL ] SHOW COLUMNS FROM `pro2` [ RunTime:0.007553s ]
[ sql ] [ SQL ] SELECT * FROM `pro2` WHERE  `pro_id` = 33 LIMIT 1 [ RunTime:0.006317s ]
---------------------------------------------------------------
[ 2020-01-30T11:53:39+08:00 ] 172.17.230.83 207.46.13.41 GET /about.html
[ info ] 51mfgs.com/about.html [运行时间：0.091887s][吞吐率：10.88req/s] [内存消耗：607.36kb] [文件加载：45]
[ info ] [ LANG ] /data/home/syu4378230001/htdocs/thinkphp/lang/zh-cn.php
[ info ] [ BIND ] 'index/Index'
[ info ] [ ROUTE ] array (
  'type' => 'module',
  'module' => 
  array (
    0 => 'index',
    1 => 'Index',
    2 => 'about',
  ),
)
[ info ] [ HEADER ] array (
  'accept' => '*/*',
  'accept-encoding' => 'gzip, deflate',
  'cache-control' => 'no-cache',
  'connection' => 'Keep-Alive',
  'from' => 'bingbot(at)microsoft.com',
  'host' => '51mfgs.com',
  'pragma' => 'no-cache',
  'user-agent' => 'Mozilla/5.0 (compatible; bingbot/2.0; +http://www.bing.com/bingbot.htm)',
)
[ info ] [ PARAM ] array (
)
[ info ] [ RUN ] app\index\controller\Index->about[ /data/home/syu4378230001/htdocs/app/index/controller/Index.php ]
[ info ] [ DB ] INIT mysql
[ info ] [ CACHE ] INIT File
[ info ] [ VIEW ] ./app/index/view/index/about.html [ array (
  0 => 'abouthits',
) ]
[ info ] [ LOG ] INIT File
[ sql ] [ DB ] CONNECT:[ UseTime:0.011369s ] mysql:dbname=sdm442994699_db;host=sdm442994699.my3w.com;charset=utf8
[ sql ] [ SQL ] SHOW COLUMNS FROM `pagehits` [ RunTime:0.006085s ]
[ sql ] [ SQL ] UPDATE `pagehits`  SET `hits`=hits+1  WHERE  `id` = 2 [ RunTime:0.009179s ]
[ sql ] [ SQL ] SELECT `hits` FROM `pagehits` WHERE  `id` = 2 LIMIT 1 [ RunTime:0.007461s ]
---------------------------------------------------------------
[ 2020-01-30T13:03:42+08:00 ] 172.17.230.83 40.77.167.25 GET /
[ info ] 51mfgs.com/ [运行时间：0.182247s][吞吐率：5.49req/s] [内存消耗：814.23kb] [文件加载：49]
[ info ] [ LANG ] /data/home/syu4378230001/htdocs/thinkphp/lang/zh-cn.php
[ info ] [ BIND ] 'index/Index'
[ info ] [ ROUTE ] array (
  'type' => 'module',
  'module' => 
  array (
    0 => 'index',
    1 => 'Index',
    2 => NULL,
  ),
)
[ info ] [ HEADER ] array (
  'accept' => '*/*',
  'accept-encoding' => 'gzip, deflate',
  'cache-control' => 'no-cache',
  'connection' => 'Keep-Alive',
  'from' => 'bingbot(at)microsoft.com',
  'host' => '51mfgs.com',
  'pragma' => 'no-cache',
  'user-agent' => 'Mozilla/5.0 (compatible; bingbot/2.0; +http://www.bing.com/bingbot.htm)',
)
[ info ] [ PARAM ] array (
)
[ info ] [ RUN ] app\index\controller\Index->index[ /data/home/syu4378230001/htdocs/app/index/controller/Index.php ]
[ info ] [ DB ] INIT mysql
[ info ] [ SESSION ] INIT array (
  'id' => '',
  'var_session_id' => '',
  'prefix' => '',
  'type' => '',
  'auto_start' => true,
  'httponly' => true,
  'secure' => false,
)
[ info ] [ CACHE ] INIT File
[ info ] [ VIEW ] ./app/index/view/index/index.html [ array (
  0 => 'indexhits',
  1 => 'userclass',
  2 => 'usersess',
  3 => 'res_newpro',
  4 => 'res_user',
  5 => 'time',
  6 => 'res_jj',
  7 => 'res_jd',
  8 => 'res_yw',
  9 => 'res_sp',
  10 => 'res_sj',
  11 => 'res_cw',
) ]
[ info ] [ LOG ] INIT File
[ sql ] [ DB ] CONNECT:[ UseTime:0.012867s ] mysql:dbname=sdm442994699_db;host=sdm442994699.my3w.com;charset=utf8
[ sql ] [ SQL ] SHOW COLUMNS FROM `pro2` [ RunTime:0.007098s ]
[ sql ] [ SQL ] SELECT * FROM `pro2` WHERE  `pro_type` = 'jj'  AND `state` = 1  AND `pos` = 1 ORDER BY pro_id DESC LIMIT 3 [ RunTime:0.006736s ]
[ sql ] [ SQL ] SELECT * FROM `pro2` WHERE  `pro_type` = 'jd'  AND `state` = 1  AND `pos` = 1 ORDER BY pro_id DESC LIMIT 3 [ RunTime:0.006811s ]
[ sql ] [ SQL ] SELECT * FROM `pro2` WHERE  `pro_type` = 'yw'  AND `state` = 1  AND `pos` = 1 ORDER BY pro_id DESC LIMIT 3 [ RunTime:0.006134s ]
[ sql ] [ SQL ] SELECT * FROM `pro2` WHERE  `pro_type` = 'sp'  AND `state` = 1  AND `pos` = 1 ORDER BY pro_id DESC LIMIT 3 [ RunTime:0.006962s ]
[ sql ] [ SQL ] SELECT * FROM `pro2` WHERE  `pro_type` = 'sj'  AND `state` = 1  AND `pos` = 1 ORDER BY pro_id DESC LIMIT 3 [ RunTime:0.005330s ]
[ sql ] [ SQL ] SELECT * FROM `pro2` WHERE  (  `pro_type` = 'cw'  AND `state` = 1  AND `pos` = 1 ) [ RunTime:0.006536s ]
[ sql ] [ SQL ] SHOW COLUMNS FROM `user` [ RunTime:0.007774s ]
[ sql ] [ SQL ] SELECT * FROM `user` WHERE  `state` = 1 ORDER BY id DESC LIMIT 3 [ RunTime:0.005726s ]
[ sql ] [ SQL ] SHOW COLUMNS FROM `pro` [ RunTime:0.006861s ]
[ sql ] [ SQL ] SELECT * FROM `pro` WHERE  `pro_id` > 0  AND `state` = 1 ORDER BY pro_id DESC LIMIT 3 [ RunTime:0.009030s ]
[ sql ] [ SQL ] SHOW COLUMNS FROM `pagehits` [ RunTime:0.005373s ]
[ sql ] [ SQL ] UPDATE `pagehits`  SET `hits`=hits+1  WHERE  `id` = 1 [ RunTime:0.006194s ]
[ sql ] [ SQL ] SELECT `hits` FROM `pagehits` WHERE  `id` = 1 LIMIT 1 [ RunTime:0.007352s ]
---------------------------------------------------------------
[ 2020-01-30T14:35:37+08:00 ] 172.17.230.83 54.36.148.190 GET /robots.txt
[ info ] www.51mfgs.com/robots.txt [运行时间：0.040188s][吞吐率：24.88req/s] [内存消耗：388.67kb] [文件加载：36]
[ info ] [ LANG ] /data/home/syu4378230001/htdocs/thinkphp/lang/zh-cn.php
[ info ] [ BIND ] 'index/Index'
[ info ] [ ROUTE ] array (
  'type' => 'module',
  'module' => 
  array (
    0 => 'index',
    1 => 'Index',
    2 => 'robots.txt',
  ),
)
[ info ] [ HEADER ] array (
  'accept' => '*/*',
  'accept-encoding' => 'deflate, gzip',
  'host' => 'www.51mfgs.com',
  'user-agent' => 'Mozilla/5.0 (compatible; AhrefsBot/6.1; +http://ahrefs.com/robot/)',
)
[ info ] [ PARAM ] array (
)
[ info ] [ RUN ] app\index\controller\Index->_empty[ /data/home/syu4378230001/htdocs/app/index/controller/Index.php ]
[ info ] [ VIEW ] /data/home/syu4378230001/htdocs/thinkphp/tpl/dispatch_jump.tpl [ array (
  0 => 'code',
  1 => 'msg',
  2 => 'data',
  3 => 'url',
  4 => 'wait',
) ]
[ info ] [ LOG ] INIT File
---------------------------------------------------------------
[ 2020-01-30T16:10:02+08:00 ] 172.17.230.83 220.181.108.157 GET /
[ info ] www.51mfgs.com/ [运行时间：0.183846s][吞吐率：5.44req/s] [内存消耗：813.95kb] [文件加载：49]
[ info ] [ LANG ] /data/home/syu4378230001/htdocs/thinkphp/lang/zh-cn.php
[ info ] [ BIND ] 'index/Index'
[ info ] [ ROUTE ] array (
  'type' => 'module',
  'module' => 
  array (
    0 => 'index',
    1 => 'Index',
    2 => NULL,
  ),
)
[ info ] [ HEADER ] array (
  'accept' => '*/*',
  'accept-language' => 'zh-cn,zh-tw',
  'host' => 'www.51mfgs.com',
  'if-none-match' => '""""@NULL@""""',
  'user-agent' => 'Mozilla/5.0 (compatible; Baiduspider/2.0; +http://www.baidu.com/search/spider.html)',
)
[ info ] [ PARAM ] array (
)
[ info ] [ RUN ] app\index\controller\Index->index[ /data/home/syu4378230001/htdocs/app/index/controller/Index.php ]
[ info ] [ DB ] INIT mysql
[ info ] [ SESSION ] INIT array (
  'id' => '',
  'var_session_id' => '',
  'prefix' => '',
  'type' => '',
  'auto_start' => true,
  'httponly' => true,
  'secure' => false,
)
[ info ] [ CACHE ] INIT File
[ info ] [ VIEW ] ./app/index/view/index/index.html [ array (
  0 => 'indexhits',
  1 => 'userclass',
  2 => 'usersess',
  3 => 'res_newpro',
  4 => 'res_user',
  5 => 'time',
  6 => 'res_jj',
  7 => 'res_jd',
  8 => 'res_yw',
  9 => 'res_sp',
  10 => 'res_sj',
  11 => 'res_cw',
) ]
[ info ] [ LOG ] INIT File
[ sql ] [ DB ] CONNECT:[ UseTime:0.015869s ] mysql:dbname=sdm442994699_db;host=sdm442994699.my3w.com;charset=utf8
[ sql ] [ SQL ] SHOW COLUMNS FROM `pro2` [ RunTime:0.009594s ]
[ sql ] [ SQL ] SELECT * FROM `pro2` WHERE  `pro_type` = 'jj'  AND `state` = 1  AND `pos` = 1 ORDER BY pro_id DESC LIMIT 3 [ RunTime:0.008196s ]
[ sql ] [ SQL ] SELECT * FROM `pro2` WHERE  `pro_type` = 'jd'  AND `state` = 1  AND `pos` = 1 ORDER BY pro_id DESC LIMIT 3 [ RunTime:0.007935s ]
[ sql ] [ SQL ] SELECT * FROM `pro2` WHERE  `pro_type` = 'yw'  AND `state` = 1  AND `pos` = 1 ORDER BY pro_id DESC LIMIT 3 [ RunTime:0.006791s ]
[ sql ] [ SQL ] SELECT * FROM `pro2` WHERE  `pro_type` = 'sp'  AND `state` = 1  AND `pos` = 1 ORDER BY pro_id DESC LIMIT 3 [ RunTime:0.006657s ]
[ sql ] [ SQL ] SELECT * FROM `pro2` WHERE  `pro_type` = 'sj'  AND `state` = 1  AND `pos` = 1 ORDER BY pro_id DESC LIMIT 3 [ RunTime:0.006787s ]
[ sql ] [ SQL ] SELECT * FROM `pro2` WHERE  (  `pro_type` = 'cw'  AND `state` = 1  AND `pos` = 1 ) [ RunTime:0.007468s ]
[ sql ] [ SQL ] SHOW COLUMNS FROM `user` [ RunTime:0.008582s ]
[ sql ] [ SQL ] SELECT * FROM `user` WHERE  `state` = 1 ORDER BY id DESC LIMIT 3 [ RunTime:0.007487s ]
[ sql ] [ SQL ] SHOW COLUMNS FROM `pro` [ RunTime:0.008339s ]
[ sql ] [ SQL ] SELECT * FROM `pro` WHERE  `pro_id` > 0  AND `state` = 1 ORDER BY pro_id DESC LIMIT 3 [ RunTime:0.007259s ]
[ sql ] [ SQL ] SHOW COLUMNS FROM `pagehits` [ RunTime:0.006677s ]
[ sql ] [ SQL ] UPDATE `pagehits`  SET `hits`=hits+1  WHERE  `id` = 1 [ RunTime:0.005578s ]
[ sql ] [ SQL ] SELECT `hits` FROM `pagehits` WHERE  `id` = 1 LIMIT 1 [ RunTime:0.005490s ]
---------------------------------------------------------------
[ 2020-01-30T17:06:26+08:00 ] 172.17.230.83 157.55.39.59 GET /index.html
[ info ] 51mfgs.com/index.html [运行时间：0.184305s][吞吐率：5.43req/s] [内存消耗：816.71kb] [文件加载：49]
[ info ] [ LANG ] /data/home/syu4378230001/htdocs/thinkphp/lang/zh-cn.php
[ info ] [ BIND ] 'index/Index'
[ info ] [ ROUTE ] array (
  'type' => 'module',
  'module' => 
  array (
    0 => 'index',
    1 => 'Index',
    2 => 'index',
  ),
)
[ info ] [ HEADER ] array (
  'accept' => '*/*',
  'accept-encoding' => 'gzip, deflate',
  'cache-control' => 'no-cache',
  'connection' => 'Keep-Alive',
  'host' => '51mfgs.com',
  'pragma' => 'no-cache',
  'user-agent' => 'Mozilla/5.0 (compatible; bingbot/2.0; +http://www.bing.com/bingbot.htm)',
)
[ info ] [ PARAM ] array (
)
[ info ] [ RUN ] app\index\controller\Index->index[ /data/home/syu4378230001/htdocs/app/index/controller/Index.php ]
[ info ] [ DB ] INIT mysql
[ info ] [ SESSION ] INIT array (
  'id' => '',
  'var_session_id' => '',
  'prefix' => '',
  'type' => '',
  'auto_start' => true,
  'httponly' => true,
  'secure' => false,
)
[ info ] [ CACHE ] INIT File
[ info ] [ VIEW ] ./app/index/view/index/index.html [ array (
  0 => 'indexhits',
  1 => 'userclass',
  2 => 'usersess',
  3 => 'res_newpro',
  4 => 'res_user',
  5 => 'time',
  6 => 'res_jj',
  7 => 'res_jd',
  8 => 'res_yw',
  9 => 'res_sp',
  10 => 'res_sj',
  11 => 'res_cw',
) ]
[ info ] [ LOG ] INIT File
[ sql ] [ DB ] CONNECT:[ UseTime:0.012799s ] mysql:dbname=sdm442994699_db;host=sdm442994699.my3w.com;charset=utf8
[ sql ] [ SQL ] SHOW COLUMNS FROM `pro2` [ RunTime:0.009013s ]
[ sql ] [ SQL ] SELECT * FROM `pro2` WHERE  `pro_type` = 'jj'  AND `state` = 1  AND `pos` = 1 ORDER BY pro_id DESC LIMIT 3 [ RunTime:0.007075s ]
[ sql ] [ SQL ] SELECT * FROM `pro2` WHERE  `pro_type` = 'jd'  AND `state` = 1  AND `pos` = 1 ORDER BY pro_id DESC LIMIT 3 [ RunTime:0.008862s ]
[ sql ] [ SQL ] SELECT * FROM `pro2` WHERE  `pro_type` = 'yw'  AND `state` = 1  AND `pos` = 1 ORDER BY pro_id DESC LIMIT 3 [ RunTime:0.010367s ]
[ sql ] [ SQL ] SELECT * FROM `pro2` WHERE  `pro_type` = 'sp'  AND `state` = 1  AND `pos` = 1 ORDER BY pro_id DESC LIMIT 3 [ RunTime:0.007382s ]
[ sql ] [ SQL ] SELECT * FROM `pro2` WHERE  `pro_type` = 'sj'  AND `state` = 1  AND `pos` = 1 ORDER BY pro_id DESC LIMIT 3 [ RunTime:0.006283s ]
[ sql ] [ SQL ] SELECT * FROM `pro2` WHERE  (  `pro_type` = 'cw'  AND `state` = 1  AND `pos` = 1 ) [ RunTime:0.007697s ]
[ sql ] [ SQL ] SHOW COLUMNS FROM `user` [ RunTime:0.006652s ]
[ sql ] [ SQL ] SELECT * FROM `user` WHERE  `state` = 1 ORDER BY id DESC LIMIT 3 [ RunTime:0.007633s ]
[ sql ] [ SQL ] SHOW COLUMNS FROM `pro` [ RunTime:0.008176s ]
[ sql ] [ SQL ] SELECT * FROM `pro` WHERE  `pro_id` > 0  AND `state` = 1 ORDER BY pro_id DESC LIMIT 3 [ RunTime:0.007941s ]
[ sql ] [ SQL ] SHOW COLUMNS FROM `pagehits` [ RunTime:0.006779s ]
[ sql ] [ SQL ] UPDATE `pagehits`  SET `hits`=hits+1  WHERE  `id` = 1 [ RunTime:0.007167s ]
[ sql ] [ SQL ] SELECT `hits` FROM `pagehits` WHERE  `id` = 1 LIMIT 1 [ RunTime:0.006772s ]
---------------------------------------------------------------
[ 2020-01-30T17:07:26+08:00 ] 172.17.230.83 150.95.26.170 GET /wp-login.php
[ info ] 51mfgs.com/wp-login.php [运行时间：0.037949s][吞吐率：26.35req/s] [内存消耗：388.71kb] [文件加载：36]
[ info ] [ LANG ] /data/home/syu4378230001/htdocs/thinkphp/lang/zh-cn.php
[ info ] [ BIND ] 'index/Index'
[ info ] [ ROUTE ] array (
  'type' => 'module',
  'module' => 
  array (
    0 => 'index',
    1 => 'Index',
    2 => 'wp-login.php',
  ),
)
[ info ] [ HEADER ] array (
  'accept-encoding' => 'gzip',
  'connection' => 'close',
  'host' => '51mfgs.com',
  'user-agent' => 'Mozilla/5.0 (X11; Ubuntu; Linux x86_64; rv:62.0) Gecko/20100101 Firefox/62.0',
)
[ info ] [ PARAM ] array (
)
[ info ] [ RUN ] app\index\controller\Index->_empty[ /data/home/syu4378230001/htdocs/app/index/controller/Index.php ]
[ info ] [ VIEW ] /data/home/syu4378230001/htdocs/thinkphp/tpl/dispatch_jump.tpl [ array (
  0 => 'code',
  1 => 'msg',
  2 => 'data',
  3 => 'url',
  4 => 'wait',
) ]
[ info ] [ LOG ] INIT File
---------------------------------------------------------------
[ 2020-01-30T17:14:36+08:00 ] 172.17.230.83 66.249.71.78 GET /about
[ info ] 51mfgs.com/about [运行时间：0.083884s][吞吐率：11.92req/s] [内存消耗：608.08kb] [文件加载：45]
[ info ] [ LANG ] /data/home/syu4378230001/htdocs/thinkphp/lang/zh-cn.php
[ info ] [ BIND ] 'index/Index'
[ info ] [ ROUTE ] array (
  'type' => 'module',
  'module' => 
  array (
    0 => 'index',
    1 => 'Index',
    2 => 'about',
  ),
)
[ info ] [ HEADER ] array (
  'accept' => 'text/html,application/xhtml+xml,application/signed-exchange;v=b3,application/xml;q=0.9,*/*;q=0.8',
  'accept-encoding' => 'gzip,deflate,br',
  'amp-cache-transform' => 'google;v="1..2"',
  'connection' => 'keep-alive',
  'from' => 'googlebot(at)googlebot.com',
  'host' => '51mfgs.com',
  'if-modified-since' => 'Wed, 29 Jan 2020 22:41:06 GMT',
  'user-agent' => 'Mozilla/5.0 (Linux; Android 6.0.1; Nexus 5X Build/MMB29P) AppleWebKit/537.36 (KHTML, like Gecko) Chrome/41.0.2272.96 Mobile Safari/537.36 (compatible; Googlebot/2.1; +http://www.google.com/bot.html)',
)
[ info ] [ PARAM ] array (
)
[ info ] [ RUN ] app\index\controller\Index->about[ /data/home/syu4378230001/htdocs/app/index/controller/Index.php ]
[ info ] [ DB ] INIT mysql
[ info ] [ CACHE ] INIT File
[ info ] [ VIEW ] ./app/index/view/index/about.html [ array (
  0 => 'abouthits',
) ]
[ info ] [ LOG ] INIT File
[ sql ] [ DB ] CONNECT:[ UseTime:0.010761s ] mysql:dbname=sdm442994699_db;host=sdm442994699.my3w.com;charset=utf8
[ sql ] [ SQL ] SHOW COLUMNS FROM `pagehits` [ RunTime:0.005385s ]
[ sql ] [ SQL ] UPDATE `pagehits`  SET `hits`=hits+1  WHERE  `id` = 2 [ RunTime:0.004773s ]
[ sql ] [ SQL ] SELECT `hits` FROM `pagehits` WHERE  `id` = 2 LIMIT 1 [ RunTime:0.004783s ]
---------------------------------------------------------------
[ 2020-01-30T18:11:16+08:00 ] 172.17.230.83 157.55.39.42 GET /banwu/index.php
[ info ] 51mfgs.com/banwu/index.php [运行时间：0.038297s][吞吐率：26.11req/s] [内存消耗：392.95kb] [文件加载：35]
[ info ] [ LANG ] /data/home/syu4378230001/htdocs/thinkphp/lang/zh-cn.php
[ info ] [ BIND ] 'index/Index'
[ info ] [ ROUTE ] array (
  'type' => 'module',
  'module' => 
  array (
    0 => 'index',
    1 => 'Index',
    2 => 'banwu',
  ),
)
[ info ] [ HEADER ] array (
  'accept' => '*/*',
  'accept-encoding' => 'gzip, deflate',
  'cache-control' => 'no-cache',
  'connection' => 'Keep-Alive',
  'from' => 'bingbot(at)microsoft.com',
  'host' => '51mfgs.com',
  'pragma' => 'no-cache',
  'user-agent' => 'Mozilla/5.0 (compatible; bingbot/2.0; +http://www.bing.com/bingbot.htm)',
)
[ info ] [ PARAM ] array (
)
[ info ] [ RUN ] app\index\controller\Index->banwu[ /data/home/syu4378230001/htdocs/app/index/controller/Index.php ]
[ info ] [ VIEW ] ./template/banwu/index.html [ array (
) ]
[ info ] [ LOG ] INIT File
---------------------------------------------------------------
[ 2020-01-30T18:37:43+08:00 ] 172.17.230.83 220.243.136.112 GET /robots.txt
[ info ] www.51mfgs.com/robots.txt [运行时间：0.037093s][吞吐率：26.96req/s] [内存消耗：389.11kb] [文件加载：36]
[ info ] [ LANG ] /data/home/syu4378230001/htdocs/thinkphp/lang/zh-cn.php
[ info ] [ BIND ] 'index/Index'
[ info ] [ ROUTE ] array (
  'type' => 'module',
  'module' => 
  array (
    0 => 'index',
    1 => 'Index',
    2 => 'robots.txt',
  ),
)
[ info ] [ HEADER ] array (
  'accept-encoding' => 'gzip',
  'connection' => 'close',
  'host' => 'www.51mfgs.com',
  'user-agent' => 'Mozilla/5.0 (Linux; Android 6.0; Nexus 5 Build/MRA58N) AppleWebKit/537.36 (KHTML, like Gecko) Chrome/55.0.1218.1686 Mobile Safari/537.36',
)
[ info ] [ PARAM ] array (
)
[ info ] [ RUN ] app\index\controller\Index->_empty[ /data/home/syu4378230001/htdocs/app/index/controller/Index.php ]
[ info ] [ VIEW ] /data/home/syu4378230001/htdocs/thinkphp/tpl/dispatch_jump.tpl [ array (
  0 => 'code',
  1 => 'msg',
  2 => 'data',
  3 => 'url',
  4 => 'wait',
) ]
[ info ] [ LOG ] INIT File
---------------------------------------------------------------
[ 2020-01-30T18:48:16+08:00 ] 172.17.230.83 39.98.124.123 GET /js/common.js
[ info ] 51mfgs.com/js/common.js [运行时间：0.047160s][吞吐率：21.20req/s] [内存消耗：389.33kb] [文件加载：36]
[ info ] [ LANG ] /data/home/syu4378230001/htdocs/thinkphp/lang/zh-cn.php
[ info ] [ BIND ] 'index/Index'
[ info ] [ ROUTE ] array (
  'type' => 'module',
  'module' => 
  array (
    0 => 'index',
    1 => 'Index',
    2 => 'js',
  ),
)
[ info ] [ HEADER ] array (
  'content-type' => 'application/x-www-form-urlencoded',
  'accept' => '*/*',
  'accept-language' => 'zh-CN',
  'connection' => 'Keep-Alive',
  'host' => '51mfgs.com',
  'referer' => 'http://51mfgs.com/js/common.js',
  'user-agent' => 'Mozilla/5.0 (compatible; MSIE 9.0; Windows NT 6.1; Win64; x64; Trident/5.0)',
)
[ info ] [ PARAM ] array (
)
[ info ] [ RUN ] app\index\controller\Index->_empty[ /data/home/syu4378230001/htdocs/app/index/controller/Index.php ]
[ info ] [ VIEW ] /data/home/syu4378230001/htdocs/thinkphp/tpl/dispatch_jump.tpl [ array (
  0 => 'code',
  1 => 'msg',
  2 => 'data',
  3 => 'url',
  4 => 'wait',
) ]
[ info ] [ LOG ] INIT File
---------------------------------------------------------------
[ 2020-01-30T18:55:04+08:00 ] 172.17.230.83 66.249.71.73 GET /jd.html
[ info ] 51mfgs.com/jd.html [运行时间：0.084531s][吞吐率：11.83req/s] [内存消耗：624.64kb] [文件加载：45]
[ info ] [ LANG ] /data/home/syu4378230001/htdocs/thinkphp/lang/zh-cn.php
[ info ] [ BIND ] 'index/Index'
[ info ] [ ROUTE ] array (
  'type' => 'module',
  'module' => 
  array (
    0 => 'index',
    1 => 'Index',
    2 => 'jd',
  ),
)
[ info ] [ HEADER ] array (
  'accept' => 'text/html,application/xhtml+xml,application/signed-exchange;v=b3,application/xml;q=0.9,*/*;q=0.8',
  'accept-encoding' => 'gzip,deflate,br',
  'amp-cache-transform' => 'google;v="1..2"',
  'connection' => 'keep-alive',
  'from' => 'googlebot(at)googlebot.com',
  'host' => '51mfgs.com',
  'if-modified-since' => 'Thu, 30 Jan 2020 00:01:10 GMT',
  'user-agent' => 'Mozilla/5.0 (Linux; Android 6.0.1; Nexus 5X Build/MMB29P) AppleWebKit/537.36 (KHTML, like Gecko) Chrome/41.0.2272.96 Mobile Safari/537.36 (compatible; Googlebot/2.1; +http://www.google.com/bot.html)',
)
[ info ] [ PARAM ] array (
)
[ info ] [ RUN ] app\index\controller\Index->jd[ /data/home/syu4378230001/htdocs/app/index/controller/Index.php ]
[ info ] [ DB ] INIT mysql
[ info ] [ VIEW ] ./app/index/view/index/jd.html [ array (
  0 => 'list',
  1 => 'total',
) ]
[ info ] [ LOG ] INIT File
[ sql ] [ DB ] CONNECT:[ UseTime:0.010245s ] mysql:dbname=sdm442994699_db;host=sdm442994699.my3w.com;charset=utf8
[ sql ] [ SQL ] SHOW COLUMNS FROM `pro2` [ RunTime:0.005237s ]
[ sql ] [ SQL ] SELECT COUNT(*) AS tp_count FROM `pro2` WHERE  `pro_type` = 'jd'  AND `state` = 1 LIMIT 1 [ RunTime:0.004472s ]
[ sql ] [ SQL ] SELECT * FROM `pro2` WHERE  `pro_type` = 'jd'  AND `state` = 1 ORDER BY pubtime DESC LIMIT 0,100 [ RunTime:0.004928s ]
[ sql ] [ SQL ] SELECT COUNT(*) AS tp_count FROM `pro2` WHERE  `pro_type` = 'jd'  AND `state` = 1 LIMIT 1 [ RunTime:0.004086s ]
---------------------------------------------------------------
[ 2020-01-30T19:38:38+08:00 ] 172.17.230.83 198.27.85.233 GET /
[ info ] 51mfgs.com/ [运行时间：0.131460s][吞吐率：7.61req/s] [内存消耗：813.70kb] [文件加载：49]
[ info ] [ LANG ] /data/home/syu4378230001/htdocs/thinkphp/lang/zh-cn.php
[ info ] [ BIND ] 'index/Index'
[ info ] [ ROUTE ] array (
  'type' => 'module',
  'module' => 
  array (
    0 => 'index',
    1 => 'Index',
    2 => NULL,
  ),
)
[ info ] [ HEADER ] array (
  'accept' => '*/*',
  'host' => '51mfgs.com',
  'user-agent' => 'Mozilla/5.0 (Macintosh; Intel Mac OS X 10.5; rv:15.0) Gecko/20100101 Firefox/15.0.1',
)
[ info ] [ PARAM ] array (
)
[ info ] [ RUN ] app\index\controller\Index->index[ /data/home/syu4378230001/htdocs/app/index/controller/Index.php ]
[ info ] [ DB ] INIT mysql
[ info ] [ SESSION ] INIT array (
  'id' => '',
  'var_session_id' => '',
  'prefix' => '',
  'type' => '',
  'auto_start' => true,
  'httponly' => true,
  'secure' => false,
)
[ info ] [ CACHE ] INIT File
[ info ] [ VIEW ] ./app/index/view/index/index.html [ array (
  0 => 'indexhits',
  1 => 'userclass',
  2 => 'usersess',
  3 => 'res_newpro',
  4 => 'res_user',
  5 => 'time',
  6 => 'res_jj',
  7 => 'res_jd',
  8 => 'res_yw',
  9 => 'res_sp',
  10 => 'res_sj',
  11 => 'res_cw',
) ]
[ info ] [ LOG ] INIT File
[ sql ] [ DB ] CONNECT:[ UseTime:0.008232s ] mysql:dbname=sdm442994699_db;host=sdm442994699.my3w.com;charset=utf8
[ sql ] [ SQL ] SHOW COLUMNS FROM `pro2` [ RunTime:0.004921s ]
[ sql ] [ SQL ] SELECT * FROM `pro2` WHERE  `pro_type` = 'jj'  AND `state` = 1  AND `pos` = 1 ORDER BY pro_id DESC LIMIT 3 [ RunTime:0.004300s ]
[ sql ] [ SQL ] SELECT * FROM `pro2` WHERE  `pro_type` = 'jd'  AND `state` = 1  AND `pos` = 1 ORDER BY pro_id DESC LIMIT 3 [ RunTime:0.005152s ]
[ sql ] [ SQL ] SELECT * FROM `pro2` WHERE  `pro_type` = 'yw'  AND `state` = 1  AND `pos` = 1 ORDER BY pro_id DESC LIMIT 3 [ RunTime:0.003844s ]
[ sql ] [ SQL ] SELECT * FROM `pro2` WHERE  `pro_type` = 'sp'  AND `state` = 1  AND `pos` = 1 ORDER BY pro_id DESC LIMIT 3 [ RunTime:0.004251s ]
[ sql ] [ SQL ] SELECT * FROM `pro2` WHERE  `pro_type` = 'sj'  AND `state` = 1  AND `pos` = 1 ORDER BY pro_id DESC LIMIT 3 [ RunTime:0.003898s ]
[ sql ] [ SQL ] SELECT * FROM `pro2` WHERE  (  `pro_type` = 'cw'  AND `state` = 1  AND `pos` = 1 ) [ RunTime:0.004349s ]
[ sql ] [ SQL ] SHOW COLUMNS FROM `user` [ RunTime:0.005101s ]
[ sql ] [ SQL ] SELECT * FROM `user` WHERE  `state` = 1 ORDER BY id DESC LIMIT 3 [ RunTime:0.003777s ]
[ sql ] [ SQL ] SHOW COLUMNS FROM `pro` [ RunTime:0.005530s ]
[ sql ] [ SQL ] SELECT * FROM `pro` WHERE  `pro_id` > 0  AND `state` = 1 ORDER BY pro_id DESC LIMIT 3 [ RunTime:0.003808s ]
[ sql ] [ SQL ] SHOW COLUMNS FROM `pagehits` [ RunTime:0.004245s ]
[ sql ] [ SQL ] UPDATE `pagehits`  SET `hits`=hits+1  WHERE  `id` = 1 [ RunTime:0.003233s ]
[ sql ] [ SQL ] SELECT `hits` FROM `pagehits` WHERE  `id` = 1 LIMIT 1 [ RunTime:0.003245s ]
---------------------------------------------------------------
[ 2020-01-30T19:45:10+08:00 ] 172.17.230.83 157.55.39.233 GET /qqlogin.html
[ info ] 51mfgs.com/qqlogin.html [运行时间：0.038256s][吞吐率：26.14req/s] [内存消耗：391.28kb] [文件加载：38]
[ info ] [ LANG ] /data/home/syu4378230001/htdocs/thinkphp/lang/zh-cn.php
[ info ] [ BIND ] 'index/Index'
[ info ] [ ROUTE ] array (
  'type' => 'module',
  'module' => 
  array (
    0 => 'index',
    1 => 'Index',
    2 => 'qqlogin',
  ),
)
[ info ] [ HEADER ] array (
  'accept' => '*/*',
  'accept-encoding' => 'gzip, deflate',
  'cache-control' => 'no-cache',
  'connection' => 'Keep-Alive',
  'from' => 'bingbot(at)microsoft.com',
  'host' => '51mfgs.com',
  'pragma' => 'no-cache',
  'user-agent' => 'Mozilla/5.0 (compatible; bingbot/2.0; +http://www.bing.com/bingbot.htm)',
)
[ info ] [ PARAM ] array (
)
[ info ] [ RUN ] app\index\controller\Index->qqlogin[ /data/home/syu4378230001/htdocs/app/index/controller/Index.php ]
[ info ] [ LOG ] INIT File
---------------------------------------------------------------
[ 2020-01-30T19:51:39+08:00 ] 172.17.230.83 167.71.81.33 GET /
[ info ] www.51mfgs.com/ [运行时间：0.137692s][吞吐率：7.26req/s] [内存消耗：814.31kb] [文件加载：49]
[ info ] [ LANG ] /data/home/syu4378230001/htdocs/thinkphp/lang/zh-cn.php
[ info ] [ BIND ] 'index/Index'
[ info ] [ ROUTE ] array (
  'type' => 'module',
  'module' => 
  array (
    0 => 'index',
    1 => 'Index',
    2 => NULL,
  ),
)
[ info ] [ HEADER ] array (
  'accept' => 'text/xml,application/xml,application/xhtml+xml,text/html;q=0.9,text/plain;q=0.8,image/png,*/*;q=0.5',
  'accept-charset' => 'ISO-8859-1,utf-8;q=0.7,*;q=0.7',
  'accept-encoding' => 'identity',
  'accept-language' => 'en-gb,en;q=0.5',
  'connection' => 'close',
  'host' => 'www.51mfgs.com',
  'user-agent' => 'Mozilla/5.0 (compatible; NetcraftSurveyAgent/1.0; +info@netcraft.com)',
)
[ info ] [ PARAM ] array (
)
[ info ] [ RUN ] app\index\controller\Index->index[ /data/home/syu4378230001/htdocs/app/index/controller/Index.php ]
[ info ] [ DB ] INIT mysql
[ info ] [ SESSION ] INIT array (
  'id' => '',
  'var_session_id' => '',
  'prefix' => '',
  'type' => '',
  'auto_start' => true,
  'httponly' => true,
  'secure' => false,
)
[ info ] [ CACHE ] INIT File
[ info ] [ VIEW ] ./app/index/view/index/index.html [ array (
  0 => 'indexhits',
  1 => 'userclass',
  2 => 'usersess',
  3 => 'res_newpro',
  4 => 'res_user',
  5 => 'time',
  6 => 'res_jj',
  7 => 'res_jd',
  8 => 'res_yw',
  9 => 'res_sp',
  10 => 'res_sj',
  11 => 'res_cw',
) ]
[ info ] [ LOG ] INIT File
[ sql ] [ DB ] CONNECT:[ UseTime:0.010134s ] mysql:dbname=sdm442994699_db;host=sdm442994699.my3w.com;charset=utf8
[ sql ] [ SQL ] SHOW COLUMNS FROM `pro2` [ RunTime:0.006215s ]
[ sql ] [ SQL ] SELECT * FROM `pro2` WHERE  `pro_type` = 'jj'  AND `state` = 1  AND `pos` = 1 ORDER BY pro_id DESC LIMIT 3 [ RunTime:0.005434s ]
[ sql ] [ SQL ] SELECT * FROM `pro2` WHERE  `pro_type` = 'jd'  AND `state` = 1  AND `pos` = 1 ORDER BY pro_id DESC LIMIT 3 [ RunTime:0.005013s ]
[ sql ] [ SQL ] SELECT * FROM `pro2` WHERE  `pro_type` = 'yw'  AND `state` = 1  AND `pos` = 1 ORDER BY pro_id DESC LIMIT 3 [ RunTime:0.005076s ]
[ sql ] [ SQL ] SELECT * FROM `pro2` WHERE  `pro_type` = 'sp'  AND `state` = 1  AND `pos` = 1 ORDER BY pro_id DESC LIMIT 3 [ RunTime:0.004168s ]
[ sql ] [ SQL ] SELECT * FROM `pro2` WHERE  `pro_type` = 'sj'  AND `state` = 1  AND `pos` = 1 ORDER BY pro_id DESC LIMIT 3 [ RunTime:0.004564s ]
[ sql ] [ SQL ] SELECT * FROM `pro2` WHERE  (  `pro_type` = 'cw'  AND `state` = 1  AND `pos` = 1 ) [ RunTime:0.004145s ]
[ sql ] [ SQL ] SHOW COLUMNS FROM `user` [ RunTime:0.004737s ]
[ sql ] [ SQL ] SELECT * FROM `user` WHERE  `state` = 1 ORDER BY id DESC LIMIT 3 [ RunTime:0.004212s ]
[ sql ] [ SQL ] SHOW COLUMNS FROM `pro` [ RunTime:0.005406s ]
[ sql ] [ SQL ] SELECT * FROM `pro` WHERE  `pro_id` > 0  AND `state` = 1 ORDER BY pro_id DESC LIMIT 3 [ RunTime:0.004407s ]
[ sql ] [ SQL ] SHOW COLUMNS FROM `pagehits` [ RunTime:0.004383s ]
[ sql ] [ SQL ] UPDATE `pagehits`  SET `hits`=hits+1  WHERE  `id` = 1 [ RunTime:0.004024s ]
[ sql ] [ SQL ] SELECT `hits` FROM `pagehits` WHERE  `id` = 1 LIMIT 1 [ RunTime:0.003922s ]
---------------------------------------------------------------
[ 2020-01-30T21:37:05+08:00 ] 172.17.230.83 157.55.39.233 GET /
[ info ] 51mfgs.com/ [运行时间：0.155518s][吞吐率：6.43req/s] [内存消耗：814.23kb] [文件加载：49]
[ info ] [ LANG ] /data/home/syu4378230001/htdocs/thinkphp/lang/zh-cn.php
[ info ] [ BIND ] 'index/Index'
[ info ] [ ROUTE ] array (
  'type' => 'module',
  'module' => 
  array (
    0 => 'index',
    1 => 'Index',
    2 => NULL,
  ),
)
[ info ] [ HEADER ] array (
  'accept' => '*/*',
  'accept-encoding' => 'gzip, deflate',
  'cache-control' => 'no-cache',
  'connection' => 'Keep-Alive',
  'from' => 'bingbot(at)microsoft.com',
  'host' => '51mfgs.com',
  'pragma' => 'no-cache',
  'user-agent' => 'Mozilla/5.0 (compatible; bingbot/2.0; +http://www.bing.com/bingbot.htm)',
)
[ info ] [ PARAM ] array (
)
[ info ] [ RUN ] app\index\controller\Index->index[ /data/home/syu4378230001/htdocs/app/index/controller/Index.php ]
[ info ] [ DB ] INIT mysql
[ info ] [ SESSION ] INIT array (
  'id' => '',
  'var_session_id' => '',
  'prefix' => '',
  'type' => '',
  'auto_start' => true,
  'httponly' => true,
  'secure' => false,
)
[ info ] [ CACHE ] INIT File
[ info ] [ VIEW ] ./app/index/view/index/index.html [ array (
  0 => 'indexhits',
  1 => 'userclass',
  2 => 'usersess',
  3 => 'res_newpro',
  4 => 'res_user',
  5 => 'time',
  6 => 'res_jj',
  7 => 'res_jd',
  8 => 'res_yw',
  9 => 'res_sp',
  10 => 'res_sj',
  11 => 'res_cw',
) ]
[ info ] [ LOG ] INIT File
[ sql ] [ DB ] CONNECT:[ UseTime:0.009536s ] mysql:dbname=sdm442994699_db;host=sdm442994699.my3w.com;charset=utf8
[ sql ] [ SQL ] SHOW COLUMNS FROM `pro2` [ RunTime:0.005245s ]
[ sql ] [ SQL ] SELECT * FROM `pro2` WHERE  `pro_type` = 'jj'  AND `state` = 1  AND `pos` = 1 ORDER BY pro_id DESC LIMIT 3 [ RunTime:0.004299s ]
[ sql ] [ SQL ] SELECT * FROM `pro2` WHERE  `pro_type` = 'jd'  AND `state` = 1  AND `pos` = 1 ORDER BY pro_id DESC LIMIT 3 [ RunTime:0.004616s ]
[ sql ] [ SQL ] SELECT * FROM `pro2` WHERE  `pro_type` = 'yw'  AND `state` = 1  AND `pos` = 1 ORDER BY pro_id DESC LIMIT 3 [ RunTime:0.005336s ]
[ sql ] [ SQL ] SELECT * FROM `pro2` WHERE  `pro_type` = 'sp'  AND `state` = 1  AND `pos` = 1 ORDER BY pro_id DESC LIMIT 3 [ RunTime:0.004643s ]
[ sql ] [ SQL ] SELECT * FROM `pro2` WHERE  `pro_type` = 'sj'  AND `state` = 1  AND `pos` = 1 ORDER BY pro_id DESC LIMIT 3 [ RunTime:0.005088s ]
[ sql ] [ SQL ] SELECT * FROM `pro2` WHERE  (  `pro_type` = 'cw'  AND `state` = 1  AND `pos` = 1 ) [ RunTime:0.004003s ]
[ sql ] [ SQL ] SHOW COLUMNS FROM `user` [ RunTime:0.005347s ]
[ sql ] [ SQL ] SELECT * FROM `user` WHERE  `state` = 1 ORDER BY id DESC LIMIT 3 [ RunTime:0.005685s ]
[ sql ] [ SQL ] SHOW COLUMNS FROM `pro` [ RunTime:0.004711s ]
[ sql ] [ SQL ] SELECT * FROM `pro` WHERE  `pro_id` > 0  AND `state` = 1 ORDER BY pro_id DESC LIMIT 3 [ RunTime:0.004882s ]
[ sql ] [ SQL ] SHOW COLUMNS FROM `pagehits` [ RunTime:0.005297s ]
[ sql ] [ SQL ] UPDATE `pagehits`  SET `hits`=hits+1  WHERE  `id` = 1 [ RunTime:0.005330s ]
[ sql ] [ SQL ] SELECT `hits` FROM `pagehits` WHERE  `id` = 1 LIMIT 1 [ RunTime:0.005487s ]
---------------------------------------------------------------
[ 2020-01-30T22:22:25+08:00 ] 172.17.230.83 46.229.168.137 GET /robots.txt
[ info ] 51mfgs.com/robots.txt [运行时间：0.040372s][吞吐率：24.77req/s] [内存消耗：388.78kb] [文件加载：36]
[ info ] [ LANG ] /data/home/syu4378230001/htdocs/thinkphp/lang/zh-cn.php
[ info ] [ BIND ] 'index/Index'
[ info ] [ ROUTE ] array (
  'type' => 'module',
  'module' => 
  array (
    0 => 'index',
    1 => 'Index',
    2 => 'robots.txt',
  ),
)
[ info ] [ HEADER ] array (
  'accept' => '*/*',
  'accept-encoding' => 'gzip,deflate',
  'connection' => 'close',
  'host' => '51mfgs.com',
  'user-agent' => 'Mozilla/5.0 (compatible; SemrushBot/6~bl; +http://www.semrush.com/bot.html)',
)
[ info ] [ PARAM ] array (
)
[ info ] [ RUN ] app\index\controller\Index->_empty[ /data/home/syu4378230001/htdocs/app/index/controller/Index.php ]
[ info ] [ VIEW ] /data/home/syu4378230001/htdocs/thinkphp/tpl/dispatch_jump.tpl [ array (
  0 => 'code',
  1 => 'msg',
  2 => 'data',
  3 => 'url',
  4 => 'wait',
) ]
[ info ] [ LOG ] INIT File
---------------------------------------------------------------
[ 2020-01-30T22:22:29+08:00 ] 172.17.230.83 46.229.168.139 GET /proshow/id/21
[ info ] 51mfgs.com/proshow/id/21 [运行时间：0.071059s][吞吐率：14.07req/s] [内存消耗：711.58kb] [文件加载：44]
[ info ] [ LANG ] /data/home/syu4378230001/htdocs/thinkphp/lang/zh-cn.php
[ info ] [ BIND ] 'index/Index'
[ info ] [ ROUTE ] array (
  'type' => 'module',
  'module' => 
  array (
    0 => 'index',
    1 => 'Index',
    2 => 'proshow',
  ),
)
[ info ] [ HEADER ] array (
  'accept' => 'text/html, application/rss+xml, application/atom+xml, text/xml, text/rss+xml',
  'accept-encoding' => 'gzip,deflate',
  'connection' => 'close',
  'host' => '51mfgs.com',
  'user-agent' => 'Mozilla/5.0 (compatible; SemrushBot/6~bl; +http://www.semrush.com/bot.html)',
)
[ info ] [ PARAM ] array (
  'id' => '21',
)
[ info ] [ RUN ] app\index\controller\Index->proshow[ /data/home/syu4378230001/htdocs/app/index/controller/Index.php ]
[ info ] [ DB ] INIT mysql
[ info ] [ VIEW ] ./app/index/view/index/proshow.html [ array (
  0 => 'data',
) ]
[ info ] [ LOG ] INIT File
[ sql ] [ DB ] CONNECT:[ UseTime:0.007224s ] mysql:dbname=sdm442994699_db;host=sdm442994699.my3w.com;charset=utf8
[ sql ] [ SQL ] SHOW COLUMNS FROM `pro2` [ RunTime:0.004751s ]
[ sql ] [ SQL ] SELECT * FROM `pro2` WHERE  `pro_id` = 21 LIMIT 1 [ RunTime:0.004143s ]
---------------------------------------------------------------
[ 2020-01-30T23:00:30+08:00 ] 172.17.230.83 173.236.152.114 GET /wp-login.php
[ info ] 51mfgs.com/wp-login.php [运行时间：0.039924s][吞吐率：25.05req/s] [内存消耗：388.71kb] [文件加载：36]
[ info ] [ LANG ] /data/home/syu4378230001/htdocs/thinkphp/lang/zh-cn.php
[ info ] [ BIND ] 'index/Index'
[ info ] [ ROUTE ] array (
  'type' => 'module',
  'module' => 
  array (
    0 => 'index',
    1 => 'Index',
    2 => 'wp-login.php',
  ),
)
[ info ] [ HEADER ] array (
  'accept-encoding' => 'gzip',
  'connection' => 'close',
  'host' => '51mfgs.com',
  'user-agent' => 'Mozilla/5.0 (X11; Ubuntu; Linux x86_64; rv:62.0) Gecko/20100101 Firefox/62.0',
)
[ info ] [ PARAM ] array (
)
[ info ] [ RUN ] app\index\controller\Index->_empty[ /data/home/syu4378230001/htdocs/app/index/controller/Index.php ]
[ info ] [ VIEW ] /data/home/syu4378230001/htdocs/thinkphp/tpl/dispatch_jump.tpl [ array (
  0 => 'code',
  1 => 'msg',
  2 => 'data',
  3 => 'url',
  4 => 'wait',
) ]
[ info ] [ LOG ] INIT File
