---------------------------------------------------------------
[ 2019-09-10T00:12:13+08:00 ] 172.17.230.83 220.181.108.170 GET /
[ info ] www.51mfgs.com/ [运行时间：0.123698s][吞吐率：8.08req/s] [内存消耗：813.94kb] [文件加载：49]
[ info ] [ LANG ] /data/home/syu4378230001/htdocs/thinkphp/lang/zh-cn.php
[ info ] [ BIND ] 'index/Index'
[ info ] [ ROUTE ] array (
  'type' => 'module',
  'module' => 
  array (
    0 => 'index',
    1 => 'Index',
    2 => NULL,
  ),
)
[ info ] [ HEADER ] array (
  'accept' => '*/*',
  'accept-language' => 'zh-cn,zh-tw',
  'host' => 'www.51mfgs.com',
  'if-none-match' => '""""@NULL@""""',
  'user-agent' => 'Mozilla/5.0 (compatible; Baiduspider/2.0; +http://www.baidu.com/search/spider.html)',
)
[ info ] [ PARAM ] array (
)
[ info ] [ RUN ] app\index\controller\Index->index[ /data/home/syu4378230001/htdocs/app/index/controller/Index.php ]
[ info ] [ DB ] INIT mysql
[ info ] [ SESSION ] INIT array (
  'id' => '',
  'var_session_id' => '',
  'prefix' => '',
  'type' => '',
  'auto_start' => true,
  'httponly' => true,
  'secure' => false,
)
[ info ] [ CACHE ] INIT File
[ info ] [ VIEW ] ./app/index/view/index/index.html [ array (
  0 => 'indexhits',
  1 => 'userclass',
  2 => 'usersess',
  3 => 'res_newpro',
  4 => 'res_user',
  5 => 'time',
  6 => 'res_jj',
  7 => 'res_jd',
  8 => 'res_yw',
  9 => 'res_sp',
  10 => 'res_sj',
  11 => 'res_cw',
) ]
[ info ] [ LOG ] INIT File
[ sql ] [ DB ] CONNECT:[ UseTime:0.005336s ] mysql:dbname=sdm442994699_db;host=sdm442994699.my3w.com;charset=utf8
[ sql ] [ SQL ] SHOW COLUMNS FROM `pro2` [ RunTime:0.003257s ]
[ sql ] [ SQL ] SELECT * FROM `pro2` WHERE  `pro_type` = 'jj'  AND `state` = 1  AND `pos` = 1 ORDER BY pro_id DESC LIMIT 3 [ RunTime:0.007157s ]
[ sql ] [ SQL ] SELECT * FROM `pro2` WHERE  `pro_type` = 'jd'  AND `state` = 1  AND `pos` = 1 ORDER BY pro_id DESC LIMIT 3 [ RunTime:0.002945s ]
[ sql ] [ SQL ] SELECT * FROM `pro2` WHERE  `pro_type` = 'yw'  AND `state` = 1  AND `pos` = 1 ORDER BY pro_id DESC LIMIT 3 [ RunTime:0.002998s ]
[ sql ] [ SQL ] SELECT * FROM `pro2` WHERE  `pro_type` = 'sp'  AND `state` = 1  AND `pos` = 1 ORDER BY pro_id DESC LIMIT 3 [ RunTime:0.002989s ]
[ sql ] [ SQL ] SELECT * FROM `pro2` WHERE  `pro_type` = 'sj'  AND `state` = 1  AND `pos` = 1 ORDER BY pro_id DESC LIMIT 3 [ RunTime:0.003440s ]
[ sql ] [ SQL ] SELECT * FROM `pro2` WHERE  (  `pro_type` = 'cw'  AND `state` = 1  AND `pos` = 1 ) [ RunTime:0.003443s ]
[ sql ] [ SQL ] SHOW COLUMNS FROM `user` [ RunTime:0.003293s ]
[ sql ] [ SQL ] SELECT * FROM `user` WHERE  `state` = 1 ORDER BY id DESC LIMIT 3 [ RunTime:0.004033s ]
[ sql ] [ SQL ] SHOW COLUMNS FROM `pro` [ RunTime:0.004059s ]
[ sql ] [ SQL ] SELECT * FROM `pro` WHERE  `pro_id` > 0  AND `state` = 1 ORDER BY pro_id DESC LIMIT 3 [ RunTime:0.003319s ]
[ sql ] [ SQL ] SHOW COLUMNS FROM `pagehits` [ RunTime:0.003706s ]
[ sql ] [ SQL ] UPDATE `pagehits`  SET `hits`=hits+1  WHERE  `id` = 1 [ RunTime:0.002697s ]
[ sql ] [ SQL ] SELECT `hits` FROM `pagehits` WHERE  `id` = 1 LIMIT 1 [ RunTime:0.003214s ]
---------------------------------------------------------------
[ 2019-09-10T00:13:46+08:00 ] 172.17.230.83 60.191.38.77 GET /
[ info ] 51mfgs.com/ [运行时间：0.125726s][吞吐率：7.95req/s] [内存消耗：813.80kb] [文件加载：49]
[ info ] [ LANG ] /data/home/syu4378230001/htdocs/thinkphp/lang/zh-cn.php
[ info ] [ BIND ] 'index/Index'
[ info ] [ ROUTE ] array (
  'type' => 'module',
  'module' => 
  array (
    0 => 'index',
    1 => 'Index',
    2 => NULL,
  ),
)
[ info ] [ HEADER ] array (
  'accept' => '*/*',
  'connection' => 'keep-alive',
  'host' => '51mfgs.com',
  'user-agent' => 'Mozilla/5.0 (Macintosh; Intel Mac OS X 10.11; rv:47.0) Gecko/20100101 Firefox/47.0',
)
[ info ] [ PARAM ] array (
)
[ info ] [ RUN ] app\index\controller\Index->index[ /data/home/syu4378230001/htdocs/app/index/controller/Index.php ]
[ info ] [ DB ] INIT mysql
[ info ] [ SESSION ] INIT array (
  'id' => '',
  'var_session_id' => '',
  'prefix' => '',
  'type' => '',
  'auto_start' => true,
  'httponly' => true,
  'secure' => false,
)
[ info ] [ CACHE ] INIT File
[ info ] [ VIEW ] ./app/index/view/index/index.html [ array (
  0 => 'indexhits',
  1 => 'userclass',
  2 => 'usersess',
  3 => 'res_newpro',
  4 => 'res_user',
  5 => 'time',
  6 => 'res_jj',
  7 => 'res_jd',
  8 => 'res_yw',
  9 => 'res_sp',
  10 => 'res_sj',
  11 => 'res_cw',
) ]
[ info ] [ LOG ] INIT File
[ sql ] [ DB ] CONNECT:[ UseTime:0.008915s ] mysql:dbname=sdm442994699_db;host=sdm442994699.my3w.com;charset=utf8
[ sql ] [ SQL ] SHOW COLUMNS FROM `pro2` [ RunTime:0.004653s ]
[ sql ] [ SQL ] SELECT * FROM `pro2` WHERE  `pro_type` = 'jj'  AND `state` = 1  AND `pos` = 1 ORDER BY pro_id DESC LIMIT 3 [ RunTime:0.003540s ]
[ sql ] [ SQL ] SELECT * FROM `pro2` WHERE  `pro_type` = 'jd'  AND `state` = 1  AND `pos` = 1 ORDER BY pro_id DESC LIMIT 3 [ RunTime:0.003451s ]
[ sql ] [ SQL ] SELECT * FROM `pro2` WHERE  `pro_type` = 'yw'  AND `state` = 1  AND `pos` = 1 ORDER BY pro_id DESC LIMIT 3 [ RunTime:0.003429s ]
[ sql ] [ SQL ] SELECT * FROM `pro2` WHERE  `pro_type` = 'sp'  AND `state` = 1  AND `pos` = 1 ORDER BY pro_id DESC LIMIT 3 [ RunTime:0.003452s ]
[ sql ] [ SQL ] SELECT * FROM `pro2` WHERE  `pro_type` = 'sj'  AND `state` = 1  AND `pos` = 1 ORDER BY pro_id DESC LIMIT 3 [ RunTime:0.003495s ]
[ sql ] [ SQL ] SELECT * FROM `pro2` WHERE  (  `pro_type` = 'cw'  AND `state` = 1  AND `pos` = 1 ) [ RunTime:0.004646s ]
[ sql ] [ SQL ] SHOW COLUMNS FROM `user` [ RunTime:0.004442s ]
[ sql ] [ SQL ] SELECT * FROM `user` WHERE  `state` = 1 ORDER BY id DESC LIMIT 3 [ RunTime:0.003403s ]
[ sql ] [ SQL ] SHOW COLUMNS FROM `pro` [ RunTime:0.004083s ]
[ sql ] [ SQL ] SELECT * FROM `pro` WHERE  `pro_id` > 0  AND `state` = 1 ORDER BY pro_id DESC LIMIT 3 [ RunTime:0.003416s ]
[ sql ] [ SQL ] SHOW COLUMNS FROM `pagehits` [ RunTime:0.003642s ]
[ sql ] [ SQL ] UPDATE `pagehits`  SET `hits`=hits+1  WHERE  `id` = 1 [ RunTime:0.003485s ]
[ sql ] [ SQL ] SELECT `hits` FROM `pagehits` WHERE  `id` = 1 LIMIT 1 [ RunTime:0.003627s ]
---------------------------------------------------------------
[ 2019-09-10T02:21:52+08:00 ] 172.17.230.83 46.229.168.143 GET /robots.txt
[ info ] 51mfgs.com/robots.txt [运行时间：0.039685s][吞吐率：25.20req/s] [内存消耗：388.78kb] [文件加载：36]
[ info ] [ LANG ] /data/home/syu4378230001/htdocs/thinkphp/lang/zh-cn.php
[ info ] [ BIND ] 'index/Index'
[ info ] [ ROUTE ] array (
  'type' => 'module',
  'module' => 
  array (
    0 => 'index',
    1 => 'Index',
    2 => 'robots.txt',
  ),
)
[ info ] [ HEADER ] array (
  'accept' => '*/*',
  'accept-encoding' => 'gzip,deflate',
  'connection' => 'close',
  'host' => '51mfgs.com',
  'user-agent' => 'Mozilla/5.0 (compatible; SemrushBot/6~bl; +http://www.semrush.com/bot.html)',
)
[ info ] [ PARAM ] array (
)
[ info ] [ RUN ] app\index\controller\Index->_empty[ /data/home/syu4378230001/htdocs/app/index/controller/Index.php ]
[ info ] [ VIEW ] /data/home/syu4378230001/htdocs/thinkphp/tpl/dispatch_jump.tpl [ array (
  0 => 'code',
  1 => 'msg',
  2 => 'data',
  3 => 'url',
  4 => 'wait',
) ]
[ info ] [ LOG ] INIT File
---------------------------------------------------------------
[ 2019-09-10T02:21:56+08:00 ] 172.17.230.83 46.229.168.148 GET /b1.html
[ info ] 51mfgs.com/b1.html [运行时间：0.043445s][吞吐率：23.02req/s] [内存消耗：387.33kb] [文件加载：35]
[ info ] [ LANG ] /data/home/syu4378230001/htdocs/thinkphp/lang/zh-cn.php
[ info ] [ BIND ] 'index/Index'
[ info ] [ ROUTE ] array (
  'type' => 'module',
  'module' => 
  array (
    0 => 'index',
    1 => 'Index',
    2 => 'b1',
  ),
)
[ info ] [ HEADER ] array (
  'accept' => 'text/html, application/rss+xml, application/atom+xml, text/xml, text/rss+xml',
  'accept-encoding' => 'gzip,deflate',
  'connection' => 'close',
  'host' => '51mfgs.com',
  'user-agent' => 'Mozilla/5.0 (compatible; SemrushBot/6~bl; +http://www.semrush.com/bot.html)',
)
[ info ] [ PARAM ] array (
)
[ info ] [ RUN ] app\index\controller\Index->b1[ /data/home/syu4378230001/htdocs/app/index/controller/Index.php ]
[ info ] [ VIEW ] ./template/banwu/b1.html [ array (
) ]
[ info ] [ LOG ] INIT File
---------------------------------------------------------------
[ 2019-09-10T02:30:01+08:00 ] 172.17.230.83 207.46.13.24 GET /about.html
[ info ] 51mfgs.com/about.html [运行时间：0.101558s][吞吐率：9.85req/s] [内存消耗：606.96kb] [文件加载：45]
[ info ] [ LANG ] /data/home/syu4378230001/htdocs/thinkphp/lang/zh-cn.php
[ info ] [ BIND ] 'index/Index'
[ info ] [ ROUTE ] array (
  'type' => 'module',
  'module' => 
  array (
    0 => 'index',
    1 => 'Index',
    2 => 'about',
  ),
)
[ info ] [ HEADER ] array (
  'accept' => '*/*',
  'accept-encoding' => 'gzip, deflate',
  'cache-control' => 'no-cache',
  'connection' => 'Keep-Alive',
  'host' => '51mfgs.com',
  'pragma' => 'no-cache',
  'user-agent' => 'Mozilla/5.0 (compatible; bingbot/2.0; +http://www.bing.com/bingbot.htm)',
)
[ info ] [ PARAM ] array (
)
[ info ] [ RUN ] app\index\controller\Index->about[ /data/home/syu4378230001/htdocs/app/index/controller/Index.php ]
[ info ] [ DB ] INIT mysql
[ info ] [ CACHE ] INIT File
[ info ] [ VIEW ] ./app/index/view/index/about.html [ array (
  0 => 'abouthits',
) ]
[ info ] [ LOG ] INIT File
[ sql ] [ DB ] CONNECT:[ UseTime:0.035853s ] mysql:dbname=sdm442994699_db;host=sdm442994699.my3w.com;charset=utf8
[ sql ] [ SQL ] SHOW COLUMNS FROM `pagehits` [ RunTime:0.003580s ]
[ sql ] [ SQL ] UPDATE `pagehits`  SET `hits`=hits+1  WHERE  `id` = 2 [ RunTime:0.003656s ]
[ sql ] [ SQL ] SELECT `hits` FROM `pagehits` WHERE  `id` = 2 LIMIT 1 [ RunTime:0.003824s ]
---------------------------------------------------------------
[ 2019-09-10T02:31:30+08:00 ] 172.17.230.83 42.156.136.121 GET /myspace.html
[ info ] www.51mfgs.com/myspace.html [运行时间：0.038484s][吞吐率：25.98req/s] [内存消耗：392.64kb] [文件加载：37]
[ info ] [ LANG ] /data/home/syu4378230001/htdocs/thinkphp/lang/zh-cn.php
[ info ] [ BIND ] 'index/Index'
[ info ] [ ROUTE ] array (
  'type' => 'module',
  'module' => 
  array (
    0 => 'index',
    1 => 'Index',
    2 => 'myspace',
  ),
)
[ info ] [ HEADER ] array (
  'accept' => 'text/html,application/xhtml+xml,application/xml;q=0.9,image/webp,image/apng,*/*;q=0.8',
  'accept-encoding' => 'gzip, deflate',
  'connection' => 'close',
  'host' => 'www.51mfgs.com',
  'upgrade-insecure-requests' => '1',
  'user-agent' => 'Mozilla/5.0 (Windows NT 6.1; Win64; x64) AppleWebKit/537.36 (KHTML, like Gecko) Chrome/69.0.3497.81 YisouSpider/5.0 Safari/537.36',
)
[ info ] [ PARAM ] array (
)
[ info ] [ RUN ] app\index\controller\Index->myspace[ /data/home/syu4378230001/htdocs/app/index/controller/Index.php ]
[ info ] [ SESSION ] INIT array (
  'id' => '',
  'var_session_id' => '',
  'prefix' => '',
  'type' => '',
  'auto_start' => true,
  'httponly' => true,
  'secure' => false,
)
[ info ] [ VIEW ] /data/home/syu4378230001/htdocs/thinkphp/tpl/dispatch_jump.tpl [ array (
  0 => 'code',
  1 => 'msg',
  2 => 'data',
  3 => 'url',
  4 => 'wait',
) ]
[ info ] [ LOG ] INIT File
---------------------------------------------------------------
[ 2019-09-10T02:34:35+08:00 ] 172.17.230.83 46.229.168.148 GET /proshow/id/5
[ info ] 51mfgs.com/proshow/id/5 [运行时间：0.070645s][吞吐率：14.16req/s] [内存消耗：711.59kb] [文件加载：44]
[ info ] [ LANG ] /data/home/syu4378230001/htdocs/thinkphp/lang/zh-cn.php
[ info ] [ BIND ] 'index/Index'
[ info ] [ ROUTE ] array (
  'type' => 'module',
  'module' => 
  array (
    0 => 'index',
    1 => 'Index',
    2 => 'proshow',
  ),
)
[ info ] [ HEADER ] array (
  'accept' => 'text/html, application/rss+xml, application/atom+xml, text/xml, text/rss+xml',
  'accept-encoding' => 'gzip,deflate',
  'connection' => 'close',
  'host' => '51mfgs.com',
  'user-agent' => 'Mozilla/5.0 (compatible; SemrushBot/6~bl; +http://www.semrush.com/bot.html)',
)
[ info ] [ PARAM ] array (
  'id' => '5',
)
[ info ] [ RUN ] app\index\controller\Index->proshow[ /data/home/syu4378230001/htdocs/app/index/controller/Index.php ]
[ info ] [ DB ] INIT mysql
[ info ] [ VIEW ] ./app/index/view/index/proshow.html [ array (
  0 => 'data',
) ]
[ info ] [ LOG ] INIT File
[ sql ] [ DB ] CONNECT:[ UseTime:0.004800s ] mysql:dbname=sdm442994699_db;host=sdm442994699.my3w.com;charset=utf8
[ sql ] [ SQL ] SHOW COLUMNS FROM `pro2` [ RunTime:0.003223s ]
[ sql ] [ SQL ] SELECT * FROM `pro2` WHERE  `pro_id` = 5 LIMIT 1 [ RunTime:0.002637s ]
---------------------------------------------------------------
[ 2019-09-10T03:32:54+08:00 ] 172.17.230.83 46.229.168.134 GET /robots.txt
[ info ] 51mfgs.com/robots.txt [运行时间：0.039501s][吞吐率：25.32req/s] [内存消耗：388.78kb] [文件加载：36]
[ info ] [ LANG ] /data/home/syu4378230001/htdocs/thinkphp/lang/zh-cn.php
[ info ] [ BIND ] 'index/Index'
[ info ] [ ROUTE ] array (
  'type' => 'module',
  'module' => 
  array (
    0 => 'index',
    1 => 'Index',
    2 => 'robots.txt',
  ),
)
[ info ] [ HEADER ] array (
  'accept' => '*/*',
  'accept-encoding' => 'gzip,deflate',
  'connection' => 'close',
  'host' => '51mfgs.com',
  'user-agent' => 'Mozilla/5.0 (compatible; SemrushBot/6~bl; +http://www.semrush.com/bot.html)',
)
[ info ] [ PARAM ] array (
)
[ info ] [ RUN ] app\index\controller\Index->_empty[ /data/home/syu4378230001/htdocs/app/index/controller/Index.php ]
[ info ] [ VIEW ] /data/home/syu4378230001/htdocs/thinkphp/tpl/dispatch_jump.tpl [ array (
  0 => 'code',
  1 => 'msg',
  2 => 'data',
  3 => 'url',
  4 => 'wait',
) ]
[ info ] [ LOG ] INIT File
---------------------------------------------------------------
[ 2019-09-10T03:32:56+08:00 ] 172.17.230.83 46.229.168.131 GET /proshow/id/120
[ info ] 51mfgs.com/proshow/id/120 [运行时间：0.080548s][吞吐率：12.41req/s] [内存消耗：711.56kb] [文件加载：44]
[ info ] [ LANG ] /data/home/syu4378230001/htdocs/thinkphp/lang/zh-cn.php
[ info ] [ BIND ] 'index/Index'
[ info ] [ ROUTE ] array (
  'type' => 'module',
  'module' => 
  array (
    0 => 'index',
    1 => 'Index',
    2 => 'proshow',
  ),
)
[ info ] [ HEADER ] array (
  'accept' => 'text/html, application/rss+xml, application/atom+xml, text/xml, text/rss+xml',
  'accept-encoding' => 'gzip,deflate',
  'connection' => 'close',
  'host' => '51mfgs.com',
  'user-agent' => 'Mozilla/5.0 (compatible; SemrushBot/6~bl; +http://www.semrush.com/bot.html)',
)
[ info ] [ PARAM ] array (
  'id' => '120',
)
[ info ] [ RUN ] app\index\controller\Index->proshow[ /data/home/syu4378230001/htdocs/app/index/controller/Index.php ]
[ info ] [ DB ] INIT mysql
[ info ] [ VIEW ] ./app/index/view/index/proshow.html [ array (
  0 => 'data',
) ]
[ info ] [ LOG ] INIT File
[ sql ] [ DB ] CONNECT:[ UseTime:0.010347s ] mysql:dbname=sdm442994699_db;host=sdm442994699.my3w.com;charset=utf8
[ sql ] [ SQL ] SHOW COLUMNS FROM `pro2` [ RunTime:0.004495s ]
[ sql ] [ SQL ] SELECT * FROM `pro2` WHERE  `pro_id` = 120 LIMIT 1 [ RunTime:0.006682s ]
---------------------------------------------------------------
[ 2019-09-10T04:24:12+08:00 ] 172.17.230.83 42.156.139.7 GET /sp.html
[ info ] www.51mfgs.com/sp.html [运行时间：0.083971s][吞吐率：11.91req/s] [内存消耗：710.03kb] [文件加载：45]
[ info ] [ LANG ] /data/home/syu4378230001/htdocs/thinkphp/lang/zh-cn.php
[ info ] [ BIND ] 'index/Index'
[ info ] [ ROUTE ] array (
  'type' => 'module',
  'module' => 
  array (
    0 => 'index',
    1 => 'Index',
    2 => 'sp',
  ),
)
[ info ] [ HEADER ] array (
  'accept' => 'text/html,application/xhtml+xml,application/xml;q=0.9,image/webp,image/apng,*/*;q=0.8',
  'accept-encoding' => 'gzip, deflate',
  'connection' => 'close',
  'host' => 'www.51mfgs.com',
  'upgrade-insecure-requests' => '1',
  'user-agent' => 'Mozilla/5.0 (Windows NT 6.1; Win64; x64) AppleWebKit/537.36 (KHTML, like Gecko) Chrome/69.0.3497.81 YisouSpider/5.0 Safari/537.36',
)
[ info ] [ PARAM ] array (
)
[ info ] [ RUN ] app\index\controller\Index->sp[ /data/home/syu4378230001/htdocs/app/index/controller/Index.php ]
[ info ] [ DB ] INIT mysql
[ info ] [ VIEW ] ./app/index/view/index/sp.html [ array (
  0 => 'list',
  1 => 'total',
) ]
[ info ] [ LOG ] INIT File
[ sql ] [ DB ] CONNECT:[ UseTime:0.006019s ] mysql:dbname=sdm442994699_db;host=sdm442994699.my3w.com;charset=utf8
[ sql ] [ SQL ] SHOW COLUMNS FROM `pro2` [ RunTime:0.002993s ]
[ sql ] [ SQL ] SELECT COUNT(*) AS tp_count FROM `pro2` WHERE  `pro_type` = 'sp'  AND `state` = 1 LIMIT 1 [ RunTime:0.005497s ]
[ sql ] [ SQL ] SELECT * FROM `pro2` WHERE  `pro_type` = 'sp'  AND `state` = 1 ORDER BY pubtime DESC LIMIT 0,100 [ RunTime:0.005091s ]
[ sql ] [ SQL ] SELECT COUNT(*) AS tp_count FROM `pro2` WHERE  `pro_type` = 'sp'  AND `state` = 1 LIMIT 1 [ RunTime:0.002960s ]
---------------------------------------------------------------
[ 2019-09-10T05:17:27+08:00 ] 172.17.230.83 46.229.168.141 GET /robots.txt
[ info ] 51mfgs.com/robots.txt [运行时间：0.037653s][吞吐率：26.56req/s] [内存消耗：388.78kb] [文件加载：36]
[ info ] [ LANG ] /data/home/syu4378230001/htdocs/thinkphp/lang/zh-cn.php
[ info ] [ BIND ] 'index/Index'
[ info ] [ ROUTE ] array (
  'type' => 'module',
  'module' => 
  array (
    0 => 'index',
    1 => 'Index',
    2 => 'robots.txt',
  ),
)
[ info ] [ HEADER ] array (
  'accept' => '*/*',
  'accept-encoding' => 'gzip,deflate',
  'connection' => 'close',
  'host' => '51mfgs.com',
  'user-agent' => 'Mozilla/5.0 (compatible; SemrushBot/6~bl; +http://www.semrush.com/bot.html)',
)
[ info ] [ PARAM ] array (
)
[ info ] [ RUN ] app\index\controller\Index->_empty[ /data/home/syu4378230001/htdocs/app/index/controller/Index.php ]
[ info ] [ VIEW ] /data/home/syu4378230001/htdocs/thinkphp/tpl/dispatch_jump.tpl [ array (
  0 => 'code',
  1 => 'msg',
  2 => 'data',
  3 => 'url',
  4 => 'wait',
) ]
[ info ] [ LOG ] INIT File
---------------------------------------------------------------
[ 2019-09-10T05:17:28+08:00 ] 172.17.230.83 46.229.168.140 GET /
[ info ] 51mfgs.com/ [运行时间：0.116610s][吞吐率：8.58req/s] [内存消耗：814.08kb] [文件加载：49]
[ info ] [ LANG ] /data/home/syu4378230001/htdocs/thinkphp/lang/zh-cn.php
[ info ] [ BIND ] 'index/Index'
[ info ] [ ROUTE ] array (
  'type' => 'module',
  'module' => 
  array (
    0 => 'index',
    1 => 'Index',
    2 => NULL,
  ),
)
[ info ] [ HEADER ] array (
  'accept' => 'text/html, application/rss+xml, application/atom+xml, text/xml, text/rss+xml',
  'accept-encoding' => 'gzip,deflate',
  'connection' => 'close',
  'host' => '51mfgs.com',
  'user-agent' => 'Mozilla/5.0 (compatible; SemrushBot/6~bl; +http://www.semrush.com/bot.html)',
)
[ info ] [ PARAM ] array (
)
[ info ] [ RUN ] app\index\controller\Index->index[ /data/home/syu4378230001/htdocs/app/index/controller/Index.php ]
[ info ] [ DB ] INIT mysql
[ info ] [ SESSION ] INIT array (
  'id' => '',
  'var_session_id' => '',
  'prefix' => '',
  'type' => '',
  'auto_start' => true,
  'httponly' => true,
  'secure' => false,
)
[ info ] [ CACHE ] INIT File
[ info ] [ VIEW ] ./app/index/view/index/index.html [ array (
  0 => 'indexhits',
  1 => 'userclass',
  2 => 'usersess',
  3 => 'res_newpro',
  4 => 'res_user',
  5 => 'time',
  6 => 'res_jj',
  7 => 'res_jd',
  8 => 'res_yw',
  9 => 'res_sp',
  10 => 'res_sj',
  11 => 'res_cw',
) ]
[ info ] [ LOG ] INIT File
[ sql ] [ DB ] CONNECT:[ UseTime:0.006497s ] mysql:dbname=sdm442994699_db;host=sdm442994699.my3w.com;charset=utf8
[ sql ] [ SQL ] SHOW COLUMNS FROM `pro2` [ RunTime:0.005977s ]
[ sql ] [ SQL ] SELECT * FROM `pro2` WHERE  `pro_type` = 'jj'  AND `state` = 1  AND `pos` = 1 ORDER BY pro_id DESC LIMIT 3 [ RunTime:0.004262s ]
[ sql ] [ SQL ] SELECT * FROM `pro2` WHERE  `pro_type` = 'jd'  AND `state` = 1  AND `pos` = 1 ORDER BY pro_id DESC LIMIT 3 [ RunTime:0.003192s ]
[ sql ] [ SQL ] SELECT * FROM `pro2` WHERE  `pro_type` = 'yw'  AND `state` = 1  AND `pos` = 1 ORDER BY pro_id DESC LIMIT 3 [ RunTime:0.003976s ]
[ sql ] [ SQL ] SELECT * FROM `pro2` WHERE  `pro_type` = 'sp'  AND `state` = 1  AND `pos` = 1 ORDER BY pro_id DESC LIMIT 3 [ RunTime:0.003798s ]
[ sql ] [ SQL ] SELECT * FROM `pro2` WHERE  `pro_type` = 'sj'  AND `state` = 1  AND `pos` = 1 ORDER BY pro_id DESC LIMIT 3 [ RunTime:0.002669s ]
[ sql ] [ SQL ] SELECT * FROM `pro2` WHERE  (  `pro_type` = 'cw'  AND `state` = 1  AND `pos` = 1 ) [ RunTime:0.003155s ]
[ sql ] [ SQL ] SHOW COLUMNS FROM `user` [ RunTime:0.002626s ]
[ sql ] [ SQL ] SELECT * FROM `user` WHERE  `state` = 1 ORDER BY id DESC LIMIT 3 [ RunTime:0.002829s ]
[ sql ] [ SQL ] SHOW COLUMNS FROM `pro` [ RunTime:0.002890s ]
[ sql ] [ SQL ] SELECT * FROM `pro` WHERE  `pro_id` > 0  AND `state` = 1 ORDER BY pro_id DESC LIMIT 3 [ RunTime:0.003763s ]
[ sql ] [ SQL ] SHOW COLUMNS FROM `pagehits` [ RunTime:0.002754s ]
[ sql ] [ SQL ] UPDATE `pagehits`  SET `hits`=hits+1  WHERE  `id` = 1 [ RunTime:0.002951s ]
[ sql ] [ SQL ] SELECT `hits` FROM `pagehits` WHERE  `id` = 1 LIMIT 1 [ RunTime:0.001989s ]
---------------------------------------------------------------
[ 2019-09-10T08:11:04+08:00 ] 172.17.230.83 123.125.71.100 GET /
[ info ] www.51mfgs.com/ [运行时间：0.132364s][吞吐率：7.55req/s] [内存消耗：813.95kb] [文件加载：49]
[ info ] [ LANG ] /data/home/syu4378230001/htdocs/thinkphp/lang/zh-cn.php
[ info ] [ BIND ] 'index/Index'
[ info ] [ ROUTE ] array (
  'type' => 'module',
  'module' => 
  array (
    0 => 'index',
    1 => 'Index',
    2 => NULL,
  ),
)
[ info ] [ HEADER ] array (
  'accept' => '*/*',
  'accept-language' => 'zh-cn,zh-tw',
  'host' => 'www.51mfgs.com',
  'if-none-match' => '""""@NULL@""""',
  'user-agent' => 'Mozilla/5.0 (compatible; Baiduspider/2.0; +http://www.baidu.com/search/spider.html)',
)
[ info ] [ PARAM ] array (
)
[ info ] [ RUN ] app\index\controller\Index->index[ /data/home/syu4378230001/htdocs/app/index/controller/Index.php ]
[ info ] [ DB ] INIT mysql
[ info ] [ SESSION ] INIT array (
  'id' => '',
  'var_session_id' => '',
  'prefix' => '',
  'type' => '',
  'auto_start' => true,
  'httponly' => true,
  'secure' => false,
)
[ info ] [ CACHE ] INIT File
[ info ] [ VIEW ] ./app/index/view/index/index.html [ array (
  0 => 'indexhits',
  1 => 'userclass',
  2 => 'usersess',
  3 => 'res_newpro',
  4 => 'res_user',
  5 => 'time',
  6 => 'res_jj',
  7 => 'res_jd',
  8 => 'res_yw',
  9 => 'res_sp',
  10 => 'res_sj',
  11 => 'res_cw',
) ]
[ info ] [ LOG ] INIT File
[ sql ] [ DB ] CONNECT:[ UseTime:0.008712s ] mysql:dbname=sdm442994699_db;host=sdm442994699.my3w.com;charset=utf8
[ sql ] [ SQL ] SHOW COLUMNS FROM `pro2` [ RunTime:0.004099s ]
[ sql ] [ SQL ] SELECT * FROM `pro2` WHERE  `pro_type` = 'jj'  AND `state` = 1  AND `pos` = 1 ORDER BY pro_id DESC LIMIT 3 [ RunTime:0.003714s ]
[ sql ] [ SQL ] SELECT * FROM `pro2` WHERE  `pro_type` = 'jd'  AND `state` = 1  AND `pos` = 1 ORDER BY pro_id DESC LIMIT 3 [ RunTime:0.004171s ]
[ sql ] [ SQL ] SELECT * FROM `pro2` WHERE  `pro_type` = 'yw'  AND `state` = 1  AND `pos` = 1 ORDER BY pro_id DESC LIMIT 3 [ RunTime:0.003754s ]
[ sql ] [ SQL ] SELECT * FROM `pro2` WHERE  `pro_type` = 'sp'  AND `state` = 1  AND `pos` = 1 ORDER BY pro_id DESC LIMIT 3 [ RunTime:0.003786s ]
[ sql ] [ SQL ] SELECT * FROM `pro2` WHERE  `pro_type` = 'sj'  AND `state` = 1  AND `pos` = 1 ORDER BY pro_id DESC LIMIT 3 [ RunTime:0.003850s ]
[ sql ] [ SQL ] SELECT * FROM `pro2` WHERE  (  `pro_type` = 'cw'  AND `state` = 1  AND `pos` = 1 ) [ RunTime:0.004016s ]
[ sql ] [ SQL ] SHOW COLUMNS FROM `user` [ RunTime:0.005177s ]
[ sql ] [ SQL ] SELECT * FROM `user` WHERE  `state` = 1 ORDER BY id DESC LIMIT 3 [ RunTime:0.003841s ]
[ sql ] [ SQL ] SHOW COLUMNS FROM `pro` [ RunTime:0.003918s ]
[ sql ] [ SQL ] SELECT * FROM `pro` WHERE  `pro_id` > 0  AND `state` = 1 ORDER BY pro_id DESC LIMIT 3 [ RunTime:0.003900s ]
[ sql ] [ SQL ] SHOW COLUMNS FROM `pagehits` [ RunTime:0.005003s ]
[ sql ] [ SQL ] UPDATE `pagehits`  SET `hits`=hits+1  WHERE  `id` = 1 [ RunTime:0.003407s ]
[ sql ] [ SQL ] SELECT `hits` FROM `pagehits` WHERE  `id` = 1 LIMIT 1 [ RunTime:0.003160s ]
---------------------------------------------------------------
[ 2019-09-10T08:17:42+08:00 ] 172.17.230.83 46.229.168.145 GET /robots.txt
[ info ] 51mfgs.com/robots.txt [运行时间：0.038463s][吞吐率：26.00req/s] [内存消耗：388.78kb] [文件加载：36]
[ info ] [ LANG ] /data/home/syu4378230001/htdocs/thinkphp/lang/zh-cn.php
[ info ] [ BIND ] 'index/Index'
[ info ] [ ROUTE ] array (
  'type' => 'module',
  'module' => 
  array (
    0 => 'index',
    1 => 'Index',
    2 => 'robots.txt',
  ),
)
[ info ] [ HEADER ] array (
  'accept' => '*/*',
  'accept-encoding' => 'gzip,deflate',
  'connection' => 'close',
  'host' => '51mfgs.com',
  'user-agent' => 'Mozilla/5.0 (compatible; SemrushBot/6~bl; +http://www.semrush.com/bot.html)',
)
[ info ] [ PARAM ] array (
)
[ info ] [ RUN ] app\index\controller\Index->_empty[ /data/home/syu4378230001/htdocs/app/index/controller/Index.php ]
[ info ] [ VIEW ] /data/home/syu4378230001/htdocs/thinkphp/tpl/dispatch_jump.tpl [ array (
  0 => 'code',
  1 => 'msg',
  2 => 'data',
  3 => 'url',
  4 => 'wait',
) ]
[ info ] [ LOG ] INIT File
---------------------------------------------------------------
[ 2019-09-10T08:17:44+08:00 ] 172.17.230.83 46.229.168.132 GET /proshow/id/20
[ info ] 51mfgs.com/proshow/id/20 [运行时间：0.070590s][吞吐率：14.17req/s] [内存消耗：711.57kb] [文件加载：44]
[ info ] [ LANG ] /data/home/syu4378230001/htdocs/thinkphp/lang/zh-cn.php
[ info ] [ BIND ] 'index/Index'
[ info ] [ ROUTE ] array (
  'type' => 'module',
  'module' => 
  array (
    0 => 'index',
    1 => 'Index',
    2 => 'proshow',
  ),
)
[ info ] [ HEADER ] array (
  'accept' => 'text/html, application/rss+xml, application/atom+xml, text/xml, text/rss+xml',
  'accept-encoding' => 'gzip,deflate',
  'connection' => 'close',
  'host' => '51mfgs.com',
  'user-agent' => 'Mozilla/5.0 (compatible; SemrushBot/6~bl; +http://www.semrush.com/bot.html)',
)
[ info ] [ PARAM ] array (
  'id' => '20',
)
[ info ] [ RUN ] app\index\controller\Index->proshow[ /data/home/syu4378230001/htdocs/app/index/controller/Index.php ]
[ info ] [ DB ] INIT mysql
[ info ] [ VIEW ] ./app/index/view/index/proshow.html [ array (
  0 => 'data',
) ]
[ info ] [ LOG ] INIT File
[ sql ] [ DB ] CONNECT:[ UseTime:0.005129s ] mysql:dbname=sdm442994699_db;host=sdm442994699.my3w.com;charset=utf8
[ sql ] [ SQL ] SHOW COLUMNS FROM `pro2` [ RunTime:0.003447s ]
[ sql ] [ SQL ] SELECT * FROM `pro2` WHERE  `pro_id` = 20 LIMIT 1 [ RunTime:0.002710s ]
---------------------------------------------------------------
[ 2019-09-10T08:41:11+08:00 ] 172.17.230.83 207.46.13.198 GET /sj.html
[ info ] 51mfgs.com/sj.html [运行时间：0.076698s][吞吐率：13.04req/s] [内存消耗：645.12kb] [文件加载：45]
[ info ] [ LANG ] /data/home/syu4378230001/htdocs/thinkphp/lang/zh-cn.php
[ info ] [ BIND ] 'index/Index'
[ info ] [ ROUTE ] array (
  'type' => 'module',
  'module' => 
  array (
    0 => 'index',
    1 => 'Index',
    2 => 'sj',
  ),
)
[ info ] [ HEADER ] array (
  'accept' => '*/*',
  'accept-encoding' => 'gzip, deflate',
  'cache-control' => 'no-cache',
  'connection' => 'Keep-Alive',
  'from' => 'bingbot(at)microsoft.com',
  'host' => '51mfgs.com',
  'pragma' => 'no-cache',
  'user-agent' => 'Mozilla/5.0 (compatible; bingbot/2.0; +http://www.bing.com/bingbot.htm)',
)
[ info ] [ PARAM ] array (
)
[ info ] [ RUN ] app\index\controller\Index->sj[ /data/home/syu4378230001/htdocs/app/index/controller/Index.php ]
[ info ] [ DB ] INIT mysql
[ info ] [ VIEW ] ./app/index/view/index/sj.html [ array (
  0 => 'list',
  1 => 'total',
) ]
[ info ] [ LOG ] INIT File
[ sql ] [ DB ] CONNECT:[ UseTime:0.006233s ] mysql:dbname=sdm442994699_db;host=sdm442994699.my3w.com;charset=utf8
[ sql ] [ SQL ] SHOW COLUMNS FROM `pro2` [ RunTime:0.004015s ]
[ sql ] [ SQL ] SELECT COUNT(*) AS tp_count FROM `pro2` WHERE  `pro_type` = 'sj'  AND `state` = 1 LIMIT 1 [ RunTime:0.003006s ]
[ sql ] [ SQL ] SELECT * FROM `pro2` WHERE  `pro_type` = 'sj'  AND `state` = 1 ORDER BY pubtime DESC LIMIT 0,100 [ RunTime:0.003172s ]
[ sql ] [ SQL ] SELECT COUNT(*) AS tp_count FROM `pro2` WHERE  `pro_type` = 'sj'  AND `state` = 1 LIMIT 1 [ RunTime:0.002866s ]
---------------------------------------------------------------
[ 2019-09-10T09:05:01+08:00 ] 172.17.230.83 40.77.167.179 GET /cw.html
[ info ] 51mfgs.com/cw.html [运行时间：0.074351s][吞吐率：13.45req/s] [内存消耗：625.60kb] [文件加载：45]
[ info ] [ LANG ] /data/home/syu4378230001/htdocs/thinkphp/lang/zh-cn.php
[ info ] [ BIND ] 'index/Index'
[ info ] [ ROUTE ] array (
  'type' => 'module',
  'module' => 
  array (
    0 => 'index',
    1 => 'Index',
    2 => 'cw',
  ),
)
[ info ] [ HEADER ] array (
  'accept' => '*/*',
  'accept-encoding' => 'gzip, deflate',
  'cache-control' => 'no-cache',
  'connection' => 'Keep-Alive',
  'from' => 'bingbot(at)microsoft.com',
  'host' => '51mfgs.com',
  'pragma' => 'no-cache',
  'user-agent' => 'Mozilla/5.0 (compatible; bingbot/2.0; +http://www.bing.com/bingbot.htm)',
)
[ info ] [ PARAM ] array (
)
[ info ] [ RUN ] app\index\controller\Index->cw[ /data/home/syu4378230001/htdocs/app/index/controller/Index.php ]
[ info ] [ DB ] INIT mysql
[ info ] [ VIEW ] ./app/index/view/index/cw.html [ array (
  0 => 'list',
  1 => 'total',
) ]
[ info ] [ LOG ] INIT File
[ sql ] [ DB ] CONNECT:[ UseTime:0.005692s ] mysql:dbname=sdm442994699_db;host=sdm442994699.my3w.com;charset=utf8
[ sql ] [ SQL ] SHOW COLUMNS FROM `pro2` [ RunTime:0.003687s ]
[ sql ] [ SQL ] SELECT COUNT(*) AS tp_count FROM `pro2` WHERE  `pro_type` = 'cw'  AND `state` = 1 LIMIT 1 [ RunTime:0.002998s ]
[ sql ] [ SQL ] SELECT * FROM `pro2` WHERE  `pro_type` = 'cw'  AND `state` = 1 ORDER BY pubtime DESC LIMIT 0,100 [ RunTime:0.002864s ]
[ sql ] [ SQL ] SELECT COUNT(*) AS tp_count FROM `pro2` WHERE  `pro_type` = 'cw'  AND `state` = 1 LIMIT 1 [ RunTime:0.002551s ]
---------------------------------------------------------------
[ 2019-09-10T09:05:05+08:00 ] 172.17.230.83 40.77.167.179 GET /robots.txt
[ info ] 51mfgs.com/robots.txt [运行时间：0.040034s][吞吐率：24.98req/s] [内存消耗：389.23kb] [文件加载：36]
[ info ] [ LANG ] /data/home/syu4378230001/htdocs/thinkphp/lang/zh-cn.php
[ info ] [ BIND ] 'index/Index'
[ info ] [ ROUTE ] array (
  'type' => 'module',
  'module' => 
  array (
    0 => 'index',
    1 => 'Index',
    2 => 'robots.txt',
  ),
)
[ info ] [ HEADER ] array (
  'accept' => '*/*',
  'accept-encoding' => 'gzip, deflate',
  'cache-control' => 'no-cache',
  'connection' => 'Keep-Alive',
  'host' => '51mfgs.com',
  'pragma' => 'no-cache',
  'user-agent' => 'Mozilla/5.0 (compatible; bingbot/2.0; +http://www.bing.com/bingbot.htm)',
)
[ info ] [ PARAM ] array (
)
[ info ] [ RUN ] app\index\controller\Index->_empty[ /data/home/syu4378230001/htdocs/app/index/controller/Index.php ]
[ info ] [ VIEW ] /data/home/syu4378230001/htdocs/thinkphp/tpl/dispatch_jump.tpl [ array (
  0 => 'code',
  1 => 'msg',
  2 => 'data',
  3 => 'url',
  4 => 'wait',
) ]
[ info ] [ LOG ] INIT File
---------------------------------------------------------------
[ 2019-09-10T10:02:16+08:00 ] 172.17.230.83 47.100.57.133 GET /
[ info ] www.51mfgs.com/ [运行时间：0.128627s][吞吐率：7.77req/s] [内存消耗：813.77kb] [文件加载：49]
[ info ] [ LANG ] /data/home/syu4378230001/htdocs/thinkphp/lang/zh-cn.php
[ info ] [ BIND ] 'index/Index'
[ info ] [ ROUTE ] array (
  'type' => 'module',
  'module' => 
  array (
    0 => 'index',
    1 => 'Index',
    2 => NULL,
  ),
)
[ info ] [ HEADER ] array (
  'accept-encoding' => 'gzip',
  'connection' => 'Keep-Alive',
  'host' => 'www.51mfgs.com',
  'user-agent' => 'Mozilla/5.0 (Linux; Android 4.1.1; Nexus 7 Build/JRO03D))',
)
[ info ] [ PARAM ] array (
)
[ info ] [ RUN ] app\index\controller\Index->index[ /data/home/syu4378230001/htdocs/app/index/controller/Index.php ]
[ info ] [ DB ] INIT mysql
[ info ] [ SESSION ] INIT array (
  'id' => '',
  'var_session_id' => '',
  'prefix' => '',
  'type' => '',
  'auto_start' => true,
  'httponly' => true,
  'secure' => false,
)
[ info ] [ CACHE ] INIT File
[ info ] [ VIEW ] ./app/index/view/index/index.html [ array (
  0 => 'indexhits',
  1 => 'userclass',
  2 => 'usersess',
  3 => 'res_newpro',
  4 => 'res_user',
  5 => 'time',
  6 => 'res_jj',
  7 => 'res_jd',
  8 => 'res_yw',
  9 => 'res_sp',
  10 => 'res_sj',
  11 => 'res_cw',
) ]
[ info ] [ LOG ] INIT File
[ sql ] [ DB ] CONNECT:[ UseTime:0.009457s ] mysql:dbname=sdm442994699_db;host=sdm442994699.my3w.com;charset=utf8
[ sql ] [ SQL ] SHOW COLUMNS FROM `pro2` [ RunTime:0.003998s ]
[ sql ] [ SQL ] SELECT * FROM `pro2` WHERE  `pro_type` = 'jj'  AND `state` = 1  AND `pos` = 1 ORDER BY pro_id DESC LIMIT 3 [ RunTime:0.003106s ]
[ sql ] [ SQL ] SELECT * FROM `pro2` WHERE  `pro_type` = 'jd'  AND `state` = 1  AND `pos` = 1 ORDER BY pro_id DESC LIMIT 3 [ RunTime:0.003979s ]
[ sql ] [ SQL ] SELECT * FROM `pro2` WHERE  `pro_type` = 'yw'  AND `state` = 1  AND `pos` = 1 ORDER BY pro_id DESC LIMIT 3 [ RunTime:0.003905s ]
[ sql ] [ SQL ] SELECT * FROM `pro2` WHERE  `pro_type` = 'sp'  AND `state` = 1  AND `pos` = 1 ORDER BY pro_id DESC LIMIT 3 [ RunTime:0.004035s ]
[ sql ] [ SQL ] SELECT * FROM `pro2` WHERE  `pro_type` = 'sj'  AND `state` = 1  AND `pos` = 1 ORDER BY pro_id DESC LIMIT 3 [ RunTime:0.003679s ]
[ sql ] [ SQL ] SELECT * FROM `pro2` WHERE  (  `pro_type` = 'cw'  AND `state` = 1  AND `pos` = 1 ) [ RunTime:0.003184s ]
[ sql ] [ SQL ] SHOW COLUMNS FROM `user` [ RunTime:0.003546s ]
[ sql ] [ SQL ] SELECT * FROM `user` WHERE  `state` = 1 ORDER BY id DESC LIMIT 3 [ RunTime:0.003180s ]
[ sql ] [ SQL ] SHOW COLUMNS FROM `pro` [ RunTime:0.003809s ]
[ sql ] [ SQL ] SELECT * FROM `pro` WHERE  `pro_id` > 0  AND `state` = 1 ORDER BY pro_id DESC LIMIT 3 [ RunTime:0.003116s ]
[ sql ] [ SQL ] SHOW COLUMNS FROM `pagehits` [ RunTime:0.003854s ]
[ sql ] [ SQL ] UPDATE `pagehits`  SET `hits`=hits+1  WHERE  `id` = 1 [ RunTime:0.002571s ]
[ sql ] [ SQL ] SELECT `hits` FROM `pagehits` WHERE  `id` = 1 LIMIT 1 [ RunTime:0.002824s ]
---------------------------------------------------------------
[ 2019-09-10T10:21:37+08:00 ] 172.17.230.83 47.92.102.179 GET /
[ info ] 51mfgs.com/ [运行时间：0.122122s][吞吐率：8.19req/s] [内存消耗：813.77kb] [文件加载：49]
[ info ] [ LANG ] /data/home/syu4378230001/htdocs/thinkphp/lang/zh-cn.php
[ info ] [ BIND ] 'index/Index'
[ info ] [ ROUTE ] array (
  'type' => 'module',
  'module' => 
  array (
    0 => 'index',
    1 => 'Index',
    2 => NULL,
  ),
)
[ info ] [ HEADER ] array (
  'accept-encoding' => 'gzip',
  'connection' => 'Keep-Alive',
  'host' => '51mfgs.com',
  'user-agent' => 'Mozilla/5.0 (Linux; Android 4.1.1; Nexus 7 Build/JRO03D))',
)
[ info ] [ PARAM ] array (
)
[ info ] [ RUN ] app\index\controller\Index->index[ /data/home/syu4378230001/htdocs/app/index/controller/Index.php ]
[ info ] [ DB ] INIT mysql
[ info ] [ SESSION ] INIT array (
  'id' => '',
  'var_session_id' => '',
  'prefix' => '',
  'type' => '',
  'auto_start' => true,
  'httponly' => true,
  'secure' => false,
)
[ info ] [ CACHE ] INIT File
[ info ] [ VIEW ] ./app/index/view/index/index.html [ array (
  0 => 'indexhits',
  1 => 'userclass',
  2 => 'usersess',
  3 => 'res_newpro',
  4 => 'res_user',
  5 => 'time',
  6 => 'res_jj',
  7 => 'res_jd',
  8 => 'res_yw',
  9 => 'res_sp',
  10 => 'res_sj',
  11 => 'res_cw',
) ]
[ info ] [ LOG ] INIT File
[ sql ] [ DB ] CONNECT:[ UseTime:0.005464s ] mysql:dbname=sdm442994699_db;host=sdm442994699.my3w.com;charset=utf8
[ sql ] [ SQL ] SHOW COLUMNS FROM `pro2` [ RunTime:0.004055s ]
[ sql ] [ SQL ] SELECT * FROM `pro2` WHERE  `pro_type` = 'jj'  AND `state` = 1  AND `pos` = 1 ORDER BY pro_id DESC LIMIT 3 [ RunTime:0.003654s ]
[ sql ] [ SQL ] SELECT * FROM `pro2` WHERE  `pro_type` = 'jd'  AND `state` = 1  AND `pos` = 1 ORDER BY pro_id DESC LIMIT 3 [ RunTime:0.003027s ]
[ sql ] [ SQL ] SELECT * FROM `pro2` WHERE  `pro_type` = 'yw'  AND `state` = 1  AND `pos` = 1 ORDER BY pro_id DESC LIMIT 3 [ RunTime:0.003437s ]
[ sql ] [ SQL ] SELECT * FROM `pro2` WHERE  `pro_type` = 'sp'  AND `state` = 1  AND `pos` = 1 ORDER BY pro_id DESC LIMIT 3 [ RunTime:0.003007s ]
[ sql ] [ SQL ] SELECT * FROM `pro2` WHERE  `pro_type` = 'sj'  AND `state` = 1  AND `pos` = 1 ORDER BY pro_id DESC LIMIT 3 [ RunTime:0.005136s ]
[ sql ] [ SQL ] SELECT * FROM `pro2` WHERE  (  `pro_type` = 'cw'  AND `state` = 1  AND `pos` = 1 ) [ RunTime:0.003461s ]
[ sql ] [ SQL ] SHOW COLUMNS FROM `user` [ RunTime:0.004163s ]
[ sql ] [ SQL ] SELECT * FROM `user` WHERE  `state` = 1 ORDER BY id DESC LIMIT 3 [ RunTime:0.003163s ]
[ sql ] [ SQL ] SHOW COLUMNS FROM `pro` [ RunTime:0.003773s ]
[ sql ] [ SQL ] SELECT * FROM `pro` WHERE  `pro_id` > 0  AND `state` = 1 ORDER BY pro_id DESC LIMIT 3 [ RunTime:0.003432s ]
[ sql ] [ SQL ] SHOW COLUMNS FROM `pagehits` [ RunTime:0.005165s ]
[ sql ] [ SQL ] UPDATE `pagehits`  SET `hits`=hits+1  WHERE  `id` = 1 [ RunTime:0.003074s ]
[ sql ] [ SQL ] SELECT `hits` FROM `pagehits` WHERE  `id` = 1 LIMIT 1 [ RunTime:0.004655s ]
---------------------------------------------------------------
[ 2019-09-10T10:29:25+08:00 ] 172.17.230.83 101.132.144.145 GET /
[ info ] 51mfgs.com/ [运行时间：0.136798s][吞吐率：7.31req/s] [内存消耗：813.75kb] [文件加载：49]
[ info ] [ LANG ] /data/home/syu4378230001/htdocs/thinkphp/lang/zh-cn.php
[ info ] [ BIND ] 'index/Index'
[ info ] [ ROUTE ] array (
  'type' => 'module',
  'module' => 
  array (
    0 => 'index',
    1 => 'Index',
    2 => NULL,
  ),
)
[ info ] [ HEADER ] array (
  'accept-encoding' => 'gzip',
  'connection' => 'Keep-Alive',
  'host' => '51mfgs.com',
  'user-agent' => 'Mozilla/5.0 (iPhone; CPU iPhone OS 8_0_2 like Mac OS X)',
)
[ info ] [ PARAM ] array (
)
[ info ] [ RUN ] app\index\controller\Index->index[ /data/home/syu4378230001/htdocs/app/index/controller/Index.php ]
[ info ] [ DB ] INIT mysql
[ info ] [ SESSION ] INIT array (
  'id' => '',
  'var_session_id' => '',
  'prefix' => '',
  'type' => '',
  'auto_start' => true,
  'httponly' => true,
  'secure' => false,
)
[ info ] [ CACHE ] INIT File
[ info ] [ VIEW ] ./app/index/view/index/index.html [ array (
  0 => 'indexhits',
  1 => 'userclass',
  2 => 'usersess',
  3 => 'res_newpro',
  4 => 'res_user',
  5 => 'time',
  6 => 'res_jj',
  7 => 'res_jd',
  8 => 'res_yw',
  9 => 'res_sp',
  10 => 'res_sj',
  11 => 'res_cw',
) ]
[ info ] [ LOG ] INIT File
[ sql ] [ DB ] CONNECT:[ UseTime:0.006309s ] mysql:dbname=sdm442994699_db;host=sdm442994699.my3w.com;charset=utf8
[ sql ] [ SQL ] SHOW COLUMNS FROM `pro2` [ RunTime:0.004269s ]
[ sql ] [ SQL ] SELECT * FROM `pro2` WHERE  `pro_type` = 'jj'  AND `state` = 1  AND `pos` = 1 ORDER BY pro_id DESC LIMIT 3 [ RunTime:0.004643s ]
[ sql ] [ SQL ] SELECT * FROM `pro2` WHERE  `pro_type` = 'jd'  AND `state` = 1  AND `pos` = 1 ORDER BY pro_id DESC LIMIT 3 [ RunTime:0.004008s ]
[ sql ] [ SQL ] SELECT * FROM `pro2` WHERE  `pro_type` = 'yw'  AND `state` = 1  AND `pos` = 1 ORDER BY pro_id DESC LIMIT 3 [ RunTime:0.004688s ]
[ sql ] [ SQL ] SELECT * FROM `pro2` WHERE  `pro_type` = 'sp'  AND `state` = 1  AND `pos` = 1 ORDER BY pro_id DESC LIMIT 3 [ RunTime:0.004503s ]
[ sql ] [ SQL ] SELECT * FROM `pro2` WHERE  `pro_type` = 'sj'  AND `state` = 1  AND `pos` = 1 ORDER BY pro_id DESC LIMIT 3 [ RunTime:0.003809s ]
[ sql ] [ SQL ] SELECT * FROM `pro2` WHERE  (  `pro_type` = 'cw'  AND `state` = 1  AND `pos` = 1 ) [ RunTime:0.003578s ]
[ sql ] [ SQL ] SHOW COLUMNS FROM `user` [ RunTime:0.004606s ]
[ sql ] [ SQL ] SELECT * FROM `user` WHERE  `state` = 1 ORDER BY id DESC LIMIT 3 [ RunTime:0.003533s ]
[ sql ] [ SQL ] SHOW COLUMNS FROM `pro` [ RunTime:0.004266s ]
[ sql ] [ SQL ] SELECT * FROM `pro` WHERE  `pro_id` > 0  AND `state` = 1 ORDER BY pro_id DESC LIMIT 3 [ RunTime:0.003539s ]
[ sql ] [ SQL ] SHOW COLUMNS FROM `pagehits` [ RunTime:0.005291s ]
[ sql ] [ SQL ] UPDATE `pagehits`  SET `hits`=hits+1  WHERE  `id` = 1 [ RunTime:0.004734s ]
[ sql ] [ SQL ] SELECT `hits` FROM `pagehits` WHERE  `id` = 1 LIMIT 1 [ RunTime:0.004406s ]
---------------------------------------------------------------
[ 2019-09-10T10:33:07+08:00 ] 172.17.230.83 111.225.149.106 GET /proshow/id/62
[ info ] www.51mfgs.com/proshow/id/62 [运行时间：0.070995s][吞吐率：14.09req/s] [内存消耗：712.27kb] [文件加载：44]
[ info ] [ LANG ] /data/home/syu4378230001/htdocs/thinkphp/lang/zh-cn.php
[ info ] [ BIND ] 'index/Index'
[ info ] [ ROUTE ] array (
  'type' => 'module',
  'module' => 
  array (
    0 => 'index',
    1 => 'Index',
    2 => 'proshow',
  ),
)
[ info ] [ HEADER ] array (
  'accept' => 'text/html,application/xhtml+xml,application/xml;q=0.9,image/webp,image/apng,*/*;q=0.8',
  'accept-encoding' => 'gzip, deflate',
  'connection' => 'keep-alive',
  'host' => 'www.51mfgs.com',
  'upgrade-insecure-requests' => '1',
  'user-agent' => 'Mozilla/5.0 (Linux; Android 8.0; Pixel 2 Build/OPD3.170816.012) AppleWebKit/537.36 (KHTML, like Gecko) Chrome/40.0.2919.1001 Mobile Safari/537.36; Bytespider',
)
[ info ] [ PARAM ] array (
  'id' => '62',
)
[ info ] [ RUN ] app\index\controller\Index->proshow[ /data/home/syu4378230001/htdocs/app/index/controller/Index.php ]
[ info ] [ DB ] INIT mysql
[ info ] [ VIEW ] ./app/index/view/index/proshow.html [ array (
  0 => 'data',
) ]
[ info ] [ LOG ] INIT File
[ sql ] [ DB ] CONNECT:[ UseTime:0.005328s ] mysql:dbname=sdm442994699_db;host=sdm442994699.my3w.com;charset=utf8
[ sql ] [ SQL ] SHOW COLUMNS FROM `pro2` [ RunTime:0.002827s ]
[ sql ] [ SQL ] SELECT * FROM `pro2` WHERE  `pro_id` = 62 LIMIT 1 [ RunTime:0.002644s ]
---------------------------------------------------------------
[ 2019-09-10T10:37:04+08:00 ] 172.17.230.83 54.36.149.61 GET /robots.txt
[ info ] 51mfgs.com/robots.txt [运行时间：0.039877s][吞吐率：25.08req/s] [内存消耗：388.66kb] [文件加载：36]
[ info ] [ LANG ] /data/home/syu4378230001/htdocs/thinkphp/lang/zh-cn.php
[ info ] [ BIND ] 'index/Index'
[ info ] [ ROUTE ] array (
  'type' => 'module',
  'module' => 
  array (
    0 => 'index',
    1 => 'Index',
    2 => 'robots.txt',
  ),
)
[ info ] [ HEADER ] array (
  'accept' => '*/*',
  'accept-encoding' => 'deflate, gzip',
  'host' => '51mfgs.com',
  'user-agent' => 'Mozilla/5.0 (compatible; AhrefsBot/6.1; +http://ahrefs.com/robot/)',
)
[ info ] [ PARAM ] array (
)
[ info ] [ RUN ] app\index\controller\Index->_empty[ /data/home/syu4378230001/htdocs/app/index/controller/Index.php ]
[ info ] [ VIEW ] /data/home/syu4378230001/htdocs/thinkphp/tpl/dispatch_jump.tpl [ array (
  0 => 'code',
  1 => 'msg',
  2 => 'data',
  3 => 'url',
  4 => 'wait',
) ]
[ info ] [ LOG ] INIT File
---------------------------------------------------------------
[ 2019-09-10T10:37:05+08:00 ] 172.17.230.83 54.36.150.183 GET /
[ info ] 51mfgs.com/ [运行时间：0.121606s][吞吐率：8.22req/s] [内存消耗：813.76kb] [文件加载：49]
[ info ] [ LANG ] /data/home/syu4378230001/htdocs/thinkphp/lang/zh-cn.php
[ info ] [ BIND ] 'index/Index'
[ info ] [ ROUTE ] array (
  'type' => 'module',
  'module' => 
  array (
    0 => 'index',
    1 => 'Index',
    2 => NULL,
  ),
)
[ info ] [ HEADER ] array (
  'accept' => '*/*',
  'accept-encoding' => 'deflate, gzip',
  'host' => '51mfgs.com',
  'user-agent' => 'Mozilla/5.0 (compatible; AhrefsBot/6.1; +http://ahrefs.com/robot/)',
)
[ info ] [ PARAM ] array (
)
[ info ] [ RUN ] app\index\controller\Index->index[ /data/home/syu4378230001/htdocs/app/index/controller/Index.php ]
[ info ] [ DB ] INIT mysql
[ info ] [ SESSION ] INIT array (
  'id' => '',
  'var_session_id' => '',
  'prefix' => '',
  'type' => '',
  'auto_start' => true,
  'httponly' => true,
  'secure' => false,
)
[ info ] [ CACHE ] INIT File
[ info ] [ VIEW ] ./app/index/view/index/index.html [ array (
  0 => 'indexhits',
  1 => 'userclass',
  2 => 'usersess',
  3 => 'res_newpro',
  4 => 'res_user',
  5 => 'time',
  6 => 'res_jj',
  7 => 'res_jd',
  8 => 'res_yw',
  9 => 'res_sp',
  10 => 'res_sj',
  11 => 'res_cw',
) ]
[ info ] [ LOG ] INIT File
[ sql ] [ DB ] CONNECT:[ UseTime:0.005207s ] mysql:dbname=sdm442994699_db;host=sdm442994699.my3w.com;charset=utf8
[ sql ] [ SQL ] SHOW COLUMNS FROM `pro2` [ RunTime:0.003719s ]
[ sql ] [ SQL ] SELECT * FROM `pro2` WHERE  `pro_type` = 'jj'  AND `state` = 1  AND `pos` = 1 ORDER BY pro_id DESC LIMIT 3 [ RunTime:0.003031s ]
[ sql ] [ SQL ] SELECT * FROM `pro2` WHERE  `pro_type` = 'jd'  AND `state` = 1  AND `pos` = 1 ORDER BY pro_id DESC LIMIT 3 [ RunTime:0.004891s ]
[ sql ] [ SQL ] SELECT * FROM `pro2` WHERE  `pro_type` = 'yw'  AND `state` = 1  AND `pos` = 1 ORDER BY pro_id DESC LIMIT 3 [ RunTime:0.003517s ]
[ sql ] [ SQL ] SELECT * FROM `pro2` WHERE  `pro_type` = 'sp'  AND `state` = 1  AND `pos` = 1 ORDER BY pro_id DESC LIMIT 3 [ RunTime:0.002551s ]
[ sql ] [ SQL ] SELECT * FROM `pro2` WHERE  `pro_type` = 'sj'  AND `state` = 1  AND `pos` = 1 ORDER BY pro_id DESC LIMIT 3 [ RunTime:0.002813s ]
[ sql ] [ SQL ] SELECT * FROM `pro2` WHERE  (  `pro_type` = 'cw'  AND `state` = 1  AND `pos` = 1 ) [ RunTime:0.002624s ]
[ sql ] [ SQL ] SHOW COLUMNS FROM `user` [ RunTime:0.003321s ]
[ sql ] [ SQL ] SELECT * FROM `user` WHERE  `state` = 1 ORDER BY id DESC LIMIT 3 [ RunTime:0.005028s ]
[ sql ] [ SQL ] SHOW COLUMNS FROM `pro` [ RunTime:0.003691s ]
[ sql ] [ SQL ] SELECT * FROM `pro` WHERE  `pro_id` > 0  AND `state` = 1 ORDER BY pro_id DESC LIMIT 3 [ RunTime:0.004198s ]
[ sql ] [ SQL ] SHOW COLUMNS FROM `pagehits` [ RunTime:0.003590s ]
[ sql ] [ SQL ] UPDATE `pagehits`  SET `hits`=hits+1  WHERE  `id` = 1 [ RunTime:0.004683s ]
[ sql ] [ SQL ] SELECT `hits` FROM `pagehits` WHERE  `id` = 1 LIMIT 1 [ RunTime:0.002268s ]
---------------------------------------------------------------
[ 2019-09-10T11:23:50+08:00 ] 172.17.230.83 54.36.148.238 GET /cw.html
[ info ] 51mfgs.com/cw.html [运行时间：0.080979s][吞吐率：12.35req/s] [内存消耗：625.13kb] [文件加载：45]
[ info ] [ LANG ] /data/home/syu4378230001/htdocs/thinkphp/lang/zh-cn.php
[ info ] [ BIND ] 'index/Index'
[ info ] [ ROUTE ] array (
  'type' => 'module',
  'module' => 
  array (
    0 => 'index',
    1 => 'Index',
    2 => 'cw',
  ),
)
[ info ] [ HEADER ] array (
  'accept' => '*/*',
  'accept-encoding' => 'deflate, gzip',
  'host' => '51mfgs.com',
  'user-agent' => 'Mozilla/5.0 (compatible; AhrefsBot/6.1; +http://ahrefs.com/robot/)',
)
[ info ] [ PARAM ] array (
)
[ info ] [ RUN ] app\index\controller\Index->cw[ /data/home/syu4378230001/htdocs/app/index/controller/Index.php ]
[ info ] [ DB ] INIT mysql
[ info ] [ VIEW ] ./app/index/view/index/cw.html [ array (
  0 => 'list',
  1 => 'total',
) ]
[ info ] [ LOG ] INIT File
[ sql ] [ DB ] CONNECT:[ UseTime:0.009450s ] mysql:dbname=sdm442994699_db;host=sdm442994699.my3w.com;charset=utf8
[ sql ] [ SQL ] SHOW COLUMNS FROM `pro2` [ RunTime:0.003052s ]
[ sql ] [ SQL ] SELECT COUNT(*) AS tp_count FROM `pro2` WHERE  `pro_type` = 'cw'  AND `state` = 1 LIMIT 1 [ RunTime:0.002481s ]
[ sql ] [ SQL ] SELECT * FROM `pro2` WHERE  `pro_type` = 'cw'  AND `state` = 1 ORDER BY pubtime DESC LIMIT 0,100 [ RunTime:0.002415s ]
[ sql ] [ SQL ] SELECT COUNT(*) AS tp_count FROM `pro2` WHERE  `pro_type` = 'cw'  AND `state` = 1 LIMIT 1 [ RunTime:0.002749s ]
---------------------------------------------------------------
[ 2019-09-10T11:26:45+08:00 ] 172.17.230.83 157.55.39.102 GET /publicmes.html
[ info ] 51mfgs.com/publicmes.html [运行时间：0.043496s][吞吐率：22.99req/s] [内存消耗：392.62kb] [文件加载：37]
[ info ] [ LANG ] /data/home/syu4378230001/htdocs/thinkphp/lang/zh-cn.php
[ info ] [ BIND ] 'index/Index'
[ info ] [ ROUTE ] array (
  'type' => 'module',
  'module' => 
  array (
    0 => 'index',
    1 => 'Index',
    2 => 'publicmes',
  ),
)
[ info ] [ HEADER ] array (
  'accept' => '*/*',
  'accept-encoding' => 'gzip, deflate',
  'cache-control' => 'no-cache',
  'connection' => 'Keep-Alive',
  'from' => 'bingbot(at)microsoft.com',
  'host' => '51mfgs.com',
  'pragma' => 'no-cache',
  'user-agent' => 'Mozilla/5.0 (compatible; bingbot/2.0; +http://www.bing.com/bingbot.htm)',
)
[ info ] [ PARAM ] array (
)
[ info ] [ RUN ] app\index\controller\Index->publicmes[ /data/home/syu4378230001/htdocs/app/index/controller/Index.php ]
[ info ] [ SESSION ] INIT array (
  'id' => '',
  'var_session_id' => '',
  'prefix' => '',
  'type' => '',
  'auto_start' => true,
  'httponly' => true,
  'secure' => false,
)
[ info ] [ VIEW ] /data/home/syu4378230001/htdocs/thinkphp/tpl/dispatch_jump.tpl [ array (
  0 => 'code',
  1 => 'msg',
  2 => 'data',
  3 => 'url',
  4 => 'wait',
) ]
[ info ] [ LOG ] INIT File
---------------------------------------------------------------
[ 2019-09-10T12:20:38+08:00 ] 172.17.230.83 202.108.211.151 GET /
[ info ] www.51mfgs.com/ [运行时间：0.121951s][吞吐率：8.20req/s] [内存消耗：816.01kb] [文件加载：49]
[ info ] [ LANG ] /data/home/syu4378230001/htdocs/thinkphp/lang/zh-cn.php
[ info ] [ BIND ] 'index/Index'
[ info ] [ ROUTE ] array (
  'type' => 'module',
  'module' => 
  array (
    0 => 'index',
    1 => 'Index',
    2 => NULL,
  ),
)
[ info ] [ HEADER ] array (
  'accept' => 'text/html,application/xhtml+xml,application/xml;q=0.9,image/webp,*/*;q=0.8',
  'accept-encoding' => 'gzip, deflate, sdch',
  'accept-language' => 'zh-CN,zh;q=0.8,en-US;q=0.6,en;q=0.4',
  'cache-control' => 'no-cache',
  'connection' => 'keep-alive',
  'host' => 'www.51mfgs.com',
  'pragma' => 'no-cache',
  'upgrade-insecure-requests' => '1',
  'user-agent' => 'Mozilla/5.0 (X11; Linux x86_64) AppleWebKit/535.21 (KHTML, like Gecko) Chrome/19.0.1042.0 Safari/535.21',
)
[ info ] [ PARAM ] array (
)
[ info ] [ RUN ] app\index\controller\Index->index[ /data/home/syu4378230001/htdocs/app/index/controller/Index.php ]
[ info ] [ DB ] INIT mysql
[ info ] [ SESSION ] INIT array (
  'id' => '',
  'var_session_id' => '',
  'prefix' => '',
  'type' => '',
  'auto_start' => true,
  'httponly' => true,
  'secure' => false,
)
[ info ] [ CACHE ] INIT File
[ info ] [ VIEW ] ./app/index/view/index/index.html [ array (
  0 => 'indexhits',
  1 => 'userclass',
  2 => 'usersess',
  3 => 'res_newpro',
  4 => 'res_user',
  5 => 'time',
  6 => 'res_jj',
  7 => 'res_jd',
  8 => 'res_yw',
  9 => 'res_sp',
  10 => 'res_sj',
  11 => 'res_cw',
) ]
[ info ] [ LOG ] INIT File
[ sql ] [ DB ] CONNECT:[ UseTime:0.005624s ] mysql:dbname=sdm442994699_db;host=sdm442994699.my3w.com;charset=utf8
[ sql ] [ SQL ] SHOW COLUMNS FROM `pro2` [ RunTime:0.003681s ]
[ sql ] [ SQL ] SELECT * FROM `pro2` WHERE  `pro_type` = 'jj'  AND `state` = 1  AND `pos` = 1 ORDER BY pro_id DESC LIMIT 3 [ RunTime:0.003203s ]
[ sql ] [ SQL ] SELECT * FROM `pro2` WHERE  `pro_type` = 'jd'  AND `state` = 1  AND `pos` = 1 ORDER BY pro_id DESC LIMIT 3 [ RunTime:0.003121s ]
[ sql ] [ SQL ] SELECT * FROM `pro2` WHERE  `pro_type` = 'yw'  AND `state` = 1  AND `pos` = 1 ORDER BY pro_id DESC LIMIT 3 [ RunTime:0.003289s ]
[ sql ] [ SQL ] SELECT * FROM `pro2` WHERE  `pro_type` = 'sp'  AND `state` = 1  AND `pos` = 1 ORDER BY pro_id DESC LIMIT 3 [ RunTime:0.003192s ]
[ sql ] [ SQL ] SELECT * FROM `pro2` WHERE  `pro_type` = 'sj'  AND `state` = 1  AND `pos` = 1 ORDER BY pro_id DESC LIMIT 3 [ RunTime:0.003161s ]
[ sql ] [ SQL ] SELECT * FROM `pro2` WHERE  (  `pro_type` = 'cw'  AND `state` = 1  AND `pos` = 1 ) [ RunTime:0.003099s ]
[ sql ] [ SQL ] SHOW COLUMNS FROM `user` [ RunTime:0.003266s ]
[ sql ] [ SQL ] SELECT * FROM `user` WHERE  `state` = 1 ORDER BY id DESC LIMIT 3 [ RunTime:0.003286s ]
[ sql ] [ SQL ] SHOW COLUMNS FROM `pro` [ RunTime:0.003494s ]
[ sql ] [ SQL ] SELECT * FROM `pro` WHERE  `pro_id` > 0  AND `state` = 1 ORDER BY pro_id DESC LIMIT 3 [ RunTime:0.004709s ]
[ sql ] [ SQL ] SHOW COLUMNS FROM `pagehits` [ RunTime:0.003150s ]
[ sql ] [ SQL ] UPDATE `pagehits`  SET `hits`=hits+1  WHERE  `id` = 1 [ RunTime:0.003266s ]
[ sql ] [ SQL ] SELECT `hits` FROM `pagehits` WHERE  `id` = 1 LIMIT 1 [ RunTime:0.004308s ]
---------------------------------------------------------------
[ 2019-09-10T13:09:02+08:00 ] 172.17.230.83 42.156.138.118 GET /proorder/id/230
[ info ] www.51mfgs.com/proorder/id/230 [运行时间：0.039672s][吞吐率：25.21req/s] [内存消耗：393.32kb] [文件加载：37]
[ info ] [ LANG ] /data/home/syu4378230001/htdocs/thinkphp/lang/zh-cn.php
[ info ] [ BIND ] 'index/Index'
[ info ] [ ROUTE ] array (
  'type' => 'module',
  'module' => 
  array (
    0 => 'index',
    1 => 'Index',
    2 => 'proorder',
  ),
)
[ info ] [ HEADER ] array (
  'accept' => 'text/html,application/xhtml+xml,application/xml;q=0.9,image/webp,image/apng,*/*;q=0.8',
  'accept-encoding' => 'gzip, deflate',
  'connection' => 'close',
  'host' => 'www.51mfgs.com',
  'upgrade-insecure-requests' => '1',
  'user-agent' => 'Mozilla/5.0 (Windows NT 6.1; Win64; x64) AppleWebKit/537.36 (KHTML, like Gecko) Chrome/69.0.3497.81 YisouSpider/5.0 Safari/537.36',
)
[ info ] [ PARAM ] array (
  'id' => '230',
)
[ info ] [ RUN ] app\index\controller\Index->proorder[ /data/home/syu4378230001/htdocs/app/index/controller/Index.php ]
[ info ] [ SESSION ] INIT array (
  'id' => '',
  'var_session_id' => '',
  'prefix' => '',
  'type' => '',
  'auto_start' => true,
  'httponly' => true,
  'secure' => false,
)
[ info ] [ VIEW ] /data/home/syu4378230001/htdocs/thinkphp/tpl/dispatch_jump.tpl [ array (
  0 => 'code',
  1 => 'msg',
  2 => 'data',
  3 => 'url',
  4 => 'wait',
) ]
[ info ] [ LOG ] INIT File
---------------------------------------------------------------
[ 2019-09-10T13:09:48+08:00 ] 172.17.230.83 46.229.168.162 GET /robots.txt
[ info ] 51mfgs.com/robots.txt [运行时间：0.039403s][吞吐率：25.38req/s] [内存消耗：388.78kb] [文件加载：36]
[ info ] [ LANG ] /data/home/syu4378230001/htdocs/thinkphp/lang/zh-cn.php
[ info ] [ BIND ] 'index/Index'
[ info ] [ ROUTE ] array (
  'type' => 'module',
  'module' => 
  array (
    0 => 'index',
    1 => 'Index',
    2 => 'robots.txt',
  ),
)
[ info ] [ HEADER ] array (
  'accept' => '*/*',
  'accept-encoding' => 'gzip,deflate',
  'connection' => 'close',
  'host' => '51mfgs.com',
  'user-agent' => 'Mozilla/5.0 (compatible; SemrushBot/6~bl; +http://www.semrush.com/bot.html)',
)
[ info ] [ PARAM ] array (
)
[ info ] [ RUN ] app\index\controller\Index->_empty[ /data/home/syu4378230001/htdocs/app/index/controller/Index.php ]
[ info ] [ VIEW ] /data/home/syu4378230001/htdocs/thinkphp/tpl/dispatch_jump.tpl [ array (
  0 => 'code',
  1 => 'msg',
  2 => 'data',
  3 => 'url',
  4 => 'wait',
) ]
[ info ] [ LOG ] INIT File
---------------------------------------------------------------
[ 2019-09-10T13:09:58+08:00 ] 172.17.230.83 46.229.168.142 GET /yw.html
[ info ] 51mfgs.com/yw.html [运行时间：0.084341s][吞吐率：11.86req/s] [内存消耗：625.60kb] [文件加载：45]
[ info ] [ LANG ] /data/home/syu4378230001/htdocs/thinkphp/lang/zh-cn.php
[ info ] [ BIND ] 'index/Index'
[ info ] [ ROUTE ] array (
  'type' => 'module',
  'module' => 
  array (
    0 => 'index',
    1 => 'Index',
    2 => 'yw',
  ),
)
[ info ] [ HEADER ] array (
  'accept' => 'text/html, application/rss+xml, application/atom+xml, text/xml, text/rss+xml',
  'accept-encoding' => 'gzip,deflate',
  'connection' => 'close',
  'host' => '51mfgs.com',
  'user-agent' => 'Mozilla/5.0 (compatible; SemrushBot/6~bl; +http://www.semrush.com/bot.html)',
)
[ info ] [ PARAM ] array (
)
[ info ] [ RUN ] app\index\controller\Index->yw[ /data/home/syu4378230001/htdocs/app/index/controller/Index.php ]
[ info ] [ DB ] INIT mysql
[ info ] [ VIEW ] ./app/index/view/index/yw.html [ array (
  0 => 'list',
  1 => 'total',
) ]
[ info ] [ LOG ] INIT File
[ sql ] [ DB ] CONNECT:[ UseTime:0.007883s ] mysql:dbname=sdm442994699_db;host=sdm442994699.my3w.com;charset=utf8
[ sql ] [ SQL ] SHOW COLUMNS FROM `pro2` [ RunTime:0.004307s ]
[ sql ] [ SQL ] SELECT COUNT(*) AS tp_count FROM `pro2` WHERE  `pro_type` = 'yw'  AND `state` = 1 LIMIT 1 [ RunTime:0.002651s ]
[ sql ] [ SQL ] SELECT * FROM `pro2` WHERE  `pro_type` = 'yw'  AND `state` = 1 ORDER BY pubtime DESC LIMIT 0,100 [ RunTime:0.003452s ]
[ sql ] [ SQL ] SELECT COUNT(*) AS tp_count FROM `pro2` WHERE  `pro_type` = 'yw'  AND `state` = 1 LIMIT 1 [ RunTime:0.003851s ]
---------------------------------------------------------------
[ 2019-09-10T13:18:03+08:00 ] 172.17.230.83 42.156.136.72 GET /myspace.html
[ info ] www.51mfgs.com/myspace.html [运行时间：0.039433s][吞吐率：25.36req/s] [内存消耗：392.64kb] [文件加载：37]
[ info ] [ LANG ] /data/home/syu4378230001/htdocs/thinkphp/lang/zh-cn.php
[ info ] [ BIND ] 'index/Index'
[ info ] [ ROUTE ] array (
  'type' => 'module',
  'module' => 
  array (
    0 => 'index',
    1 => 'Index',
    2 => 'myspace',
  ),
)
[ info ] [ HEADER ] array (
  'accept' => 'text/html,application/xhtml+xml,application/xml;q=0.9,image/webp,image/apng,*/*;q=0.8',
  'accept-encoding' => 'gzip, deflate',
  'connection' => 'close',
  'host' => 'www.51mfgs.com',
  'upgrade-insecure-requests' => '1',
  'user-agent' => 'Mozilla/5.0 (Windows NT 6.1; Win64; x64) AppleWebKit/537.36 (KHTML, like Gecko) Chrome/69.0.3497.81 YisouSpider/5.0 Safari/537.36',
)
[ info ] [ PARAM ] array (
)
[ info ] [ RUN ] app\index\controller\Index->myspace[ /data/home/syu4378230001/htdocs/app/index/controller/Index.php ]
[ info ] [ SESSION ] INIT array (
  'id' => '',
  'var_session_id' => '',
  'prefix' => '',
  'type' => '',
  'auto_start' => true,
  'httponly' => true,
  'secure' => false,
)
[ info ] [ VIEW ] /data/home/syu4378230001/htdocs/thinkphp/tpl/dispatch_jump.tpl [ array (
  0 => 'code',
  1 => 'msg',
  2 => 'data',
  3 => 'url',
  4 => 'wait',
) ]
[ info ] [ LOG ] INIT File
---------------------------------------------------------------
[ 2019-09-10T14:29:04+08:00 ] 172.17.230.83 221.192.180.74 GET /dshserver
[ info ] www.51mfgs.com/dshserver [运行时间：0.043187s][吞吐率：23.16req/s] [内存消耗：388.89kb] [文件加载：35]
[ info ] [ LANG ] /data/home/syu4378230001/htdocs/thinkphp/lang/zh-cn.php
[ info ] [ BIND ] 'index/Index'
[ info ] [ ROUTE ] array (
  'type' => 'module',
  'module' => 
  array (
    0 => 'index',
    1 => 'Index',
    2 => 'dshserver',
  ),
)
[ info ] [ HEADER ] array (
  'accept' => 'text/html,application/xhtml+xml,application/xml;q=0.9,image/webp,image/apng,image/wxpic,image/sharpp,image/apng,image/tpg,*/*;q=0.8',
  'accept-encoding' => 'gzip, deflate, br',
  'accept-language' => 'zh-CN,zh-TW;q=0.9,en-US;q=0.8',
  'connection' => 'keep-alive',
  'host' => 'www.51mfgs.com',
  'upgrade-insecure-requests' => '1',
  'user-agent' => 'Mozilla/5.0 (Linux; Android 9; EML-AL00 Build/HUAWEIEML-AL00; wv) AppleWebKit/537.36 (KHTML, like Gecko) Version/4.0 Chrome/66.0.3359.126 MQQBrowser/6.2 TBS/044904 Mobile Safari/537.36 MMWEBID/7221 MicroMessenger/7.0.6.1460(0x27000634) Process/tools NetType/4G Language/zh_CN',
)
[ info ] [ PARAM ] array (
)
[ info ] [ RUN ] app\index\controller\Index->dshserver[ /data/home/syu4378230001/htdocs/app/index/controller/Index.php ]
[ info ] [ VIEW ] ./template/dsk/dskindex.html [ array (
) ]
[ info ] [ LOG ] INIT File
---------------------------------------------------------------
[ 2019-09-10T14:29:05+08:00 ] 172.17.230.83 221.192.180.74 GET /favicon.ico
[ info ] www.51mfgs.com/favicon.ico [运行时间：0.040544s][吞吐率：24.66req/s] [内存消耗：390.52kb] [文件加载：36]
[ info ] [ LANG ] /data/home/syu4378230001/htdocs/thinkphp/lang/zh-cn.php
[ info ] [ BIND ] 'index/Index'
[ info ] [ ROUTE ] array (
  'type' => 'module',
  'module' => 
  array (
    0 => 'index',
    1 => 'Index',
    2 => 'favicon.ico',
  ),
)
[ info ] [ HEADER ] array (
  'accept' => 'image/webp,image/wxpic,image/sharpp,image/apng,image/tpg,image/*,*/*;q=0.8',
  'accept-encoding' => 'gzip, deflate, br',
  'accept-language' => 'zh-CN,zh-TW;q=0.9,en-US;q=0.8',
  'connection' => 'keep-alive',
  'host' => 'www.51mfgs.com',
  'referer' => 'https://www.51mfgs.com/dshserver',
  'user-agent' => 'Mozilla/5.0 (Linux; Android 9; EML-AL00 Build/HUAWEIEML-AL00; wv) AppleWebKit/537.36 (KHTML, like Gecko) Version/4.0 Chrome/66.0.3359.126 MQQBrowser/6.2 TBS/044904 Mobile Safari/537.36 MMWEBID/7221 MicroMessenger/7.0.6.1460(0x27000634) Process/tools NetType/4G Language/zh_CN',
)
[ info ] [ PARAM ] array (
)
[ info ] [ RUN ] app\index\controller\Index->_empty[ /data/home/syu4378230001/htdocs/app/index/controller/Index.php ]
[ info ] [ VIEW ] /data/home/syu4378230001/htdocs/thinkphp/tpl/dispatch_jump.tpl [ array (
  0 => 'code',
  1 => 'msg',
  2 => 'data',
  3 => 'url',
  4 => 'wait',
) ]
[ info ] [ LOG ] INIT File
---------------------------------------------------------------
[ 2019-09-10T14:32:52+08:00 ] 172.17.230.83 46.229.168.141 GET /robots.txt
[ info ] 51mfgs.com/robots.txt [运行时间：0.039840s][吞吐率：25.10req/s] [内存消耗：388.78kb] [文件加载：36]
[ info ] [ LANG ] /data/home/syu4378230001/htdocs/thinkphp/lang/zh-cn.php
[ info ] [ BIND ] 'index/Index'
[ info ] [ ROUTE ] array (
  'type' => 'module',
  'module' => 
  array (
    0 => 'index',
    1 => 'Index',
    2 => 'robots.txt',
  ),
)
[ info ] [ HEADER ] array (
  'accept' => '*/*',
  'accept-encoding' => 'gzip,deflate',
  'connection' => 'close',
  'host' => '51mfgs.com',
  'user-agent' => 'Mozilla/5.0 (compatible; SemrushBot/6~bl; +http://www.semrush.com/bot.html)',
)
[ info ] [ PARAM ] array (
)
[ info ] [ RUN ] app\index\controller\Index->_empty[ /data/home/syu4378230001/htdocs/app/index/controller/Index.php ]
[ info ] [ VIEW ] /data/home/syu4378230001/htdocs/thinkphp/tpl/dispatch_jump.tpl [ array (
  0 => 'code',
  1 => 'msg',
  2 => 'data',
  3 => 'url',
  4 => 'wait',
) ]
[ info ] [ LOG ] INIT File
---------------------------------------------------------------
[ 2019-09-10T14:32:53+08:00 ] 172.17.230.83 46.229.168.150 GET /leavemessage.html
[ info ] 51mfgs.com/leavemessage.html [运行时间：0.114659s][吞吐率：8.72req/s] [内存消耗：810.00kb] [文件加载：52]
[ info ] [ LANG ] /data/home/syu4378230001/htdocs/thinkphp/lang/zh-cn.php
[ info ] [ BIND ] 'index/Index'
[ info ] [ ROUTE ] array (
  'type' => 'module',
  'module' => 
  array (
    0 => 'index',
    1 => 'Index',
    2 => 'leavemessage',
  ),
)
[ info ] [ HEADER ] array (
  'accept' => 'text/html, application/rss+xml, application/atom+xml, text/xml, text/rss+xml',
  'accept-encoding' => 'gzip,deflate',
  'connection' => 'close',
  'host' => '51mfgs.com',
  'user-agent' => 'Mozilla/5.0 (compatible; SemrushBot/6~bl; +http://www.semrush.com/bot.html)',
)
[ info ] [ PARAM ] array (
)
[ info ] [ RUN ] app\index\controller\Index->leavemessage[ /data/home/syu4378230001/htdocs/app/index/controller/Index.php ]
[ info ] [ DB ] INIT mysql
[ info ] [ SESSION ] INIT array (
  'id' => '',
  'var_session_id' => '',
  'prefix' => '',
  'type' => '',
  'auto_start' => true,
  'httponly' => true,
  'secure' => false,
)
[ info ] [ VIEW ] ./template/leavemessage/index.html [ array (
  0 => 'list',
  1 => 'total',
  2 => 'class',
  3 => 'now',
  4 => 'data',
  5 => 'pwd',
) ]
[ info ] [ LOG ] INIT File
[ sql ] [ DB ] CONNECT:[ UseTime:0.008631s ] mysql:dbname=sdm442994699_db;host=sdm442994699.my3w.com;charset=utf8
[ sql ] [ SQL ] SHOW COLUMNS FROM `mes` [ RunTime:0.003655s ]
[ sql ] [ SQL ] SELECT COUNT(*) AS tp_count FROM `mes` WHERE  `state` = 1 LIMIT 1 [ RunTime:0.003059s ]
[ sql ] [ SQL ] SELECT * FROM `mes` WHERE  `state` = 1 LIMIT 0,15 [ RunTime:0.003592s ]
[ sql ] [ SQL ] SHOW COLUMNS FROM `user` [ RunTime:0.003534s ]
[ sql ] [ SQL ] SELECT * FROM `user` WHERE  `id` = 16 LIMIT 1 [ RunTime:0.003490s ]
[ sql ] [ SQL ] SELECT * FROM `user` WHERE  `id` = 18 LIMIT 1 [ RunTime:0.003984s ]
[ sql ] [ SQL ] SELECT COUNT(*) AS tp_count FROM `mes` WHERE  `state` = 1 LIMIT 1 [ RunTime:0.002862s ]
[ sql ] [ SQL ] SELECT * FROM `user` WHERE  `username` IS NULL LIMIT 1 [ RunTime:0.003201s ]
[ sql ] [ SQL ] SELECT * FROM `mes` WHERE  `state` = 1 ORDER BY createtime DESC [ RunTime:0.002816s ]
---------------------------------------------------------------
[ 2019-09-10T14:44:45+08:00 ] 172.17.230.83 202.104.129.54 GET /
[ info ] www.51mfgs.com/ [运行时间：0.123753s][吞吐率：8.08req/s] [内存消耗：814.34kb] [文件加载：49]
[ info ] [ LANG ] /data/home/syu4378230001/htdocs/thinkphp/lang/zh-cn.php
[ info ] [ BIND ] 'index/Index'
[ info ] [ ROUTE ] array (
  'type' => 'module',
  'module' => 
  array (
    0 => 'index',
    1 => 'Index',
    2 => NULL,
  ),
)
[ info ] [ HEADER ] array (
  'accept' => 'text/html,application/xhtml+xml,application/xml;q=0.9,image/webp,*/*;q=0.8',
  'accept-encoding' => 'gzip, deflate, sdch',
  'accept-language' => 'zh-CN,zh;q=0.8',
  'connection' => 'keep-alive',
  'host' => 'www.51mfgs.com',
  'upgrade-insecure-requests' => '1',
  'user-agent' => 'Mozilla/5.0 (Windows NT 5.1) AppleWebKit/537.36 (KHTML, like Gecko) Chrome/49.0.2623.112 Safari/537.36',
)
[ info ] [ PARAM ] array (
)
[ info ] [ RUN ] app\index\controller\Index->index[ /data/home/syu4378230001/htdocs/app/index/controller/Index.php ]
[ info ] [ DB ] INIT mysql
[ info ] [ SESSION ] INIT array (
  'id' => '',
  'var_session_id' => '',
  'prefix' => '',
  'type' => '',
  'auto_start' => true,
  'httponly' => true,
  'secure' => false,
)
[ info ] [ CACHE ] INIT File
[ info ] [ VIEW ] ./app/index/view/index/index.html [ array (
  0 => 'indexhits',
  1 => 'userclass',
  2 => 'usersess',
  3 => 'res_newpro',
  4 => 'res_user',
  5 => 'time',
  6 => 'res_jj',
  7 => 'res_jd',
  8 => 'res_yw',
  9 => 'res_sp',
  10 => 'res_sj',
  11 => 'res_cw',
) ]
[ info ] [ LOG ] INIT File
[ sql ] [ DB ] CONNECT:[ UseTime:0.005195s ] mysql:dbname=sdm442994699_db;host=sdm442994699.my3w.com;charset=utf8
[ sql ] [ SQL ] SHOW COLUMNS FROM `pro2` [ RunTime:0.003254s ]
[ sql ] [ SQL ] SELECT * FROM `pro2` WHERE  `pro_type` = 'jj'  AND `state` = 1  AND `pos` = 1 ORDER BY pro_id DESC LIMIT 3 [ RunTime:0.003278s ]
[ sql ] [ SQL ] SELECT * FROM `pro2` WHERE  `pro_type` = 'jd'  AND `state` = 1  AND `pos` = 1 ORDER BY pro_id DESC LIMIT 3 [ RunTime:0.003809s ]
[ sql ] [ SQL ] SELECT * FROM `pro2` WHERE  `pro_type` = 'yw'  AND `state` = 1  AND `pos` = 1 ORDER BY pro_id DESC LIMIT 3 [ RunTime:0.003531s ]
[ sql ] [ SQL ] SELECT * FROM `pro2` WHERE  `pro_type` = 'sp'  AND `state` = 1  AND `pos` = 1 ORDER BY pro_id DESC LIMIT 3 [ RunTime:0.003991s ]
[ sql ] [ SQL ] SELECT * FROM `pro2` WHERE  `pro_type` = 'sj'  AND `state` = 1  AND `pos` = 1 ORDER BY pro_id DESC LIMIT 3 [ RunTime:0.004443s ]
[ sql ] [ SQL ] SELECT * FROM `pro2` WHERE  (  `pro_type` = 'cw'  AND `state` = 1  AND `pos` = 1 ) [ RunTime:0.003665s ]
[ sql ] [ SQL ] SHOW COLUMNS FROM `user` [ RunTime:0.004695s ]
[ sql ] [ SQL ] SELECT * FROM `user` WHERE  `state` = 1 ORDER BY id DESC LIMIT 3 [ RunTime:0.003684s ]
[ sql ] [ SQL ] SHOW COLUMNS FROM `pro` [ RunTime:0.003634s ]
[ sql ] [ SQL ] SELECT * FROM `pro` WHERE  `pro_id` > 0  AND `state` = 1 ORDER BY pro_id DESC LIMIT 3 [ RunTime:0.005327s ]
[ sql ] [ SQL ] SHOW COLUMNS FROM `pagehits` [ RunTime:0.004134s ]
[ sql ] [ SQL ] UPDATE `pagehits`  SET `hits`=hits+1  WHERE  `id` = 1 [ RunTime:0.005059s ]
[ sql ] [ SQL ] SELECT `hits` FROM `pagehits` WHERE  `id` = 1 LIMIT 1 [ RunTime:0.002575s ]
---------------------------------------------------------------
[ 2019-09-10T14:44:53+08:00 ] 172.17.230.83 202.104.129.54 POST /searchpro.html
[ info ] www.51mfgs.com/searchpro.html [运行时间：0.080484s][吞吐率：12.42req/s] [内存消耗：696.76kb] [文件加载：45]
[ info ] [ LANG ] /data/home/syu4378230001/htdocs/thinkphp/lang/zh-cn.php
[ info ] [ BIND ] 'index/Index'
[ info ] [ ROUTE ] array (
  'type' => 'module',
  'module' => 
  array (
    0 => 'index',
    1 => 'Index',
    2 => 'searchpro',
  ),
)
[ info ] [ HEADER ] array (
  'content-length' => '9',
  'content-type' => 'application/x-www-form-urlencoded',
  'accept' => 'text/html,application/xhtml+xml,application/xml;q=0.9,image/webp,*/*;q=0.8',
  'accept-encoding' => 'gzip, deflate',
  'accept-language' => 'zh-CN,zh;q=0.8',
  'cache-control' => 'max-age=0',
  'connection' => 'keep-alive',
  'cookie' => 'PHPSESSID=h9kljt1eqam5k36dmhkchakf12',
  'host' => 'www.51mfgs.com',
  'origin' => 'https://www.51mfgs.com',
  'referer' => 'https://www.51mfgs.com/',
  'upgrade-insecure-requests' => '1',
  'user-agent' => 'Mozilla/5.0 (Windows NT 5.1) AppleWebKit/537.36 (KHTML, like Gecko) Chrome/49.0.2623.112 Safari/537.36',
)
[ info ] [ PARAM ] array (
  'keywords' => '',
)
[ info ] [ RUN ] app\index\controller\Index->searchpro[ /data/home/syu4378230001/htdocs/app/index/controller/Index.php ]
[ info ] [ DB ] INIT mysql
[ info ] [ VIEW ] ./app/index/view/index/searchpro.html [ array (
  0 => 'list',
  1 => 'total',
  2 => 'resnums',
  3 => 'page',
  4 => 'pages',
) ]
[ info ] [ LOG ] INIT File
[ sql ] [ DB ] CONNECT:[ UseTime:0.007117s ] mysql:dbname=sdm442994699_db;host=sdm442994699.my3w.com;charset=utf8
[ sql ] [ SQL ] SHOW COLUMNS FROM `pro2` [ RunTime:0.004885s ]
[ sql ] [ SQL ] SELECT COUNT(*) AS tp_count FROM `pro2` WHERE  `pro_name` LIKE '%%' LIMIT 1 [ RunTime:0.004830s ]
[ sql ] [ SQL ] SELECT * FROM `pro2` WHERE  `pro_name` LIKE '%%' ORDER BY pubtime DESC LIMIT 0,30 [ RunTime:0.004397s ]
[ sql ] [ SQL ] SELECT COUNT(*) AS tp_count FROM `pro2` WHERE  `pro_name` LIKE '%%' LIMIT 1 [ RunTime:0.003944s ]
---------------------------------------------------------------
[ 2019-09-10T14:44:57+08:00 ] 172.17.230.83 202.104.129.54 GET /favicon.ico
[ info ] www.51mfgs.com/favicon.ico [运行时间：0.040938s][吞吐率：24.43req/s] [内存消耗：390.09kb] [文件加载：36]
[ info ] [ LANG ] /data/home/syu4378230001/htdocs/thinkphp/lang/zh-cn.php
[ info ] [ BIND ] 'index/Index'
[ info ] [ ROUTE ] array (
  'type' => 'module',
  'module' => 
  array (
    0 => 'index',
    1 => 'Index',
    2 => 'favicon.ico',
  ),
)
[ info ] [ HEADER ] array (
  'accept' => '*/*',
  'accept-encoding' => 'gzip, deflate, sdch',
  'accept-language' => 'zh-CN,zh;q=0.8',
  'connection' => 'keep-alive',
  'cookie' => 'PHPSESSID=h9kljt1eqam5k36dmhkchakf12',
  'host' => 'www.51mfgs.com',
  'referer' => 'https://www.51mfgs.com/searchpro.html',
  'user-agent' => 'Mozilla/5.0 (Windows NT 5.1) AppleWebKit/537.36 (KHTML, like Gecko) Chrome/49.0.2623.112 Safari/537.36',
)
[ info ] [ PARAM ] array (
)
[ info ] [ RUN ] app\index\controller\Index->_empty[ /data/home/syu4378230001/htdocs/app/index/controller/Index.php ]
[ info ] [ VIEW ] /data/home/syu4378230001/htdocs/thinkphp/tpl/dispatch_jump.tpl [ array (
  0 => 'code',
  1 => 'msg',
  2 => 'data',
  3 => 'url',
  4 => 'wait',
) ]
[ info ] [ LOG ] INIT File
---------------------------------------------------------------
[ 2019-09-10T15:09:07+08:00 ] 172.17.230.83 40.77.167.210 GET /jd.html
[ info ] 51mfgs.com/jd.html [运行时间：0.085178s][吞吐率：11.74req/s] [内存消耗：623.88kb] [文件加载：45]
[ info ] [ LANG ] /data/home/syu4378230001/htdocs/thinkphp/lang/zh-cn.php
[ info ] [ BIND ] 'index/Index'
[ info ] [ ROUTE ] array (
  'type' => 'module',
  'module' => 
  array (
    0 => 'index',
    1 => 'Index',
    2 => 'jd',
  ),
)
[ info ] [ HEADER ] array (
  'accept' => '*/*',
  'accept-encoding' => 'gzip, deflate',
  'cache-control' => 'no-cache',
  'connection' => 'Keep-Alive',
  'from' => 'bingbot(at)microsoft.com',
  'host' => '51mfgs.com',
  'pragma' => 'no-cache',
  'user-agent' => 'Mozilla/5.0 (compatible; bingbot/2.0; +http://www.bing.com/bingbot.htm)',
)
[ info ] [ PARAM ] array (
)
[ info ] [ RUN ] app\index\controller\Index->jd[ /data/home/syu4378230001/htdocs/app/index/controller/Index.php ]
[ info ] [ DB ] INIT mysql
[ info ] [ VIEW ] ./app/index/view/index/jd.html [ array (
  0 => 'list',
  1 => 'total',
) ]
[ info ] [ LOG ] INIT File
[ sql ] [ DB ] CONNECT:[ UseTime:0.010172s ] mysql:dbname=sdm442994699_db;host=sdm442994699.my3w.com;charset=utf8
[ sql ] [ SQL ] SHOW COLUMNS FROM `pro2` [ RunTime:0.005298s ]
[ sql ] [ SQL ] SELECT COUNT(*) AS tp_count FROM `pro2` WHERE  `pro_type` = 'jd'  AND `state` = 1 LIMIT 1 [ RunTime:0.005227s ]
[ sql ] [ SQL ] SELECT * FROM `pro2` WHERE  `pro_type` = 'jd'  AND `state` = 1 ORDER BY pubtime DESC LIMIT 0,100 [ RunTime:0.005864s ]
[ sql ] [ SQL ] SELECT COUNT(*) AS tp_count FROM `pro2` WHERE  `pro_type` = 'jd'  AND `state` = 1 LIMIT 1 [ RunTime:0.003239s ]
---------------------------------------------------------------
[ 2019-09-10T16:10:13+08:00 ] 172.17.230.83 220.181.108.169 GET /
[ info ] www.51mfgs.com/ [运行时间：0.118564s][吞吐率：8.43req/s] [内存消耗：813.95kb] [文件加载：49]
[ info ] [ LANG ] /data/home/syu4378230001/htdocs/thinkphp/lang/zh-cn.php
[ info ] [ BIND ] 'index/Index'
[ info ] [ ROUTE ] array (
  'type' => 'module',
  'module' => 
  array (
    0 => 'index',
    1 => 'Index',
    2 => NULL,
  ),
)
[ info ] [ HEADER ] array (
  'accept' => '*/*',
  'accept-language' => 'zh-cn,zh-tw',
  'host' => 'www.51mfgs.com',
  'if-none-match' => '""""@NULL@""""',
  'user-agent' => 'Mozilla/5.0 (compatible; Baiduspider/2.0; +http://www.baidu.com/search/spider.html)',
)
[ info ] [ PARAM ] array (
)
[ info ] [ RUN ] app\index\controller\Index->index[ /data/home/syu4378230001/htdocs/app/index/controller/Index.php ]
[ info ] [ DB ] INIT mysql
[ info ] [ SESSION ] INIT array (
  'id' => '',
  'var_session_id' => '',
  'prefix' => '',
  'type' => '',
  'auto_start' => true,
  'httponly' => true,
  'secure' => false,
)
[ info ] [ CACHE ] INIT File
[ info ] [ VIEW ] ./app/index/view/index/index.html [ array (
  0 => 'indexhits',
  1 => 'userclass',
  2 => 'usersess',
  3 => 'res_newpro',
  4 => 'res_user',
  5 => 'time',
  6 => 'res_jj',
  7 => 'res_jd',
  8 => 'res_yw',
  9 => 'res_sp',
  10 => 'res_sj',
  11 => 'res_cw',
) ]
[ info ] [ LOG ] INIT File
[ sql ] [ DB ] CONNECT:[ UseTime:0.006892s ] mysql:dbname=sdm442994699_db;host=sdm442994699.my3w.com;charset=utf8
[ sql ] [ SQL ] SHOW COLUMNS FROM `pro2` [ RunTime:0.003624s ]
[ sql ] [ SQL ] SELECT * FROM `pro2` WHERE  `pro_type` = 'jj'  AND `state` = 1  AND `pos` = 1 ORDER BY pro_id DESC LIMIT 3 [ RunTime:0.003160s ]
[ sql ] [ SQL ] SELECT * FROM `pro2` WHERE  `pro_type` = 'jd'  AND `state` = 1  AND `pos` = 1 ORDER BY pro_id DESC LIMIT 3 [ RunTime:0.003180s ]
[ sql ] [ SQL ] SELECT * FROM `pro2` WHERE  `pro_type` = 'yw'  AND `state` = 1  AND `pos` = 1 ORDER BY pro_id DESC LIMIT 3 [ RunTime:0.003130s ]
[ sql ] [ SQL ] SELECT * FROM `pro2` WHERE  `pro_type` = 'sp'  AND `state` = 1  AND `pos` = 1 ORDER BY pro_id DESC LIMIT 3 [ RunTime:0.002990s ]
[ sql ] [ SQL ] SELECT * FROM `pro2` WHERE  `pro_type` = 'sj'  AND `state` = 1  AND `pos` = 1 ORDER BY pro_id DESC LIMIT 3 [ RunTime:0.002993s ]
[ sql ] [ SQL ] SELECT * FROM `pro2` WHERE  (  `pro_type` = 'cw'  AND `state` = 1  AND `pos` = 1 ) [ RunTime:0.002941s ]
[ sql ] [ SQL ] SHOW COLUMNS FROM `user` [ RunTime:0.003964s ]
[ sql ] [ SQL ] SELECT * FROM `user` WHERE  `state` = 1 ORDER BY id DESC LIMIT 3 [ RunTime:0.002838s ]
[ sql ] [ SQL ] SHOW COLUMNS FROM `pro` [ RunTime:0.004000s ]
[ sql ] [ SQL ] SELECT * FROM `pro` WHERE  `pro_id` > 0  AND `state` = 1 ORDER BY pro_id DESC LIMIT 3 [ RunTime:0.002883s ]
[ sql ] [ SQL ] SHOW COLUMNS FROM `pagehits` [ RunTime:0.003170s ]
[ sql ] [ SQL ] UPDATE `pagehits`  SET `hits`=hits+1  WHERE  `id` = 1 [ RunTime:0.002651s ]
[ sql ] [ SQL ] SELECT `hits` FROM `pagehits` WHERE  `id` = 1 LIMIT 1 [ RunTime:0.002691s ]
---------------------------------------------------------------
[ 2019-09-10T18:00:14+08:00 ] 172.17.230.83 185.6.9.203 GET /robots.txt
[ info ] 51mfgs.com/robots.txt [运行时间：0.040452s][吞吐率：24.72req/s] [内存消耗：388.69kb] [文件加载：36]
[ info ] [ LANG ] /data/home/syu4378230001/htdocs/thinkphp/lang/zh-cn.php
[ info ] [ BIND ] 'index/Index'
[ info ] [ ROUTE ] array (
  'type' => 'module',
  'module' => 
  array (
    0 => 'index',
    1 => 'Index',
    2 => 'robots.txt',
  ),
)
[ info ] [ HEADER ] array (
  'connection' => 'close',
  'host' => '51mfgs.com',
  'user-agent' => 'Mozilla/5.0 (Windows NT 10.0; Win64; x64) AppleWebKit/537.36 (KHTML, like Gecko) Chrome/74.0.3729.169 Safari/537.36',
)
[ info ] [ PARAM ] array (
)
[ info ] [ RUN ] app\index\controller\Index->_empty[ /data/home/syu4378230001/htdocs/app/index/controller/Index.php ]
[ info ] [ VIEW ] /data/home/syu4378230001/htdocs/thinkphp/tpl/dispatch_jump.tpl [ array (
  0 => 'code',
  1 => 'msg',
  2 => 'data',
  3 => 'url',
  4 => 'wait',
) ]
[ info ] [ LOG ] INIT File
---------------------------------------------------------------
[ 2019-09-10T18:00:16+08:00 ] 172.17.230.83 185.6.9.203 GET /robots.txt
[ info ] 51mfgs.com/robots.txt [运行时间：0.039519s][吞吐率：25.30req/s] [内存消耗：388.69kb] [文件加载：36]
[ info ] [ LANG ] /data/home/syu4378230001/htdocs/thinkphp/lang/zh-cn.php
[ info ] [ BIND ] 'index/Index'
[ info ] [ ROUTE ] array (
  'type' => 'module',
  'module' => 
  array (
    0 => 'index',
    1 => 'Index',
    2 => 'robots.txt',
  ),
)
[ info ] [ HEADER ] array (
  'connection' => 'close',
  'host' => '51mfgs.com',
  'user-agent' => 'Mozilla/5.0 (Windows NT 10.0; Win64; x64) AppleWebKit/537.36 (KHTML, like Gecko) Chrome/74.0.3729.169 Safari/537.36',
)
[ info ] [ PARAM ] array (
)
[ info ] [ RUN ] app\index\controller\Index->_empty[ /data/home/syu4378230001/htdocs/app/index/controller/Index.php ]
[ info ] [ VIEW ] /data/home/syu4378230001/htdocs/thinkphp/tpl/dispatch_jump.tpl [ array (
  0 => 'code',
  1 => 'msg',
  2 => 'data',
  3 => 'url',
  4 => 'wait',
) ]
[ info ] [ LOG ] INIT File
---------------------------------------------------------------
[ 2019-09-10T18:44:22+08:00 ] 172.17.230.83 157.55.39.14 GET /robots.txt
[ info ] 51mfgs.com/robots.txt [运行时间：0.037149s][吞吐率：26.92req/s] [内存消耗：389.23kb] [文件加载：36]
[ info ] [ LANG ] /data/home/syu4378230001/htdocs/thinkphp/lang/zh-cn.php
[ info ] [ BIND ] 'index/Index'
[ info ] [ ROUTE ] array (
  'type' => 'module',
  'module' => 
  array (
    0 => 'index',
    1 => 'Index',
    2 => 'robots.txt',
  ),
)
[ info ] [ HEADER ] array (
  'accept' => '*/*',
  'accept-encoding' => 'gzip, deflate',
  'cache-control' => 'no-cache',
  'connection' => 'Keep-Alive',
  'host' => '51mfgs.com',
  'pragma' => 'no-cache',
  'user-agent' => 'Mozilla/5.0 (compatible; bingbot/2.0; +http://www.bing.com/bingbot.htm)',
)
[ info ] [ PARAM ] array (
)
[ info ] [ RUN ] app\index\controller\Index->_empty[ /data/home/syu4378230001/htdocs/app/index/controller/Index.php ]
[ info ] [ VIEW ] /data/home/syu4378230001/htdocs/thinkphp/tpl/dispatch_jump.tpl [ array (
  0 => 'code',
  1 => 'msg',
  2 => 'data',
  3 => 'url',
  4 => 'wait',
) ]
[ info ] [ LOG ] INIT File
---------------------------------------------------------------
[ 2019-09-10T20:30:12+08:00 ] 172.17.230.83 40.77.167.76 GET /reg.html
[ info ] 51mfgs.com/reg.html [运行时间：0.041235s][吞吐率：24.25req/s] [内存消耗：387.48kb] [文件加载：35]
[ info ] [ LANG ] /data/home/syu4378230001/htdocs/thinkphp/lang/zh-cn.php
[ info ] [ BIND ] 'index/Index'
[ info ] [ ROUTE ] array (
  'type' => 'module',
  'module' => 
  array (
    0 => 'index',
    1 => 'Index',
    2 => 'reg',
  ),
)
[ info ] [ HEADER ] array (
  'accept' => '*/*',
  'accept-encoding' => 'gzip, deflate',
  'cache-control' => 'no-cache',
  'connection' => 'Keep-Alive',
  'from' => 'bingbot(at)microsoft.com',
  'host' => '51mfgs.com',
  'pragma' => 'no-cache',
  'user-agent' => 'Mozilla/5.0 (compatible; bingbot/2.0; +http://www.bing.com/bingbot.htm)',
)
[ info ] [ PARAM ] array (
)
[ info ] [ RUN ] app\index\controller\Index->reg[ /data/home/syu4378230001/htdocs/app/index/controller/Index.php ]
[ info ] [ VIEW ] ./template/user/reg.html [ array (
) ]
[ info ] [ LOG ] INIT File
---------------------------------------------------------------
[ 2019-09-10T20:36:20+08:00 ] 172.17.230.83 46.229.168.143 GET /robots.txt
[ info ] 51mfgs.com/robots.txt [运行时间：0.039619s][吞吐率：25.24req/s] [内存消耗：388.78kb] [文件加载：36]
[ info ] [ LANG ] /data/home/syu4378230001/htdocs/thinkphp/lang/zh-cn.php
[ info ] [ BIND ] 'index/Index'
[ info ] [ ROUTE ] array (
  'type' => 'module',
  'module' => 
  array (
    0 => 'index',
    1 => 'Index',
    2 => 'robots.txt',
  ),
)
[ info ] [ HEADER ] array (
  'accept' => '*/*',
  'accept-encoding' => 'gzip,deflate',
  'connection' => 'close',
  'host' => '51mfgs.com',
  'user-agent' => 'Mozilla/5.0 (compatible; SemrushBot/6~bl; +http://www.semrush.com/bot.html)',
)
[ info ] [ PARAM ] array (
)
[ info ] [ RUN ] app\index\controller\Index->_empty[ /data/home/syu4378230001/htdocs/app/index/controller/Index.php ]
[ info ] [ VIEW ] /data/home/syu4378230001/htdocs/thinkphp/tpl/dispatch_jump.tpl [ array (
  0 => 'code',
  1 => 'msg',
  2 => 'data',
  3 => 'url',
  4 => 'wait',
) ]
[ info ] [ LOG ] INIT File
---------------------------------------------------------------
[ 2019-09-10T20:36:22+08:00 ] 172.17.230.83 46.229.168.138 GET /leavemessage/index.php
[ info ] 51mfgs.com/leavemessage/index.php [运行时间：0.130632s][吞吐率：7.66req/s] [内存消耗：809.95kb] [文件加载：52]
[ info ] [ LANG ] /data/home/syu4378230001/htdocs/thinkphp/lang/zh-cn.php
[ info ] [ BIND ] 'index/Index'
[ info ] [ ROUTE ] array (
  'type' => 'module',
  'module' => 
  array (
    0 => 'index',
    1 => 'Index',
    2 => 'leavemessage',
  ),
)
[ info ] [ HEADER ] array (
  'accept' => 'text/html, application/rss+xml, application/atom+xml, text/xml, text/rss+xml',
  'accept-encoding' => 'gzip,deflate',
  'connection' => 'close',
  'host' => '51mfgs.com',
  'user-agent' => 'Mozilla/5.0 (compatible; SemrushBot/6~bl; +http://www.semrush.com/bot.html)',
)
[ info ] [ PARAM ] array (
)
[ info ] [ RUN ] app\index\controller\Index->leavemessage[ /data/home/syu4378230001/htdocs/app/index/controller/Index.php ]
[ info ] [ DB ] INIT mysql
[ info ] [ SESSION ] INIT array (
  'id' => '',
  'var_session_id' => '',
  'prefix' => '',
  'type' => '',
  'auto_start' => true,
  'httponly' => true,
  'secure' => false,
)
[ info ] [ VIEW ] ./template/leavemessage/index.html [ array (
  0 => 'list',
  1 => 'total',
  2 => 'class',
  3 => 'now',
  4 => 'data',
  5 => 'pwd',
) ]
[ info ] [ LOG ] INIT File
[ sql ] [ DB ] CONNECT:[ UseTime:0.008479s ] mysql:dbname=sdm442994699_db;host=sdm442994699.my3w.com;charset=utf8
[ sql ] [ SQL ] SHOW COLUMNS FROM `mes` [ RunTime:0.004731s ]
[ sql ] [ SQL ] SELECT COUNT(*) AS tp_count FROM `mes` WHERE  `state` = 1 LIMIT 1 [ RunTime:0.003286s ]
[ sql ] [ SQL ] SELECT * FROM `mes` WHERE  `state` = 1 LIMIT 0,15 [ RunTime:0.003540s ]
[ sql ] [ SQL ] SHOW COLUMNS FROM `user` [ RunTime:0.004049s ]
[ sql ] [ SQL ] SELECT * FROM `user` WHERE  `id` = 16 LIMIT 1 [ RunTime:0.003793s ]
[ sql ] [ SQL ] SELECT * FROM `user` WHERE  `id` = 18 LIMIT 1 [ RunTime:0.003672s ]
[ sql ] [ SQL ] SELECT COUNT(*) AS tp_count FROM `mes` WHERE  `state` = 1 LIMIT 1 [ RunTime:0.003410s ]
[ sql ] [ SQL ] SELECT * FROM `user` WHERE  `username` IS NULL LIMIT 1 [ RunTime:0.003854s ]
[ sql ] [ SQL ] SELECT * FROM `mes` WHERE  `state` = 1 ORDER BY createtime DESC [ RunTime:0.006446s ]
---------------------------------------------------------------
[ 2019-09-10T20:39:33+08:00 ] 172.17.230.83 5.135.143.224 GET /errors.php
[ info ] 51mfgs.com/errors.php [运行时间：0.040458s][吞吐率：24.72req/s] [内存消耗：389.15kb] [文件加载：36]
[ info ] [ LANG ] /data/home/syu4378230001/htdocs/thinkphp/lang/zh-cn.php
[ info ] [ BIND ] 'index/Index'
[ info ] [ ROUTE ] array (
  'type' => 'module',
  'module' => 
  array (
    0 => 'index',
    1 => 'Index',
    2 => 'errors.php',
  ),
)
[ info ] [ HEADER ] array (
  'accept-encoding' => 'identity',
  'connection' => 'close',
  'host' => '51mfgs.com',
  'referer' => '51mfgs.com',
  'user-agent' => 'Mozilla/5.1 (Windows NT 6.0; WOW64) AppleWebKit/533.36 (KHTML, like Gecko) Chrome/46.0.2754.75 Safari/533.36',
)
[ info ] [ PARAM ] array (
)
[ info ] [ RUN ] app\index\controller\Index->_empty[ /data/home/syu4378230001/htdocs/app/index/controller/Index.php ]
[ info ] [ VIEW ] /data/home/syu4378230001/htdocs/thinkphp/tpl/dispatch_jump.tpl [ array (
  0 => 'code',
  1 => 'msg',
  2 => 'data',
  3 => 'url',
  4 => 'wait',
) ]
[ info ] [ LOG ] INIT File
---------------------------------------------------------------
[ 2019-09-10T20:42:22+08:00 ] 172.17.230.83 40.77.167.170 GET /a3.html
[ info ] 51mfgs.com/a3.html [运行时间：0.045628s][吞吐率：21.92req/s] [内存消耗：387.48kb] [文件加载：35]
[ info ] [ LANG ] /data/home/syu4378230001/htdocs/thinkphp/lang/zh-cn.php
[ info ] [ BIND ] 'index/Index'
[ info ] [ ROUTE ] array (
  'type' => 'module',
  'module' => 
  array (
    0 => 'index',
    1 => 'Index',
    2 => 'a3',
  ),
)
[ info ] [ HEADER ] array (
  'accept' => '*/*',
  'accept-encoding' => 'gzip, deflate',
  'cache-control' => 'no-cache',
  'connection' => 'Keep-Alive',
  'from' => 'bingbot(at)microsoft.com',
  'host' => '51mfgs.com',
  'pragma' => 'no-cache',
  'user-agent' => 'Mozilla/5.0 (compatible; bingbot/2.0; +http://www.bing.com/bingbot.htm)',
)
[ info ] [ PARAM ] array (
)
[ info ] [ RUN ] app\index\controller\Index->a3[ /data/home/syu4378230001/htdocs/app/index/controller/Index.php ]
[ info ] [ VIEW ] ./template/banwu/a3.html [ array (
) ]
[ info ] [ LOG ] INIT File
---------------------------------------------------------------
[ 2019-09-10T21:37:33+08:00 ] 172.17.230.83 40.77.167.76 GET /
[ info ] 51mfgs.com/ [运行时间：0.133434s][吞吐率：7.49req/s] [内存消耗：814.23kb] [文件加载：49]
[ info ] [ LANG ] /data/home/syu4378230001/htdocs/thinkphp/lang/zh-cn.php
[ info ] [ BIND ] 'index/Index'
[ info ] [ ROUTE ] array (
  'type' => 'module',
  'module' => 
  array (
    0 => 'index',
    1 => 'Index',
    2 => NULL,
  ),
)
[ info ] [ HEADER ] array (
  'accept' => '*/*',
  'accept-encoding' => 'gzip, deflate',
  'cache-control' => 'no-cache',
  'connection' => 'Keep-Alive',
  'from' => 'bingbot(at)microsoft.com',
  'host' => '51mfgs.com',
  'pragma' => 'no-cache',
  'user-agent' => 'Mozilla/5.0 (compatible; bingbot/2.0; +http://www.bing.com/bingbot.htm)',
)
[ info ] [ PARAM ] array (
)
[ info ] [ RUN ] app\index\controller\Index->index[ /data/home/syu4378230001/htdocs/app/index/controller/Index.php ]
[ info ] [ DB ] INIT mysql
[ info ] [ SESSION ] INIT array (
  'id' => '',
  'var_session_id' => '',
  'prefix' => '',
  'type' => '',
  'auto_start' => true,
  'httponly' => true,
  'secure' => false,
)
[ info ] [ CACHE ] INIT File
[ info ] [ VIEW ] ./app/index/view/index/index.html [ array (
  0 => 'indexhits',
  1 => 'userclass',
  2 => 'usersess',
  3 => 'res_newpro',
  4 => 'res_user',
  5 => 'time',
  6 => 'res_jj',
  7 => 'res_jd',
  8 => 'res_yw',
  9 => 'res_sp',
  10 => 'res_sj',
  11 => 'res_cw',
) ]
[ info ] [ LOG ] INIT File
[ sql ] [ DB ] CONNECT:[ UseTime:0.010676s ] mysql:dbname=sdm442994699_db;host=sdm442994699.my3w.com;charset=utf8
[ sql ] [ SQL ] SHOW COLUMNS FROM `pro2` [ RunTime:0.004529s ]
[ sql ] [ SQL ] SELECT * FROM `pro2` WHERE  `pro_type` = 'jj'  AND `state` = 1  AND `pos` = 1 ORDER BY pro_id DESC LIMIT 3 [ RunTime:0.003147s ]
[ sql ] [ SQL ] SELECT * FROM `pro2` WHERE  `pro_type` = 'jd'  AND `state` = 1  AND `pos` = 1 ORDER BY pro_id DESC LIMIT 3 [ RunTime:0.003453s ]
[ sql ] [ SQL ] SELECT * FROM `pro2` WHERE  `pro_type` = 'yw'  AND `state` = 1  AND `pos` = 1 ORDER BY pro_id DESC LIMIT 3 [ RunTime:0.003622s ]
[ sql ] [ SQL ] SELECT * FROM `pro2` WHERE  `pro_type` = 'sp'  AND `state` = 1  AND `pos` = 1 ORDER BY pro_id DESC LIMIT 3 [ RunTime:0.004256s ]
[ sql ] [ SQL ] SELECT * FROM `pro2` WHERE  `pro_type` = 'sj'  AND `state` = 1  AND `pos` = 1 ORDER BY pro_id DESC LIMIT 3 [ RunTime:0.006084s ]
[ sql ] [ SQL ] SELECT * FROM `pro2` WHERE  (  `pro_type` = 'cw'  AND `state` = 1  AND `pos` = 1 ) [ RunTime:0.003474s ]
[ sql ] [ SQL ] SHOW COLUMNS FROM `user` [ RunTime:0.003562s ]
[ sql ] [ SQL ] SELECT * FROM `user` WHERE  `state` = 1 ORDER BY id DESC LIMIT 3 [ RunTime:0.003142s ]
[ sql ] [ SQL ] SHOW COLUMNS FROM `pro` [ RunTime:0.004575s ]
[ sql ] [ SQL ] SELECT * FROM `pro` WHERE  `pro_id` > 0  AND `state` = 1 ORDER BY pro_id DESC LIMIT 3 [ RunTime:0.004480s ]
[ sql ] [ SQL ] SHOW COLUMNS FROM `pagehits` [ RunTime:0.003171s ]
[ sql ] [ SQL ] UPDATE `pagehits`  SET `hits`=hits+1  WHERE  `id` = 1 [ RunTime:0.003852s ]
[ sql ] [ SQL ] SELECT `hits` FROM `pagehits` WHERE  `id` = 1 LIMIT 1 [ RunTime:0.003823s ]
