---------------------------------------------------------------
[ 2019-06-24T00:57:07+08:00 ] 172.17.230.83 46.229.168.144 GET /robots.txt
[ info ] 51mfgs.com/robots.txt [运行时间：0.039522s][吞吐率：25.30req/s] [内存消耗：388.77kb] [文件加载：36]
[ info ] [ LANG ] /data/home/syu4378230001/htdocs/thinkphp/lang/zh-cn.php
[ info ] [ BIND ] 'index/Index'
[ info ] [ ROUTE ] array (
  'type' => 'module',
  'module' => 
  array (
    0 => 'index',
    1 => 'Index',
    2 => 'robots.txt',
  ),
)
[ info ] [ HEADER ] array (
  'accept' => '*/*',
  'accept-encoding' => 'gzip,deflate',
  'connection' => 'close',
  'host' => '51mfgs.com',
  'user-agent' => 'Mozilla/5.0 (compatible; SemrushBot/3~bl; +http://www.semrush.com/bot.html)',
)
[ info ] [ PARAM ] array (
)
[ info ] [ RUN ] app\index\controller\Index->_empty[ /data/home/syu4378230001/htdocs/app/index/controller/Index.php ]
[ info ] [ VIEW ] /data/home/syu4378230001/htdocs/thinkphp/tpl/dispatch_jump.tpl [ array (
  0 => 'code',
  1 => 'msg',
  2 => 'data',
  3 => 'url',
  4 => 'wait',
) ]
[ info ] [ LOG ] INIT File
---------------------------------------------------------------
[ 2019-06-24T00:57:23+08:00 ] 172.17.230.83 46.229.168.146 GET /proshow/id/121
[ info ] 51mfgs.com/proshow/id/121 [运行时间：0.071402s][吞吐率：14.01req/s] [内存消耗：711.70kb] [文件加载：44]
[ info ] [ LANG ] /data/home/syu4378230001/htdocs/thinkphp/lang/zh-cn.php
[ info ] [ BIND ] 'index/Index'
[ info ] [ ROUTE ] array (
  'type' => 'module',
  'module' => 
  array (
    0 => 'index',
    1 => 'Index',
    2 => 'proshow',
  ),
)
[ info ] [ HEADER ] array (
  'accept' => 'text/html, application/rss+xml, application/atom+xml, text/xml, text/rss+xml',
  'accept-encoding' => 'gzip,deflate',
  'connection' => 'close',
  'host' => '51mfgs.com',
  'user-agent' => 'Mozilla/5.0 (compatible; SemrushBot/3~bl; +http://www.semrush.com/bot.html)',
)
[ info ] [ PARAM ] array (
  'id' => '121',
)
[ info ] [ RUN ] app\index\controller\Index->proshow[ /data/home/syu4378230001/htdocs/app/index/controller/Index.php ]
[ info ] [ DB ] INIT mysql
[ info ] [ VIEW ] ./app/index/view/index/proshow.html [ array (
  0 => 'data',
) ]
[ info ] [ LOG ] INIT File
[ sql ] [ DB ] CONNECT:[ UseTime:0.007133s ] mysql:dbname=sdm442994699_db;host=sdm442994699.my3w.com;charset=utf8
[ sql ] [ SQL ] SHOW COLUMNS FROM `pro2` [ RunTime:0.003679s ]
[ sql ] [ SQL ] SELECT * FROM `pro2` WHERE  `pro_id` = 121 LIMIT 1 [ RunTime:0.002920s ]
---------------------------------------------------------------
[ 2019-06-24T01:21:34+08:00 ] 172.17.230.83 46.229.168.137 GET /proshow/id/138
[ info ] 51mfgs.com/proshow/id/138 [运行时间：0.481806s][吞吐率：2.08req/s] [内存消耗：711.59kb] [文件加载：44]
[ info ] [ LANG ] /data/home/syu4378230001/htdocs/thinkphp/lang/zh-cn.php
[ info ] [ BIND ] 'index/Index'
[ info ] [ ROUTE ] array (
  'type' => 'module',
  'module' => 
  array (
    0 => 'index',
    1 => 'Index',
    2 => 'proshow',
  ),
)
[ info ] [ HEADER ] array (
  'accept' => 'text/html, application/rss+xml, application/atom+xml, text/xml, text/rss+xml',
  'accept-encoding' => 'gzip,deflate',
  'connection' => 'close',
  'host' => '51mfgs.com',
  'user-agent' => 'Mozilla/5.0 (compatible; SemrushBot/6~bl; +http://www.semrush.com/bot.html)',
)
[ info ] [ PARAM ] array (
  'id' => '138',
)
[ info ] [ RUN ] app\index\controller\Index->proshow[ /data/home/syu4378230001/htdocs/app/index/controller/Index.php ]
[ info ] [ DB ] INIT mysql
[ info ] [ VIEW ] ./app/index/view/index/proshow.html [ array (
  0 => 'data',
) ]
[ info ] [ LOG ] INIT File
[ sql ] [ DB ] CONNECT:[ UseTime:0.010653s ] mysql:dbname=sdm442994699_db;host=sdm442994699.my3w.com;charset=utf8
[ sql ] [ SQL ] SHOW COLUMNS FROM `pro2` [ RunTime:0.003946s ]
[ sql ] [ SQL ] SELECT * FROM `pro2` WHERE  `pro_id` = 138 LIMIT 1 [ RunTime:0.003031s ]
---------------------------------------------------------------
[ 2019-06-24T01:37:04+08:00 ] 172.17.230.83 46.229.168.145 GET /searchpro.html?page=3
[ info ] 51mfgs.com/searchpro.html?page=3 [运行时间：0.091200s][吞吐率：10.96req/s] [内存消耗：646.46kb] [文件加载：45]
[ info ] [ LANG ] /data/home/syu4378230001/htdocs/thinkphp/lang/zh-cn.php
[ info ] [ BIND ] 'index/Index'
[ info ] [ ROUTE ] array (
  'type' => 'module',
  'module' => 
  array (
    0 => 'index',
    1 => 'Index',
    2 => 'searchpro',
  ),
)
[ info ] [ HEADER ] array (
  'accept' => 'text/html, application/rss+xml, application/atom+xml, text/xml, text/rss+xml',
  'accept-encoding' => 'gzip,deflate',
  'connection' => 'close',
  'host' => '51mfgs.com',
  'user-agent' => 'Mozilla/5.0 (compatible; SemrushBot/3~bl; +http://www.semrush.com/bot.html)',
)
[ info ] [ PARAM ] array (
  'page' => '3',
)
[ info ] [ RUN ] app\index\controller\Index->searchpro[ /data/home/syu4378230001/htdocs/app/index/controller/Index.php ]
[ info ] [ DB ] INIT mysql
[ info ] [ VIEW ] ./app/index/view/index/searchpro.html [ array (
  0 => 'list',
  1 => 'total',
  2 => 'resnums',
  3 => 'page',
  4 => 'pages',
) ]
[ info ] [ LOG ] INIT File
[ sql ] [ DB ] CONNECT:[ UseTime:0.008086s ] mysql:dbname=sdm442994699_db;host=sdm442994699.my3w.com;charset=utf8
[ sql ] [ SQL ] SHOW COLUMNS FROM `pro2` [ RunTime:0.004681s ]
[ sql ] [ SQL ] SELECT COUNT(*) AS tp_count FROM `pro2` WHERE  `pro_name` LIKE '%%' LIMIT 1 [ RunTime:0.002887s ]
[ sql ] [ SQL ] SELECT * FROM `pro2` WHERE  `pro_name` LIKE '%%' ORDER BY pubtime DESC LIMIT 60,30 [ RunTime:0.003518s ]
[ sql ] [ SQL ] SELECT COUNT(*) AS tp_count FROM `pro2` WHERE  `pro_name` LIKE '%%' LIMIT 1 [ RunTime:0.002977s ]
---------------------------------------------------------------
[ 2019-06-24T02:39:20+08:00 ] 172.17.230.83 106.11.231.134 GET /
[ info ] 51mfgs.com/ [运行时间：0.173030s][吞吐率：5.78req/s] [内存消耗：797.69kb] [文件加载：49]
[ info ] [ LANG ] /data/home/syu4378230001/htdocs/thinkphp/lang/zh-cn.php
[ info ] [ BIND ] 'index/Index'
[ info ] [ ROUTE ] array (
  'type' => 'module',
  'module' => 
  array (
    0 => 'index',
    1 => 'Index',
    2 => NULL,
  ),
)
[ info ] [ HEADER ] array (
  'accept-encoding' => 'gzip',
  'host' => '51mfgs.com',
  'referer' => 'http://51mfgs.com',
  'user-agent' => 'Go 1.1 package http',
)
[ info ] [ PARAM ] array (
)
[ info ] [ RUN ] app\index\controller\Index->index[ /data/home/syu4378230001/htdocs/app/index/controller/Index.php ]
[ info ] [ DB ] INIT mysql
[ info ] [ SESSION ] INIT array (
  'id' => '',
  'var_session_id' => '',
  'prefix' => '',
  'type' => '',
  'auto_start' => true,
  'httponly' => true,
  'secure' => false,
)
[ info ] [ CACHE ] INIT File
[ info ] [ VIEW ] ./app/index/view/index/index.html [ array (
  0 => 'indexhits',
  1 => 'userclass',
  2 => 'usersess',
  3 => 'res_newpro',
  4 => 'res_user',
  5 => 'time',
  6 => 'res_jj',
  7 => 'res_jd',
  8 => 'res_yw',
  9 => 'res_sp',
  10 => 'res_sj',
  11 => 'res_cw',
) ]
[ info ] [ LOG ] INIT File
[ sql ] [ DB ] CONNECT:[ UseTime:0.011739s ] mysql:dbname=sdm442994699_db;host=sdm442994699.my3w.com;charset=utf8
[ sql ] [ SQL ] SHOW COLUMNS FROM `pro2` [ RunTime:0.003603s ]
[ sql ] [ SQL ] SELECT * FROM `pro2` WHERE  `pro_type` = 'jj'  AND `state` = 1  AND `pos` = 1 ORDER BY pro_id DESC LIMIT 3 [ RunTime:0.002424s ]
[ sql ] [ SQL ] SELECT * FROM `pro2` WHERE  `pro_type` = 'jd'  AND `state` = 1  AND `pos` = 1 ORDER BY pro_id DESC LIMIT 3 [ RunTime:0.003372s ]
[ sql ] [ SQL ] SELECT * FROM `pro2` WHERE  `pro_type` = 'yw'  AND `state` = 1  AND `pos` = 1 ORDER BY pro_id DESC LIMIT 3 [ RunTime:0.002712s ]
[ sql ] [ SQL ] SELECT * FROM `pro2` WHERE  `pro_type` = 'sp'  AND `state` = 1  AND `pos` = 1 ORDER BY pro_id DESC LIMIT 3 [ RunTime:0.002696s ]
[ sql ] [ SQL ] SELECT * FROM `pro2` WHERE  `pro_type` = 'sj'  AND `state` = 1  AND `pos` = 1 ORDER BY pro_id DESC LIMIT 3 [ RunTime:0.002734s ]
[ sql ] [ SQL ] SELECT * FROM `pro2` WHERE  (  `pro_type` = 'cw'  AND `state` = 1  AND `pos` = 1 ) [ RunTime:0.004407s ]
[ sql ] [ SQL ] SHOW COLUMNS FROM `user` [ RunTime:0.003245s ]
[ sql ] [ SQL ] SELECT * FROM `user` WHERE  `state` = 1 ORDER BY id DESC LIMIT 3 [ RunTime:0.002750s ]
[ sql ] [ SQL ] SHOW COLUMNS FROM `pro` [ RunTime:0.002705s ]
[ sql ] [ SQL ] SELECT * FROM `pro` WHERE  `pro_id` > 0  AND `state` = 1 ORDER BY pro_id DESC LIMIT 3 [ RunTime:0.003890s ]
[ sql ] [ SQL ] SHOW COLUMNS FROM `pagehits` [ RunTime:0.002459s ]
[ sql ] [ SQL ] UPDATE `pagehits`  SET `hits`=hits+1  WHERE  `id` = 1 [ RunTime:0.004843s ]
[ sql ] [ SQL ] SELECT `hits` FROM `pagehits` WHERE  `id` = 1 LIMIT 1 [ RunTime:0.002184s ]
---------------------------------------------------------------
[ 2019-06-24T02:39:20+08:00 ] 172.17.230.83 106.11.228.8 GET /
[ info ] www.51mfgs.com/ [运行时间：0.162459s][吞吐率：6.16req/s] [内存消耗：797.69kb] [文件加载：49]
[ info ] [ LANG ] /data/home/syu4378230001/htdocs/thinkphp/lang/zh-cn.php
[ info ] [ BIND ] 'index/Index'
[ info ] [ ROUTE ] array (
  'type' => 'module',
  'module' => 
  array (
    0 => 'index',
    1 => 'Index',
    2 => NULL,
  ),
)
[ info ] [ HEADER ] array (
  'accept-encoding' => 'gzip',
  'host' => 'www.51mfgs.com',
  'referer' => 'http://www.51mfgs.com',
  'user-agent' => 'Go 1.1 package http',
)
[ info ] [ PARAM ] array (
)
[ info ] [ RUN ] app\index\controller\Index->index[ /data/home/syu4378230001/htdocs/app/index/controller/Index.php ]
[ info ] [ DB ] INIT mysql
[ info ] [ SESSION ] INIT array (
  'id' => '',
  'var_session_id' => '',
  'prefix' => '',
  'type' => '',
  'auto_start' => true,
  'httponly' => true,
  'secure' => false,
)
[ info ] [ CACHE ] INIT File
[ info ] [ VIEW ] ./app/index/view/index/index.html [ array (
  0 => 'indexhits',
  1 => 'userclass',
  2 => 'usersess',
  3 => 'res_newpro',
  4 => 'res_user',
  5 => 'time',
  6 => 'res_jj',
  7 => 'res_jd',
  8 => 'res_yw',
  9 => 'res_sp',
  10 => 'res_sj',
  11 => 'res_cw',
) ]
[ info ] [ LOG ] INIT File
[ sql ] [ DB ] CONNECT:[ UseTime:0.010101s ] mysql:dbname=sdm442994699_db;host=sdm442994699.my3w.com;charset=utf8
[ sql ] [ SQL ] SHOW COLUMNS FROM `pro2` [ RunTime:0.006460s ]
[ sql ] [ SQL ] SELECT * FROM `pro2` WHERE  `pro_type` = 'jj'  AND `state` = 1  AND `pos` = 1 ORDER BY pro_id DESC LIMIT 3 [ RunTime:0.004089s ]
[ sql ] [ SQL ] SELECT * FROM `pro2` WHERE  `pro_type` = 'jd'  AND `state` = 1  AND `pos` = 1 ORDER BY pro_id DESC LIMIT 3 [ RunTime:0.003467s ]
[ sql ] [ SQL ] SELECT * FROM `pro2` WHERE  `pro_type` = 'yw'  AND `state` = 1  AND `pos` = 1 ORDER BY pro_id DESC LIMIT 3 [ RunTime:0.003573s ]
[ sql ] [ SQL ] SELECT * FROM `pro2` WHERE  `pro_type` = 'sp'  AND `state` = 1  AND `pos` = 1 ORDER BY pro_id DESC LIMIT 3 [ RunTime:0.003562s ]
[ sql ] [ SQL ] SELECT * FROM `pro2` WHERE  `pro_type` = 'sj'  AND `state` = 1  AND `pos` = 1 ORDER BY pro_id DESC LIMIT 3 [ RunTime:0.003833s ]
[ sql ] [ SQL ] SELECT * FROM `pro2` WHERE  (  `pro_type` = 'cw'  AND `state` = 1  AND `pos` = 1 ) [ RunTime:0.003448s ]
[ sql ] [ SQL ] SHOW COLUMNS FROM `user` [ RunTime:0.005168s ]
[ sql ] [ SQL ] SELECT * FROM `user` WHERE  `state` = 1 ORDER BY id DESC LIMIT 3 [ RunTime:0.003450s ]
[ sql ] [ SQL ] SHOW COLUMNS FROM `pro` [ RunTime:0.004084s ]
[ sql ] [ SQL ] SELECT * FROM `pro` WHERE  `pro_id` > 0  AND `state` = 1 ORDER BY pro_id DESC LIMIT 3 [ RunTime:0.003581s ]
[ sql ] [ SQL ] SHOW COLUMNS FROM `pagehits` [ RunTime:0.003680s ]
[ sql ] [ SQL ] UPDATE `pagehits`  SET `hits`=hits+1  WHERE  `id` = 1 [ RunTime:0.003386s ]
[ sql ] [ SQL ] SELECT `hits` FROM `pagehits` WHERE  `id` = 1 LIMIT 1 [ RunTime:0.003472s ]
---------------------------------------------------------------
[ 2019-06-24T02:58:12+08:00 ] 172.17.230.83 207.46.13.52 GET /
[ info ] 51mfgs.com/ [运行时间：0.161172s][吞吐率：6.20req/s] [内存消耗：798.23kb] [文件加载：49]
[ info ] [ LANG ] /data/home/syu4378230001/htdocs/thinkphp/lang/zh-cn.php
[ info ] [ BIND ] 'index/Index'
[ info ] [ ROUTE ] array (
  'type' => 'module',
  'module' => 
  array (
    0 => 'index',
    1 => 'Index',
    2 => NULL,
  ),
)
[ info ] [ HEADER ] array (
  'accept' => '*/*',
  'accept-encoding' => 'gzip, deflate',
  'cache-control' => 'no-cache',
  'connection' => 'Keep-Alive',
  'from' => 'bingbot(at)microsoft.com',
  'host' => '51mfgs.com',
  'pragma' => 'no-cache',
  'user-agent' => 'Mozilla/5.0 (compatible; bingbot/2.0; +http://www.bing.com/bingbot.htm)',
)
[ info ] [ PARAM ] array (
)
[ info ] [ RUN ] app\index\controller\Index->index[ /data/home/syu4378230001/htdocs/app/index/controller/Index.php ]
[ info ] [ DB ] INIT mysql
[ info ] [ SESSION ] INIT array (
  'id' => '',
  'var_session_id' => '',
  'prefix' => '',
  'type' => '',
  'auto_start' => true,
  'httponly' => true,
  'secure' => false,
)
[ info ] [ CACHE ] INIT File
[ info ] [ VIEW ] ./app/index/view/index/index.html [ array (
  0 => 'indexhits',
  1 => 'userclass',
  2 => 'usersess',
  3 => 'res_newpro',
  4 => 'res_user',
  5 => 'time',
  6 => 'res_jj',
  7 => 'res_jd',
  8 => 'res_yw',
  9 => 'res_sp',
  10 => 'res_sj',
  11 => 'res_cw',
) ]
[ info ] [ LOG ] INIT File
[ sql ] [ DB ] CONNECT:[ UseTime:0.009606s ] mysql:dbname=sdm442994699_db;host=sdm442994699.my3w.com;charset=utf8
[ sql ] [ SQL ] SHOW COLUMNS FROM `pro2` [ RunTime:0.002989s ]
[ sql ] [ SQL ] SELECT * FROM `pro2` WHERE  `pro_type` = 'jj'  AND `state` = 1  AND `pos` = 1 ORDER BY pro_id DESC LIMIT 3 [ RunTime:0.003583s ]
[ sql ] [ SQL ] SELECT * FROM `pro2` WHERE  `pro_type` = 'jd'  AND `state` = 1  AND `pos` = 1 ORDER BY pro_id DESC LIMIT 3 [ RunTime:0.002929s ]
[ sql ] [ SQL ] SELECT * FROM `pro2` WHERE  `pro_type` = 'yw'  AND `state` = 1  AND `pos` = 1 ORDER BY pro_id DESC LIMIT 3 [ RunTime:0.003144s ]
[ sql ] [ SQL ] SELECT * FROM `pro2` WHERE  `pro_type` = 'sp'  AND `state` = 1  AND `pos` = 1 ORDER BY pro_id DESC LIMIT 3 [ RunTime:0.002421s ]
[ sql ] [ SQL ] SELECT * FROM `pro2` WHERE  `pro_type` = 'sj'  AND `state` = 1  AND `pos` = 1 ORDER BY pro_id DESC LIMIT 3 [ RunTime:0.002493s ]
[ sql ] [ SQL ] SELECT * FROM `pro2` WHERE  (  `pro_type` = 'cw'  AND `state` = 1  AND `pos` = 1 ) [ RunTime:0.002303s ]
[ sql ] [ SQL ] SHOW COLUMNS FROM `user` [ RunTime:0.003867s ]
[ sql ] [ SQL ] SELECT * FROM `user` WHERE  `state` = 1 ORDER BY id DESC LIMIT 3 [ RunTime:0.002208s ]
[ sql ] [ SQL ] SHOW COLUMNS FROM `pro` [ RunTime:0.002623s ]
[ sql ] [ SQL ] SELECT * FROM `pro` WHERE  `pro_id` > 0  AND `state` = 1 ORDER BY pro_id DESC LIMIT 3 [ RunTime:0.002207s ]
[ sql ] [ SQL ] SHOW COLUMNS FROM `pagehits` [ RunTime:0.002665s ]
[ sql ] [ SQL ] UPDATE `pagehits`  SET `hits`=hits+1  WHERE  `id` = 1 [ RunTime:0.002032s ]
[ sql ] [ SQL ] SELECT `hits` FROM `pagehits` WHERE  `id` = 1 LIMIT 1 [ RunTime:0.001930s ]
---------------------------------------------------------------
[ 2019-06-24T03:08:25+08:00 ] 172.17.230.83 46.229.168.144 GET /robots.txt
[ info ] 51mfgs.com/robots.txt [运行时间：0.057659s][吞吐率：17.34req/s] [内存消耗：388.78kb] [文件加载：36]
[ info ] [ LANG ] /data/home/syu4378230001/htdocs/thinkphp/lang/zh-cn.php
[ info ] [ BIND ] 'index/Index'
[ info ] [ ROUTE ] array (
  'type' => 'module',
  'module' => 
  array (
    0 => 'index',
    1 => 'Index',
    2 => 'robots.txt',
  ),
)
[ info ] [ HEADER ] array (
  'accept' => '*/*',
  'accept-encoding' => 'gzip,deflate',
  'connection' => 'close',
  'host' => '51mfgs.com',
  'user-agent' => 'Mozilla/5.0 (compatible; SemrushBot/3~bl; +http://www.semrush.com/bot.html)',
)
[ info ] [ PARAM ] array (
)
[ info ] [ RUN ] app\index\controller\Index->_empty[ /data/home/syu4378230001/htdocs/app/index/controller/Index.php ]
[ info ] [ VIEW ] /data/home/syu4378230001/htdocs/thinkphp/tpl/dispatch_jump.tpl [ array (
  0 => 'code',
  1 => 'msg',
  2 => 'data',
  3 => 'url',
  4 => 'wait',
) ]
[ info ] [ LOG ] INIT File
---------------------------------------------------------------
[ 2019-06-24T03:08:26+08:00 ] 172.17.230.83 46.229.168.143 GET /proshow/id/156
[ info ] 51mfgs.com/proshow/id/156 [运行时间：0.073492s][吞吐率：13.61req/s] [内存消耗：711.60kb] [文件加载：44]
[ info ] [ LANG ] /data/home/syu4378230001/htdocs/thinkphp/lang/zh-cn.php
[ info ] [ BIND ] 'index/Index'
[ info ] [ ROUTE ] array (
  'type' => 'module',
  'module' => 
  array (
    0 => 'index',
    1 => 'Index',
    2 => 'proshow',
  ),
)
[ info ] [ HEADER ] array (
  'accept' => 'text/html, application/rss+xml, application/atom+xml, text/xml, text/rss+xml',
  'accept-encoding' => 'gzip,deflate',
  'connection' => 'close',
  'host' => '51mfgs.com',
  'user-agent' => 'Mozilla/5.0 (compatible; SemrushBot/3~bl; +http://www.semrush.com/bot.html)',
)
[ info ] [ PARAM ] array (
  'id' => '156',
)
[ info ] [ RUN ] app\index\controller\Index->proshow[ /data/home/syu4378230001/htdocs/app/index/controller/Index.php ]
[ info ] [ DB ] INIT mysql
[ info ] [ VIEW ] ./app/index/view/index/proshow.html [ array (
  0 => 'data',
) ]
[ info ] [ LOG ] INIT File
[ sql ] [ DB ] CONNECT:[ UseTime:0.006509s ] mysql:dbname=sdm442994699_db;host=sdm442994699.my3w.com;charset=utf8
[ sql ] [ SQL ] SHOW COLUMNS FROM `pro2` [ RunTime:0.003046s ]
[ sql ] [ SQL ] SELECT * FROM `pro2` WHERE  `pro_id` = 156 LIMIT 1 [ RunTime:0.002467s ]
---------------------------------------------------------------
[ 2019-06-24T03:56:53+08:00 ] 172.17.230.83 207.46.13.205 GET /c2.html
[ info ] 51mfgs.com/c2.html [运行时间：0.628879s][吞吐率：1.59req/s] [内存消耗：387.48kb] [文件加载：35]
[ info ] [ LANG ] /data/home/syu4378230001/htdocs/thinkphp/lang/zh-cn.php
[ info ] [ BIND ] 'index/Index'
[ info ] [ ROUTE ] array (
  'type' => 'module',
  'module' => 
  array (
    0 => 'index',
    1 => 'Index',
    2 => 'c2',
  ),
)
[ info ] [ HEADER ] array (
  'accept' => '*/*',
  'accept-encoding' => 'gzip, deflate',
  'cache-control' => 'no-cache',
  'connection' => 'Keep-Alive',
  'from' => 'bingbot(at)microsoft.com',
  'host' => '51mfgs.com',
  'pragma' => 'no-cache',
  'user-agent' => 'Mozilla/5.0 (compatible; bingbot/2.0; +http://www.bing.com/bingbot.htm)',
)
[ info ] [ PARAM ] array (
)
[ info ] [ RUN ] app\index\controller\Index->c2[ /data/home/syu4378230001/htdocs/app/index/controller/Index.php ]
[ info ] [ VIEW ] ./template/banwu/c2.html [ array (
) ]
[ info ] [ LOG ] INIT File
---------------------------------------------------------------
[ 2019-06-24T04:04:36+08:00 ] 172.17.230.83 101.132.126.80 GET /
[ info ] 51mfgs.com/ [运行时间：0.176689s][吞吐率：5.66req/s] [内存消耗：797.84kb] [文件加载：49]
[ info ] [ LANG ] /data/home/syu4378230001/htdocs/thinkphp/lang/zh-cn.php
[ info ] [ BIND ] 'index/Index'
[ info ] [ ROUTE ] array (
  'type' => 'module',
  'module' => 
  array (
    0 => 'index',
    1 => 'Index',
    2 => NULL,
  ),
)
[ info ] [ HEADER ] array (
  'accept' => 'text/html, image/gif, image/jpeg, *; q=.2, */*; q=.2',
  'connection' => 'keep-alive',
  'host' => '51mfgs.com',
  'user-agent' => 'Mozilla/5.0 (Linux; Android 4.1.1; Nexus 7 Build/JRO03D))',
)
[ info ] [ PARAM ] array (
)
[ info ] [ RUN ] app\index\controller\Index->index[ /data/home/syu4378230001/htdocs/app/index/controller/Index.php ]
[ info ] [ DB ] INIT mysql
[ info ] [ SESSION ] INIT array (
  'id' => '',
  'var_session_id' => '',
  'prefix' => '',
  'type' => '',
  'auto_start' => true,
  'httponly' => true,
  'secure' => false,
)
[ info ] [ CACHE ] INIT File
[ info ] [ VIEW ] ./app/index/view/index/index.html [ array (
  0 => 'indexhits',
  1 => 'userclass',
  2 => 'usersess',
  3 => 'res_newpro',
  4 => 'res_user',
  5 => 'time',
  6 => 'res_jj',
  7 => 'res_jd',
  8 => 'res_yw',
  9 => 'res_sp',
  10 => 'res_sj',
  11 => 'res_cw',
) ]
[ info ] [ LOG ] INIT File
[ sql ] [ DB ] CONNECT:[ UseTime:0.021416s ] mysql:dbname=sdm442994699_db;host=sdm442994699.my3w.com;charset=utf8
[ sql ] [ SQL ] SHOW COLUMNS FROM `pro2` [ RunTime:0.004880s ]
[ sql ] [ SQL ] SELECT * FROM `pro2` WHERE  `pro_type` = 'jj'  AND `state` = 1  AND `pos` = 1 ORDER BY pro_id DESC LIMIT 3 [ RunTime:0.007841s ]
[ sql ] [ SQL ] SELECT * FROM `pro2` WHERE  `pro_type` = 'jd'  AND `state` = 1  AND `pos` = 1 ORDER BY pro_id DESC LIMIT 3 [ RunTime:0.005572s ]
[ sql ] [ SQL ] SELECT * FROM `pro2` WHERE  `pro_type` = 'yw'  AND `state` = 1  AND `pos` = 1 ORDER BY pro_id DESC LIMIT 3 [ RunTime:0.006210s ]
[ sql ] [ SQL ] SELECT * FROM `pro2` WHERE  `pro_type` = 'sp'  AND `state` = 1  AND `pos` = 1 ORDER BY pro_id DESC LIMIT 3 [ RunTime:0.007468s ]
[ sql ] [ SQL ] SELECT * FROM `pro2` WHERE  `pro_type` = 'sj'  AND `state` = 1  AND `pos` = 1 ORDER BY pro_id DESC LIMIT 3 [ RunTime:0.006406s ]
[ sql ] [ SQL ] SELECT * FROM `pro2` WHERE  (  `pro_type` = 'cw'  AND `state` = 1  AND `pos` = 1 ) [ RunTime:0.006492s ]
[ sql ] [ SQL ] SHOW COLUMNS FROM `user` [ RunTime:0.005566s ]
[ sql ] [ SQL ] SELECT * FROM `user` WHERE  `state` = 1 ORDER BY id DESC LIMIT 3 [ RunTime:0.005594s ]
[ sql ] [ SQL ] SHOW COLUMNS FROM `pro` [ RunTime:0.005895s ]
[ sql ] [ SQL ] SELECT * FROM `pro` WHERE  `pro_id` > 0  AND `state` = 1 ORDER BY pro_id DESC LIMIT 3 [ RunTime:0.006949s ]
[ sql ] [ SQL ] SHOW COLUMNS FROM `pagehits` [ RunTime:0.006278s ]
[ sql ] [ SQL ] UPDATE `pagehits`  SET `hits`=hits+1  WHERE  `id` = 1 [ RunTime:0.004366s ]
[ sql ] [ SQL ] SELECT `hits` FROM `pagehits` WHERE  `id` = 1 LIMIT 1 [ RunTime:0.004437s ]
---------------------------------------------------------------
[ 2019-06-24T04:06:24+08:00 ] 172.17.230.83 101.132.100.6 GET /
[ info ] www.51mfgs.com/ [运行时间：0.133422s][吞吐率：7.50req/s] [内存消耗：797.84kb] [文件加载：49]
[ info ] [ LANG ] /data/home/syu4378230001/htdocs/thinkphp/lang/zh-cn.php
[ info ] [ BIND ] 'index/Index'
[ info ] [ ROUTE ] array (
  'type' => 'module',
  'module' => 
  array (
    0 => 'index',
    1 => 'Index',
    2 => NULL,
  ),
)
[ info ] [ HEADER ] array (
  'accept' => 'text/html, image/gif, image/jpeg, *; q=.2, */*; q=.2',
  'connection' => 'keep-alive',
  'host' => 'www.51mfgs.com',
  'user-agent' => 'Mozilla/5.0 (Linux; Android 4.1.1; Nexus 7 Build/JRO03D))',
)
[ info ] [ PARAM ] array (
)
[ info ] [ RUN ] app\index\controller\Index->index[ /data/home/syu4378230001/htdocs/app/index/controller/Index.php ]
[ info ] [ DB ] INIT mysql
[ info ] [ SESSION ] INIT array (
  'id' => '',
  'var_session_id' => '',
  'prefix' => '',
  'type' => '',
  'auto_start' => true,
  'httponly' => true,
  'secure' => false,
)
[ info ] [ CACHE ] INIT File
[ info ] [ VIEW ] ./app/index/view/index/index.html [ array (
  0 => 'indexhits',
  1 => 'userclass',
  2 => 'usersess',
  3 => 'res_newpro',
  4 => 'res_user',
  5 => 'time',
  6 => 'res_jj',
  7 => 'res_jd',
  8 => 'res_yw',
  9 => 'res_sp',
  10 => 'res_sj',
  11 => 'res_cw',
) ]
[ info ] [ LOG ] INIT File
[ sql ] [ DB ] CONNECT:[ UseTime:0.007686s ] mysql:dbname=sdm442994699_db;host=sdm442994699.my3w.com;charset=utf8
[ sql ] [ SQL ] SHOW COLUMNS FROM `pro2` [ RunTime:0.004715s ]
[ sql ] [ SQL ] SELECT * FROM `pro2` WHERE  `pro_type` = 'jj'  AND `state` = 1  AND `pos` = 1 ORDER BY pro_id DESC LIMIT 3 [ RunTime:0.004724s ]
[ sql ] [ SQL ] SELECT * FROM `pro2` WHERE  `pro_type` = 'jd'  AND `state` = 1  AND `pos` = 1 ORDER BY pro_id DESC LIMIT 3 [ RunTime:0.003436s ]
[ sql ] [ SQL ] SELECT * FROM `pro2` WHERE  `pro_type` = 'yw'  AND `state` = 1  AND `pos` = 1 ORDER BY pro_id DESC LIMIT 3 [ RunTime:0.003853s ]
[ sql ] [ SQL ] SELECT * FROM `pro2` WHERE  `pro_type` = 'sp'  AND `state` = 1  AND `pos` = 1 ORDER BY pro_id DESC LIMIT 3 [ RunTime:0.003833s ]
[ sql ] [ SQL ] SELECT * FROM `pro2` WHERE  `pro_type` = 'sj'  AND `state` = 1  AND `pos` = 1 ORDER BY pro_id DESC LIMIT 3 [ RunTime:0.003848s ]
[ sql ] [ SQL ] SELECT * FROM `pro2` WHERE  (  `pro_type` = 'cw'  AND `state` = 1  AND `pos` = 1 ) [ RunTime:0.003536s ]
[ sql ] [ SQL ] SHOW COLUMNS FROM `user` [ RunTime:0.003979s ]
[ sql ] [ SQL ] SELECT * FROM `user` WHERE  `state` = 1 ORDER BY id DESC LIMIT 3 [ RunTime:0.004397s ]
[ sql ] [ SQL ] SHOW COLUMNS FROM `pro` [ RunTime:0.006126s ]
[ sql ] [ SQL ] SELECT * FROM `pro` WHERE  `pro_id` > 0  AND `state` = 1 ORDER BY pro_id DESC LIMIT 3 [ RunTime:0.004682s ]
[ sql ] [ SQL ] SHOW COLUMNS FROM `pagehits` [ RunTime:0.003347s ]
[ sql ] [ SQL ] UPDATE `pagehits`  SET `hits`=hits+1  WHERE  `id` = 1 [ RunTime:0.005835s ]
[ sql ] [ SQL ] SELECT `hits` FROM `pagehits` WHERE  `id` = 1 LIMIT 1 [ RunTime:0.003959s ]
---------------------------------------------------------------
[ 2019-06-24T05:01:43+08:00 ] 172.17.230.83 157.55.39.176 GET /yw.html
[ info ] 51mfgs.com/yw.html [运行时间：0.078427s][吞吐率：12.75req/s] [内存消耗：625.75kb] [文件加载：45]
[ info ] [ LANG ] /data/home/syu4378230001/htdocs/thinkphp/lang/zh-cn.php
[ info ] [ BIND ] 'index/Index'
[ info ] [ ROUTE ] array (
  'type' => 'module',
  'module' => 
  array (
    0 => 'index',
    1 => 'Index',
    2 => 'yw',
  ),
)
[ info ] [ HEADER ] array (
  'accept' => '*/*',
  'accept-encoding' => 'gzip, deflate',
  'cache-control' => 'no-cache',
  'connection' => 'Keep-Alive',
  'from' => 'bingbot(at)microsoft.com',
  'host' => '51mfgs.com',
  'pragma' => 'no-cache',
  'user-agent' => 'Mozilla/5.0 (compatible; bingbot/2.0; +http://www.bing.com/bingbot.htm)',
)
[ info ] [ PARAM ] array (
)
[ info ] [ RUN ] app\index\controller\Index->yw[ /data/home/syu4378230001/htdocs/app/index/controller/Index.php ]
[ info ] [ DB ] INIT mysql
[ info ] [ VIEW ] ./app/index/view/index/yw.html [ array (
  0 => 'list',
  1 => 'total',
) ]
[ info ] [ LOG ] INIT File
[ sql ] [ DB ] CONNECT:[ UseTime:0.007631s ] mysql:dbname=sdm442994699_db;host=sdm442994699.my3w.com;charset=utf8
[ sql ] [ SQL ] SHOW COLUMNS FROM `pro2` [ RunTime:0.003729s ]
[ sql ] [ SQL ] SELECT COUNT(*) AS tp_count FROM `pro2` WHERE  `pro_type` = 'yw'  AND `state` = 1 LIMIT 1 [ RunTime:0.002690s ]
[ sql ] [ SQL ] SELECT * FROM `pro2` WHERE  `pro_type` = 'yw'  AND `state` = 1 ORDER BY pubtime DESC LIMIT 0,100 [ RunTime:0.002959s ]
[ sql ] [ SQL ] SELECT COUNT(*) AS tp_count FROM `pro2` WHERE  `pro_type` = 'yw'  AND `state` = 1 LIMIT 1 [ RunTime:0.003102s ]
---------------------------------------------------------------
[ 2019-06-24T05:26:37+08:00 ] 172.17.230.83 106.15.176.145 GET /
[ info ] www.51mfgs.com/ [运行时间：0.127548s][吞吐率：7.84req/s] [内存消耗：797.91kb] [文件加载：49]
[ info ] [ LANG ] /data/home/syu4378230001/htdocs/thinkphp/lang/zh-cn.php
[ info ] [ BIND ] 'index/Index'
[ info ] [ ROUTE ] array (
  'type' => 'module',
  'module' => 
  array (
    0 => 'index',
    1 => 'Index',
    2 => NULL,
  ),
)
[ info ] [ HEADER ] array (
  'accept' => 'text/html, image/gif, image/jpeg, *; q=.2, */*; q=.2',
  'connection' => 'keep-alive',
  'host' => 'www.51mfgs.com',
  'user-agent' => 'Mozilla/5.0 (X11; Ubuntu; Linux x86_64; rv:36.0) Gecko/20100101 Firefox/36.0',
)
[ info ] [ PARAM ] array (
)
[ info ] [ RUN ] app\index\controller\Index->index[ /data/home/syu4378230001/htdocs/app/index/controller/Index.php ]
[ info ] [ DB ] INIT mysql
[ info ] [ SESSION ] INIT array (
  'id' => '',
  'var_session_id' => '',
  'prefix' => '',
  'type' => '',
  'auto_start' => true,
  'httponly' => true,
  'secure' => false,
)
[ info ] [ CACHE ] INIT File
[ info ] [ VIEW ] ./app/index/view/index/index.html [ array (
  0 => 'indexhits',
  1 => 'userclass',
  2 => 'usersess',
  3 => 'res_newpro',
  4 => 'res_user',
  5 => 'time',
  6 => 'res_jj',
  7 => 'res_jd',
  8 => 'res_yw',
  9 => 'res_sp',
  10 => 'res_sj',
  11 => 'res_cw',
) ]
[ info ] [ LOG ] INIT File
[ sql ] [ DB ] CONNECT:[ UseTime:0.009096s ] mysql:dbname=sdm442994699_db;host=sdm442994699.my3w.com;charset=utf8
[ sql ] [ SQL ] SHOW COLUMNS FROM `pro2` [ RunTime:0.004411s ]
[ sql ] [ SQL ] SELECT * FROM `pro2` WHERE  `pro_type` = 'jj'  AND `state` = 1  AND `pos` = 1 ORDER BY pro_id DESC LIMIT 3 [ RunTime:0.003703s ]
[ sql ] [ SQL ] SELECT * FROM `pro2` WHERE  `pro_type` = 'jd'  AND `state` = 1  AND `pos` = 1 ORDER BY pro_id DESC LIMIT 3 [ RunTime:0.003675s ]
[ sql ] [ SQL ] SELECT * FROM `pro2` WHERE  `pro_type` = 'yw'  AND `state` = 1  AND `pos` = 1 ORDER BY pro_id DESC LIMIT 3 [ RunTime:0.003741s ]
[ sql ] [ SQL ] SELECT * FROM `pro2` WHERE  `pro_type` = 'sp'  AND `state` = 1  AND `pos` = 1 ORDER BY pro_id DESC LIMIT 3 [ RunTime:0.003705s ]
[ sql ] [ SQL ] SELECT * FROM `pro2` WHERE  `pro_type` = 'sj'  AND `state` = 1  AND `pos` = 1 ORDER BY pro_id DESC LIMIT 3 [ RunTime:0.003687s ]
[ sql ] [ SQL ] SELECT * FROM `pro2` WHERE  (  `pro_type` = 'cw'  AND `state` = 1  AND `pos` = 1 ) [ RunTime:0.003794s ]
[ sql ] [ SQL ] SHOW COLUMNS FROM `user` [ RunTime:0.005462s ]
[ sql ] [ SQL ] SELECT * FROM `user` WHERE  `state` = 1 ORDER BY id DESC LIMIT 3 [ RunTime:0.003789s ]
[ sql ] [ SQL ] SHOW COLUMNS FROM `pro` [ RunTime:0.004022s ]
[ sql ] [ SQL ] SELECT * FROM `pro` WHERE  `pro_id` > 0  AND `state` = 1 ORDER BY pro_id DESC LIMIT 3 [ RunTime:0.004046s ]
[ sql ] [ SQL ] SHOW COLUMNS FROM `pagehits` [ RunTime:0.004163s ]
[ sql ] [ SQL ] UPDATE `pagehits`  SET `hits`=hits+1  WHERE  `id` = 1 [ RunTime:0.003555s ]
[ sql ] [ SQL ] SELECT `hits` FROM `pagehits` WHERE  `id` = 1 LIMIT 1 [ RunTime:0.003412s ]
---------------------------------------------------------------
[ 2019-06-24T05:30:34+08:00 ] 172.17.230.83 101.132.156.172 GET /
[ info ] 51mfgs.com/ [运行时间：1.156940s][吞吐率：0.86req/s] [内存消耗：797.91kb] [文件加载：49]
[ info ] [ LANG ] /data/home/syu4378230001/htdocs/thinkphp/lang/zh-cn.php
[ info ] [ BIND ] 'index/Index'
[ info ] [ ROUTE ] array (
  'type' => 'module',
  'module' => 
  array (
    0 => 'index',
    1 => 'Index',
    2 => NULL,
  ),
)
[ info ] [ HEADER ] array (
  'accept' => 'text/html, image/gif, image/jpeg, *; q=.2, */*; q=.2',
  'connection' => 'keep-alive',
  'host' => '51mfgs.com',
  'user-agent' => 'Mozilla/5.0 (X11; Ubuntu; Linux x86_64; rv:36.0) Gecko/20100101 Firefox/36.0',
)
[ info ] [ PARAM ] array (
)
[ info ] [ RUN ] app\index\controller\Index->index[ /data/home/syu4378230001/htdocs/app/index/controller/Index.php ]
[ info ] [ DB ] INIT mysql
[ info ] [ SESSION ] INIT array (
  'id' => '',
  'var_session_id' => '',
  'prefix' => '',
  'type' => '',
  'auto_start' => true,
  'httponly' => true,
  'secure' => false,
)
[ info ] [ CACHE ] INIT File
[ info ] [ VIEW ] ./app/index/view/index/index.html [ array (
  0 => 'indexhits',
  1 => 'userclass',
  2 => 'usersess',
  3 => 'res_newpro',
  4 => 'res_user',
  5 => 'time',
  6 => 'res_jj',
  7 => 'res_jd',
  8 => 'res_yw',
  9 => 'res_sp',
  10 => 'res_sj',
  11 => 'res_cw',
) ]
[ info ] [ LOG ] INIT File
[ sql ] [ DB ] CONNECT:[ UseTime:0.009265s ] mysql:dbname=sdm442994699_db;host=sdm442994699.my3w.com;charset=utf8
[ sql ] [ SQL ] SHOW COLUMNS FROM `pro2` [ RunTime:0.004812s ]
[ sql ] [ SQL ] SELECT * FROM `pro2` WHERE  `pro_type` = 'jj'  AND `state` = 1  AND `pos` = 1 ORDER BY pro_id DESC LIMIT 3 [ RunTime:0.003033s ]
[ sql ] [ SQL ] SELECT * FROM `pro2` WHERE  `pro_type` = 'jd'  AND `state` = 1  AND `pos` = 1 ORDER BY pro_id DESC LIMIT 3 [ RunTime:0.003061s ]
[ sql ] [ SQL ] SELECT * FROM `pro2` WHERE  `pro_type` = 'yw'  AND `state` = 1  AND `pos` = 1 ORDER BY pro_id DESC LIMIT 3 [ RunTime:0.002904s ]
[ sql ] [ SQL ] SELECT * FROM `pro2` WHERE  `pro_type` = 'sp'  AND `state` = 1  AND `pos` = 1 ORDER BY pro_id DESC LIMIT 3 [ RunTime:0.002643s ]
[ sql ] [ SQL ] SELECT * FROM `pro2` WHERE  `pro_type` = 'sj'  AND `state` = 1  AND `pos` = 1 ORDER BY pro_id DESC LIMIT 3 [ RunTime:0.002645s ]
[ sql ] [ SQL ] SELECT * FROM `pro2` WHERE  (  `pro_type` = 'cw'  AND `state` = 1  AND `pos` = 1 ) [ RunTime:0.003242s ]
[ sql ] [ SQL ] SHOW COLUMNS FROM `user` [ RunTime:0.006243s ]
[ sql ] [ SQL ] SELECT * FROM `user` WHERE  `state` = 1 ORDER BY id DESC LIMIT 3 [ RunTime:0.002683s ]
[ sql ] [ SQL ] SHOW COLUMNS FROM `pro` [ RunTime:0.004094s ]
[ sql ] [ SQL ] SELECT * FROM `pro` WHERE  `pro_id` > 0  AND `state` = 1 ORDER BY pro_id DESC LIMIT 3 [ RunTime:0.002833s ]
[ sql ] [ SQL ] SHOW COLUMNS FROM `pagehits` [ RunTime:0.003873s ]
[ sql ] [ SQL ] UPDATE `pagehits`  SET `hits`=hits+1  WHERE  `id` = 1 [ RunTime:0.002546s ]
[ sql ] [ SQL ] SELECT `hits` FROM `pagehits` WHERE  `id` = 1 LIMIT 1 [ RunTime:0.003334s ]
---------------------------------------------------------------
[ 2019-06-24T05:40:59+08:00 ] 172.17.230.83 123.125.71.96 GET /
[ info ] www.51mfgs.com/ [运行时间：0.125122s][吞吐率：7.99req/s] [内存消耗：797.95kb] [文件加载：49]
[ info ] [ LANG ] /data/home/syu4378230001/htdocs/thinkphp/lang/zh-cn.php
[ info ] [ BIND ] 'index/Index'
[ info ] [ ROUTE ] array (
  'type' => 'module',
  'module' => 
  array (
    0 => 'index',
    1 => 'Index',
    2 => NULL,
  ),
)
[ info ] [ HEADER ] array (
  'accept' => '*/*',
  'accept-language' => 'zh-cn,zh-tw',
  'host' => 'www.51mfgs.com',
  'if-none-match' => '""""@NULL@""""',
  'user-agent' => 'Mozilla/5.0 (compatible; Baiduspider/2.0; +http://www.baidu.com/search/spider.html)',
)
[ info ] [ PARAM ] array (
)
[ info ] [ RUN ] app\index\controller\Index->index[ /data/home/syu4378230001/htdocs/app/index/controller/Index.php ]
[ info ] [ DB ] INIT mysql
[ info ] [ SESSION ] INIT array (
  'id' => '',
  'var_session_id' => '',
  'prefix' => '',
  'type' => '',
  'auto_start' => true,
  'httponly' => true,
  'secure' => false,
)
[ info ] [ CACHE ] INIT File
[ info ] [ VIEW ] ./app/index/view/index/index.html [ array (
  0 => 'indexhits',
  1 => 'userclass',
  2 => 'usersess',
  3 => 'res_newpro',
  4 => 'res_user',
  5 => 'time',
  6 => 'res_jj',
  7 => 'res_jd',
  8 => 'res_yw',
  9 => 'res_sp',
  10 => 'res_sj',
  11 => 'res_cw',
) ]
[ info ] [ LOG ] INIT File
[ sql ] [ DB ] CONNECT:[ UseTime:0.008175s ] mysql:dbname=sdm442994699_db;host=sdm442994699.my3w.com;charset=utf8
[ sql ] [ SQL ] SHOW COLUMNS FROM `pro2` [ RunTime:0.003598s ]
[ sql ] [ SQL ] SELECT * FROM `pro2` WHERE  `pro_type` = 'jj'  AND `state` = 1  AND `pos` = 1 ORDER BY pro_id DESC LIMIT 3 [ RunTime:0.003254s ]
[ sql ] [ SQL ] SELECT * FROM `pro2` WHERE  `pro_type` = 'jd'  AND `state` = 1  AND `pos` = 1 ORDER BY pro_id DESC LIMIT 3 [ RunTime:0.003017s ]
[ sql ] [ SQL ] SELECT * FROM `pro2` WHERE  `pro_type` = 'yw'  AND `state` = 1  AND `pos` = 1 ORDER BY pro_id DESC LIMIT 3 [ RunTime:0.006550s ]
[ sql ] [ SQL ] SELECT * FROM `pro2` WHERE  `pro_type` = 'sp'  AND `state` = 1  AND `pos` = 1 ORDER BY pro_id DESC LIMIT 3 [ RunTime:0.004649s ]
[ sql ] [ SQL ] SELECT * FROM `pro2` WHERE  `pro_type` = 'sj'  AND `state` = 1  AND `pos` = 1 ORDER BY pro_id DESC LIMIT 3 [ RunTime:0.004478s ]
[ sql ] [ SQL ] SELECT * FROM `pro2` WHERE  (  `pro_type` = 'cw'  AND `state` = 1  AND `pos` = 1 ) [ RunTime:0.005296s ]
[ sql ] [ SQL ] SHOW COLUMNS FROM `user` [ RunTime:0.003839s ]
[ sql ] [ SQL ] SELECT * FROM `user` WHERE  `state` = 1 ORDER BY id DESC LIMIT 3 [ RunTime:0.003143s ]
[ sql ] [ SQL ] SHOW COLUMNS FROM `pro` [ RunTime:0.003868s ]
[ sql ] [ SQL ] SELECT * FROM `pro` WHERE  `pro_id` > 0  AND `state` = 1 ORDER BY pro_id DESC LIMIT 3 [ RunTime:0.003420s ]
[ sql ] [ SQL ] SHOW COLUMNS FROM `pagehits` [ RunTime:0.003850s ]
[ sql ] [ SQL ] UPDATE `pagehits`  SET `hits`=hits+1  WHERE  `id` = 1 [ RunTime:0.003177s ]
[ sql ] [ SQL ] SELECT `hits` FROM `pagehits` WHERE  `id` = 1 LIMIT 1 [ RunTime:0.002852s ]
---------------------------------------------------------------
[ 2019-06-24T05:42:10+08:00 ] 172.17.230.83 112.97.57.75 GET /dshserver
[ info ] www.51mfgs.com/dshserver [运行时间：0.089109s][吞吐率：11.22req/s] [内存消耗：388.88kb] [文件加载：35]
[ info ] [ LANG ] /data/home/syu4378230001/htdocs/thinkphp/lang/zh-cn.php
[ info ] [ BIND ] 'index/Index'
[ info ] [ ROUTE ] array (
  'type' => 'module',
  'module' => 
  array (
    0 => 'index',
    1 => 'Index',
    2 => 'dshserver',
  ),
)
[ info ] [ HEADER ] array (
  'accept' => 'text/html,application/xhtml+xml,application/xml;q=0.9,image/webp,image/apng,image/wxpic,image/sharpp,image/apng,image/tpg,*/*;q=0.8',
  'accept-encoding' => 'gzip, deflate, br',
  'accept-language' => 'zh-CN,en-US;q=0.9',
  'connection' => 'keep-alive',
  'host' => 'www.51mfgs.com',
  'upgrade-insecure-requests' => '1',
  'user-agent' => 'Mozilla/5.0 (Linux; Android 9; MI 8 Build/PKQ1.180729.001; wv) AppleWebKit/537.36 (KHTML, like Gecko) Version/4.0 Chrome/66.0.3359.126 MQQBrowser/6.2 TBS/044705 Mobile Safari/537.36 MMWEBID/5929 MicroMessenger/7.0.4.1420(0x27000435) Process/tools NetType/4G Language/zh_CN',
)
[ info ] [ PARAM ] array (
)
[ info ] [ RUN ] app\index\controller\Index->dshserver[ /data/home/syu4378230001/htdocs/app/index/controller/Index.php ]
[ info ] [ VIEW ] ./template/dsk/dskindex.html [ array (
) ]
[ info ] [ LOG ] INIT File
---------------------------------------------------------------
[ 2019-06-24T05:42:11+08:00 ] 172.17.230.83 112.97.57.75 GET /favicon.ico
[ info ] www.51mfgs.com/favicon.ico [运行时间：0.040336s][吞吐率：24.79req/s] [内存消耗：390.39kb] [文件加载：36]
[ info ] [ LANG ] /data/home/syu4378230001/htdocs/thinkphp/lang/zh-cn.php
[ info ] [ BIND ] 'index/Index'
[ info ] [ ROUTE ] array (
  'type' => 'module',
  'module' => 
  array (
    0 => 'index',
    1 => 'Index',
    2 => 'favicon.ico',
  ),
)
[ info ] [ HEADER ] array (
  'accept' => 'image/webp,image/wxpic,image/sharpp,image/apng,image/tpg,image/*,*/*;q=0.8',
  'accept-encoding' => 'gzip, deflate, br',
  'accept-language' => 'zh-CN,en-US;q=0.9',
  'connection' => 'keep-alive',
  'host' => 'www.51mfgs.com',
  'referer' => 'https://www.51mfgs.com/dshserver',
  'user-agent' => 'Mozilla/5.0 (Linux; Android 9; MI 8 Build/PKQ1.180729.001; wv) AppleWebKit/537.36 (KHTML, like Gecko) Version/4.0 Chrome/66.0.3359.126 MQQBrowser/6.2 TBS/044705 Mobile Safari/537.36 MMWEBID/5929 MicroMessenger/7.0.4.1420(0x27000435) Process/tools NetType/4G Language/zh_CN',
)
[ info ] [ PARAM ] array (
)
[ info ] [ RUN ] app\index\controller\Index->_empty[ /data/home/syu4378230001/htdocs/app/index/controller/Index.php ]
[ info ] [ VIEW ] /data/home/syu4378230001/htdocs/thinkphp/tpl/dispatch_jump.tpl [ array (
  0 => 'code',
  1 => 'msg',
  2 => 'data',
  3 => 'url',
  4 => 'wait',
) ]
[ info ] [ LOG ] INIT File
---------------------------------------------------------------
[ 2019-06-24T06:21:45+08:00 ] 172.17.230.83 223.166.222.108 GET /getboot
[ info ] www.51mfgs.com/getboot [运行时间：0.068335s][吞吐率：14.63req/s] [内存消耗：545.94kb] [文件加载：39]
[ info ] [ LANG ] /data/home/syu4378230001/htdocs/thinkphp/lang/zh-cn.php
[ info ] [ BIND ] 'index/Index'
[ info ] [ ROUTE ] array (
  'type' => 'module',
  'module' => 
  array (
    0 => 'index',
    1 => 'Index',
    2 => 'getboot',
  ),
)
[ info ] [ HEADER ] array (
  'content-length' => '0',
  'content-type' => 'application/json',
  'accept' => '*/*',
  'accept-encoding' => 'gzip, deflate',
  'connection' => 'keep-alive',
  'host' => 'www.51mfgs.com',
  'origin' => 'https://www.51mfgs.com',
  'referer' => 'https://servicewechat.com/wxd015b1639d2c0e53/3/page-frame.html',
  'remote-addr' => '9.2.147.176:35374',
  'server-port' => '18569',
  'user-agent' => 'Mozilla/5.0 (iPhone; CPU iPhone OS 11_0 like Mac OS X) AppleWebKit/604.1.38 (KHTML, like Gecko) Version/11.0 Mobile/15A372 Safari/604.1 MicroMessenger/6.5 mpcrawler',
  'x-wx-cascade-timeout' => '40000',
)
[ info ] [ PARAM ] array (
)
[ info ] [ RUN ] app\index\controller\Index->getboot[ /data/home/syu4378230001/htdocs/app/index/controller/Index.php ]
[ info ] [ DB ] INIT mysql
[ info ] [ LOG ] INIT File
[ sql ] [ DB ] CONNECT:[ UseTime:0.011730s ] mysql:dbname=sdm442994699_db;host=sdm442994699.my3w.com;charset=utf8
[ sql ] [ SQL ] SHOW COLUMNS FROM `bootlanguage` [ RunTime:0.004151s ]
[ sql ] [ SQL ] SELECT * FROM `bootlanguage` WHERE  `status` = 1 LIMIT 1 [ RunTime:0.002600s ]
---------------------------------------------------------------
[ 2019-06-24T06:21:47+08:00 ] 172.17.230.83 223.166.222.108 GET /getuserhot
[ info ] www.51mfgs.com/getuserhot [运行时间：0.285635s][吞吐率：3.50req/s] [内存消耗：616.27kb] [文件加载：39]
[ info ] [ LANG ] /data/home/syu4378230001/htdocs/thinkphp/lang/zh-cn.php
[ info ] [ BIND ] 'index/Index'
[ info ] [ ROUTE ] array (
  'type' => 'module',
  'module' => 
  array (
    0 => 'index',
    1 => 'Index',
    2 => 'getuserhot',
  ),
)
[ info ] [ HEADER ] array (
  'content-length' => '0',
  'content-type' => 'application/json',
  'accept' => '*/*',
  'accept-encoding' => 'gzip, deflate',
  'connection' => 'keep-alive',
  'host' => 'www.51mfgs.com',
  'origin' => 'https://www.51mfgs.com',
  'referer' => 'https://servicewechat.com/wxd015b1639d2c0e53/3/page-frame.html',
  'remote-addr' => '9.2.147.176:35411',
  'server-port' => '18569',
  'user-agent' => 'Mozilla/5.0 (iPhone; CPU iPhone OS 11_0 like Mac OS X) AppleWebKit/604.1.38 (KHTML, like Gecko) Version/11.0 Mobile/15A372 Safari/604.1 MicroMessenger/6.5 mpcrawler',
  'x-wx-cascade-timeout' => '40000',
)
[ info ] [ PARAM ] array (
)
[ info ] [ RUN ] app\index\controller\Index->getuserhot[ /data/home/syu4378230001/htdocs/app/index/controller/Index.php ]
[ info ] [ DB ] INIT mysql
[ info ] [ LOG ] INIT File
[ sql ] [ DB ] CONNECT:[ UseTime:0.017167s ] mysql:dbname=sdm442994699_db;host=sdm442994699.my3w.com;charset=utf8
[ sql ] [ SQL ] SHOW COLUMNS FROM `wxuser` [ RunTime:0.004130s ]
[ sql ] [ SQL ] SELECT `u`.*,`e`.*,count(e.tel) count FROM `wxuser` `u` INNER JOIN `pro2` `e` ON `u`.`user_phone`=`e`.`tel` GROUP BY e.tel ORDER BY count(e.tel) desc,u.createtime desc LIMIT 10 [ RunTime:0.005951s ]
---------------------------------------------------------------
[ 2019-06-24T06:21:47+08:00 ] 172.17.230.83 223.166.222.108 GET /alljj2/page/1
[ info ] www.51mfgs.com/alljj2/page/1 [运行时间：0.398977s][吞吐率：2.51req/s] [内存消耗：814.88kb] [文件加载：47]
[ info ] [ LANG ] /data/home/syu4378230001/htdocs/thinkphp/lang/zh-cn.php
[ info ] [ BIND ] 'index/Index'
[ info ] [ ROUTE ] array (
  'type' => 'module',
  'module' => 
  array (
    0 => 'index',
    1 => 'Index',
    2 => 'alljj2',
  ),
)
[ info ] [ HEADER ] array (
  'content-length' => '0',
  'content-type' => 'application/json',
  'accept' => '*/*',
  'accept-encoding' => 'gzip, deflate',
  'connection' => 'keep-alive',
  'host' => 'www.51mfgs.com',
  'origin' => 'https://www.51mfgs.com',
  'referer' => 'https://servicewechat.com/wxd015b1639d2c0e53/3/page-frame.html',
  'remote-addr' => '9.2.147.176:35412',
  'server-port' => '18569',
  'user-agent' => 'Mozilla/5.0 (iPhone; CPU iPhone OS 11_0 like Mac OS X) AppleWebKit/604.1.38 (KHTML, like Gecko) Version/11.0 Mobile/15A372 Safari/604.1 MicroMessenger/6.5 mpcrawler',
  'x-wx-cascade-timeout' => '40000',
)
[ info ] [ PARAM ] array (
  'page' => '1',
)
[ info ] [ RUN ] app\index\controller\Index->alljj2[ /data/home/syu4378230001/htdocs/app/index/controller/Index.php ]
[ info ] [ DB ] INIT mysql
[ info ] [ LOG ] INIT File
[ sql ] [ DB ] CONNECT:[ UseTime:0.008993s ] mysql:dbname=sdm442994699_db;host=sdm442994699.my3w.com;charset=utf8
[ sql ] [ SQL ] SHOW COLUMNS FROM `pro2` [ RunTime:0.006578s ]
[ sql ] [ SQL ] SELECT COUNT(*) AS tp_count FROM `pro2` WHERE  `state` = 1  AND `pro_type` = 'jj' LIMIT 1 [ RunTime:0.002534s ]
[ sql ] [ SQL ] SELECT * FROM `pro2` WHERE  `pro_type` = 'jj'  AND `state` = 1 ORDER BY pro_id DESC LIMIT 0,10 [ RunTime:0.003227s ]
[ sql ] [ SQL ] SHOW COLUMNS FROM `wxuser` [ RunTime:0.004294s ]
[ sql ] [ SQL ] SELECT * FROM `wxuser` WHERE  `user_phone` IN ('13512763020','13682315008','13554829771','13688829771','13088849771','13735829771') [ RunTime:0.002631s ]
[ sql ] [ SQL ] SHOW COLUMNS FROM `order` [ RunTime:0.003030s ]
[ sql ] [ SQL ] SELECT * FROM `order` WHERE  `pro_id` IN (100,84,28,27,26,4) [ RunTime:0.002703s ]
---------------------------------------------------------------
[ 2019-06-24T06:21:47+08:00 ] 172.17.230.83 223.166.222.108 GET /allsj2/page/1
[ info ] www.51mfgs.com/allsj2/page/1 [运行时间：0.268146s][吞吐率：3.73req/s] [内存消耗：831.18kb] [文件加载：47]
[ info ] [ LANG ] /data/home/syu4378230001/htdocs/thinkphp/lang/zh-cn.php
[ info ] [ BIND ] 'index/Index'
[ info ] [ ROUTE ] array (
  'type' => 'module',
  'module' => 
  array (
    0 => 'index',
    1 => 'Index',
    2 => 'allsj2',
  ),
)
[ info ] [ HEADER ] array (
  'content-length' => '0',
  'content-type' => 'application/json',
  'accept' => '*/*',
  'accept-encoding' => 'gzip, deflate',
  'connection' => 'keep-alive',
  'host' => 'www.51mfgs.com',
  'origin' => 'https://www.51mfgs.com',
  'referer' => 'https://servicewechat.com/wxd015b1639d2c0e53/3/page-frame.html',
  'remote-addr' => '9.2.147.176:35413',
  'server-port' => '18569',
  'user-agent' => 'Mozilla/5.0 (iPhone; CPU iPhone OS 11_0 like Mac OS X) AppleWebKit/604.1.38 (KHTML, like Gecko) Version/11.0 Mobile/15A372 Safari/604.1 MicroMessenger/6.5 mpcrawler',
  'x-wx-cascade-timeout' => '40000',
)
[ info ] [ PARAM ] array (
  'page' => '1',
)
[ info ] [ RUN ] app\index\controller\Index->allsj2[ /data/home/syu4378230001/htdocs/app/index/controller/Index.php ]
[ info ] [ DB ] INIT mysql
[ info ] [ LOG ] INIT File
[ sql ] [ DB ] CONNECT:[ UseTime:0.012186s ] mysql:dbname=sdm442994699_db;host=sdm442994699.my3w.com;charset=utf8
[ sql ] [ SQL ] SHOW COLUMNS FROM `pro2` [ RunTime:0.004504s ]
[ sql ] [ SQL ] SELECT COUNT(*) AS tp_count FROM `pro2` WHERE  `state` = 1  AND `pro_type` = 'sj' LIMIT 1 [ RunTime:0.002605s ]
[ sql ] [ SQL ] SELECT * FROM `pro2` WHERE  `pro_type` = 'sj'  AND `state` = 1 ORDER BY pro_id DESC LIMIT 0,10 [ RunTime:0.002898s ]
[ sql ] [ SQL ] SHOW COLUMNS FROM `wxuser` [ RunTime:0.003671s ]
[ sql ] [ SQL ] SELECT * FROM `wxuser` WHERE  `user_phone` IN ('13631573892','13631573892','13602684111','13088829771','13088829771','13088829771','13088829771','13088829771','13088829771','13088829771') [ RunTime:0.002806s ]
[ sql ] [ SQL ] SHOW COLUMNS FROM `order` [ RunTime:0.003682s ]
[ sql ] [ SQL ] SELECT * FROM `order` WHERE  `pro_id` IN (186,185,138,131,79,78,71,70,69,68) [ RunTime:0.003038s ]
---------------------------------------------------------------
[ 2019-06-24T06:21:47+08:00 ] 172.17.230.83 223.166.222.108 GET /allpro3/page/1
[ info ] www.51mfgs.com/allpro3/page/1 [运行时间：0.400199s][吞吐率：2.50req/s] [内存消耗：833.84kb] [文件加载：47]
[ info ] [ LANG ] /data/home/syu4378230001/htdocs/thinkphp/lang/zh-cn.php
[ info ] [ BIND ] 'index/Index'
[ info ] [ ROUTE ] array (
  'type' => 'module',
  'module' => 
  array (
    0 => 'index',
    1 => 'Index',
    2 => 'allpro3',
  ),
)
[ info ] [ HEADER ] array (
  'content-length' => '0',
  'content-type' => 'application/json',
  'accept' => '*/*',
  'accept-encoding' => 'gzip, deflate',
  'connection' => 'keep-alive',
  'host' => 'www.51mfgs.com',
  'origin' => 'https://www.51mfgs.com',
  'referer' => 'https://servicewechat.com/wxd015b1639d2c0e53/3/page-frame.html',
  'remote-addr' => '9.2.147.176:35374',
  'server-port' => '18569',
  'user-agent' => 'Mozilla/5.0 (iPhone; CPU iPhone OS 11_0 like Mac OS X) AppleWebKit/604.1.38 (KHTML, like Gecko) Version/11.0 Mobile/15A372 Safari/604.1 MicroMessenger/6.5 mpcrawler',
  'x-wx-cascade-timeout' => '40000',
)
[ info ] [ PARAM ] array (
  'page' => '1',
)
[ info ] [ RUN ] app\index\controller\Index->allpro3[ /data/home/syu4378230001/htdocs/app/index/controller/Index.php ]
[ info ] [ DB ] INIT mysql
[ info ] [ LOG ] INIT File
[ sql ] [ DB ] CONNECT:[ UseTime:0.017576s ] mysql:dbname=sdm442994699_db;host=sdm442994699.my3w.com;charset=utf8
[ sql ] [ SQL ] SHOW COLUMNS FROM `pro2` [ RunTime:0.004749s ]
[ sql ] [ SQL ] SELECT COUNT(*) AS tp_count FROM `pro2` WHERE  `state` = 1 LIMIT 1 [ RunTime:0.004994s ]
[ sql ] [ SQL ] SELECT * FROM `pro2` WHERE  `state` = 1 ORDER BY pro_id DESC LIMIT 0,10 [ RunTime:0.005246s ]
[ sql ] [ SQL ] SHOW COLUMNS FROM `wxuser` [ RunTime:0.004178s ]
[ sql ] [ SQL ] SELECT * FROM `wxuser` WHERE  `user_phone` IN ('13088829771','13798298764','13088829771','13194089970','13088829771','13798298764','13798298764','13798298764','13088829771','13631573892') [ RunTime:0.004669s ]
[ sql ] [ SQL ] SHOW COLUMNS FROM `order` [ RunTime:0.004841s ]
[ sql ] [ SQL ] SELECT * FROM `order` WHERE  `pro_id` IN (234,230,229,227,224,209,208,207,200,199) [ RunTime:0.005575s ]
---------------------------------------------------------------
[ 2019-06-24T06:21:47+08:00 ] 172.17.230.83 223.166.222.108 GET /allsp2/page/1
[ info ] www.51mfgs.com/allsp2/page/1 [运行时间：0.253299s][吞吐率：3.95req/s] [内存消耗：833.91kb] [文件加载：47]
[ info ] [ LANG ] /data/home/syu4378230001/htdocs/thinkphp/lang/zh-cn.php
[ info ] [ BIND ] 'index/Index'
[ info ] [ ROUTE ] array (
  'type' => 'module',
  'module' => 
  array (
    0 => 'index',
    1 => 'Index',
    2 => 'allsp2',
  ),
)
[ info ] [ HEADER ] array (
  'content-length' => '0',
  'content-type' => 'application/json',
  'accept' => '*/*',
  'accept-encoding' => 'gzip, deflate',
  'connection' => 'keep-alive',
  'host' => 'www.51mfgs.com',
  'origin' => 'https://www.51mfgs.com',
  'referer' => 'https://servicewechat.com/wxd015b1639d2c0e53/3/page-frame.html',
  'remote-addr' => '9.2.147.176:35414',
  'server-port' => '18569',
  'user-agent' => 'Mozilla/5.0 (iPhone; CPU iPhone OS 11_0 like Mac OS X) AppleWebKit/604.1.38 (KHTML, like Gecko) Version/11.0 Mobile/15A372 Safari/604.1 MicroMessenger/6.5 mpcrawler',
  'x-wx-cascade-timeout' => '40000',
)
[ info ] [ PARAM ] array (
  'page' => '1',
)
[ info ] [ RUN ] app\index\controller\Index->allsp2[ /data/home/syu4378230001/htdocs/app/index/controller/Index.php ]
[ info ] [ DB ] INIT mysql
[ info ] [ LOG ] INIT File
[ sql ] [ DB ] CONNECT:[ UseTime:0.005464s ] mysql:dbname=sdm442994699_db;host=sdm442994699.my3w.com;charset=utf8
[ sql ] [ SQL ] SHOW COLUMNS FROM `pro2` [ RunTime:0.003487s ]
[ sql ] [ SQL ] SELECT COUNT(*) AS tp_count FROM `pro2` WHERE  `state` = 1  AND `pro_type` = 'sp' LIMIT 1 [ RunTime:0.002663s ]
[ sql ] [ SQL ] SELECT * FROM `pro2` WHERE  `pro_type` = 'sp'  AND `state` = 1 ORDER BY pro_id DESC LIMIT 0,10 [ RunTime:0.003951s ]
[ sql ] [ SQL ] SHOW COLUMNS FROM `wxuser` [ RunTime:0.003940s ]
[ sql ] [ SQL ] SELECT * FROM `wxuser` WHERE  `user_phone` IN ('13088829771','13798298764','13088829771','13194089970','13088829771','13798298764','13798298764','13798298764','13088829771','13631573892') [ RunTime:0.002681s ]
[ sql ] [ SQL ] SHOW COLUMNS FROM `order` [ RunTime:0.003375s ]
[ sql ] [ SQL ] SELECT * FROM `order` WHERE  `pro_id` IN (234,230,229,227,224,209,208,207,200,199) [ RunTime:0.002536s ]
---------------------------------------------------------------
[ 2019-06-24T06:21:48+08:00 ] 172.17.230.83 223.166.222.108 GET /allyw2/page/1
[ info ] www.51mfgs.com/allyw2/page/1 [运行时间：0.084930s][吞吐率：11.77req/s] [内存消耗：787.59kb] [文件加载：47]
[ info ] [ LANG ] /data/home/syu4378230001/htdocs/thinkphp/lang/zh-cn.php
[ info ] [ BIND ] 'index/Index'
[ info ] [ ROUTE ] array (
  'type' => 'module',
  'module' => 
  array (
    0 => 'index',
    1 => 'Index',
    2 => 'allyw2',
  ),
)
[ info ] [ HEADER ] array (
  'content-length' => '0',
  'content-type' => 'application/json',
  'accept' => '*/*',
  'accept-encoding' => 'gzip, deflate',
  'connection' => 'keep-alive',
  'host' => 'www.51mfgs.com',
  'origin' => 'https://www.51mfgs.com',
  'referer' => 'https://servicewechat.com/wxd015b1639d2c0e53/3/page-frame.html',
  'remote-addr' => '9.2.147.176:35415',
  'server-port' => '18569',
  'user-agent' => 'Mozilla/5.0 (iPhone; CPU iPhone OS 11_0 like Mac OS X) AppleWebKit/604.1.38 (KHTML, like Gecko) Version/11.0 Mobile/15A372 Safari/604.1 MicroMessenger/6.5 mpcrawler',
  'x-wx-cascade-timeout' => '40000',
)
[ info ] [ PARAM ] array (
  'page' => '1',
)
[ info ] [ RUN ] app\index\controller\Index->allyw2[ /data/home/syu4378230001/htdocs/app/index/controller/Index.php ]
[ info ] [ DB ] INIT mysql
[ info ] [ LOG ] INIT File
[ sql ] [ DB ] CONNECT:[ UseTime:0.005526s ] mysql:dbname=sdm442994699_db;host=sdm442994699.my3w.com;charset=utf8
[ sql ] [ SQL ] SHOW COLUMNS FROM `pro2` [ RunTime:0.002823s ]
[ sql ] [ SQL ] SELECT COUNT(*) AS tp_count FROM `pro2` WHERE  `state` = 1  AND `pro_type` = 'yw' LIMIT 1 [ RunTime:0.002185s ]
[ sql ] [ SQL ] SELECT * FROM `pro2` WHERE  `pro_type` = 'yw'  AND `state` = 1 ORDER BY pro_id DESC LIMIT 0,10 [ RunTime:0.002571s ]
[ sql ] [ SQL ] SHOW COLUMNS FROM `wxuser` [ RunTime:0.002606s ]
[ sql ] [ SQL ] SELECT * FROM `wxuser` WHERE  `user_phone` IN ('13588829771','13788297712','13088285871','13588829881','13687829771') [ RunTime:0.002468s ]
[ sql ] [ SQL ] SHOW COLUMNS FROM `order` [ RunTime:0.002543s ]
[ sql ] [ SQL ] SELECT * FROM `order` WHERE  `pro_id` IN (25,24,23,22,8) [ RunTime:0.002178s ]
---------------------------------------------------------------
[ 2019-06-24T06:22:42+08:00 ] 172.17.230.83 223.166.222.109 GET /getboot
[ info ] www.51mfgs.com/getboot [运行时间：0.065103s][吞吐率：15.36req/s] [内存消耗：545.94kb] [文件加载：39]
[ info ] [ LANG ] /data/home/syu4378230001/htdocs/thinkphp/lang/zh-cn.php
[ info ] [ BIND ] 'index/Index'
[ info ] [ ROUTE ] array (
  'type' => 'module',
  'module' => 
  array (
    0 => 'index',
    1 => 'Index',
    2 => 'getboot',
  ),
)
[ info ] [ HEADER ] array (
  'content-length' => '0',
  'content-type' => 'application/json',
  'accept' => '*/*',
  'accept-encoding' => 'gzip, deflate',
  'connection' => 'keep-alive',
  'host' => 'www.51mfgs.com',
  'origin' => 'https://www.51mfgs.com',
  'referer' => 'https://servicewechat.com/wxd015b1639d2c0e53/3/page-frame.html',
  'remote-addr' => '9.107.156.251:32852',
  'server-port' => '18569',
  'user-agent' => 'Mozilla/5.0 (iPhone; CPU iPhone OS 11_0 like Mac OS X) AppleWebKit/604.1.38 (KHTML, like Gecko) Version/11.0 Mobile/15A372 Safari/604.1 MicroMessenger/6.5 mpcrawler',
  'x-wx-cascade-timeout' => '40000',
)
[ info ] [ PARAM ] array (
)
[ info ] [ RUN ] app\index\controller\Index->getboot[ /data/home/syu4378230001/htdocs/app/index/controller/Index.php ]
[ info ] [ DB ] INIT mysql
[ info ] [ LOG ] INIT File
[ sql ] [ DB ] CONNECT:[ UseTime:0.006191s ] mysql:dbname=sdm442994699_db;host=sdm442994699.my3w.com;charset=utf8
[ sql ] [ SQL ] SHOW COLUMNS FROM `bootlanguage` [ RunTime:0.004686s ]
[ sql ] [ SQL ] SELECT * FROM `bootlanguage` WHERE  `status` = 1 LIMIT 1 [ RunTime:0.004311s ]
---------------------------------------------------------------
[ 2019-06-24T09:37:11+08:00 ] 172.17.230.83 157.55.39.22 GET /
[ info ] www.51mfgs.com/ [运行时间：0.188916s][吞吐率：5.29req/s] [内存消耗：798.23kb] [文件加载：49]
[ info ] [ LANG ] /data/home/syu4378230001/htdocs/thinkphp/lang/zh-cn.php
[ info ] [ BIND ] 'index/Index'
[ info ] [ ROUTE ] array (
  'type' => 'module',
  'module' => 
  array (
    0 => 'index',
    1 => 'Index',
    2 => NULL,
  ),
)
[ info ] [ HEADER ] array (
  'accept' => '*/*',
  'accept-encoding' => 'gzip, deflate',
  'cache-control' => 'no-cache',
  'connection' => 'Keep-Alive',
  'from' => 'bingbot(at)microsoft.com',
  'host' => 'www.51mfgs.com',
  'pragma' => 'no-cache',
  'user-agent' => 'Mozilla/5.0 (compatible; bingbot/2.0; +http://www.bing.com/bingbot.htm)',
)
[ info ] [ PARAM ] array (
)
[ info ] [ RUN ] app\index\controller\Index->index[ /data/home/syu4378230001/htdocs/app/index/controller/Index.php ]
[ info ] [ DB ] INIT mysql
[ info ] [ SESSION ] INIT array (
  'id' => '',
  'var_session_id' => '',
  'prefix' => '',
  'type' => '',
  'auto_start' => true,
  'httponly' => true,
  'secure' => false,
)
[ info ] [ CACHE ] INIT File
[ info ] [ VIEW ] ./app/index/view/index/index.html [ array (
  0 => 'indexhits',
  1 => 'userclass',
  2 => 'usersess',
  3 => 'res_newpro',
  4 => 'res_user',
  5 => 'time',
  6 => 'res_jj',
  7 => 'res_jd',
  8 => 'res_yw',
  9 => 'res_sp',
  10 => 'res_sj',
  11 => 'res_cw',
) ]
[ info ] [ LOG ] INIT File
[ sql ] [ DB ] CONNECT:[ UseTime:0.011328s ] mysql:dbname=sdm442994699_db;host=sdm442994699.my3w.com;charset=utf8
[ sql ] [ SQL ] SHOW COLUMNS FROM `pro2` [ RunTime:0.003988s ]
[ sql ] [ SQL ] SELECT * FROM `pro2` WHERE  `pro_type` = 'jj'  AND `state` = 1  AND `pos` = 1 ORDER BY pro_id DESC LIMIT 3 [ RunTime:0.003636s ]
[ sql ] [ SQL ] SELECT * FROM `pro2` WHERE  `pro_type` = 'jd'  AND `state` = 1  AND `pos` = 1 ORDER BY pro_id DESC LIMIT 3 [ RunTime:0.003559s ]
[ sql ] [ SQL ] SELECT * FROM `pro2` WHERE  `pro_type` = 'yw'  AND `state` = 1  AND `pos` = 1 ORDER BY pro_id DESC LIMIT 3 [ RunTime:0.003210s ]
[ sql ] [ SQL ] SELECT * FROM `pro2` WHERE  `pro_type` = 'sp'  AND `state` = 1  AND `pos` = 1 ORDER BY pro_id DESC LIMIT 3 [ RunTime:0.003158s ]
[ sql ] [ SQL ] SELECT * FROM `pro2` WHERE  `pro_type` = 'sj'  AND `state` = 1  AND `pos` = 1 ORDER BY pro_id DESC LIMIT 3 [ RunTime:0.003135s ]
[ sql ] [ SQL ] SELECT * FROM `pro2` WHERE  (  `pro_type` = 'cw'  AND `state` = 1  AND `pos` = 1 ) [ RunTime:0.003324s ]
[ sql ] [ SQL ] SHOW COLUMNS FROM `user` [ RunTime:0.004258s ]
[ sql ] [ SQL ] SELECT * FROM `user` WHERE  `state` = 1 ORDER BY id DESC LIMIT 3 [ RunTime:0.003105s ]
[ sql ] [ SQL ] SHOW COLUMNS FROM `pro` [ RunTime:0.004920s ]
[ sql ] [ SQL ] SELECT * FROM `pro` WHERE  `pro_id` > 0  AND `state` = 1 ORDER BY pro_id DESC LIMIT 3 [ RunTime:0.003172s ]
[ sql ] [ SQL ] SHOW COLUMNS FROM `pagehits` [ RunTime:0.003906s ]
[ sql ] [ SQL ] UPDATE `pagehits`  SET `hits`=hits+1  WHERE  `id` = 1 [ RunTime:0.003505s ]
[ sql ] [ SQL ] SELECT `hits` FROM `pagehits` WHERE  `id` = 1 LIMIT 1 [ RunTime:0.002832s ]
---------------------------------------------------------------
[ 2019-06-24T10:05:21+08:00 ] 172.17.230.83 51.77.52.160 GET /
[ info ] 51mfgs.com/ [运行时间：0.140839s][吞吐率：7.10req/s] [内存消耗：797.68kb] [文件加载：49]
[ info ] [ LANG ] /data/home/syu4378230001/htdocs/thinkphp/lang/zh-cn.php
[ info ] [ BIND ] 'index/Index'
[ info ] [ ROUTE ] array (
  'type' => 'module',
  'module' => 
  array (
    0 => 'index',
    1 => 'Index',
    2 => NULL,
  ),
)
[ info ] [ HEADER ] array (
  'host' => '51mfgs.com',
  'user-agent' => 'Mozilla/5.0 (X11; Linux x86_64) AppleWebKit/537.36 (KHTML, like Gecko) Chrome/67.0.3396.87 Safari/537.36 OPR/54.0.2952.60',
)
[ info ] [ PARAM ] array (
)
[ info ] [ RUN ] app\index\controller\Index->index[ /data/home/syu4378230001/htdocs/app/index/controller/Index.php ]
[ info ] [ DB ] INIT mysql
[ info ] [ SESSION ] INIT array (
  'id' => '',
  'var_session_id' => '',
  'prefix' => '',
  'type' => '',
  'auto_start' => true,
  'httponly' => true,
  'secure' => false,
)
[ info ] [ CACHE ] INIT File
[ info ] [ VIEW ] ./app/index/view/index/index.html [ array (
  0 => 'indexhits',
  1 => 'userclass',
  2 => 'usersess',
  3 => 'res_newpro',
  4 => 'res_user',
  5 => 'time',
  6 => 'res_jj',
  7 => 'res_jd',
  8 => 'res_yw',
  9 => 'res_sp',
  10 => 'res_sj',
  11 => 'res_cw',
) ]
[ info ] [ LOG ] INIT File
[ sql ] [ DB ] CONNECT:[ UseTime:0.008363s ] mysql:dbname=sdm442994699_db;host=sdm442994699.my3w.com;charset=utf8
[ sql ] [ SQL ] SHOW COLUMNS FROM `pro2` [ RunTime:0.004541s ]
[ sql ] [ SQL ] SELECT * FROM `pro2` WHERE  `pro_type` = 'jj'  AND `state` = 1  AND `pos` = 1 ORDER BY pro_id DESC LIMIT 3 [ RunTime:0.003881s ]
[ sql ] [ SQL ] SELECT * FROM `pro2` WHERE  `pro_type` = 'jd'  AND `state` = 1  AND `pos` = 1 ORDER BY pro_id DESC LIMIT 3 [ RunTime:0.004150s ]
[ sql ] [ SQL ] SELECT * FROM `pro2` WHERE  `pro_type` = 'yw'  AND `state` = 1  AND `pos` = 1 ORDER BY pro_id DESC LIMIT 3 [ RunTime:0.004561s ]
[ sql ] [ SQL ] SELECT * FROM `pro2` WHERE  `pro_type` = 'sp'  AND `state` = 1  AND `pos` = 1 ORDER BY pro_id DESC LIMIT 3 [ RunTime:0.003737s ]
[ sql ] [ SQL ] SELECT * FROM `pro2` WHERE  `pro_type` = 'sj'  AND `state` = 1  AND `pos` = 1 ORDER BY pro_id DESC LIMIT 3 [ RunTime:0.003667s ]
[ sql ] [ SQL ] SELECT * FROM `pro2` WHERE  (  `pro_type` = 'cw'  AND `state` = 1  AND `pos` = 1 ) [ RunTime:0.003696s ]
[ sql ] [ SQL ] SHOW COLUMNS FROM `user` [ RunTime:0.004455s ]
[ sql ] [ SQL ] SELECT * FROM `user` WHERE  `state` = 1 ORDER BY id DESC LIMIT 3 [ RunTime:0.004815s ]
[ sql ] [ SQL ] SHOW COLUMNS FROM `pro` [ RunTime:0.004463s ]
[ sql ] [ SQL ] SELECT * FROM `pro` WHERE  `pro_id` > 0  AND `state` = 1 ORDER BY pro_id DESC LIMIT 3 [ RunTime:0.004408s ]
[ sql ] [ SQL ] SHOW COLUMNS FROM `pagehits` [ RunTime:0.005799s ]
[ sql ] [ SQL ] UPDATE `pagehits`  SET `hits`=hits+1  WHERE  `id` = 1 [ RunTime:0.005419s ]
[ sql ] [ SQL ] SELECT `hits` FROM `pagehits` WHERE  `id` = 1 LIMIT 1 [ RunTime:0.005566s ]
---------------------------------------------------------------
[ 2019-06-24T10:05:22+08:00 ] 172.17.230.83 51.77.52.160 GET /admin/
[ info ] 51mfgs.com/admin/ [运行时间：0.037716s][吞吐率：26.51req/s] [内存消耗：391.50kb] [文件加载：37]
[ info ] [ LANG ] /data/home/syu4378230001/htdocs/thinkphp/lang/zh-cn.php
[ info ] [ BIND ] 'index/Index'
[ info ] [ ROUTE ] array (
  'type' => 'module',
  'module' => 
  array (
    0 => 'index',
    1 => 'Index',
    2 => 'admin',
  ),
)
[ info ] [ HEADER ] array (
  'host' => '51mfgs.com',
  'user-agent' => 'Mozilla/5.0 (X11; Linux x86_64) AppleWebKit/537.36 (KHTML, like Gecko) Chrome/67.0.3396.87 Safari/537.36 OPR/54.0.2952.60',
)
[ info ] [ PARAM ] array (
)
[ info ] [ RUN ] app\index\controller\Index->admin[ /data/home/syu4378230001/htdocs/app/index/controller/Index.php ]
[ info ] [ SESSION ] INIT array (
  'id' => '',
  'var_session_id' => '',
  'prefix' => '',
  'type' => '',
  'auto_start' => true,
  'httponly' => true,
  'secure' => false,
)
[ info ] [ VIEW ] /data/home/syu4378230001/htdocs/thinkphp/tpl/dispatch_jump.tpl [ array (
  0 => 'code',
  1 => 'msg',
  2 => 'data',
  3 => 'url',
  4 => 'wait',
) ]
[ info ] [ LOG ] INIT File
---------------------------------------------------------------
[ 2019-06-24T11:09:18+08:00 ] 172.17.230.83 106.11.158.91 GET /yw.html
[ info ] www.51mfgs.com/yw.html [运行时间：0.075718s][吞吐率：13.21req/s] [内存消耗：626.17kb] [文件加载：45]
[ info ] [ LANG ] /data/home/syu4378230001/htdocs/thinkphp/lang/zh-cn.php
[ info ] [ BIND ] 'index/Index'
[ info ] [ ROUTE ] array (
  'type' => 'module',
  'module' => 
  array (
    0 => 'index',
    1 => 'Index',
    2 => 'yw',
  ),
)
[ info ] [ HEADER ] array (
  'accept' => 'text/html,application/xhtml+xml,application/xml;q=0.9,image/webp,image/apng,*/*;q=0.8',
  'connection' => 'close',
  'host' => 'www.51mfgs.com',
  'upgrade-insecure-requests' => '1',
  'user-agent' => 'Mozilla/5.0 (Windows NT 6.1; Win64; x64) AppleWebKit/537.36 (KHTML, like Gecko) Chrome/69.0.3497.81 YisouSpider/5.0 Safari/537.36',
  'x-devtools-emulate-network-conditions-client-id' => '4C9CB23F9345726B27001D990F2B9E69',
)
[ info ] [ PARAM ] array (
)
[ info ] [ RUN ] app\index\controller\Index->yw[ /data/home/syu4378230001/htdocs/app/index/controller/Index.php ]
[ info ] [ DB ] INIT mysql
[ info ] [ VIEW ] ./app/index/view/index/yw.html [ array (
  0 => 'list',
  1 => 'total',
) ]
[ info ] [ LOG ] INIT File
[ sql ] [ DB ] CONNECT:[ UseTime:0.006214s ] mysql:dbname=sdm442994699_db;host=sdm442994699.my3w.com;charset=utf8
[ sql ] [ SQL ] SHOW COLUMNS FROM `pro2` [ RunTime:0.003147s ]
[ sql ] [ SQL ] SELECT COUNT(*) AS tp_count FROM `pro2` WHERE  `pro_type` = 'yw'  AND `state` = 1 LIMIT 1 [ RunTime:0.002263s ]
[ sql ] [ SQL ] SELECT * FROM `pro2` WHERE  `pro_type` = 'yw'  AND `state` = 1 ORDER BY pubtime DESC LIMIT 0,100 [ RunTime:0.002626s ]
[ sql ] [ SQL ] SELECT COUNT(*) AS tp_count FROM `pro2` WHERE  `pro_type` = 'yw'  AND `state` = 1 LIMIT 1 [ RunTime:0.002170s ]
---------------------------------------------------------------
[ 2019-06-24T11:14:21+08:00 ] 172.17.230.83 207.46.13.191 GET /proshow/id/71
[ info ] 51mfgs.com/proshow/id/71 [运行时间：0.073364s][吞吐率：13.63req/s] [内存消耗：717.27kb] [文件加载：44]
[ info ] [ LANG ] /data/home/syu4378230001/htdocs/thinkphp/lang/zh-cn.php
[ info ] [ BIND ] 'index/Index'
[ info ] [ ROUTE ] array (
  'type' => 'module',
  'module' => 
  array (
    0 => 'index',
    1 => 'Index',
    2 => 'proshow',
  ),
)
[ info ] [ HEADER ] array (
  'accept' => '*/*',
  'accept-encoding' => 'gzip, deflate',
  'cache-control' => 'no-cache',
  'connection' => 'Keep-Alive',
  'from' => 'bingbot(at)microsoft.com',
  'host' => '51mfgs.com',
  'pragma' => 'no-cache',
  'user-agent' => 'Mozilla/5.0 (compatible; bingbot/2.0; +http://www.bing.com/bingbot.htm)',
)
[ info ] [ PARAM ] array (
  'id' => '71',
)
[ info ] [ RUN ] app\index\controller\Index->proshow[ /data/home/syu4378230001/htdocs/app/index/controller/Index.php ]
[ info ] [ DB ] INIT mysql
[ info ] [ VIEW ] ./app/index/view/index/proshow.html [ array (
  0 => 'data',
) ]
[ info ] [ LOG ] INIT File
[ sql ] [ DB ] CONNECT:[ UseTime:0.008080s ] mysql:dbname=sdm442994699_db;host=sdm442994699.my3w.com;charset=utf8
[ sql ] [ SQL ] SHOW COLUMNS FROM `pro2` [ RunTime:0.003778s ]
[ sql ] [ SQL ] SELECT * FROM `pro2` WHERE  `pro_id` = 71 LIMIT 1 [ RunTime:0.003160s ]
---------------------------------------------------------------
[ 2019-06-24T13:08:20+08:00 ] 172.17.230.83 202.104.129.54 GET /
[ info ] www.51mfgs.com/ [运行时间：0.125552s][吞吐率：7.96req/s] [内存消耗：798.34kb] [文件加载：49]
[ info ] [ LANG ] /data/home/syu4378230001/htdocs/thinkphp/lang/zh-cn.php
[ info ] [ BIND ] 'index/Index'
[ info ] [ ROUTE ] array (
  'type' => 'module',
  'module' => 
  array (
    0 => 'index',
    1 => 'Index',
    2 => NULL,
  ),
)
[ info ] [ HEADER ] array (
  'accept' => 'text/html,application/xhtml+xml,application/xml;q=0.9,image/webp,*/*;q=0.8',
  'accept-encoding' => 'gzip, deflate, sdch',
  'accept-language' => 'zh-CN,zh;q=0.8',
  'connection' => 'keep-alive',
  'host' => 'www.51mfgs.com',
  'upgrade-insecure-requests' => '1',
  'user-agent' => 'Mozilla/5.0 (Windows NT 5.1) AppleWebKit/537.36 (KHTML, like Gecko) Chrome/49.0.2623.112 Safari/537.36',
)
[ info ] [ PARAM ] array (
)
[ info ] [ RUN ] app\index\controller\Index->index[ /data/home/syu4378230001/htdocs/app/index/controller/Index.php ]
[ info ] [ DB ] INIT mysql
[ info ] [ SESSION ] INIT array (
  'id' => '',
  'var_session_id' => '',
  'prefix' => '',
  'type' => '',
  'auto_start' => true,
  'httponly' => true,
  'secure' => false,
)
[ info ] [ CACHE ] INIT File
[ info ] [ VIEW ] ./app/index/view/index/index.html [ array (
  0 => 'indexhits',
  1 => 'userclass',
  2 => 'usersess',
  3 => 'res_newpro',
  4 => 'res_user',
  5 => 'time',
  6 => 'res_jj',
  7 => 'res_jd',
  8 => 'res_yw',
  9 => 'res_sp',
  10 => 'res_sj',
  11 => 'res_cw',
) ]
[ info ] [ LOG ] INIT File
[ sql ] [ DB ] CONNECT:[ UseTime:0.007414s ] mysql:dbname=sdm442994699_db;host=sdm442994699.my3w.com;charset=utf8
[ sql ] [ SQL ] SHOW COLUMNS FROM `pro2` [ RunTime:0.003995s ]
[ sql ] [ SQL ] SELECT * FROM `pro2` WHERE  `pro_type` = 'jj'  AND `state` = 1  AND `pos` = 1 ORDER BY pro_id DESC LIMIT 3 [ RunTime:0.003957s ]
[ sql ] [ SQL ] SELECT * FROM `pro2` WHERE  `pro_type` = 'jd'  AND `state` = 1  AND `pos` = 1 ORDER BY pro_id DESC LIMIT 3 [ RunTime:0.004030s ]
[ sql ] [ SQL ] SELECT * FROM `pro2` WHERE  `pro_type` = 'yw'  AND `state` = 1  AND `pos` = 1 ORDER BY pro_id DESC LIMIT 3 [ RunTime:0.003379s ]
[ sql ] [ SQL ] SELECT * FROM `pro2` WHERE  `pro_type` = 'sp'  AND `state` = 1  AND `pos` = 1 ORDER BY pro_id DESC LIMIT 3 [ RunTime:0.003664s ]
[ sql ] [ SQL ] SELECT * FROM `pro2` WHERE  `pro_type` = 'sj'  AND `state` = 1  AND `pos` = 1 ORDER BY pro_id DESC LIMIT 3 [ RunTime:0.003220s ]
[ sql ] [ SQL ] SELECT * FROM `pro2` WHERE  (  `pro_type` = 'cw'  AND `state` = 1  AND `pos` = 1 ) [ RunTime:0.003592s ]
[ sql ] [ SQL ] SHOW COLUMNS FROM `user` [ RunTime:0.003641s ]
[ sql ] [ SQL ] SELECT * FROM `user` WHERE  `state` = 1 ORDER BY id DESC LIMIT 3 [ RunTime:0.003203s ]
[ sql ] [ SQL ] SHOW COLUMNS FROM `pro` [ RunTime:0.003803s ]
[ sql ] [ SQL ] SELECT * FROM `pro` WHERE  `pro_id` > 0  AND `state` = 1 ORDER BY pro_id DESC LIMIT 3 [ RunTime:0.003253s ]
[ sql ] [ SQL ] SHOW COLUMNS FROM `pagehits` [ RunTime:0.005744s ]
[ sql ] [ SQL ] UPDATE `pagehits`  SET `hits`=hits+1  WHERE  `id` = 1 [ RunTime:0.002936s ]
[ sql ] [ SQL ] SELECT `hits` FROM `pagehits` WHERE  `id` = 1 LIMIT 1 [ RunTime:0.002976s ]
---------------------------------------------------------------
[ 2019-06-24T13:21:45+08:00 ] 172.17.230.83 207.46.13.146 GET /reg.html
[ info ] 51mfgs.com/reg.html [运行时间：0.076683s][吞吐率：13.04req/s] [内存消耗：387.48kb] [文件加载：35]
[ info ] [ LANG ] /data/home/syu4378230001/htdocs/thinkphp/lang/zh-cn.php
[ info ] [ BIND ] 'index/Index'
[ info ] [ ROUTE ] array (
  'type' => 'module',
  'module' => 
  array (
    0 => 'index',
    1 => 'Index',
    2 => 'reg',
  ),
)
[ info ] [ HEADER ] array (
  'accept' => '*/*',
  'accept-encoding' => 'gzip, deflate',
  'cache-control' => 'no-cache',
  'connection' => 'Keep-Alive',
  'from' => 'bingbot(at)microsoft.com',
  'host' => '51mfgs.com',
  'pragma' => 'no-cache',
  'user-agent' => 'Mozilla/5.0 (compatible; bingbot/2.0; +http://www.bing.com/bingbot.htm)',
)
[ info ] [ PARAM ] array (
)
[ info ] [ RUN ] app\index\controller\Index->reg[ /data/home/syu4378230001/htdocs/app/index/controller/Index.php ]
[ info ] [ VIEW ] ./template/user/reg.html [ array (
) ]
[ info ] [ LOG ] INIT File
---------------------------------------------------------------
[ 2019-06-24T13:32:51+08:00 ] 172.17.230.83 207.46.13.191 GET /jd.html
[ info ] 51mfgs.com/jd.html [运行时间：0.211410s][吞吐率：4.73req/s] [内存消耗：623.88kb] [文件加载：45]
[ info ] [ LANG ] /data/home/syu4378230001/htdocs/thinkphp/lang/zh-cn.php
[ info ] [ BIND ] 'index/Index'
[ info ] [ ROUTE ] array (
  'type' => 'module',
  'module' => 
  array (
    0 => 'index',
    1 => 'Index',
    2 => 'jd',
  ),
)
[ info ] [ HEADER ] array (
  'accept' => '*/*',
  'accept-encoding' => 'gzip, deflate',
  'cache-control' => 'no-cache',
  'connection' => 'Keep-Alive',
  'from' => 'bingbot(at)microsoft.com',
  'host' => '51mfgs.com',
  'pragma' => 'no-cache',
  'user-agent' => 'Mozilla/5.0 (compatible; bingbot/2.0; +http://www.bing.com/bingbot.htm)',
)
[ info ] [ PARAM ] array (
)
[ info ] [ RUN ] app\index\controller\Index->jd[ /data/home/syu4378230001/htdocs/app/index/controller/Index.php ]
[ info ] [ DB ] INIT mysql
[ info ] [ VIEW ] ./app/index/view/index/jd.html [ array (
  0 => 'list',
  1 => 'total',
) ]
[ info ] [ LOG ] INIT File
[ sql ] [ DB ] CONNECT:[ UseTime:0.010700s ] mysql:dbname=sdm442994699_db;host=sdm442994699.my3w.com;charset=utf8
[ sql ] [ SQL ] SHOW COLUMNS FROM `pro2` [ RunTime:0.003342s ]
[ sql ] [ SQL ] SELECT COUNT(*) AS tp_count FROM `pro2` WHERE  `pro_type` = 'jd'  AND `state` = 1 LIMIT 1 [ RunTime:0.002208s ]
[ sql ] [ SQL ] SELECT * FROM `pro2` WHERE  `pro_type` = 'jd'  AND `state` = 1 ORDER BY pubtime DESC LIMIT 0,100 [ RunTime:0.002375s ]
[ sql ] [ SQL ] SELECT COUNT(*) AS tp_count FROM `pro2` WHERE  `pro_type` = 'jd'  AND `state` = 1 LIMIT 1 [ RunTime:0.002161s ]
---------------------------------------------------------------
[ 2019-06-24T14:24:10+08:00 ] 172.17.230.83 207.46.13.228 GET /miniguide.html
[ info ] 51mfgs.com/miniguide.html [运行时间：0.056320s][吞吐率：17.76req/s] [内存消耗：387.45kb] [文件加载：35]
[ info ] [ LANG ] /data/home/syu4378230001/htdocs/thinkphp/lang/zh-cn.php
[ info ] [ BIND ] 'index/Index'
[ info ] [ ROUTE ] array (
  'type' => 'module',
  'module' => 
  array (
    0 => 'index',
    1 => 'Index',
    2 => 'miniguide',
  ),
)
[ info ] [ HEADER ] array (
  'accept' => '*/*',
  'accept-encoding' => 'gzip, deflate',
  'cache-control' => 'no-cache',
  'connection' => 'Keep-Alive',
  'host' => '51mfgs.com',
  'pragma' => 'no-cache',
  'user-agent' => 'Mozilla/5.0 (compatible; bingbot/2.0; +http://www.bing.com/bingbot.htm)',
)
[ info ] [ PARAM ] array (
)
[ info ] [ RUN ] app\index\controller\Index->miniguide[ /data/home/syu4378230001/htdocs/app/index/controller/Index.php ]
[ info ] [ VIEW ] ./app/index/view/index/miniguide.html [ array (
) ]
[ info ] [ LOG ] INIT File
---------------------------------------------------------------
[ 2019-06-24T15:18:32+08:00 ] 172.17.230.83 123.125.71.26 GET /
[ info ] www.51mfgs.com/ [运行时间：0.125870s][吞吐率：7.94req/s] [内存消耗：797.95kb] [文件加载：49]
[ info ] [ LANG ] /data/home/syu4378230001/htdocs/thinkphp/lang/zh-cn.php
[ info ] [ BIND ] 'index/Index'
[ info ] [ ROUTE ] array (
  'type' => 'module',
  'module' => 
  array (
    0 => 'index',
    1 => 'Index',
    2 => NULL,
  ),
)
[ info ] [ HEADER ] array (
  'accept' => '*/*',
  'accept-language' => 'zh-cn,zh-tw',
  'host' => 'www.51mfgs.com',
  'if-none-match' => '""""@NULL@""""',
  'user-agent' => 'Mozilla/5.0 (compatible; Baiduspider/2.0; +http://www.baidu.com/search/spider.html)',
)
[ info ] [ PARAM ] array (
)
[ info ] [ RUN ] app\index\controller\Index->index[ /data/home/syu4378230001/htdocs/app/index/controller/Index.php ]
[ info ] [ DB ] INIT mysql
[ info ] [ SESSION ] INIT array (
  'id' => '',
  'var_session_id' => '',
  'prefix' => '',
  'type' => '',
  'auto_start' => true,
  'httponly' => true,
  'secure' => false,
)
[ info ] [ CACHE ] INIT File
[ info ] [ VIEW ] ./app/index/view/index/index.html [ array (
  0 => 'indexhits',
  1 => 'userclass',
  2 => 'usersess',
  3 => 'res_newpro',
  4 => 'res_user',
  5 => 'time',
  6 => 'res_jj',
  7 => 'res_jd',
  8 => 'res_yw',
  9 => 'res_sp',
  10 => 'res_sj',
  11 => 'res_cw',
) ]
[ info ] [ LOG ] INIT File
[ sql ] [ DB ] CONNECT:[ UseTime:0.007983s ] mysql:dbname=sdm442994699_db;host=sdm442994699.my3w.com;charset=utf8
[ sql ] [ SQL ] SHOW COLUMNS FROM `pro2` [ RunTime:0.004320s ]
[ sql ] [ SQL ] SELECT * FROM `pro2` WHERE  `pro_type` = 'jj'  AND `state` = 1  AND `pos` = 1 ORDER BY pro_id DESC LIMIT 3 [ RunTime:0.003511s ]
[ sql ] [ SQL ] SELECT * FROM `pro2` WHERE  `pro_type` = 'jd'  AND `state` = 1  AND `pos` = 1 ORDER BY pro_id DESC LIMIT 3 [ RunTime:0.003337s ]
[ sql ] [ SQL ] SELECT * FROM `pro2` WHERE  `pro_type` = 'yw'  AND `state` = 1  AND `pos` = 1 ORDER BY pro_id DESC LIMIT 3 [ RunTime:0.003550s ]
[ sql ] [ SQL ] SELECT * FROM `pro2` WHERE  `pro_type` = 'sp'  AND `state` = 1  AND `pos` = 1 ORDER BY pro_id DESC LIMIT 3 [ RunTime:0.004035s ]
[ sql ] [ SQL ] SELECT * FROM `pro2` WHERE  `pro_type` = 'sj'  AND `state` = 1  AND `pos` = 1 ORDER BY pro_id DESC LIMIT 3 [ RunTime:0.003808s ]
[ sql ] [ SQL ] SELECT * FROM `pro2` WHERE  (  `pro_type` = 'cw'  AND `state` = 1  AND `pos` = 1 ) [ RunTime:0.003956s ]
[ sql ] [ SQL ] SHOW COLUMNS FROM `user` [ RunTime:0.003991s ]
[ sql ] [ SQL ] SELECT * FROM `user` WHERE  `state` = 1 ORDER BY id DESC LIMIT 3 [ RunTime:0.003309s ]
[ sql ] [ SQL ] SHOW COLUMNS FROM `pro` [ RunTime:0.004300s ]
[ sql ] [ SQL ] SELECT * FROM `pro` WHERE  `pro_id` > 0  AND `state` = 1 ORDER BY pro_id DESC LIMIT 3 [ RunTime:0.004121s ]
[ sql ] [ SQL ] SHOW COLUMNS FROM `pagehits` [ RunTime:0.003608s ]
[ sql ] [ SQL ] UPDATE `pagehits`  SET `hits`=hits+1  WHERE  `id` = 1 [ RunTime:0.003097s ]
[ sql ] [ SQL ] SELECT `hits` FROM `pagehits` WHERE  `id` = 1 LIMIT 1 [ RunTime:0.002991s ]
---------------------------------------------------------------
[ 2019-06-24T15:33:47+08:00 ] 172.17.230.83 112.97.63.207 GET /dshserver?sharer_username=gh_0cb8db24d800&scene=126&clicktime=1561361627
[ info ] www.51mfgs.com/dshserver?sharer_username=gh_0cb8db24d800&scene=126&clicktime=1561361627 [运行时间：0.038097s][吞吐率：26.25req/s] [内存消耗：389.16kb] [文件加载：35]
[ info ] [ LANG ] /data/home/syu4378230001/htdocs/thinkphp/lang/zh-cn.php
[ info ] [ BIND ] 'index/Index'
[ info ] [ ROUTE ] array (
  'type' => 'module',
  'module' => 
  array (
    0 => 'index',
    1 => 'Index',
    2 => 'dshserver',
  ),
)
[ info ] [ HEADER ] array (
  'accept' => 'text/html,application/xhtml+xml,application/xml;q=0.9,*/*;q=0.8',
  'accept-encoding' => 'br, gzip, deflate',
  'accept-language' => 'zh-cn',
  'connection' => 'keep-alive',
  'host' => 'www.51mfgs.com',
  'user-agent' => 'Mozilla/5.0 (iPhone; CPU iPhone OS 12_2 like Mac OS X) AppleWebKit/605.1.15 (KHTML, like Gecko) Mobile/15E148 MicroMessenger/7.0.4(0x17000428) NetType/4G Language/zh_CN',
)
[ info ] [ PARAM ] array (
  'sharer_username' => 'gh_0cb8db24d800',
  'scene' => '126',
  'clicktime' => '1561361627',
)
[ info ] [ RUN ] app\index\controller\Index->dshserver[ /data/home/syu4378230001/htdocs/app/index/controller/Index.php ]
[ info ] [ VIEW ] ./template/dsk/dskindex.html [ array (
) ]
[ info ] [ LOG ] INIT File
---------------------------------------------------------------
[ 2019-06-24T16:23:22+08:00 ] 172.17.230.83 207.46.13.228 GET /a4.html
[ info ] 51mfgs.com/a4.html [运行时间：0.054379s][吞吐率：18.39req/s] [内存消耗：387.48kb] [文件加载：35]
[ info ] [ LANG ] /data/home/syu4378230001/htdocs/thinkphp/lang/zh-cn.php
[ info ] [ BIND ] 'index/Index'
[ info ] [ ROUTE ] array (
  'type' => 'module',
  'module' => 
  array (
    0 => 'index',
    1 => 'Index',
    2 => 'a4',
  ),
)
[ info ] [ HEADER ] array (
  'accept' => '*/*',
  'accept-encoding' => 'gzip, deflate',
  'cache-control' => 'no-cache',
  'connection' => 'Keep-Alive',
  'from' => 'bingbot(at)microsoft.com',
  'host' => '51mfgs.com',
  'pragma' => 'no-cache',
  'user-agent' => 'Mozilla/5.0 (compatible; bingbot/2.0; +http://www.bing.com/bingbot.htm)',
)
[ info ] [ PARAM ] array (
)
[ info ] [ RUN ] app\index\controller\Index->a4[ /data/home/syu4378230001/htdocs/app/index/controller/Index.php ]
[ info ] [ VIEW ] ./template/banwu/a4.html [ array (
) ]
[ info ] [ LOG ] INIT File
---------------------------------------------------------------
[ 2019-06-24T16:23:31+08:00 ] 172.17.230.83 207.46.13.168 GET /robots.txt
[ info ] 51mfgs.com/robots.txt [运行时间：0.038609s][吞吐率：25.90req/s] [内存消耗：389.23kb] [文件加载：36]
[ info ] [ LANG ] /data/home/syu4378230001/htdocs/thinkphp/lang/zh-cn.php
[ info ] [ BIND ] 'index/Index'
[ info ] [ ROUTE ] array (
  'type' => 'module',
  'module' => 
  array (
    0 => 'index',
    1 => 'Index',
    2 => 'robots.txt',
  ),
)
[ info ] [ HEADER ] array (
  'accept' => '*/*',
  'accept-encoding' => 'gzip, deflate',
  'cache-control' => 'no-cache',
  'connection' => 'Keep-Alive',
  'host' => '51mfgs.com',
  'pragma' => 'no-cache',
  'user-agent' => 'Mozilla/5.0 (compatible; bingbot/2.0; +http://www.bing.com/bingbot.htm)',
)
[ info ] [ PARAM ] array (
)
[ info ] [ RUN ] app\index\controller\Index->_empty[ /data/home/syu4378230001/htdocs/app/index/controller/Index.php ]
[ info ] [ VIEW ] /data/home/syu4378230001/htdocs/thinkphp/tpl/dispatch_jump.tpl [ array (
  0 => 'code',
  1 => 'msg',
  2 => 'data',
  3 => 'url',
  4 => 'wait',
) ]
[ info ] [ LOG ] INIT File
---------------------------------------------------------------
[ 2019-06-24T16:33:37+08:00 ] 172.17.230.83 207.46.13.168 GET /index.php
[ info ] 51mfgs.com/index.php [运行时间：0.125020s][吞吐率：8.00req/s] [内存消耗：798.24kb] [文件加载：49]
[ info ] [ LANG ] /data/home/syu4378230001/htdocs/thinkphp/lang/zh-cn.php
[ info ] [ BIND ] 'index/Index'
[ info ] [ ROUTE ] array (
  'type' => 'module',
  'module' => 
  array (
    0 => 'index',
    1 => 'Index',
    2 => NULL,
  ),
)
[ info ] [ HEADER ] array (
  'accept' => '*/*',
  'accept-encoding' => 'gzip, deflate',
  'cache-control' => 'no-cache',
  'connection' => 'Keep-Alive',
  'from' => 'bingbot(at)microsoft.com',
  'host' => '51mfgs.com',
  'pragma' => 'no-cache',
  'user-agent' => 'Mozilla/5.0 (compatible; bingbot/2.0; +http://www.bing.com/bingbot.htm)',
)
[ info ] [ PARAM ] array (
)
[ info ] [ RUN ] app\index\controller\Index->index[ /data/home/syu4378230001/htdocs/app/index/controller/Index.php ]
[ info ] [ DB ] INIT mysql
[ info ] [ SESSION ] INIT array (
  'id' => '',
  'var_session_id' => '',
  'prefix' => '',
  'type' => '',
  'auto_start' => true,
  'httponly' => true,
  'secure' => false,
)
[ info ] [ CACHE ] INIT File
[ info ] [ VIEW ] ./app/index/view/index/index.html [ array (
  0 => 'indexhits',
  1 => 'userclass',
  2 => 'usersess',
  3 => 'res_newpro',
  4 => 'res_user',
  5 => 'time',
  6 => 'res_jj',
  7 => 'res_jd',
  8 => 'res_yw',
  9 => 'res_sp',
  10 => 'res_sj',
  11 => 'res_cw',
) ]
[ info ] [ LOG ] INIT File
[ sql ] [ DB ] CONNECT:[ UseTime:0.008002s ] mysql:dbname=sdm442994699_db;host=sdm442994699.my3w.com;charset=utf8
[ sql ] [ SQL ] SHOW COLUMNS FROM `pro2` [ RunTime:0.004348s ]
[ sql ] [ SQL ] SELECT * FROM `pro2` WHERE  `pro_type` = 'jj'  AND `state` = 1  AND `pos` = 1 ORDER BY pro_id DESC LIMIT 3 [ RunTime:0.003781s ]
[ sql ] [ SQL ] SELECT * FROM `pro2` WHERE  `pro_type` = 'jd'  AND `state` = 1  AND `pos` = 1 ORDER BY pro_id DESC LIMIT 3 [ RunTime:0.003829s ]
[ sql ] [ SQL ] SELECT * FROM `pro2` WHERE  `pro_type` = 'yw'  AND `state` = 1  AND `pos` = 1 ORDER BY pro_id DESC LIMIT 3 [ RunTime:0.003800s ]
[ sql ] [ SQL ] SELECT * FROM `pro2` WHERE  `pro_type` = 'sp'  AND `state` = 1  AND `pos` = 1 ORDER BY pro_id DESC LIMIT 3 [ RunTime:0.003838s ]
[ sql ] [ SQL ] SELECT * FROM `pro2` WHERE  `pro_type` = 'sj'  AND `state` = 1  AND `pos` = 1 ORDER BY pro_id DESC LIMIT 3 [ RunTime:0.003694s ]
[ sql ] [ SQL ] SELECT * FROM `pro2` WHERE  (  `pro_type` = 'cw'  AND `state` = 1  AND `pos` = 1 ) [ RunTime:0.003750s ]
[ sql ] [ SQL ] SHOW COLUMNS FROM `user` [ RunTime:0.004288s ]
[ sql ] [ SQL ] SELECT * FROM `user` WHERE  `state` = 1 ORDER BY id DESC LIMIT 3 [ RunTime:0.004135s ]
[ sql ] [ SQL ] SHOW COLUMNS FROM `pro` [ RunTime:0.004251s ]
[ sql ] [ SQL ] SELECT * FROM `pro` WHERE  `pro_id` > 0  AND `state` = 1 ORDER BY pro_id DESC LIMIT 3 [ RunTime:0.004736s ]
[ sql ] [ SQL ] SHOW COLUMNS FROM `pagehits` [ RunTime:0.003932s ]
[ sql ] [ SQL ] UPDATE `pagehits`  SET `hits`=hits+1  WHERE  `id` = 1 [ RunTime:0.003558s ]
[ sql ] [ SQL ] SELECT `hits` FROM `pagehits` WHERE  `id` = 1 LIMIT 1 [ RunTime:0.003366s ]
---------------------------------------------------------------
[ 2019-06-24T16:44:27+08:00 ] 172.17.230.83 207.46.13.168 GET /c1.html
[ info ] 51mfgs.com/c1.html [运行时间：0.037245s][吞吐率：26.85req/s] [内存消耗：387.48kb] [文件加载：35]
[ info ] [ LANG ] /data/home/syu4378230001/htdocs/thinkphp/lang/zh-cn.php
[ info ] [ BIND ] 'index/Index'
[ info ] [ ROUTE ] array (
  'type' => 'module',
  'module' => 
  array (
    0 => 'index',
    1 => 'Index',
    2 => 'c1',
  ),
)
[ info ] [ HEADER ] array (
  'accept' => '*/*',
  'accept-encoding' => 'gzip, deflate',
  'cache-control' => 'no-cache',
  'connection' => 'Keep-Alive',
  'from' => 'bingbot(at)microsoft.com',
  'host' => '51mfgs.com',
  'pragma' => 'no-cache',
  'user-agent' => 'Mozilla/5.0 (compatible; bingbot/2.0; +http://www.bing.com/bingbot.htm)',
)
[ info ] [ PARAM ] array (
)
[ info ] [ RUN ] app\index\controller\Index->c1[ /data/home/syu4378230001/htdocs/app/index/controller/Index.php ]
[ info ] [ VIEW ] ./template/banwu/c1.html [ array (
) ]
[ info ] [ LOG ] INIT File
---------------------------------------------------------------
[ 2019-06-24T18:15:21+08:00 ] 172.17.230.83 46.229.168.144 GET /robots.txt
[ info ] 51mfgs.com/robots.txt [运行时间：0.040322s][吞吐率：24.80req/s] [内存消耗：388.78kb] [文件加载：36]
[ info ] [ LANG ] /data/home/syu4378230001/htdocs/thinkphp/lang/zh-cn.php
[ info ] [ BIND ] 'index/Index'
[ info ] [ ROUTE ] array (
  'type' => 'module',
  'module' => 
  array (
    0 => 'index',
    1 => 'Index',
    2 => 'robots.txt',
  ),
)
[ info ] [ HEADER ] array (
  'accept' => '*/*',
  'accept-encoding' => 'gzip,deflate',
  'connection' => 'close',
  'host' => '51mfgs.com',
  'user-agent' => 'Mozilla/5.0 (compatible; SemrushBot/3~bl; +http://www.semrush.com/bot.html)',
)
[ info ] [ PARAM ] array (
)
[ info ] [ RUN ] app\index\controller\Index->_empty[ /data/home/syu4378230001/htdocs/app/index/controller/Index.php ]
[ info ] [ VIEW ] /data/home/syu4378230001/htdocs/thinkphp/tpl/dispatch_jump.tpl [ array (
  0 => 'code',
  1 => 'msg',
  2 => 'data',
  3 => 'url',
  4 => 'wait',
) ]
[ info ] [ LOG ] INIT File
---------------------------------------------------------------
[ 2019-06-24T18:15:22+08:00 ] 172.17.230.83 46.229.168.134 GET /cw.html
[ info ] 51mfgs.com/cw.html [运行时间：0.082550s][吞吐率：12.11req/s] [内存消耗：625.45kb] [文件加载：45]
[ info ] [ LANG ] /data/home/syu4378230001/htdocs/thinkphp/lang/zh-cn.php
[ info ] [ BIND ] 'index/Index'
[ info ] [ ROUTE ] array (
  'type' => 'module',
  'module' => 
  array (
    0 => 'index',
    1 => 'Index',
    2 => 'cw',
  ),
)
[ info ] [ HEADER ] array (
  'accept' => 'text/html, application/rss+xml, application/atom+xml, text/xml, text/rss+xml',
  'accept-encoding' => 'gzip,deflate',
  'connection' => 'close',
  'host' => '51mfgs.com',
  'user-agent' => 'Mozilla/5.0 (compatible; SemrushBot/3~bl; +http://www.semrush.com/bot.html)',
)
[ info ] [ PARAM ] array (
)
[ info ] [ RUN ] app\index\controller\Index->cw[ /data/home/syu4378230001/htdocs/app/index/controller/Index.php ]
[ info ] [ DB ] INIT mysql
[ info ] [ VIEW ] ./app/index/view/index/cw.html [ array (
  0 => 'list',
  1 => 'total',
) ]
[ info ] [ LOG ] INIT File
[ sql ] [ DB ] CONNECT:[ UseTime:0.007563s ] mysql:dbname=sdm442994699_db;host=sdm442994699.my3w.com;charset=utf8
[ sql ] [ SQL ] SHOW COLUMNS FROM `pro2` [ RunTime:0.003883s ]
[ sql ] [ SQL ] SELECT COUNT(*) AS tp_count FROM `pro2` WHERE  `pro_type` = 'cw'  AND `state` = 1 LIMIT 1 [ RunTime:0.003047s ]
[ sql ] [ SQL ] SELECT * FROM `pro2` WHERE  `pro_type` = 'cw'  AND `state` = 1 ORDER BY pubtime DESC LIMIT 0,100 [ RunTime:0.003224s ]
[ sql ] [ SQL ] SELECT COUNT(*) AS tp_count FROM `pro2` WHERE  `pro_type` = 'cw'  AND `state` = 1 LIMIT 1 [ RunTime:0.003124s ]
---------------------------------------------------------------
[ 2019-06-24T18:26:19+08:00 ] 172.17.230.83 40.77.167.208 GET /
[ info ] 51mfgs.com/ [运行时间：0.137122s][吞吐率：7.29req/s] [内存消耗：798.23kb] [文件加载：49]
[ info ] [ LANG ] /data/home/syu4378230001/htdocs/thinkphp/lang/zh-cn.php
[ info ] [ BIND ] 'index/Index'
[ info ] [ ROUTE ] array (
  'type' => 'module',
  'module' => 
  array (
    0 => 'index',
    1 => 'Index',
    2 => NULL,
  ),
)
[ info ] [ HEADER ] array (
  'accept' => '*/*',
  'accept-encoding' => 'gzip, deflate',
  'cache-control' => 'no-cache',
  'connection' => 'Keep-Alive',
  'from' => 'bingbot(at)microsoft.com',
  'host' => '51mfgs.com',
  'pragma' => 'no-cache',
  'user-agent' => 'Mozilla/5.0 (compatible; bingbot/2.0; +http://www.bing.com/bingbot.htm)',
)
[ info ] [ PARAM ] array (
)
[ info ] [ RUN ] app\index\controller\Index->index[ /data/home/syu4378230001/htdocs/app/index/controller/Index.php ]
[ info ] [ DB ] INIT mysql
[ info ] [ SESSION ] INIT array (
  'id' => '',
  'var_session_id' => '',
  'prefix' => '',
  'type' => '',
  'auto_start' => true,
  'httponly' => true,
  'secure' => false,
)
[ info ] [ CACHE ] INIT File
[ info ] [ VIEW ] ./app/index/view/index/index.html [ array (
  0 => 'indexhits',
  1 => 'userclass',
  2 => 'usersess',
  3 => 'res_newpro',
  4 => 'res_user',
  5 => 'time',
  6 => 'res_jj',
  7 => 'res_jd',
  8 => 'res_yw',
  9 => 'res_sp',
  10 => 'res_sj',
  11 => 'res_cw',
) ]
[ info ] [ LOG ] INIT File
[ sql ] [ DB ] CONNECT:[ UseTime:0.013853s ] mysql:dbname=sdm442994699_db;host=sdm442994699.my3w.com;charset=utf8
[ sql ] [ SQL ] SHOW COLUMNS FROM `pro2` [ RunTime:0.004056s ]
[ sql ] [ SQL ] SELECT * FROM `pro2` WHERE  `pro_type` = 'jj'  AND `state` = 1  AND `pos` = 1 ORDER BY pro_id DESC LIMIT 3 [ RunTime:0.003460s ]
[ sql ] [ SQL ] SELECT * FROM `pro2` WHERE  `pro_type` = 'jd'  AND `state` = 1  AND `pos` = 1 ORDER BY pro_id DESC LIMIT 3 [ RunTime:0.003226s ]
[ sql ] [ SQL ] SELECT * FROM `pro2` WHERE  `pro_type` = 'yw'  AND `state` = 1  AND `pos` = 1 ORDER BY pro_id DESC LIMIT 3 [ RunTime:0.003395s ]
[ sql ] [ SQL ] SELECT * FROM `pro2` WHERE  `pro_type` = 'sp'  AND `state` = 1  AND `pos` = 1 ORDER BY pro_id DESC LIMIT 3 [ RunTime:0.003949s ]
[ sql ] [ SQL ] SELECT * FROM `pro2` WHERE  `pro_type` = 'sj'  AND `state` = 1  AND `pos` = 1 ORDER BY pro_id DESC LIMIT 3 [ RunTime:0.003359s ]
[ sql ] [ SQL ] SELECT * FROM `pro2` WHERE  (  `pro_type` = 'cw'  AND `state` = 1  AND `pos` = 1 ) [ RunTime:0.003220s ]
[ sql ] [ SQL ] SHOW COLUMNS FROM `user` [ RunTime:0.004039s ]
[ sql ] [ SQL ] SELECT * FROM `user` WHERE  `state` = 1 ORDER BY id DESC LIMIT 3 [ RunTime:0.003070s ]
[ sql ] [ SQL ] SHOW COLUMNS FROM `pro` [ RunTime:0.003726s ]
[ sql ] [ SQL ] SELECT * FROM `pro` WHERE  `pro_id` > 0  AND `state` = 1 ORDER BY pro_id DESC LIMIT 3 [ RunTime:0.003141s ]
[ sql ] [ SQL ] SHOW COLUMNS FROM `pagehits` [ RunTime:0.003439s ]
[ sql ] [ SQL ] UPDATE `pagehits`  SET `hits`=hits+1  WHERE  `id` = 1 [ RunTime:0.002963s ]
[ sql ] [ SQL ] SELECT `hits` FROM `pagehits` WHERE  `id` = 1 LIMIT 1 [ RunTime:0.003184s ]
---------------------------------------------------------------
[ 2019-06-24T20:15:42+08:00 ] 172.17.230.83 46.229.168.148 GET /robots.txt
[ info ] 51mfgs.com/robots.txt [运行时间：0.037687s][吞吐率：26.53req/s] [内存消耗：388.78kb] [文件加载：36]
[ info ] [ LANG ] /data/home/syu4378230001/htdocs/thinkphp/lang/zh-cn.php
[ info ] [ BIND ] 'index/Index'
[ info ] [ ROUTE ] array (
  'type' => 'module',
  'module' => 
  array (
    0 => 'index',
    1 => 'Index',
    2 => 'robots.txt',
  ),
)
[ info ] [ HEADER ] array (
  'accept' => '*/*',
  'accept-encoding' => 'gzip,deflate',
  'connection' => 'close',
  'host' => '51mfgs.com',
  'user-agent' => 'Mozilla/5.0 (compatible; SemrushBot/3~bl; +http://www.semrush.com/bot.html)',
)
[ info ] [ PARAM ] array (
)
[ info ] [ RUN ] app\index\controller\Index->_empty[ /data/home/syu4378230001/htdocs/app/index/controller/Index.php ]
[ info ] [ VIEW ] /data/home/syu4378230001/htdocs/thinkphp/tpl/dispatch_jump.tpl [ array (
  0 => 'code',
  1 => 'msg',
  2 => 'data',
  3 => 'url',
  4 => 'wait',
) ]
[ info ] [ LOG ] INIT File
---------------------------------------------------------------
[ 2019-06-24T20:15:44+08:00 ] 172.17.230.83 46.229.168.143 GET /proshow/id/126
[ info ] 51mfgs.com/proshow/id/126 [运行时间：0.077421s][吞吐率：12.92req/s] [内存消耗：711.59kb] [文件加载：44]
[ info ] [ LANG ] /data/home/syu4378230001/htdocs/thinkphp/lang/zh-cn.php
[ info ] [ BIND ] 'index/Index'
[ info ] [ ROUTE ] array (
  'type' => 'module',
  'module' => 
  array (
    0 => 'index',
    1 => 'Index',
    2 => 'proshow',
  ),
)
[ info ] [ HEADER ] array (
  'accept' => 'text/html, application/rss+xml, application/atom+xml, text/xml, text/rss+xml',
  'accept-encoding' => 'gzip,deflate',
  'connection' => 'close',
  'host' => '51mfgs.com',
  'user-agent' => 'Mozilla/5.0 (compatible; SemrushBot/3~bl; +http://www.semrush.com/bot.html)',
)
[ info ] [ PARAM ] array (
  'id' => '126',
)
[ info ] [ RUN ] app\index\controller\Index->proshow[ /data/home/syu4378230001/htdocs/app/index/controller/Index.php ]
[ info ] [ DB ] INIT mysql
[ info ] [ VIEW ] ./app/index/view/index/proshow.html [ array (
  0 => 'data',
) ]
[ info ] [ LOG ] INIT File
[ sql ] [ DB ] CONNECT:[ UseTime:0.011493s ] mysql:dbname=sdm442994699_db;host=sdm442994699.my3w.com;charset=utf8
[ sql ] [ SQL ] SHOW COLUMNS FROM `pro2` [ RunTime:0.005595s ]
[ sql ] [ SQL ] SELECT * FROM `pro2` WHERE  `pro_id` = 126 LIMIT 1 [ RunTime:0.004122s ]
---------------------------------------------------------------
[ 2019-06-24T21:53:17+08:00 ] 172.17.230.83 42.156.139.103 GET /proorder/id/71
[ info ] www.51mfgs.com/proorder/id/71 [运行时间：0.038252s][吞吐率：26.14req/s] [内存消耗：393.95kb] [文件加载：37]
[ info ] [ LANG ] /data/home/syu4378230001/htdocs/thinkphp/lang/zh-cn.php
[ info ] [ BIND ] 'index/Index'
[ info ] [ ROUTE ] array (
  'type' => 'module',
  'module' => 
  array (
    0 => 'index',
    1 => 'Index',
    2 => 'proorder',
  ),
)
[ info ] [ HEADER ] array (
  'accept' => 'text/html,application/xhtml+xml,application/xml;q=0.9,image/webp,image/apng,*/*;q=0.8',
  'connection' => 'close',
  'host' => 'www.51mfgs.com',
  'upgrade-insecure-requests' => '1',
  'user-agent' => 'Mozilla/5.0 (Windows NT 6.1; Win64; x64) AppleWebKit/537.36 (KHTML, like Gecko) Chrome/69.0.3497.81 YisouSpider/5.0 Safari/537.36',
  'x-devtools-emulate-network-conditions-client-id' => '83DF5A3DEE7E99C85528F8BE03E7DFBF',
)
[ info ] [ PARAM ] array (
  'id' => '71',
)
[ info ] [ RUN ] app\index\controller\Index->proorder[ /data/home/syu4378230001/htdocs/app/index/controller/Index.php ]
[ info ] [ SESSION ] INIT array (
  'id' => '',
  'var_session_id' => '',
  'prefix' => '',
  'type' => '',
  'auto_start' => true,
  'httponly' => true,
  'secure' => false,
)
[ info ] [ VIEW ] /data/home/syu4378230001/htdocs/thinkphp/tpl/dispatch_jump.tpl [ array (
  0 => 'code',
  1 => 'msg',
  2 => 'data',
  3 => 'url',
  4 => 'wait',
) ]
[ info ] [ LOG ] INIT File
---------------------------------------------------------------
[ 2019-06-24T22:56:47+08:00 ] 172.17.230.83 157.55.39.188 GET /robots.txt
[ info ] 51mfgs.com/robots.txt [运行时间：0.038988s][吞吐率：25.65req/s] [内存消耗：389.23kb] [文件加载：36]
[ info ] [ LANG ] /data/home/syu4378230001/htdocs/thinkphp/lang/zh-cn.php
[ info ] [ BIND ] 'index/Index'
[ info ] [ ROUTE ] array (
  'type' => 'module',
  'module' => 
  array (
    0 => 'index',
    1 => 'Index',
    2 => 'robots.txt',
  ),
)
[ info ] [ HEADER ] array (
  'accept' => '*/*',
  'accept-encoding' => 'gzip, deflate',
  'cache-control' => 'no-cache',
  'connection' => 'Keep-Alive',
  'host' => '51mfgs.com',
  'pragma' => 'no-cache',
  'user-agent' => 'Mozilla/5.0 (compatible; bingbot/2.0; +http://www.bing.com/bingbot.htm)',
)
[ info ] [ PARAM ] array (
)
[ info ] [ RUN ] app\index\controller\Index->_empty[ /data/home/syu4378230001/htdocs/app/index/controller/Index.php ]
[ info ] [ VIEW ] /data/home/syu4378230001/htdocs/thinkphp/tpl/dispatch_jump.tpl [ array (
  0 => 'code',
  1 => 'msg',
  2 => 'data',
  3 => 'url',
  4 => 'wait',
) ]
[ info ] [ LOG ] INIT File
---------------------------------------------------------------
[ 2019-06-24T23:37:36+08:00 ] 172.17.230.83 157.55.39.188 GET /robots.txt
[ info ] 51mfgs.com/robots.txt [运行时间：0.038515s][吞吐率：25.96req/s] [内存消耗：389.23kb] [文件加载：36]
[ info ] [ LANG ] /data/home/syu4378230001/htdocs/thinkphp/lang/zh-cn.php
[ info ] [ BIND ] 'index/Index'
[ info ] [ ROUTE ] array (
  'type' => 'module',
  'module' => 
  array (
    0 => 'index',
    1 => 'Index',
    2 => 'robots.txt',
  ),
)
[ info ] [ HEADER ] array (
  'accept' => '*/*',
  'accept-encoding' => 'gzip, deflate',
  'cache-control' => 'no-cache',
  'connection' => 'Keep-Alive',
  'host' => '51mfgs.com',
  'pragma' => 'no-cache',
  'user-agent' => 'Mozilla/5.0 (compatible; bingbot/2.0; +http://www.bing.com/bingbot.htm)',
)
[ info ] [ PARAM ] array (
)
[ info ] [ RUN ] app\index\controller\Index->_empty[ /data/home/syu4378230001/htdocs/app/index/controller/Index.php ]
[ info ] [ VIEW ] /data/home/syu4378230001/htdocs/thinkphp/tpl/dispatch_jump.tpl [ array (
  0 => 'code',
  1 => 'msg',
  2 => 'data',
  3 => 'url',
  4 => 'wait',
) ]
[ info ] [ LOG ] INIT File
---------------------------------------------------------------
[ 2019-06-24T23:37:38+08:00 ] 172.17.230.83 157.55.39.188 GET /robots.txt
[ info ] 51mfgs.com/robots.txt [运行时间：0.038754s][吞吐率：25.80req/s] [内存消耗：389.23kb] [文件加载：36]
[ info ] [ LANG ] /data/home/syu4378230001/htdocs/thinkphp/lang/zh-cn.php
[ info ] [ BIND ] 'index/Index'
[ info ] [ ROUTE ] array (
  'type' => 'module',
  'module' => 
  array (
    0 => 'index',
    1 => 'Index',
    2 => 'robots.txt',
  ),
)
[ info ] [ HEADER ] array (
  'accept' => '*/*',
  'accept-encoding' => 'gzip, deflate',
  'cache-control' => 'no-cache',
  'connection' => 'Keep-Alive',
  'host' => '51mfgs.com',
  'pragma' => 'no-cache',
  'user-agent' => 'Mozilla/5.0 (compatible; bingbot/2.0; +http://www.bing.com/bingbot.htm)',
)
[ info ] [ PARAM ] array (
)
[ info ] [ RUN ] app\index\controller\Index->_empty[ /data/home/syu4378230001/htdocs/app/index/controller/Index.php ]
[ info ] [ VIEW ] /data/home/syu4378230001/htdocs/thinkphp/tpl/dispatch_jump.tpl [ array (
  0 => 'code',
  1 => 'msg',
  2 => 'data',
  3 => 'url',
  4 => 'wait',
) ]
[ info ] [ LOG ] INIT File
