---------------------------------------------------------------
[ 2019-01-13T15:53:44+08:00 ] 172.17.230.83 36.36.148.41 GET /showuser
[ info ] www.51mfgs.com/showuser [运行时间：0.514953s][吞吐率：1.94req/s] [内存消耗：566.50kb] [文件加载：39]
[ info ] [ LANG ] /data/home/syu4378230001/htdocs/thinkphp/lang/zh-cn.php
[ info ] [ BIND ] 'index/Index'
[ info ] [ ROUTE ] array (
  'type' => 'module',
  'module' => 
  array (
    0 => 'index',
    1 => 'Index',
    2 => 'showuser',
  ),
)
[ info ] [ HEADER ] array (
  'content-type' => 'application/json',
  'accept' => '*/*',
  'accept-encoding' => 'gzip, deflate, br',
  'cache-control' => 'no-cache',
  'connection' => 'keep-alive',
  'host' => 'www.51mfgs.com',
  'pragma' => 'no-cache',
  'referer' => 'https://servicewechat.com/wxd015b1639d2c0e53/devtools/page-frame.html',
  'user-agent' => 'Mozilla/5.0 (iPhone; CPU iPhone OS 9_1 like Mac OS X) AppleWebKit/601.1.46 (KHTML, like Gecko) Version/9.0 Mobile/13B143 Safari/601.1 wechatdevtools/1.02.1811290 MicroMessenger/6.7.3 Language/zh_CN webview/ token/164a3ca688cea513f19fb6a28653ef55',
)
[ info ] [ PARAM ] array (
)
[ info ] [ RUN ] app\index\controller\Index->showuser[ /data/home/syu4378230001/htdocs/app/index/controller/Index.php ]
[ info ] [ DB ] INIT mysql
[ info ] [ LOG ] INIT File
[ sql ] [ DB ] CONNECT:[ UseTime:0.018662s ] mysql:dbname=sdm442994699_db;host=sdm442994699.my3w.com;charset=utf8
[ sql ] [ SQL ] SHOW COLUMNS FROM `wxuser` [ RunTime:0.003947s ]
[ sql ] [ SQL ] SELECT * FROM `wxuser` ORDER BY id DESC LIMIT 10 [ RunTime:0.004604s ]
