---------------------------------------------------------------
[ 2018-12-02T20:01:26+08:00 ] 172.17.230.83 36.36.148.41 GET /noticefm
[ info ] www.51mfgs.com/noticefm [运行时间：0.308076s][吞吐率：3.25req/s] [内存消耗：554.53kb] [文件加载：39]
[ info ] [ LANG ] /data/home/syu4378230001/htdocs/thinkphp/lang/zh-cn.php
[ info ] [ BIND ] 'index/Index'
[ info ] [ ROUTE ] array (
  'type' => 'module',
  'module' => 
  array (
    0 => 'index',
    1 => 'Index',
    2 => 'noticefm',
  ),
)
[ info ] [ HEADER ] array (
  'content-type' => 'application/json',
  'accept' => '*/*',
  'accept-encoding' => 'gzip, deflate, br',
  'cache-control' => 'no-cache',
  'connection' => 'keep-alive',
  'host' => 'www.51mfgs.com',
  'pragma' => 'no-cache',
  'referer' => 'https://servicewechat.com/wx503527dc340335fb/devtools/page-frame.html',
  'user-agent' => 'Mozilla/5.0 (iPhone; CPU iPhone OS 9_1 like Mac OS X) AppleWebKit/601.1.46 (KHTML, like Gecko) Version/9.0 Mobile/13B143 Safari/601.1 wechatdevtools/1.02.1810250 MicroMessenger/6.5.7 Language/zh_CN webview/ token/6ef9238aea6c89a628479c080e71dd7c',
)
[ info ] [ PARAM ] array (
)
[ info ] [ RUN ] app\index\controller\Index->noticefm[ /data/home/syu4378230001/htdocs/app/index/controller/Index.php ]
[ info ] [ DB ] INIT mysql
[ info ] [ LOG ] INIT File
[ sql ] [ DB ] CONNECT:[ UseTime:0.017549s ] mysql:dbname=sdm442994699_db;host=sdm442994699.my3w.com;charset=utf8
[ sql ] [ SQL ] SHOW COLUMNS FROM `notice` [ RunTime:0.003346s ]
[ sql ] [ SQL ] SELECT * FROM `notice` WHERE  `state` = 1  AND `pos` = 1 ORDER BY id DESC LIMIT 1 [ RunTime:0.002814s ]
---------------------------------------------------------------
[ 2018-12-02T20:01:26+08:00 ] 172.17.230.83 36.36.148.41 GET /showuser
[ info ] www.51mfgs.com/showuser [运行时间：0.321003s][吞吐率：3.12req/s] [内存消耗：564.82kb] [文件加载：39]
[ info ] [ LANG ] /data/home/syu4378230001/htdocs/thinkphp/lang/zh-cn.php
[ info ] [ BIND ] 'index/Index'
[ info ] [ ROUTE ] array (
  'type' => 'module',
  'module' => 
  array (
    0 => 'index',
    1 => 'Index',
    2 => 'showuser',
  ),
)
[ info ] [ HEADER ] array (
  'content-type' => 'application/json',
  'accept' => '*/*',
  'accept-encoding' => 'gzip, deflate, br',
  'cache-control' => 'no-cache',
  'connection' => 'keep-alive',
  'host' => 'www.51mfgs.com',
  'pragma' => 'no-cache',
  'referer' => 'https://servicewechat.com/wx503527dc340335fb/devtools/page-frame.html',
  'user-agent' => 'Mozilla/5.0 (iPhone; CPU iPhone OS 9_1 like Mac OS X) AppleWebKit/601.1.46 (KHTML, like Gecko) Version/9.0 Mobile/13B143 Safari/601.1 wechatdevtools/1.02.1810250 MicroMessenger/6.5.7 Language/zh_CN webview/ token/6ef9238aea6c89a628479c080e71dd7c',
)
[ info ] [ PARAM ] array (
)
[ info ] [ RUN ] app\index\controller\Index->showuser[ /data/home/syu4378230001/htdocs/app/index/controller/Index.php ]
[ info ] [ DB ] INIT mysql
[ info ] [ LOG ] INIT File
[ sql ] [ DB ] CONNECT:[ UseTime:0.015001s ] mysql:dbname=sdm442994699_db;host=sdm442994699.my3w.com;charset=utf8
[ sql ] [ SQL ] SHOW COLUMNS FROM `wxuser` [ RunTime:0.003518s ]
[ sql ] [ SQL ] SELECT * FROM `wxuser` ORDER BY id DESC LIMIT 10 [ RunTime:0.002663s ]
---------------------------------------------------------------
[ 2018-12-02T20:01:26+08:00 ] 172.17.230.83 36.36.148.41 GET /reportfm
[ info ] www.51mfgs.com/reportfm [运行时间：0.318214s][吞吐率：3.14req/s] [内存消耗：554.12kb] [文件加载：39]
[ info ] [ LANG ] /data/home/syu4378230001/htdocs/thinkphp/lang/zh-cn.php
[ info ] [ BIND ] 'index/Index'
[ info ] [ ROUTE ] array (
  'type' => 'module',
  'module' => 
  array (
    0 => 'index',
    1 => 'Index',
    2 => 'reportfm',
  ),
)
[ info ] [ HEADER ] array (
  'content-type' => 'application/json',
  'accept' => '*/*',
  'accept-encoding' => 'gzip, deflate, br',
  'cache-control' => 'no-cache',
  'connection' => 'keep-alive',
  'host' => 'www.51mfgs.com',
  'pragma' => 'no-cache',
  'referer' => 'https://servicewechat.com/wx503527dc340335fb/devtools/page-frame.html',
  'user-agent' => 'Mozilla/5.0 (iPhone; CPU iPhone OS 9_1 like Mac OS X) AppleWebKit/601.1.46 (KHTML, like Gecko) Version/9.0 Mobile/13B143 Safari/601.1 wechatdevtools/1.02.1810250 MicroMessenger/6.5.7 Language/zh_CN webview/ token/6ef9238aea6c89a628479c080e71dd7c',
)
[ info ] [ PARAM ] array (
)
[ info ] [ RUN ] app\index\controller\Index->reportfm[ /data/home/syu4378230001/htdocs/app/index/controller/Index.php ]
[ info ] [ DB ] INIT mysql
[ info ] [ LOG ] INIT File
[ sql ] [ DB ] CONNECT:[ UseTime:0.016964s ] mysql:dbname=sdm442994699_db;host=sdm442994699.my3w.com;charset=utf8
[ sql ] [ SQL ] SHOW COLUMNS FROM `reportage` [ RunTime:0.006574s ]
[ sql ] [ SQL ] SELECT * FROM `reportage` WHERE  `state` = 1  AND `pos` = 1 ORDER BY id DESC LIMIT 1 [ RunTime:0.004280s ]
---------------------------------------------------------------
[ 2018-12-02T20:01:26+08:00 ] 172.17.230.83 36.36.148.41 GET /storyfm
[ info ] www.51mfgs.com/storyfm [运行时间：0.372795s][吞吐率：2.68req/s] [内存消耗：731.16kb] [文件加载：45]
[ info ] [ LANG ] /data/home/syu4378230001/htdocs/thinkphp/lang/zh-cn.php
[ info ] [ BIND ] 'index/Index'
[ info ] [ ROUTE ] array (
  'type' => 'module',
  'module' => 
  array (
    0 => 'index',
    1 => 'Index',
    2 => 'storyfm',
  ),
)
[ info ] [ HEADER ] array (
  'content-type' => 'application/json',
  'accept' => '*/*',
  'accept-encoding' => 'gzip, deflate, br',
  'cache-control' => 'no-cache',
  'connection' => 'keep-alive',
  'host' => 'www.51mfgs.com',
  'pragma' => 'no-cache',
  'referer' => 'https://servicewechat.com/wx503527dc340335fb/devtools/page-frame.html',
  'user-agent' => 'Mozilla/5.0 (iPhone; CPU iPhone OS 9_1 like Mac OS X) AppleWebKit/601.1.46 (KHTML, like Gecko) Version/9.0 Mobile/13B143 Safari/601.1 wechatdevtools/1.02.1810250 MicroMessenger/6.5.7 Language/zh_CN webview/ token/6ef9238aea6c89a628479c080e71dd7c',
)
[ info ] [ PARAM ] array (
)
[ info ] [ RUN ] app\index\controller\Index->storyfm[ /data/home/syu4378230001/htdocs/app/index/controller/Index.php ]
[ info ] [ DB ] INIT mysql
[ info ] [ LOG ] INIT File
[ sql ] [ DB ] CONNECT:[ UseTime:0.006793s ] mysql:dbname=sdm442994699_db;host=sdm442994699.my3w.com;charset=utf8
[ sql ] [ SQL ] SHOW COLUMNS FROM `story` [ RunTime:0.003338s ]
[ sql ] [ SQL ] SELECT * FROM `story` WHERE  `state` = 1  AND `pos` = 1 ORDER BY id DESC LIMIT 1 [ RunTime:0.002504s ]
[ sql ] [ SQL ] SHOW COLUMNS FROM `wxuser` [ RunTime:0.003810s ]
[ sql ] [ SQL ] SELECT * FROM `wxuser` WHERE  `user_phone` IN ('0') [ RunTime:0.002575s ]
---------------------------------------------------------------
[ 2018-12-02T20:01:26+08:00 ] 172.17.230.83 36.36.148.41 GET /activefm
[ info ] www.51mfgs.com/activefm [运行时间：0.384145s][吞吐率：2.60req/s] [内存消耗：730.49kb] [文件加载：45]
[ info ] [ LANG ] /data/home/syu4378230001/htdocs/thinkphp/lang/zh-cn.php
[ info ] [ BIND ] 'index/Index'
[ info ] [ ROUTE ] array (
  'type' => 'module',
  'module' => 
  array (
    0 => 'index',
    1 => 'Index',
    2 => 'activefm',
  ),
)
[ info ] [ HEADER ] array (
  'content-type' => 'application/json',
  'accept' => '*/*',
  'accept-encoding' => 'gzip, deflate, br',
  'cache-control' => 'no-cache',
  'connection' => 'keep-alive',
  'host' => 'www.51mfgs.com',
  'pragma' => 'no-cache',
  'referer' => 'https://servicewechat.com/wx503527dc340335fb/devtools/page-frame.html',
  'user-agent' => 'Mozilla/5.0 (iPhone; CPU iPhone OS 9_1 like Mac OS X) AppleWebKit/601.1.46 (KHTML, like Gecko) Version/9.0 Mobile/13B143 Safari/601.1 wechatdevtools/1.02.1810250 MicroMessenger/6.5.7 Language/zh_CN webview/ token/6ef9238aea6c89a628479c080e71dd7c',
)
[ info ] [ PARAM ] array (
)
[ info ] [ RUN ] app\index\controller\Index->activefm[ /data/home/syu4378230001/htdocs/app/index/controller/Index.php ]
[ info ] [ DB ] INIT mysql
[ info ] [ LOG ] INIT File
[ sql ] [ DB ] CONNECT:[ UseTime:0.007219s ] mysql:dbname=sdm442994699_db;host=sdm442994699.my3w.com;charset=utf8
[ sql ] [ SQL ] SHOW COLUMNS FROM `active` [ RunTime:0.003357s ]
[ sql ] [ SQL ] SELECT * FROM `active` WHERE  `state` = 1  AND `pos` = 1 ORDER BY id DESC LIMIT 1 [ RunTime:0.003776s ]
[ sql ] [ SQL ] SHOW COLUMNS FROM `wxuser` [ RunTime:0.004309s ]
[ sql ] [ SQL ] SELECT * FROM `wxuser` WHERE  `user_phone` IN ('0') [ RunTime:0.003916s ]
---------------------------------------------------------------
[ 2018-12-02T20:01:26+08:00 ] 172.17.230.83 36.36.148.41 GET /allpro3/page/1
[ info ] www.51mfgs.com/allpro3/page/1 [运行时间：0.392398s][吞吐率：2.55req/s] [内存消耗：835.69kb] [文件加载：47]
[ info ] [ LANG ] /data/home/syu4378230001/htdocs/thinkphp/lang/zh-cn.php
[ info ] [ BIND ] 'index/Index'
[ info ] [ ROUTE ] array (
  'type' => 'module',
  'module' => 
  array (
    0 => 'index',
    1 => 'Index',
    2 => 'allpro3',
  ),
)
[ info ] [ HEADER ] array (
  'content-type' => 'application/json',
  'accept' => '*/*',
  'accept-encoding' => 'gzip, deflate, br',
  'cache-control' => 'no-cache',
  'connection' => 'keep-alive',
  'host' => 'www.51mfgs.com',
  'pragma' => 'no-cache',
  'referer' => 'https://servicewechat.com/wx503527dc340335fb/devtools/page-frame.html',
  'user-agent' => 'Mozilla/5.0 (iPhone; CPU iPhone OS 9_1 like Mac OS X) AppleWebKit/601.1.46 (KHTML, like Gecko) Version/9.0 Mobile/13B143 Safari/601.1 wechatdevtools/1.02.1810250 MicroMessenger/6.5.7 Language/zh_CN webview/ token/6ef9238aea6c89a628479c080e71dd7c',
)
[ info ] [ PARAM ] array (
  'page' => '1',
)
[ info ] [ RUN ] app\index\controller\Index->allpro3[ /data/home/syu4378230001/htdocs/app/index/controller/Index.php ]
[ info ] [ DB ] INIT mysql
[ info ] [ LOG ] INIT File
[ sql ] [ DB ] CONNECT:[ UseTime:0.009552s ] mysql:dbname=sdm442994699_db;host=sdm442994699.my3w.com;charset=utf8
[ sql ] [ SQL ] SHOW COLUMNS FROM `pro2` [ RunTime:0.004029s ]
[ sql ] [ SQL ] SELECT COUNT(*) AS tp_count FROM `pro2` WHERE  `state` = 1 LIMIT 1 [ RunTime:0.003711s ]
[ sql ] [ SQL ] SELECT * FROM `pro2` WHERE  `state` = 1 ORDER BY pro_id DESC LIMIT 0,10 [ RunTime:0.004776s ]
[ sql ] [ SQL ] SHOW COLUMNS FROM `wxuser` [ RunTime:0.005206s ]
[ sql ] [ SQL ] SELECT * FROM `wxuser` WHERE  `user_phone` IN ('13088829771','13631573892','13688811959','13088829771','15807558382','13088829771','13631573892','13631573892','13088829771','13088829771') [ RunTime:0.003468s ]
[ sql ] [ SQL ] SHOW COLUMNS FROM `order` [ RunTime:0.003792s ]
[ sql ] [ SQL ] SELECT * FROM `order` WHERE  `pro_id` IN (200,199,198,197,191,188,186,185,183,182) [ RunTime:0.003411s ]
---------------------------------------------------------------
[ 2018-12-02T20:01:45+08:00 ] 172.17.230.83 36.36.148.41 GET /allpro3/page/1
[ info ] www.51mfgs.com/allpro3/page/1 [运行时间：0.093032s][吞吐率：10.75req/s] [内存消耗：835.04kb] [文件加载：47]
[ info ] [ LANG ] /data/home/syu4378230001/htdocs/thinkphp/lang/zh-cn.php
[ info ] [ BIND ] 'index/Index'
[ info ] [ ROUTE ] array (
  'type' => 'module',
  'module' => 
  array (
    0 => 'index',
    1 => 'Index',
    2 => 'allpro3',
  ),
)
[ info ] [ HEADER ] array (
  'content-type' => 'application/json',
  'accept' => '*/*',
  'accept-encoding' => 'gzip, deflate',
  'accept-language' => 'zh-cn',
  'connection' => 'keep-alive',
  'host' => 'www.51mfgs.com',
  'referer' => 'https://servicewechat.com/wx503527dc340335fb/0/page-frame.html',
  'user-agent' => 'Mozilla/5.0 (iPhone; CPU iPhone OS 10_3_3 like Mac OS X) AppleWebKit/603.3.8 (KHTML, like Gecko) Mobile/14G60 MicroMessenger/6.7.1 NetType/WIFI Language/zh_CN',
)
[ info ] [ PARAM ] array (
  'page' => '1',
)
[ info ] [ RUN ] app\index\controller\Index->allpro3[ /data/home/syu4378230001/htdocs/app/index/controller/Index.php ]
[ info ] [ DB ] INIT mysql
[ info ] [ LOG ] INIT File
[ sql ] [ DB ] CONNECT:[ UseTime:0.005394s ] mysql:dbname=sdm442994699_db;host=sdm442994699.my3w.com;charset=utf8
[ sql ] [ SQL ] SHOW COLUMNS FROM `pro2` [ RunTime:0.003502s ]
[ sql ] [ SQL ] SELECT COUNT(*) AS tp_count FROM `pro2` WHERE  `state` = 1 LIMIT 1 [ RunTime:0.002787s ]
[ sql ] [ SQL ] SELECT * FROM `pro2` WHERE  `state` = 1 ORDER BY pro_id DESC LIMIT 0,10 [ RunTime:0.003414s ]
[ sql ] [ SQL ] SHOW COLUMNS FROM `wxuser` [ RunTime:0.003319s ]
[ sql ] [ SQL ] SELECT * FROM `wxuser` WHERE  `user_phone` IN ('13088829771','13631573892','13688811959','13088829771','15807558382','13088829771','13631573892','13631573892','13088829771','13088829771') [ RunTime:0.002975s ]
[ sql ] [ SQL ] SHOW COLUMNS FROM `order` [ RunTime:0.003002s ]
[ sql ] [ SQL ] SELECT * FROM `order` WHERE  `pro_id` IN (200,199,198,197,191,188,186,185,183,182) [ RunTime:0.002762s ]
---------------------------------------------------------------
[ 2018-12-02T20:01:45+08:00 ] 172.17.230.83 36.36.148.41 GET /reportfm
[ info ] www.51mfgs.com/reportfm [运行时间：0.262726s][吞吐率：3.81req/s] [内存消耗：547.72kb] [文件加载：39]
[ info ] [ LANG ] /data/home/syu4378230001/htdocs/thinkphp/lang/zh-cn.php
[ info ] [ BIND ] 'index/Index'
[ info ] [ ROUTE ] array (
  'type' => 'module',
  'module' => 
  array (
    0 => 'index',
    1 => 'Index',
    2 => 'reportfm',
  ),
)
[ info ] [ HEADER ] array (
  'content-type' => 'application/json',
  'accept' => '*/*',
  'accept-encoding' => 'gzip, deflate',
  'accept-language' => 'zh-cn',
  'connection' => 'keep-alive',
  'host' => 'www.51mfgs.com',
  'referer' => 'https://servicewechat.com/wx503527dc340335fb/0/page-frame.html',
  'user-agent' => 'Mozilla/5.0 (iPhone; CPU iPhone OS 10_3_3 like Mac OS X) AppleWebKit/603.3.8 (KHTML, like Gecko) Mobile/14G60 MicroMessenger/6.7.1 NetType/WIFI Language/zh_CN',
)
[ info ] [ PARAM ] array (
)
[ info ] [ RUN ] app\index\controller\Index->reportfm[ /data/home/syu4378230001/htdocs/app/index/controller/Index.php ]
[ info ] [ DB ] INIT mysql
[ info ] [ LOG ] INIT File
[ sql ] [ DB ] CONNECT:[ UseTime:0.011773s ] mysql:dbname=sdm442994699_db;host=sdm442994699.my3w.com;charset=utf8
[ sql ] [ SQL ] SHOW COLUMNS FROM `reportage` [ RunTime:0.003166s ]
[ sql ] [ SQL ] SELECT * FROM `reportage` WHERE  `state` = 1  AND `pos` = 1 ORDER BY id DESC LIMIT 1 [ RunTime:0.002882s ]
---------------------------------------------------------------
[ 2018-12-02T20:01:45+08:00 ] 172.17.230.83 36.36.148.41 GET /noticefm
[ info ] www.51mfgs.com/noticefm [运行时间：0.263933s][吞吐率：3.79req/s] [内存消耗：547.83kb] [文件加载：39]
[ info ] [ LANG ] /data/home/syu4378230001/htdocs/thinkphp/lang/zh-cn.php
[ info ] [ BIND ] 'index/Index'
[ info ] [ ROUTE ] array (
  'type' => 'module',
  'module' => 
  array (
    0 => 'index',
    1 => 'Index',
    2 => 'noticefm',
  ),
)
[ info ] [ HEADER ] array (
  'content-type' => 'application/json',
  'accept' => '*/*',
  'accept-encoding' => 'gzip, deflate',
  'accept-language' => 'zh-cn',
  'connection' => 'keep-alive',
  'host' => 'www.51mfgs.com',
  'referer' => 'https://servicewechat.com/wx503527dc340335fb/0/page-frame.html',
  'user-agent' => 'Mozilla/5.0 (iPhone; CPU iPhone OS 10_3_3 like Mac OS X) AppleWebKit/603.3.8 (KHTML, like Gecko) Mobile/14G60 MicroMessenger/6.7.1 NetType/WIFI Language/zh_CN',
)
[ info ] [ PARAM ] array (
)
[ info ] [ RUN ] app\index\controller\Index->noticefm[ /data/home/syu4378230001/htdocs/app/index/controller/Index.php ]
[ info ] [ DB ] INIT mysql
[ info ] [ LOG ] INIT File
[ sql ] [ DB ] CONNECT:[ UseTime:0.013595s ] mysql:dbname=sdm442994699_db;host=sdm442994699.my3w.com;charset=utf8
[ sql ] [ SQL ] SHOW COLUMNS FROM `notice` [ RunTime:0.006614s ]
[ sql ] [ SQL ] SELECT * FROM `notice` WHERE  `state` = 1  AND `pos` = 1 ORDER BY id DESC LIMIT 1 [ RunTime:0.002746s ]
---------------------------------------------------------------
[ 2018-12-02T20:01:45+08:00 ] 172.17.230.83 36.36.148.41 GET /showuser
[ info ] www.51mfgs.com/showuser [运行时间：0.270344s][吞吐率：3.70req/s] [内存消耗：558.42kb] [文件加载：39]
[ info ] [ LANG ] /data/home/syu4378230001/htdocs/thinkphp/lang/zh-cn.php
[ info ] [ BIND ] 'index/Index'
[ info ] [ ROUTE ] array (
  'type' => 'module',
  'module' => 
  array (
    0 => 'index',
    1 => 'Index',
    2 => 'showuser',
  ),
)
[ info ] [ HEADER ] array (
  'content-type' => 'application/json',
  'accept' => '*/*',
  'accept-encoding' => 'gzip, deflate',
  'accept-language' => 'zh-cn',
  'connection' => 'keep-alive',
  'host' => 'www.51mfgs.com',
  'referer' => 'https://servicewechat.com/wx503527dc340335fb/0/page-frame.html',
  'user-agent' => 'Mozilla/5.0 (iPhone; CPU iPhone OS 10_3_3 like Mac OS X) AppleWebKit/603.3.8 (KHTML, like Gecko) Mobile/14G60 MicroMessenger/6.7.1 NetType/WIFI Language/zh_CN',
)
[ info ] [ PARAM ] array (
)
[ info ] [ RUN ] app\index\controller\Index->showuser[ /data/home/syu4378230001/htdocs/app/index/controller/Index.php ]
[ info ] [ DB ] INIT mysql
[ info ] [ LOG ] INIT File
[ sql ] [ DB ] CONNECT:[ UseTime:0.013234s ] mysql:dbname=sdm442994699_db;host=sdm442994699.my3w.com;charset=utf8
[ sql ] [ SQL ] SHOW COLUMNS FROM `wxuser` [ RunTime:0.004225s ]
[ sql ] [ SQL ] SELECT * FROM `wxuser` ORDER BY id DESC LIMIT 10 [ RunTime:0.004896s ]
---------------------------------------------------------------
[ 2018-12-02T20:01:45+08:00 ] 172.17.230.83 36.36.148.41 GET /storyfm
[ info ] www.51mfgs.com/storyfm [运行时间：0.300679s][吞吐率：3.33req/s] [内存消耗：724.76kb] [文件加载：45]
[ info ] [ LANG ] /data/home/syu4378230001/htdocs/thinkphp/lang/zh-cn.php
[ info ] [ BIND ] 'index/Index'
[ info ] [ ROUTE ] array (
  'type' => 'module',
  'module' => 
  array (
    0 => 'index',
    1 => 'Index',
    2 => 'storyfm',
  ),
)
[ info ] [ HEADER ] array (
  'content-type' => 'application/json',
  'accept' => '*/*',
  'accept-encoding' => 'gzip, deflate',
  'accept-language' => 'zh-cn',
  'connection' => 'keep-alive',
  'host' => 'www.51mfgs.com',
  'referer' => 'https://servicewechat.com/wx503527dc340335fb/0/page-frame.html',
  'user-agent' => 'Mozilla/5.0 (iPhone; CPU iPhone OS 10_3_3 like Mac OS X) AppleWebKit/603.3.8 (KHTML, like Gecko) Mobile/14G60 MicroMessenger/6.7.1 NetType/WIFI Language/zh_CN',
)
[ info ] [ PARAM ] array (
)
[ info ] [ RUN ] app\index\controller\Index->storyfm[ /data/home/syu4378230001/htdocs/app/index/controller/Index.php ]
[ info ] [ DB ] INIT mysql
[ info ] [ LOG ] INIT File
[ sql ] [ DB ] CONNECT:[ UseTime:0.005179s ] mysql:dbname=sdm442994699_db;host=sdm442994699.my3w.com;charset=utf8
[ sql ] [ SQL ] SHOW COLUMNS FROM `story` [ RunTime:0.002759s ]
[ sql ] [ SQL ] SELECT * FROM `story` WHERE  `state` = 1  AND `pos` = 1 ORDER BY id DESC LIMIT 1 [ RunTime:0.002661s ]
[ sql ] [ SQL ] SHOW COLUMNS FROM `wxuser` [ RunTime:0.002561s ]
[ sql ] [ SQL ] SELECT * FROM `wxuser` WHERE  `user_phone` IN ('0') [ RunTime:0.002210s ]
---------------------------------------------------------------
[ 2018-12-02T20:01:45+08:00 ] 172.17.230.83 36.36.148.41 GET /activefm
[ info ] www.51mfgs.com/activefm [运行时间：0.310102s][吞吐率：3.22req/s] [内存消耗：724.09kb] [文件加载：45]
[ info ] [ LANG ] /data/home/syu4378230001/htdocs/thinkphp/lang/zh-cn.php
[ info ] [ BIND ] 'index/Index'
[ info ] [ ROUTE ] array (
  'type' => 'module',
  'module' => 
  array (
    0 => 'index',
    1 => 'Index',
    2 => 'activefm',
  ),
)
[ info ] [ HEADER ] array (
  'content-type' => 'application/json',
  'accept' => '*/*',
  'accept-encoding' => 'gzip, deflate',
  'accept-language' => 'zh-cn',
  'connection' => 'keep-alive',
  'host' => 'www.51mfgs.com',
  'referer' => 'https://servicewechat.com/wx503527dc340335fb/0/page-frame.html',
  'user-agent' => 'Mozilla/5.0 (iPhone; CPU iPhone OS 10_3_3 like Mac OS X) AppleWebKit/603.3.8 (KHTML, like Gecko) Mobile/14G60 MicroMessenger/6.7.1 NetType/WIFI Language/zh_CN',
)
[ info ] [ PARAM ] array (
)
[ info ] [ RUN ] app\index\controller\Index->activefm[ /data/home/syu4378230001/htdocs/app/index/controller/Index.php ]
[ info ] [ DB ] INIT mysql
[ info ] [ LOG ] INIT File
[ sql ] [ DB ] CONNECT:[ UseTime:0.008944s ] mysql:dbname=sdm442994699_db;host=sdm442994699.my3w.com;charset=utf8
[ sql ] [ SQL ] SHOW COLUMNS FROM `active` [ RunTime:0.004342s ]
[ sql ] [ SQL ] SELECT * FROM `active` WHERE  `state` = 1  AND `pos` = 1 ORDER BY id DESC LIMIT 1 [ RunTime:0.003575s ]
[ sql ] [ SQL ] SHOW COLUMNS FROM `wxuser` [ RunTime:0.004600s ]
[ sql ] [ SQL ] SELECT * FROM `wxuser` WHERE  `user_phone` IN ('0') [ RunTime:0.003518s ]
---------------------------------------------------------------
[ 2018-12-02T20:01:48+08:00 ] 172.17.230.83 36.36.148.41 GET /getuseraddr/userphone/
[ info ] www.51mfgs.com/getuseraddr/userphone/ [运行时间：0.060429s][吞吐率：16.55req/s] [内存消耗：548.60kb] [文件加载：39]
[ info ] [ LANG ] /data/home/syu4378230001/htdocs/thinkphp/lang/zh-cn.php
[ info ] [ BIND ] 'index/Index'
[ info ] [ ROUTE ] array (
  'type' => 'module',
  'module' => 
  array (
    0 => 'index',
    1 => 'Index',
    2 => 'getuseraddr',
  ),
)
[ info ] [ HEADER ] array (
  'content-type' => 'application/json',
  'accept' => '*/*',
  'accept-encoding' => 'gzip, deflate',
  'accept-language' => 'zh-cn',
  'connection' => 'keep-alive',
  'host' => 'www.51mfgs.com',
  'referer' => 'https://servicewechat.com/wx503527dc340335fb/0/page-frame.html',
  'user-agent' => 'Mozilla/5.0 (iPhone; CPU iPhone OS 10_3_3 like Mac OS X) AppleWebKit/603.3.8 (KHTML, like Gecko) Mobile/14G60 MicroMessenger/6.7.1 NetType/WIFI Language/zh_CN',
)
[ info ] [ PARAM ] array (
)
[ info ] [ RUN ] app\index\controller\Index->getuseraddr[ /data/home/syu4378230001/htdocs/app/index/controller/Index.php ]
[ info ] [ DB ] INIT mysql
[ info ] [ LOG ] INIT File
[ sql ] [ DB ] CONNECT:[ UseTime:0.005952s ] mysql:dbname=sdm442994699_db;host=sdm442994699.my3w.com;charset=utf8
[ sql ] [ SQL ] SHOW COLUMNS FROM `wxuser` [ RunTime:0.004005s ]
[ sql ] [ SQL ] SELECT * FROM `wxuser` WHERE  `user_phone` IS NULL LIMIT 1 [ RunTime:0.002786s ]
---------------------------------------------------------------
[ 2018-12-02T20:01:49+08:00 ] 172.17.230.83 36.36.148.41 GET /wxindex?code=033w8y541gjr3S16nc541lhk541w8y5Q&user_phone=0
[ info ] www.51mfgs.com/wxindex?code=033w8y541gjr3S16nc541lhk541w8y5Q&user_phone=0 [运行时间：0.304261s][吞吐率：3.29req/s] [内存消耗：573.00kb] [文件加载：42]
[ info ] [ LANG ] /data/home/syu4378230001/htdocs/thinkphp/lang/zh-cn.php
[ info ] [ BIND ] 'index/Index'
[ info ] [ ROUTE ] array (
  'type' => 'module',
  'module' => 
  array (
    0 => 'index',
    1 => 'Index',
    2 => 'wxindex',
  ),
)
[ info ] [ HEADER ] array (
  'content-type' => 'application/json',
  'accept' => '*/*',
  'accept-encoding' => 'gzip, deflate',
  'accept-language' => 'zh-cn',
  'connection' => 'keep-alive',
  'host' => 'www.51mfgs.com',
  'referer' => 'https://servicewechat.com/wx503527dc340335fb/0/page-frame.html',
  'user-agent' => 'Mozilla/5.0 (iPhone; CPU iPhone OS 10_3_3 like Mac OS X) AppleWebKit/603.3.8 (KHTML, like Gecko) Mobile/14G60 MicroMessenger/6.7.1 NetType/WIFI Language/zh_CN',
)
[ info ] [ PARAM ] array (
  'code' => '033w8y541gjr3S16nc541lhk541w8y5Q',
  'user_phone' => '0',
)
[ info ] [ RUN ] app\index\controller\Index->wxindex[ /data/home/syu4378230001/htdocs/app/index/controller/Index.php ]
[ info ] [ DB ] INIT mysql
[ info ] [ LOG ] INIT File
[ sql ] [ DB ] CONNECT:[ UseTime:0.004534s ] mysql:dbname=sdm442994699_db;host=sdm442994699.my3w.com;charset=utf8
[ sql ] [ SQL ] SHOW COLUMNS FROM `wxuser` [ RunTime:0.002902s ]
[ sql ] [ SQL ] SELECT * FROM `wxuser` WHERE  `openid` = 'oGlPr4upG_wTAgnBGaSyEEgMWjsI' LIMIT 1 [ RunTime:0.002681s ]
[ sql ] [ SQL ] SELECT * FROM `wxuser` WHERE  `openid` = 'oGlPr4upG_wTAgnBGaSyEEgMWjsI' LIMIT 1 [ RunTime:0.002095s ]
[ sql ] [ SQL ] UPDATE `wxuser`  SET `openid_time`='1543752109'  WHERE  `openid` = 'oGlPr4upG_wTAgnBGaSyEEgMWjsI' [ RunTime:0.006740s ]
---------------------------------------------------------------
[ 2018-12-02T21:06:44+08:00 ] 172.17.230.83 36.36.148.41 GET /
[ info ] www.51mfgs.com/ [运行时间：0.147268s][吞吐率：6.79req/s] [内存消耗：799.52kb] [文件加载：49]
[ info ] [ LANG ] /data/home/syu4378230001/htdocs/thinkphp/lang/zh-cn.php
[ info ] [ BIND ] 'index/Index'
[ info ] [ ROUTE ] array (
  'type' => 'module',
  'module' => 
  array (
    0 => 'index',
    1 => 'Index',
    2 => NULL,
  ),
)
[ info ] [ HEADER ] array (
  'accept' => 'text/html,application/xhtml+xml,application/xml;q=0.9,*/*;q=0.8',
  'accept-encoding' => 'gzip, deflate, br',
  'accept-language' => 'zh-CN,zh;q=0.8,zh-TW;q=0.7,zh-HK;q=0.5,en-US;q=0.3,en;q=0.2',
  'cache-control' => 'max-age=0',
  'connection' => 'keep-alive',
  'cookie' => 'PHPSESSID=9bkhobumj7mnqbq5kamkdifop4',
  'host' => 'www.51mfgs.com',
  'upgrade-insecure-requests' => '1',
  'user-agent' => 'Mozilla/5.0 (Windows NT 10.0; WOW64; rv:63.0) Gecko/20100101 Firefox/63.0',
)
[ info ] [ PARAM ] array (
)
[ info ] [ RUN ] app\index\controller\Index->index[ /data/home/syu4378230001/htdocs/app/index/controller/Index.php ]
[ info ] [ DB ] INIT mysql
[ info ] [ SESSION ] INIT array (
  'id' => '',
  'var_session_id' => '',
  'prefix' => '',
  'type' => '',
  'auto_start' => true,
  'httponly' => true,
  'secure' => false,
)
[ info ] [ CACHE ] INIT File
[ info ] [ VIEW ] ./app/index/view/index/index.html [ array (
  0 => 'indexhits',
  1 => 'userclass',
  2 => 'usersess',
  3 => 'res_newpro',
  4 => 'res_user',
  5 => 'time',
  6 => 'res_jj',
  7 => 'res_jd',
  8 => 'res_yw',
  9 => 'res_sp',
  10 => 'res_sj',
  11 => 'res_cw',
) ]
[ info ] [ LOG ] INIT File
[ sql ] [ DB ] CONNECT:[ UseTime:0.036983s ] mysql:dbname=sdm442994699_db;host=sdm442994699.my3w.com;charset=utf8
[ sql ] [ SQL ] SHOW COLUMNS FROM `pro2` [ RunTime:0.003708s ]
[ sql ] [ SQL ] SELECT * FROM `pro2` WHERE  `pro_type` = 'jj'  AND `state` = 1  AND `pos` = 1 ORDER BY pro_id DESC LIMIT 3 [ RunTime:0.003337s ]
[ sql ] [ SQL ] SELECT * FROM `pro2` WHERE  `pro_type` = 'jd'  AND `state` = 1  AND `pos` = 1 ORDER BY pro_id DESC LIMIT 3 [ RunTime:0.003182s ]
[ sql ] [ SQL ] SELECT * FROM `pro2` WHERE  `pro_type` = 'yw'  AND `state` = 1  AND `pos` = 1 ORDER BY pro_id DESC LIMIT 3 [ RunTime:0.003574s ]
[ sql ] [ SQL ] SELECT * FROM `pro2` WHERE  `pro_type` = 'sp'  AND `state` = 1  AND `pos` = 1 ORDER BY pro_id DESC LIMIT 3 [ RunTime:0.002998s ]
[ sql ] [ SQL ] SELECT * FROM `pro2` WHERE  `pro_type` = 'sj'  AND `state` = 1  AND `pos` = 1 ORDER BY pro_id DESC LIMIT 3 [ RunTime:0.003099s ]
[ sql ] [ SQL ] SELECT * FROM `pro2` WHERE  (  `pro_type` = 'cw'  AND `state` = 1  AND `pos` = 1 ) [ RunTime:0.003314s ]
[ sql ] [ SQL ] SHOW COLUMNS FROM `user` [ RunTime:0.003749s ]
[ sql ] [ SQL ] SELECT * FROM `user` WHERE  `state` = 1 ORDER BY id DESC LIMIT 3 [ RunTime:0.004223s ]
[ sql ] [ SQL ] SHOW COLUMNS FROM `pro` [ RunTime:0.003693s ]
[ sql ] [ SQL ] SELECT * FROM `pro` WHERE  `pro_id` > 0  AND `state` = 1 ORDER BY pro_id DESC LIMIT 3 [ RunTime:0.002939s ]
[ sql ] [ SQL ] SHOW COLUMNS FROM `pagehits` [ RunTime:0.003128s ]
[ sql ] [ SQL ] UPDATE `pagehits`  SET `hits`=hits+1  WHERE  `id` = 1 [ RunTime:0.002646s ]
[ sql ] [ SQL ] SELECT `hits` FROM `pagehits` WHERE  `id` = 1 LIMIT 1 [ RunTime:0.002730s ]
---------------------------------------------------------------
[ 2018-12-02T21:06:48+08:00 ] 172.17.230.83 36.36.148.41 GET /jj.html
[ info ] www.51mfgs.com/jj.html [运行时间：0.080025s][吞吐率：12.50req/s] [内存消耗：634.26kb] [文件加载：45]
[ info ] [ LANG ] /data/home/syu4378230001/htdocs/thinkphp/lang/zh-cn.php
[ info ] [ BIND ] 'index/Index'
[ info ] [ ROUTE ] array (
  'type' => 'module',
  'module' => 
  array (
    0 => 'index',
    1 => 'Index',
    2 => 'jj',
  ),
)
[ info ] [ HEADER ] array (
  'accept' => 'text/html,application/xhtml+xml,application/xml;q=0.9,*/*;q=0.8',
  'accept-encoding' => 'gzip, deflate, br',
  'accept-language' => 'zh-CN,zh;q=0.8,zh-TW;q=0.7,zh-HK;q=0.5,en-US;q=0.3,en;q=0.2',
  'connection' => 'keep-alive',
  'cookie' => 'PHPSESSID=9bkhobumj7mnqbq5kamkdifop4',
  'host' => 'www.51mfgs.com',
  'referer' => 'https://www.51mfgs.com/',
  'upgrade-insecure-requests' => '1',
  'user-agent' => 'Mozilla/5.0 (Windows NT 10.0; WOW64; rv:63.0) Gecko/20100101 Firefox/63.0',
)
[ info ] [ PARAM ] array (
)
[ info ] [ RUN ] app\index\controller\Index->jj[ /data/home/syu4378230001/htdocs/app/index/controller/Index.php ]
[ info ] [ DB ] INIT mysql
[ info ] [ VIEW ] ./app/index/view/index/jj.html [ array (
  0 => 'list',
  1 => 'total',
) ]
[ info ] [ LOG ] INIT File
[ sql ] [ DB ] CONNECT:[ UseTime:0.006272s ] mysql:dbname=sdm442994699_db;host=sdm442994699.my3w.com;charset=utf8
[ sql ] [ SQL ] SHOW COLUMNS FROM `pro2` [ RunTime:0.004246s ]
[ sql ] [ SQL ] SELECT COUNT(*) AS tp_count FROM `pro2` WHERE  `pro_type` = 'jj'  AND `state` = 1 LIMIT 1 [ RunTime:0.003676s ]
[ sql ] [ SQL ] SELECT * FROM `pro2` WHERE  `pro_type` = 'jj'  AND `state` = 1 ORDER BY pubtime DESC LIMIT 0,100 [ RunTime:0.004097s ]
[ sql ] [ SQL ] SELECT COUNT(*) AS tp_count FROM `pro2` WHERE  `pro_type` = 'jj'  AND `state` = 1 LIMIT 1 [ RunTime:0.003634s ]
---------------------------------------------------------------
[ 2018-12-02T21:06:48+08:00 ] 172.17.230.83 36.36.148.41 GET /favicon.ico
[ info ] www.51mfgs.com/favicon.ico [运行时间：0.037048s][吞吐率：26.99req/s] [内存消耗：390.09kb] [文件加载：36]
[ info ] [ LANG ] /data/home/syu4378230001/htdocs/thinkphp/lang/zh-cn.php
[ info ] [ BIND ] 'index/Index'
[ info ] [ ROUTE ] array (
  'type' => 'module',
  'module' => 
  array (
    0 => 'index',
    1 => 'Index',
    2 => 'favicon.ico',
  ),
)
[ info ] [ HEADER ] array (
  'accept' => 'text/html,application/xhtml+xml,application/xml;q=0.9,*/*;q=0.8',
  'accept-encoding' => 'gzip, deflate, br',
  'accept-language' => 'zh-CN,zh;q=0.8,zh-TW;q=0.7,zh-HK;q=0.5,en-US;q=0.3,en;q=0.2',
  'connection' => 'keep-alive',
  'cookie' => 'PHPSESSID=9bkhobumj7mnqbq5kamkdifop4',
  'host' => 'www.51mfgs.com',
  'user-agent' => 'Mozilla/5.0 (Windows NT 10.0; WOW64; rv:63.0) Gecko/20100101 Firefox/63.0',
)
[ info ] [ PARAM ] array (
)
[ info ] [ RUN ] app\index\controller\Index->_empty[ /data/home/syu4378230001/htdocs/app/index/controller/Index.php ]
[ info ] [ VIEW ] /data/home/syu4378230001/htdocs/thinkphp/tpl/dispatch_jump.tpl [ array (
  0 => 'code',
  1 => 'msg',
  2 => 'data',
  3 => 'url',
  4 => 'wait',
) ]
[ info ] [ LOG ] INIT File
---------------------------------------------------------------
[ 2018-12-02T21:06:54+08:00 ] 172.17.230.83 36.36.148.41 GET /jd.html
[ info ] www.51mfgs.com/jd.html [运行时间：0.071403s][吞吐率：14.01req/s] [内存消耗：630.32kb] [文件加载：45]
[ info ] [ LANG ] /data/home/syu4378230001/htdocs/thinkphp/lang/zh-cn.php
[ info ] [ BIND ] 'index/Index'
[ info ] [ ROUTE ] array (
  'type' => 'module',
  'module' => 
  array (
    0 => 'index',
    1 => 'Index',
    2 => 'jd',
  ),
)
[ info ] [ HEADER ] array (
  'accept' => 'text/html,application/xhtml+xml,application/xml;q=0.9,*/*;q=0.8',
  'accept-encoding' => 'gzip, deflate, br',
  'accept-language' => 'zh-CN,zh;q=0.8,zh-TW;q=0.7,zh-HK;q=0.5,en-US;q=0.3,en;q=0.2',
  'connection' => 'keep-alive',
  'cookie' => 'PHPSESSID=9bkhobumj7mnqbq5kamkdifop4',
  'host' => 'www.51mfgs.com',
  'referer' => 'https://www.51mfgs.com/jj.html',
  'upgrade-insecure-requests' => '1',
  'user-agent' => 'Mozilla/5.0 (Windows NT 10.0; WOW64; rv:63.0) Gecko/20100101 Firefox/63.0',
)
[ info ] [ PARAM ] array (
)
[ info ] [ RUN ] app\index\controller\Index->jd[ /data/home/syu4378230001/htdocs/app/index/controller/Index.php ]
[ info ] [ DB ] INIT mysql
[ info ] [ VIEW ] ./app/index/view/index/jd.html [ array (
  0 => 'list',
  1 => 'total',
) ]
[ info ] [ LOG ] INIT File
[ sql ] [ DB ] CONNECT:[ UseTime:0.004614s ] mysql:dbname=sdm442994699_db;host=sdm442994699.my3w.com;charset=utf8
[ sql ] [ SQL ] SHOW COLUMNS FROM `pro2` [ RunTime:0.003044s ]
[ sql ] [ SQL ] SELECT COUNT(*) AS tp_count FROM `pro2` WHERE  `pro_type` = 'jd'  AND `state` = 1 LIMIT 1 [ RunTime:0.002738s ]
[ sql ] [ SQL ] SELECT * FROM `pro2` WHERE  `pro_type` = 'jd'  AND `state` = 1 ORDER BY pubtime DESC LIMIT 0,100 [ RunTime:0.003393s ]
[ sql ] [ SQL ] SELECT COUNT(*) AS tp_count FROM `pro2` WHERE  `pro_type` = 'jd'  AND `state` = 1 LIMIT 1 [ RunTime:0.002823s ]
---------------------------------------------------------------
[ 2018-12-02T21:06:55+08:00 ] 172.17.230.83 36.36.148.41 GET /favicon.ico
[ info ] www.51mfgs.com/favicon.ico [运行时间：0.037619s][吞吐率：26.58req/s] [内存消耗：390.09kb] [文件加载：36]
[ info ] [ LANG ] /data/home/syu4378230001/htdocs/thinkphp/lang/zh-cn.php
[ info ] [ BIND ] 'index/Index'
[ info ] [ ROUTE ] array (
  'type' => 'module',
  'module' => 
  array (
    0 => 'index',
    1 => 'Index',
    2 => 'favicon.ico',
  ),
)
[ info ] [ HEADER ] array (
  'accept' => 'text/html,application/xhtml+xml,application/xml;q=0.9,*/*;q=0.8',
  'accept-encoding' => 'gzip, deflate, br',
  'accept-language' => 'zh-CN,zh;q=0.8,zh-TW;q=0.7,zh-HK;q=0.5,en-US;q=0.3,en;q=0.2',
  'connection' => 'keep-alive',
  'cookie' => 'PHPSESSID=9bkhobumj7mnqbq5kamkdifop4',
  'host' => 'www.51mfgs.com',
  'user-agent' => 'Mozilla/5.0 (Windows NT 10.0; WOW64; rv:63.0) Gecko/20100101 Firefox/63.0',
)
[ info ] [ PARAM ] array (
)
[ info ] [ RUN ] app\index\controller\Index->_empty[ /data/home/syu4378230001/htdocs/app/index/controller/Index.php ]
[ info ] [ VIEW ] /data/home/syu4378230001/htdocs/thinkphp/tpl/dispatch_jump.tpl [ array (
  0 => 'code',
  1 => 'msg',
  2 => 'data',
  3 => 'url',
  4 => 'wait',
) ]
[ info ] [ LOG ] INIT File
---------------------------------------------------------------
[ 2018-12-02T21:06:58+08:00 ] 172.17.230.83 36.36.148.41 GET /sp.html
[ info ] www.51mfgs.com/sp.html [运行时间：0.069849s][吞吐率：14.32req/s] [内存消耗：701.38kb] [文件加载：45]
[ info ] [ LANG ] /data/home/syu4378230001/htdocs/thinkphp/lang/zh-cn.php
[ info ] [ BIND ] 'index/Index'
[ info ] [ ROUTE ] array (
  'type' => 'module',
  'module' => 
  array (
    0 => 'index',
    1 => 'Index',
    2 => 'sp',
  ),
)
[ info ] [ HEADER ] array (
  'accept' => 'text/html,application/xhtml+xml,application/xml;q=0.9,*/*;q=0.8',
  'accept-encoding' => 'gzip, deflate, br',
  'accept-language' => 'zh-CN,zh;q=0.8,zh-TW;q=0.7,zh-HK;q=0.5,en-US;q=0.3,en;q=0.2',
  'connection' => 'keep-alive',
  'cookie' => 'PHPSESSID=9bkhobumj7mnqbq5kamkdifop4',
  'host' => 'www.51mfgs.com',
  'referer' => 'https://www.51mfgs.com/jd.html',
  'upgrade-insecure-requests' => '1',
  'user-agent' => 'Mozilla/5.0 (Windows NT 10.0; WOW64; rv:63.0) Gecko/20100101 Firefox/63.0',
)
[ info ] [ PARAM ] array (
)
[ info ] [ RUN ] app\index\controller\Index->sp[ /data/home/syu4378230001/htdocs/app/index/controller/Index.php ]
[ info ] [ DB ] INIT mysql
[ info ] [ VIEW ] ./app/index/view/index/sp.html [ array (
  0 => 'list',
  1 => 'total',
) ]
[ info ] [ LOG ] INIT File
[ sql ] [ DB ] CONNECT:[ UseTime:0.004626s ] mysql:dbname=sdm442994699_db;host=sdm442994699.my3w.com;charset=utf8
[ sql ] [ SQL ] SHOW COLUMNS FROM `pro2` [ RunTime:0.003162s ]
[ sql ] [ SQL ] SELECT COUNT(*) AS tp_count FROM `pro2` WHERE  `pro_type` = 'sp'  AND `state` = 1 LIMIT 1 [ RunTime:0.002347s ]
[ sql ] [ SQL ] SELECT * FROM `pro2` WHERE  `pro_type` = 'sp'  AND `state` = 1 ORDER BY pubtime DESC LIMIT 0,100 [ RunTime:0.002784s ]
[ sql ] [ SQL ] SELECT COUNT(*) AS tp_count FROM `pro2` WHERE  `pro_type` = 'sp'  AND `state` = 1 LIMIT 1 [ RunTime:0.002086s ]
---------------------------------------------------------------
[ 2018-12-02T21:07:00+08:00 ] 172.17.230.83 36.36.148.41 GET /favicon.ico
[ info ] www.51mfgs.com/favicon.ico [运行时间：0.038248s][吞吐率：26.15req/s] [内存消耗：390.09kb] [文件加载：36]
[ info ] [ LANG ] /data/home/syu4378230001/htdocs/thinkphp/lang/zh-cn.php
[ info ] [ BIND ] 'index/Index'
[ info ] [ ROUTE ] array (
  'type' => 'module',
  'module' => 
  array (
    0 => 'index',
    1 => 'Index',
    2 => 'favicon.ico',
  ),
)
[ info ] [ HEADER ] array (
  'accept' => 'text/html,application/xhtml+xml,application/xml;q=0.9,*/*;q=0.8',
  'accept-encoding' => 'gzip, deflate, br',
  'accept-language' => 'zh-CN,zh;q=0.8,zh-TW;q=0.7,zh-HK;q=0.5,en-US;q=0.3,en;q=0.2',
  'connection' => 'keep-alive',
  'cookie' => 'PHPSESSID=9bkhobumj7mnqbq5kamkdifop4',
  'host' => 'www.51mfgs.com',
  'user-agent' => 'Mozilla/5.0 (Windows NT 10.0; WOW64; rv:63.0) Gecko/20100101 Firefox/63.0',
)
[ info ] [ PARAM ] array (
)
[ info ] [ RUN ] app\index\controller\Index->_empty[ /data/home/syu4378230001/htdocs/app/index/controller/Index.php ]
[ info ] [ VIEW ] /data/home/syu4378230001/htdocs/thinkphp/tpl/dispatch_jump.tpl [ array (
  0 => 'code',
  1 => 'msg',
  2 => 'data',
  3 => 'url',
  4 => 'wait',
) ]
[ info ] [ LOG ] INIT File
---------------------------------------------------------------
[ 2018-12-02T21:07:09+08:00 ] 172.17.230.83 36.36.148.41 GET /sj.html
[ info ] www.51mfgs.com/sj.html [运行时间：0.075221s][吞吐率：13.29req/s] [内存消耗：651.02kb] [文件加载：45]
[ info ] [ LANG ] /data/home/syu4378230001/htdocs/thinkphp/lang/zh-cn.php
[ info ] [ BIND ] 'index/Index'
[ info ] [ ROUTE ] array (
  'type' => 'module',
  'module' => 
  array (
    0 => 'index',
    1 => 'Index',
    2 => 'sj',
  ),
)
[ info ] [ HEADER ] array (
  'accept' => 'text/html,application/xhtml+xml,application/xml;q=0.9,*/*;q=0.8',
  'accept-encoding' => 'gzip, deflate, br',
  'accept-language' => 'zh-CN,zh;q=0.8,zh-TW;q=0.7,zh-HK;q=0.5,en-US;q=0.3,en;q=0.2',
  'connection' => 'keep-alive',
  'cookie' => 'PHPSESSID=9bkhobumj7mnqbq5kamkdifop4',
  'host' => 'www.51mfgs.com',
  'referer' => 'https://www.51mfgs.com/sp.html',
  'upgrade-insecure-requests' => '1',
  'user-agent' => 'Mozilla/5.0 (Windows NT 10.0; WOW64; rv:63.0) Gecko/20100101 Firefox/63.0',
)
[ info ] [ PARAM ] array (
)
[ info ] [ RUN ] app\index\controller\Index->sj[ /data/home/syu4378230001/htdocs/app/index/controller/Index.php ]
[ info ] [ DB ] INIT mysql
[ info ] [ VIEW ] ./app/index/view/index/sj.html [ array (
  0 => 'list',
  1 => 'total',
) ]
[ info ] [ LOG ] INIT File
[ sql ] [ DB ] CONNECT:[ UseTime:0.005739s ] mysql:dbname=sdm442994699_db;host=sdm442994699.my3w.com;charset=utf8
[ sql ] [ SQL ] SHOW COLUMNS FROM `pro2` [ RunTime:0.003622s ]
[ sql ] [ SQL ] SELECT COUNT(*) AS tp_count FROM `pro2` WHERE  `pro_type` = 'sj'  AND `state` = 1 LIMIT 1 [ RunTime:0.003017s ]
[ sql ] [ SQL ] SELECT * FROM `pro2` WHERE  `pro_type` = 'sj'  AND `state` = 1 ORDER BY pubtime DESC LIMIT 0,100 [ RunTime:0.003191s ]
[ sql ] [ SQL ] SELECT COUNT(*) AS tp_count FROM `pro2` WHERE  `pro_type` = 'sj'  AND `state` = 1 LIMIT 1 [ RunTime:0.002982s ]
---------------------------------------------------------------
[ 2018-12-02T21:07:10+08:00 ] 172.17.230.83 36.36.148.41 GET /favicon.ico
[ info ] www.51mfgs.com/favicon.ico [运行时间：0.037075s][吞吐率：26.97req/s] [内存消耗：390.09kb] [文件加载：36]
[ info ] [ LANG ] /data/home/syu4378230001/htdocs/thinkphp/lang/zh-cn.php
[ info ] [ BIND ] 'index/Index'
[ info ] [ ROUTE ] array (
  'type' => 'module',
  'module' => 
  array (
    0 => 'index',
    1 => 'Index',
    2 => 'favicon.ico',
  ),
)
[ info ] [ HEADER ] array (
  'accept' => 'text/html,application/xhtml+xml,application/xml;q=0.9,*/*;q=0.8',
  'accept-encoding' => 'gzip, deflate, br',
  'accept-language' => 'zh-CN,zh;q=0.8,zh-TW;q=0.7,zh-HK;q=0.5,en-US;q=0.3,en;q=0.2',
  'connection' => 'keep-alive',
  'cookie' => 'PHPSESSID=9bkhobumj7mnqbq5kamkdifop4',
  'host' => 'www.51mfgs.com',
  'user-agent' => 'Mozilla/5.0 (Windows NT 10.0; WOW64; rv:63.0) Gecko/20100101 Firefox/63.0',
)
[ info ] [ PARAM ] array (
)
[ info ] [ RUN ] app\index\controller\Index->_empty[ /data/home/syu4378230001/htdocs/app/index/controller/Index.php ]
[ info ] [ VIEW ] /data/home/syu4378230001/htdocs/thinkphp/tpl/dispatch_jump.tpl [ array (
  0 => 'code',
  1 => 'msg',
  2 => 'data',
  3 => 'url',
  4 => 'wait',
) ]
[ info ] [ LOG ] INIT File
---------------------------------------------------------------
[ 2018-12-02T21:07:16+08:00 ] 172.17.230.83 36.36.148.41 GET /cw.html
[ info ] www.51mfgs.com/cw.html [运行时间：0.076383s][吞吐率：13.09req/s] [内存消耗：632.09kb] [文件加载：45]
[ info ] [ LANG ] /data/home/syu4378230001/htdocs/thinkphp/lang/zh-cn.php
[ info ] [ BIND ] 'index/Index'
[ info ] [ ROUTE ] array (
  'type' => 'module',
  'module' => 
  array (
    0 => 'index',
    1 => 'Index',
    2 => 'cw',
  ),
)
[ info ] [ HEADER ] array (
  'accept' => 'text/html,application/xhtml+xml,application/xml;q=0.9,*/*;q=0.8',
  'accept-encoding' => 'gzip, deflate, br',
  'accept-language' => 'zh-CN,zh;q=0.8,zh-TW;q=0.7,zh-HK;q=0.5,en-US;q=0.3,en;q=0.2',
  'connection' => 'keep-alive',
  'cookie' => 'PHPSESSID=9bkhobumj7mnqbq5kamkdifop4',
  'host' => 'www.51mfgs.com',
  'referer' => 'https://www.51mfgs.com/sj.html',
  'upgrade-insecure-requests' => '1',
  'user-agent' => 'Mozilla/5.0 (Windows NT 10.0; WOW64; rv:63.0) Gecko/20100101 Firefox/63.0',
)
[ info ] [ PARAM ] array (
)
[ info ] [ RUN ] app\index\controller\Index->cw[ /data/home/syu4378230001/htdocs/app/index/controller/Index.php ]
[ info ] [ DB ] INIT mysql
[ info ] [ VIEW ] ./app/index/view/index/cw.html [ array (
  0 => 'list',
  1 => 'total',
) ]
[ info ] [ LOG ] INIT File
[ sql ] [ DB ] CONNECT:[ UseTime:0.006950s ] mysql:dbname=sdm442994699_db;host=sdm442994699.my3w.com;charset=utf8
[ sql ] [ SQL ] SHOW COLUMNS FROM `pro2` [ RunTime:0.004516s ]
[ sql ] [ SQL ] SELECT COUNT(*) AS tp_count FROM `pro2` WHERE  `pro_type` = 'cw'  AND `state` = 1 LIMIT 1 [ RunTime:0.003659s ]
[ sql ] [ SQL ] SELECT * FROM `pro2` WHERE  `pro_type` = 'cw'  AND `state` = 1 ORDER BY pubtime DESC LIMIT 0,100 [ RunTime:0.003869s ]
[ sql ] [ SQL ] SELECT COUNT(*) AS tp_count FROM `pro2` WHERE  `pro_type` = 'cw'  AND `state` = 1 LIMIT 1 [ RunTime:0.003579s ]
---------------------------------------------------------------
[ 2018-12-02T21:07:17+08:00 ] 172.17.230.83 36.36.148.41 GET /favicon.ico
[ info ] www.51mfgs.com/favicon.ico [运行时间：0.036671s][吞吐率：27.27req/s] [内存消耗：390.09kb] [文件加载：36]
[ info ] [ LANG ] /data/home/syu4378230001/htdocs/thinkphp/lang/zh-cn.php
[ info ] [ BIND ] 'index/Index'
[ info ] [ ROUTE ] array (
  'type' => 'module',
  'module' => 
  array (
    0 => 'index',
    1 => 'Index',
    2 => 'favicon.ico',
  ),
)
[ info ] [ HEADER ] array (
  'accept' => 'text/html,application/xhtml+xml,application/xml;q=0.9,*/*;q=0.8',
  'accept-encoding' => 'gzip, deflate, br',
  'accept-language' => 'zh-CN,zh;q=0.8,zh-TW;q=0.7,zh-HK;q=0.5,en-US;q=0.3,en;q=0.2',
  'connection' => 'keep-alive',
  'cookie' => 'PHPSESSID=9bkhobumj7mnqbq5kamkdifop4',
  'host' => 'www.51mfgs.com',
  'user-agent' => 'Mozilla/5.0 (Windows NT 10.0; WOW64; rv:63.0) Gecko/20100101 Firefox/63.0',
)
[ info ] [ PARAM ] array (
)
[ info ] [ RUN ] app\index\controller\Index->_empty[ /data/home/syu4378230001/htdocs/app/index/controller/Index.php ]
[ info ] [ VIEW ] /data/home/syu4378230001/htdocs/thinkphp/tpl/dispatch_jump.tpl [ array (
  0 => 'code',
  1 => 'msg',
  2 => 'data',
  3 => 'url',
  4 => 'wait',
) ]
[ info ] [ LOG ] INIT File
---------------------------------------------------------------
[ 2018-12-02T21:35:43+08:00 ] 172.17.230.83 36.36.148.41 GET /reportfm
[ info ] www.51mfgs.com/reportfm [运行时间：0.295649s][吞吐率：3.38req/s] [内存消耗：554.12kb] [文件加载：39]
[ info ] [ LANG ] /data/home/syu4378230001/htdocs/thinkphp/lang/zh-cn.php
[ info ] [ BIND ] 'index/Index'
[ info ] [ ROUTE ] array (
  'type' => 'module',
  'module' => 
  array (
    0 => 'index',
    1 => 'Index',
    2 => 'reportfm',
  ),
)
[ info ] [ HEADER ] array (
  'content-type' => 'application/json',
  'accept' => '*/*',
  'accept-encoding' => 'gzip, deflate, br',
  'cache-control' => 'no-cache',
  'connection' => 'keep-alive',
  'host' => 'www.51mfgs.com',
  'pragma' => 'no-cache',
  'referer' => 'https://servicewechat.com/wx503527dc340335fb/devtools/page-frame.html',
  'user-agent' => 'Mozilla/5.0 (iPhone; CPU iPhone OS 9_1 like Mac OS X) AppleWebKit/601.1.46 (KHTML, like Gecko) Version/9.0 Mobile/13B143 Safari/601.1 wechatdevtools/1.02.1810250 MicroMessenger/6.5.7 Language/zh_CN webview/ token/6ef9238aea6c89a628479c080e71dd7c',
)
[ info ] [ PARAM ] array (
)
[ info ] [ RUN ] app\index\controller\Index->reportfm[ /data/home/syu4378230001/htdocs/app/index/controller/Index.php ]
[ info ] [ DB ] INIT mysql
[ info ] [ LOG ] INIT File
[ sql ] [ DB ] CONNECT:[ UseTime:0.015691s ] mysql:dbname=sdm442994699_db;host=sdm442994699.my3w.com;charset=utf8
[ sql ] [ SQL ] SHOW COLUMNS FROM `reportage` [ RunTime:0.003610s ]
[ sql ] [ SQL ] SELECT * FROM `reportage` WHERE  `state` = 1  AND `pos` = 1 ORDER BY id DESC LIMIT 1 [ RunTime:0.003771s ]
---------------------------------------------------------------
[ 2018-12-02T21:35:43+08:00 ] 172.17.230.83 36.36.148.41 GET /showuser
[ info ] www.51mfgs.com/showuser [运行时间：0.306332s][吞吐率：3.26req/s] [内存消耗：564.82kb] [文件加载：39]
[ info ] [ LANG ] /data/home/syu4378230001/htdocs/thinkphp/lang/zh-cn.php
[ info ] [ BIND ] 'index/Index'
[ info ] [ ROUTE ] array (
  'type' => 'module',
  'module' => 
  array (
    0 => 'index',
    1 => 'Index',
    2 => 'showuser',
  ),
)
[ info ] [ HEADER ] array (
  'content-type' => 'application/json',
  'accept' => '*/*',
  'accept-encoding' => 'gzip, deflate, br',
  'cache-control' => 'no-cache',
  'connection' => 'keep-alive',
  'host' => 'www.51mfgs.com',
  'pragma' => 'no-cache',
  'referer' => 'https://servicewechat.com/wx503527dc340335fb/devtools/page-frame.html',
  'user-agent' => 'Mozilla/5.0 (iPhone; CPU iPhone OS 9_1 like Mac OS X) AppleWebKit/601.1.46 (KHTML, like Gecko) Version/9.0 Mobile/13B143 Safari/601.1 wechatdevtools/1.02.1810250 MicroMessenger/6.5.7 Language/zh_CN webview/ token/6ef9238aea6c89a628479c080e71dd7c',
)
[ info ] [ PARAM ] array (
)
[ info ] [ RUN ] app\index\controller\Index->showuser[ /data/home/syu4378230001/htdocs/app/index/controller/Index.php ]
[ info ] [ DB ] INIT mysql
[ info ] [ LOG ] INIT File
[ sql ] [ DB ] CONNECT:[ UseTime:0.014283s ] mysql:dbname=sdm442994699_db;host=sdm442994699.my3w.com;charset=utf8
[ sql ] [ SQL ] SHOW COLUMNS FROM `wxuser` [ RunTime:0.005099s ]
[ sql ] [ SQL ] SELECT * FROM `wxuser` ORDER BY id DESC LIMIT 10 [ RunTime:0.003838s ]
---------------------------------------------------------------
[ 2018-12-02T21:35:43+08:00 ] 172.17.230.83 36.36.148.41 GET /noticefm
[ info ] www.51mfgs.com/noticefm [运行时间：0.306277s][吞吐率：3.27req/s] [内存消耗：554.23kb] [文件加载：39]
[ info ] [ LANG ] /data/home/syu4378230001/htdocs/thinkphp/lang/zh-cn.php
[ info ] [ BIND ] 'index/Index'
[ info ] [ ROUTE ] array (
  'type' => 'module',
  'module' => 
  array (
    0 => 'index',
    1 => 'Index',
    2 => 'noticefm',
  ),
)
[ info ] [ HEADER ] array (
  'content-type' => 'application/json',
  'accept' => '*/*',
  'accept-encoding' => 'gzip, deflate, br',
  'cache-control' => 'no-cache',
  'connection' => 'keep-alive',
  'host' => 'www.51mfgs.com',
  'pragma' => 'no-cache',
  'referer' => 'https://servicewechat.com/wx503527dc340335fb/devtools/page-frame.html',
  'user-agent' => 'Mozilla/5.0 (iPhone; CPU iPhone OS 9_1 like Mac OS X) AppleWebKit/601.1.46 (KHTML, like Gecko) Version/9.0 Mobile/13B143 Safari/601.1 wechatdevtools/1.02.1810250 MicroMessenger/6.5.7 Language/zh_CN webview/ token/6ef9238aea6c89a628479c080e71dd7c',
)
[ info ] [ PARAM ] array (
)
[ info ] [ RUN ] app\index\controller\Index->noticefm[ /data/home/syu4378230001/htdocs/app/index/controller/Index.php ]
[ info ] [ DB ] INIT mysql
[ info ] [ LOG ] INIT File
[ sql ] [ DB ] CONNECT:[ UseTime:0.017726s ] mysql:dbname=sdm442994699_db;host=sdm442994699.my3w.com;charset=utf8
[ sql ] [ SQL ] SHOW COLUMNS FROM `notice` [ RunTime:0.003867s ]
[ sql ] [ SQL ] SELECT * FROM `notice` WHERE  `state` = 1  AND `pos` = 1 ORDER BY id DESC LIMIT 1 [ RunTime:0.002720s ]
---------------------------------------------------------------
[ 2018-12-02T21:35:43+08:00 ] 172.17.230.83 36.36.148.41 GET /storyfm
[ info ] www.51mfgs.com/storyfm [运行时间：0.364153s][吞吐率：2.75req/s] [内存消耗：731.16kb] [文件加载：45]
[ info ] [ LANG ] /data/home/syu4378230001/htdocs/thinkphp/lang/zh-cn.php
[ info ] [ BIND ] 'index/Index'
[ info ] [ ROUTE ] array (
  'type' => 'module',
  'module' => 
  array (
    0 => 'index',
    1 => 'Index',
    2 => 'storyfm',
  ),
)
[ info ] [ HEADER ] array (
  'content-type' => 'application/json',
  'accept' => '*/*',
  'accept-encoding' => 'gzip, deflate, br',
  'cache-control' => 'no-cache',
  'connection' => 'keep-alive',
  'host' => 'www.51mfgs.com',
  'pragma' => 'no-cache',
  'referer' => 'https://servicewechat.com/wx503527dc340335fb/devtools/page-frame.html',
  'user-agent' => 'Mozilla/5.0 (iPhone; CPU iPhone OS 9_1 like Mac OS X) AppleWebKit/601.1.46 (KHTML, like Gecko) Version/9.0 Mobile/13B143 Safari/601.1 wechatdevtools/1.02.1810250 MicroMessenger/6.5.7 Language/zh_CN webview/ token/6ef9238aea6c89a628479c080e71dd7c',
)
[ info ] [ PARAM ] array (
)
[ info ] [ RUN ] app\index\controller\Index->storyfm[ /data/home/syu4378230001/htdocs/app/index/controller/Index.php ]
[ info ] [ DB ] INIT mysql
[ info ] [ LOG ] INIT File
[ sql ] [ DB ] CONNECT:[ UseTime:0.010032s ] mysql:dbname=sdm442994699_db;host=sdm442994699.my3w.com;charset=utf8
[ sql ] [ SQL ] SHOW COLUMNS FROM `story` [ RunTime:0.004380s ]
[ sql ] [ SQL ] SELECT * FROM `story` WHERE  `state` = 1  AND `pos` = 1 ORDER BY id DESC LIMIT 1 [ RunTime:0.003548s ]
[ sql ] [ SQL ] SHOW COLUMNS FROM `wxuser` [ RunTime:0.004228s ]
[ sql ] [ SQL ] SELECT * FROM `wxuser` WHERE  `user_phone` IN ('0') [ RunTime:0.003722s ]
---------------------------------------------------------------
[ 2018-12-02T21:35:43+08:00 ] 172.17.230.83 36.36.148.41 GET /activefm
[ info ] www.51mfgs.com/activefm [运行时间：0.370337s][吞吐率：2.70req/s] [内存消耗：730.49kb] [文件加载：45]
[ info ] [ LANG ] /data/home/syu4378230001/htdocs/thinkphp/lang/zh-cn.php
[ info ] [ BIND ] 'index/Index'
[ info ] [ ROUTE ] array (
  'type' => 'module',
  'module' => 
  array (
    0 => 'index',
    1 => 'Index',
    2 => 'activefm',
  ),
)
[ info ] [ HEADER ] array (
  'content-type' => 'application/json',
  'accept' => '*/*',
  'accept-encoding' => 'gzip, deflate, br',
  'cache-control' => 'no-cache',
  'connection' => 'keep-alive',
  'host' => 'www.51mfgs.com',
  'pragma' => 'no-cache',
  'referer' => 'https://servicewechat.com/wx503527dc340335fb/devtools/page-frame.html',
  'user-agent' => 'Mozilla/5.0 (iPhone; CPU iPhone OS 9_1 like Mac OS X) AppleWebKit/601.1.46 (KHTML, like Gecko) Version/9.0 Mobile/13B143 Safari/601.1 wechatdevtools/1.02.1810250 MicroMessenger/6.5.7 Language/zh_CN webview/ token/6ef9238aea6c89a628479c080e71dd7c',
)
[ info ] [ PARAM ] array (
)
[ info ] [ RUN ] app\index\controller\Index->activefm[ /data/home/syu4378230001/htdocs/app/index/controller/Index.php ]
[ info ] [ DB ] INIT mysql
[ info ] [ LOG ] INIT File
[ sql ] [ DB ] CONNECT:[ UseTime:0.026653s ] mysql:dbname=sdm442994699_db;host=sdm442994699.my3w.com;charset=utf8
[ sql ] [ SQL ] SHOW COLUMNS FROM `active` [ RunTime:0.004121s ]
[ sql ] [ SQL ] SELECT * FROM `active` WHERE  `state` = 1  AND `pos` = 1 ORDER BY id DESC LIMIT 1 [ RunTime:0.004065s ]
[ sql ] [ SQL ] SHOW COLUMNS FROM `wxuser` [ RunTime:0.004802s ]
[ sql ] [ SQL ] SELECT * FROM `wxuser` WHERE  `user_phone` IN ('0') [ RunTime:0.005481s ]
---------------------------------------------------------------
[ 2018-12-02T21:35:43+08:00 ] 172.17.230.83 36.36.148.41 GET /allpro3/page/1
[ info ] www.51mfgs.com/allpro3/page/1 [运行时间：0.378153s][吞吐率：2.64req/s] [内存消耗：835.69kb] [文件加载：47]
[ info ] [ LANG ] /data/home/syu4378230001/htdocs/thinkphp/lang/zh-cn.php
[ info ] [ BIND ] 'index/Index'
[ info ] [ ROUTE ] array (
  'type' => 'module',
  'module' => 
  array (
    0 => 'index',
    1 => 'Index',
    2 => 'allpro3',
  ),
)
[ info ] [ HEADER ] array (
  'content-type' => 'application/json',
  'accept' => '*/*',
  'accept-encoding' => 'gzip, deflate, br',
  'cache-control' => 'no-cache',
  'connection' => 'keep-alive',
  'host' => 'www.51mfgs.com',
  'pragma' => 'no-cache',
  'referer' => 'https://servicewechat.com/wx503527dc340335fb/devtools/page-frame.html',
  'user-agent' => 'Mozilla/5.0 (iPhone; CPU iPhone OS 9_1 like Mac OS X) AppleWebKit/601.1.46 (KHTML, like Gecko) Version/9.0 Mobile/13B143 Safari/601.1 wechatdevtools/1.02.1810250 MicroMessenger/6.5.7 Language/zh_CN webview/ token/6ef9238aea6c89a628479c080e71dd7c',
)
[ info ] [ PARAM ] array (
  'page' => '1',
)
[ info ] [ RUN ] app\index\controller\Index->allpro3[ /data/home/syu4378230001/htdocs/app/index/controller/Index.php ]
[ info ] [ DB ] INIT mysql
[ info ] [ LOG ] INIT File
[ sql ] [ DB ] CONNECT:[ UseTime:0.009624s ] mysql:dbname=sdm442994699_db;host=sdm442994699.my3w.com;charset=utf8
[ sql ] [ SQL ] SHOW COLUMNS FROM `pro2` [ RunTime:0.004268s ]
[ sql ] [ SQL ] SELECT COUNT(*) AS tp_count FROM `pro2` WHERE  `state` = 1 LIMIT 1 [ RunTime:0.003977s ]
[ sql ] [ SQL ] SELECT * FROM `pro2` WHERE  `state` = 1 ORDER BY pro_id DESC LIMIT 0,10 [ RunTime:0.004034s ]
[ sql ] [ SQL ] SHOW COLUMNS FROM `wxuser` [ RunTime:0.010230s ]
[ sql ] [ SQL ] SELECT * FROM `wxuser` WHERE  `user_phone` IN ('13088829771','13631573892','13688811959','13088829771','15807558382','13088829771','13631573892','13631573892','13088829771','13088829771') [ RunTime:0.003150s ]
[ sql ] [ SQL ] SHOW COLUMNS FROM `order` [ RunTime:0.003536s ]
[ sql ] [ SQL ] SELECT * FROM `order` WHERE  `pro_id` IN (200,199,198,197,191,188,186,185,183,182) [ RunTime:0.003179s ]
---------------------------------------------------------------
[ 2018-12-02T21:44:12+08:00 ] 172.17.230.83 157.55.39.11 GET /robots.txt
[ info ] 51mfgs.com/robots.txt [运行时间：0.036468s][吞吐率：27.42req/s] [内存消耗：389.23kb] [文件加载：36]
[ info ] [ LANG ] /data/home/syu4378230001/htdocs/thinkphp/lang/zh-cn.php
[ info ] [ BIND ] 'index/Index'
[ info ] [ ROUTE ] array (
  'type' => 'module',
  'module' => 
  array (
    0 => 'index',
    1 => 'Index',
    2 => 'robots.txt',
  ),
)
[ info ] [ HEADER ] array (
  'accept' => '*/*',
  'accept-encoding' => 'gzip, deflate',
  'cache-control' => 'no-cache',
  'connection' => 'Keep-Alive',
  'host' => '51mfgs.com',
  'pragma' => 'no-cache',
  'user-agent' => 'Mozilla/5.0 (compatible; bingbot/2.0; +http://www.bing.com/bingbot.htm)',
)
[ info ] [ PARAM ] array (
)
[ info ] [ RUN ] app\index\controller\Index->_empty[ /data/home/syu4378230001/htdocs/app/index/controller/Index.php ]
[ info ] [ VIEW ] /data/home/syu4378230001/htdocs/thinkphp/tpl/dispatch_jump.tpl [ array (
  0 => 'code',
  1 => 'msg',
  2 => 'data',
  3 => 'url',
  4 => 'wait',
) ]
[ info ] [ LOG ] INIT File
---------------------------------------------------------------
[ 2018-12-02T21:44:13+08:00 ] 172.17.230.83 157.55.39.11 GET /robots.txt
[ info ] 51mfgs.com/robots.txt [运行时间：0.037216s][吞吐率：26.87req/s] [内存消耗：389.23kb] [文件加载：36]
[ info ] [ LANG ] /data/home/syu4378230001/htdocs/thinkphp/lang/zh-cn.php
[ info ] [ BIND ] 'index/Index'
[ info ] [ ROUTE ] array (
  'type' => 'module',
  'module' => 
  array (
    0 => 'index',
    1 => 'Index',
    2 => 'robots.txt',
  ),
)
[ info ] [ HEADER ] array (
  'accept' => '*/*',
  'accept-encoding' => 'gzip, deflate',
  'cache-control' => 'no-cache',
  'connection' => 'Keep-Alive',
  'host' => '51mfgs.com',
  'pragma' => 'no-cache',
  'user-agent' => 'Mozilla/5.0 (compatible; bingbot/2.0; +http://www.bing.com/bingbot.htm)',
)
[ info ] [ PARAM ] array (
)
[ info ] [ RUN ] app\index\controller\Index->_empty[ /data/home/syu4378230001/htdocs/app/index/controller/Index.php ]
[ info ] [ VIEW ] /data/home/syu4378230001/htdocs/thinkphp/tpl/dispatch_jump.tpl [ array (
  0 => 'code',
  1 => 'msg',
  2 => 'data',
  3 => 'url',
  4 => 'wait',
) ]
[ info ] [ LOG ] INIT File
---------------------------------------------------------------
[ 2018-12-02T22:15:35+08:00 ] 172.17.230.83 220.181.108.183 GET /qqlogin.html
[ info ] www.51mfgs.com/qqlogin.html [运行时间：0.036587s][吞吐率：27.33req/s] [内存消耗：390.82kb] [文件加载：38]
[ info ] [ LANG ] /data/home/syu4378230001/htdocs/thinkphp/lang/zh-cn.php
[ info ] [ BIND ] 'index/Index'
[ info ] [ ROUTE ] array (
  'type' => 'module',
  'module' => 
  array (
    0 => 'index',
    1 => 'Index',
    2 => 'qqlogin',
  ),
)
[ info ] [ HEADER ] array (
  'accept' => '*/*',
  'accept-encoding' => 'gzip',
  'accept-language' => 'zh-cn,zh-tw',
  'connection' => 'close',
  'host' => 'www.51mfgs.com',
  'user-agent' => 'Mozilla/5.0 (compatible; Baiduspider/2.0; +http://www.baidu.com/search/spider.html)',
)
[ info ] [ PARAM ] array (
)
[ info ] [ RUN ] app\index\controller\Index->qqlogin[ /data/home/syu4378230001/htdocs/app/index/controller/Index.php ]
[ info ] [ LOG ] INIT File
---------------------------------------------------------------
[ 2018-12-02T22:33:53+08:00 ] 172.17.230.83 203.208.60.105 GET /robots.txt
[ info ] 51mfgs.com/robots.txt [运行时间：0.072551s][吞吐率：13.78req/s] [内存消耗：388.88kb] [文件加载：36]
[ info ] [ LANG ] /data/home/syu4378230001/htdocs/thinkphp/lang/zh-cn.php
[ info ] [ BIND ] 'index/Index'
[ info ] [ ROUTE ] array (
  'type' => 'module',
  'module' => 
  array (
    0 => 'index',
    1 => 'Index',
    2 => 'robots.txt',
  ),
)
[ info ] [ HEADER ] array (
  'accept' => 'text/plain,text/html,*/*',
  'accept-encoding' => 'gzip,deflate,br',
  'connection' => 'keep-alive',
  'host' => '51mfgs.com',
  'user-agent' => 'Mozilla/5.0 (compatible; Googlebot/2.1; +http://www.google.com/bot.html)',
)
[ info ] [ PARAM ] array (
)
[ info ] [ RUN ] app\index\controller\Index->_empty[ /data/home/syu4378230001/htdocs/app/index/controller/Index.php ]
[ info ] [ VIEW ] /data/home/syu4378230001/htdocs/thinkphp/tpl/dispatch_jump.tpl [ array (
  0 => 'code',
  1 => 'msg',
  2 => 'data',
  3 => 'url',
  4 => 'wait',
) ]
[ info ] [ LOG ] INIT File
---------------------------------------------------------------
[ 2018-12-02T22:33:54+08:00 ] 172.17.230.83 203.208.60.82 GET /
[ info ] 51mfgs.com/ [运行时间：0.172822s][吞吐率：5.79req/s] [内存消耗：797.77kb] [文件加载：49]
[ info ] [ LANG ] /data/home/syu4378230001/htdocs/thinkphp/lang/zh-cn.php
[ info ] [ BIND ] 'index/Index'
[ info ] [ ROUTE ] array (
  'type' => 'module',
  'module' => 
  array (
    0 => 'index',
    1 => 'Index',
    2 => NULL,
  ),
)
[ info ] [ HEADER ] array (
  'accept' => 'text/html,application/xhtml+xml,application/xml;q=0.9,*/*;q=0.8',
  'accept-encoding' => 'gzip,deflate,br',
  'connection' => 'keep-alive',
  'from' => 'googlebot(at)googlebot.com',
  'host' => '51mfgs.com',
  'user-agent' => 'Mozilla/5.0 (compatible; Googlebot/2.1; +http://www.google.com/bot.html)',
)
[ info ] [ PARAM ] array (
)
[ info ] [ RUN ] app\index\controller\Index->index[ /data/home/syu4378230001/htdocs/app/index/controller/Index.php ]
[ info ] [ DB ] INIT mysql
[ info ] [ SESSION ] INIT array (
  'id' => '',
  'var_session_id' => '',
  'prefix' => '',
  'type' => '',
  'auto_start' => true,
  'httponly' => true,
  'secure' => false,
)
[ info ] [ CACHE ] INIT File
[ info ] [ VIEW ] ./app/index/view/index/index.html [ array (
  0 => 'indexhits',
  1 => 'userclass',
  2 => 'usersess',
  3 => 'res_newpro',
  4 => 'res_user',
  5 => 'time',
  6 => 'res_jj',
  7 => 'res_jd',
  8 => 'res_yw',
  9 => 'res_sp',
  10 => 'res_sj',
  11 => 'res_cw',
) ]
[ info ] [ LOG ] INIT File
[ sql ] [ DB ] CONNECT:[ UseTime:0.010857s ] mysql:dbname=sdm442994699_db;host=sdm442994699.my3w.com;charset=utf8
[ sql ] [ SQL ] SHOW COLUMNS FROM `pro2` [ RunTime:0.004004s ]
[ sql ] [ SQL ] SELECT * FROM `pro2` WHERE  `pro_type` = 'jj'  AND `state` = 1  AND `pos` = 1 ORDER BY pro_id DESC LIMIT 3 [ RunTime:0.003219s ]
[ sql ] [ SQL ] SELECT * FROM `pro2` WHERE  `pro_type` = 'jd'  AND `state` = 1  AND `pos` = 1 ORDER BY pro_id DESC LIMIT 3 [ RunTime:0.006498s ]
[ sql ] [ SQL ] SELECT * FROM `pro2` WHERE  `pro_type` = 'yw'  AND `state` = 1  AND `pos` = 1 ORDER BY pro_id DESC LIMIT 3 [ RunTime:0.003149s ]
[ sql ] [ SQL ] SELECT * FROM `pro2` WHERE  `pro_type` = 'sp'  AND `state` = 1  AND `pos` = 1 ORDER BY pro_id DESC LIMIT 3 [ RunTime:0.002948s ]
[ sql ] [ SQL ] SELECT * FROM `pro2` WHERE  `pro_type` = 'sj'  AND `state` = 1  AND `pos` = 1 ORDER BY pro_id DESC LIMIT 3 [ RunTime:0.002967s ]
[ sql ] [ SQL ] SELECT * FROM `pro2` WHERE  (  `pro_type` = 'cw'  AND `state` = 1  AND `pos` = 1 ) [ RunTime:0.003154s ]
[ sql ] [ SQL ] SHOW COLUMNS FROM `user` [ RunTime:0.004438s ]
[ sql ] [ SQL ] SELECT * FROM `user` WHERE  `state` = 1 ORDER BY id DESC LIMIT 3 [ RunTime:0.002941s ]
[ sql ] [ SQL ] SHOW COLUMNS FROM `pro` [ RunTime:0.003504s ]
[ sql ] [ SQL ] SELECT * FROM `pro` WHERE  `pro_id` > 0  AND `state` = 1 ORDER BY pro_id DESC LIMIT 3 [ RunTime:0.002911s ]
[ sql ] [ SQL ] SHOW COLUMNS FROM `pagehits` [ RunTime:0.003194s ]
[ sql ] [ SQL ] UPDATE `pagehits`  SET `hits`=hits+1  WHERE  `id` = 1 [ RunTime:0.002791s ]
[ sql ] [ SQL ] SELECT `hits` FROM `pagehits` WHERE  `id` = 1 LIMIT 1 [ RunTime:0.002765s ]
---------------------------------------------------------------
[ 2018-12-02T23:30:35+08:00 ] 172.17.230.83 40.77.167.157 GET /user/reg.php
[ info ] 51mfgs.com/user/reg.php [运行时间：0.025228s][吞吐率：39.64req/s] [内存消耗：225.76kb] [文件加载：29]
[ info ] [ LANG ] /data/home/syu4378230001/htdocs/thinkphp/lang/zh-cn.php
[ info ] [ BIND ] 'index/Index'
[ info ] [ ROUTE ] array (
  'type' => 'module',
  'module' => 
  array (
    0 => 'admin',
    1 => 'Index',
    2 => 'userinfo',
  ),
  'convert' => false,
)
[ info ] [ HEADER ] array (
  'accept' => '*/*',
  'accept-encoding' => 'gzip, deflate',
  'cache-control' => 'no-cache',
  'connection' => 'Keep-Alive',
  'from' => 'bingbot(at)microsoft.com',
  'host' => '51mfgs.com',
  'pragma' => 'no-cache',
  'user-agent' => 'Mozilla/5.0 (compatible; bingbot/2.0; +http://www.bing.com/bingbot.htm)',
)
[ info ] [ PARAM ] array (
  'id' => 'reg.php',
)
[ info ] [ LOG ] INIT File
---------------------------------------------------------------
[ 2018-12-02T23:35:28+08:00 ] 172.17.230.83 157.55.39.173 GET /index.html
[ info ] 51mfgs.com/index.html [运行时间：0.107830s][吞吐率：9.27req/s] [内存消耗：800.47kb] [文件加载：49]
[ info ] [ LANG ] /data/home/syu4378230001/htdocs/thinkphp/lang/zh-cn.php
[ info ] [ BIND ] 'index/Index'
[ info ] [ ROUTE ] array (
  'type' => 'module',
  'module' => 
  array (
    0 => 'index',
    1 => 'Index',
    2 => 'index',
  ),
)
[ info ] [ HEADER ] array (
  'accept' => '*/*',
  'accept-encoding' => 'gzip, deflate',
  'cache-control' => 'no-cache',
  'connection' => 'Keep-Alive',
  'from' => 'bingbot(at)microsoft.com',
  'host' => '51mfgs.com',
  'pragma' => 'no-cache',
  'user-agent' => 'Mozilla/5.0 (compatible; bingbot/2.0; +http://www.bing.com/bingbot.htm)',
)
[ info ] [ PARAM ] array (
)
[ info ] [ RUN ] app\index\controller\Index->index[ /data/home/syu4378230001/htdocs/app/index/controller/Index.php ]
[ info ] [ DB ] INIT mysql
[ info ] [ SESSION ] INIT array (
  'id' => '',
  'var_session_id' => '',
  'prefix' => '',
  'type' => '',
  'auto_start' => true,
  'httponly' => true,
  'secure' => false,
)
[ info ] [ CACHE ] INIT File
[ info ] [ VIEW ] ./app/index/view/index/index.html [ array (
  0 => 'indexhits',
  1 => 'userclass',
  2 => 'usersess',
  3 => 'res_newpro',
  4 => 'res_user',
  5 => 'time',
  6 => 'res_jj',
  7 => 'res_jd',
  8 => 'res_yw',
  9 => 'res_sp',
  10 => 'res_sj',
  11 => 'res_cw',
) ]
[ info ] [ LOG ] INIT File
[ sql ] [ DB ] CONNECT:[ UseTime:0.006962s ] mysql:dbname=sdm442994699_db;host=sdm442994699.my3w.com;charset=utf8
[ sql ] [ SQL ] SHOW COLUMNS FROM `pro2` [ RunTime:0.003319s ]
[ sql ] [ SQL ] SELECT * FROM `pro2` WHERE  `pro_type` = 'jj'  AND `state` = 1  AND `pos` = 1 ORDER BY pro_id DESC LIMIT 3 [ RunTime:0.002572s ]
[ sql ] [ SQL ] SELECT * FROM `pro2` WHERE  `pro_type` = 'jd'  AND `state` = 1  AND `pos` = 1 ORDER BY pro_id DESC LIMIT 3 [ RunTime:0.002460s ]
[ sql ] [ SQL ] SELECT * FROM `pro2` WHERE  `pro_type` = 'yw'  AND `state` = 1  AND `pos` = 1 ORDER BY pro_id DESC LIMIT 3 [ RunTime:0.002821s ]
[ sql ] [ SQL ] SELECT * FROM `pro2` WHERE  `pro_type` = 'sp'  AND `state` = 1  AND `pos` = 1 ORDER BY pro_id DESC LIMIT 3 [ RunTime:0.002424s ]
[ sql ] [ SQL ] SELECT * FROM `pro2` WHERE  `pro_type` = 'sj'  AND `state` = 1  AND `pos` = 1 ORDER BY pro_id DESC LIMIT 3 [ RunTime:0.002399s ]
[ sql ] [ SQL ] SELECT * FROM `pro2` WHERE  (  `pro_type` = 'cw'  AND `state` = 1  AND `pos` = 1 ) [ RunTime:0.002366s ]
[ sql ] [ SQL ] SHOW COLUMNS FROM `user` [ RunTime:0.002888s ]
[ sql ] [ SQL ] SELECT * FROM `user` WHERE  `state` = 1 ORDER BY id DESC LIMIT 3 [ RunTime:0.002323s ]
[ sql ] [ SQL ] SHOW COLUMNS FROM `pro` [ RunTime:0.003026s ]
[ sql ] [ SQL ] SELECT * FROM `pro` WHERE  `pro_id` > 0  AND `state` = 1 ORDER BY pro_id DESC LIMIT 3 [ RunTime:0.002317s ]
[ sql ] [ SQL ] SHOW COLUMNS FROM `pagehits` [ RunTime:0.002561s ]
[ sql ] [ SQL ] UPDATE `pagehits`  SET `hits`=hits+1  WHERE  `id` = 1 [ RunTime:0.002300s ]
[ sql ] [ SQL ] SELECT `hits` FROM `pagehits` WHERE  `id` = 1 LIMIT 1 [ RunTime:0.002170s ]
