---------------------------------------------------------------
[ 2018-12-09T18:45:34+08:00 ] 172.17.230.83 36.36.148.41 GET /noticefm
[ info ] www.51mfgs.com/noticefm [运行时间：0.336543s][吞吐率：2.97req/s] [内存消耗：554.53kb] [文件加载：39]
[ info ] [ LANG ] /data/home/syu4378230001/htdocs/thinkphp/lang/zh-cn.php
[ info ] [ BIND ] 'index/Index'
[ info ] [ ROUTE ] array (
  'type' => 'module',
  'module' => 
  array (
    0 => 'index',
    1 => 'Index',
    2 => 'noticefm',
  ),
)
[ info ] [ HEADER ] array (
  'content-type' => 'application/json',
  'accept' => '*/*',
  'accept-encoding' => 'gzip, deflate, br',
  'cache-control' => 'no-cache',
  'connection' => 'keep-alive',
  'host' => 'www.51mfgs.com',
  'pragma' => 'no-cache',
  'referer' => 'https://servicewechat.com/wx503527dc340335fb/devtools/page-frame.html',
  'user-agent' => 'Mozilla/5.0 (iPhone; CPU iPhone OS 9_1 like Mac OS X) AppleWebKit/601.1.46 (KHTML, like Gecko) Version/9.0 Mobile/13B143 Safari/601.1 wechatdevtools/1.02.1810250 MicroMessenger/6.5.7 Language/zh_CN webview/ token/8b0782e2256a59d03fd93558051c59b4',
)
[ info ] [ PARAM ] array (
)
[ info ] [ RUN ] app\index\controller\Index->noticefm[ /data/home/syu4378230001/htdocs/app/index/controller/Index.php ]
[ info ] [ DB ] INIT mysql
[ info ] [ LOG ] INIT File
[ sql ] [ DB ] CONNECT:[ UseTime:0.014370s ] mysql:dbname=sdm442994699_db;host=sdm442994699.my3w.com;charset=utf8
[ sql ] [ SQL ] SHOW COLUMNS FROM `notice` [ RunTime:0.003545s ]
[ sql ] [ SQL ] SELECT * FROM `notice` WHERE  `state` = 1  AND `pos` = 1 ORDER BY id DESC LIMIT 1 [ RunTime:0.002489s ]
