---------------------------------------------------------------
[ 2018-09-02T11:04:42+08:00 ] ::1 ::1 GET /index.php
[ info ] localhost/index.php [运行时间：2.049639s][吞吐率：0.49req/s] [内存消耗：2,307.75kb] [文件加载：54]
[ info ] [ LANG ] D:\Program Files\phpStudy\Thinkphp5.0bak\thinkphp\lang\zh-cn.php
[ info ] [ ROUTE ] array (
  'type' => 'module',
  'module' => 
  array (
    0 => '',
    1 => NULL,
    2 => NULL,
  ),
)
[ info ] [ HEADER ] array (
  'cookie' => 'PHPSESSID=fc9e1d31ea0d7b42839d74d3284ef292; thinkphp_show_page_trace=0|0; pgv_pvi=3100061696; pgv_si=s7196503040',
  'accept-language' => 'zh-CN,zh;q=0.9',
  'accept-encoding' => 'gzip, deflate, br',
  'accept' => 'text/html,application/xhtml+xml,application/xml;q=0.9,image/webp,image/apng,*/*;q=0.8',
  'user-agent' => 'Mozilla/5.0 (Windows NT 10.0; WOW64) AppleWebKit/537.36 (KHTML, like Gecko) Chrome/67.0.3396.62 Safari/537.36',
  'upgrade-insecure-requests' => '1',
  'connection' => 'close',
  'host' => 'localhost',
)
[ info ] [ PARAM ] array (
)
[ info ] [ RUN ] app\index\controller\Index->index[ D:\Program Files\phpStudy\Thinkphp5.0bak\app\index\controller\Index.php ]
[ info ] [ DB ] INIT mysql
[ info ] [ SESSION ] INIT array (
  'id' => '',
  'var_session_id' => '',
  'prefix' => '',
  'type' => '',
  'auto_start' => true,
  'httponly' => true,
  'secure' => false,
)
[ info ] [ VIEW ] D:\Program Files\phpStudy\Thinkphp5.0bak./app/index\view\index\index.html [ array (
  0 => 'userclass',
  1 => 'res_newpro',
  2 => 'res_user',
  3 => 'indexhits',
  4 => 'time',
  5 => 'res_jj',
  6 => 'res_jd',
  7 => 'res_yw',
  8 => 'res_sp',
  9 => 'res_sj',
  10 => 'res_cw',
) ]
[ info ] [ LOG ] INIT File
---------------------------------------------------------------
[ 2018-09-02T11:04:44+08:00 ] ::1 ::1 GET /favicon.ico
[ info ] localhost/favicon.ico [运行时间：0.076371s][吞吐率：13.09req/s] [内存消耗：1,190.08kb] [文件加载：40]
[ info ] [ LANG ] D:\Program Files\phpStudy\Thinkphp5.0bak\thinkphp\lang\zh-cn.php
[ info ] [ ROUTE ] array (
  'type' => 'module',
  'module' => 
  array (
    0 => 'favicon.ico',
    1 => NULL,
    2 => NULL,
  ),
)
[ info ] [ HEADER ] array (
  'cookie' => 'PHPSESSID=fc9e1d31ea0d7b42839d74d3284ef292; thinkphp_show_page_trace=0|0; pgv_pvi=3100061696; pgv_si=s7196503040',
  'accept-language' => 'zh-CN,zh;q=0.9',
  'accept-encoding' => 'gzip, deflate, br',
  'referer' => 'http://localhost/index.php',
  'accept' => 'image/webp,image/apng,image/*,*/*;q=0.8',
  'user-agent' => 'Mozilla/5.0 (Windows NT 10.0; WOW64) AppleWebKit/537.36 (KHTML, like Gecko) Chrome/67.0.3396.62 Safari/537.36',
  'connection' => 'close',
  'host' => 'localhost',
)
[ info ] [ PARAM ] array (
)
[ info ] [ LOG ] INIT File
---------------------------------------------------------------
[ 2018-09-02T21:17:12+08:00 ] ::1 ::1 GET /index.php
[ info ] localhost/index.php [运行时间：0.105508s][吞吐率：9.48req/s] [内存消耗：1,190.16kb] [文件加载：41]
[ info ] [ LANG ] D:\Program Files\phpStudy\Thinkphp_5.0.9\thinkphp\lang\zh-cn.php
[ info ] [ ROUTE ] array (
  'type' => 'module',
  'module' => 
  array (
    0 => '',
    1 => NULL,
    2 => NULL,
  ),
)
[ info ] [ HEADER ] array (
  'cookie' => 'PHPSESSID=fc9e1d31ea0d7b42839d74d3284ef292; thinkphp_show_page_trace=0|0; pgv_pvi=3100061696; pgv_si=s7196503040',
  'accept-language' => 'zh-CN,zh;q=0.9',
  'accept-encoding' => 'gzip, deflate, br',
  'accept' => 'text/html,application/xhtml+xml,application/xml;q=0.9,image/webp,image/apng,*/*;q=0.8',
  'user-agent' => 'Mozilla/5.0 (Windows NT 10.0; WOW64) AppleWebKit/537.36 (KHTML, like Gecko) Chrome/67.0.3396.62 Safari/537.36',
  'upgrade-insecure-requests' => '1',
  'connection' => 'close',
  'host' => 'localhost',
)
[ info ] [ PARAM ] array (
)
[ info ] [ LOG ] INIT File
[ error ] [0]语法解析错误: syntax error, unexpected '}'[D:\Program Files\phpStudy\Thinkphp_5.0.9\app\index\controller\Index.php:443]
---------------------------------------------------------------
[ 2018-09-02T21:18:33+08:00 ] ::1 ::1 GET /index.php
[ info ] localhost/index.php [运行时间：2.132242s][吞吐率：0.47req/s] [内存消耗：2,457.65kb] [文件加载：56]
[ info ] [ LANG ] D:\Program Files\phpStudy\Thinkphp_5.0.9\thinkphp\lang\zh-cn.php
[ info ] [ ROUTE ] array (
  'type' => 'module',
  'module' => 
  array (
    0 => '',
    1 => NULL,
    2 => NULL,
  ),
)
[ info ] [ HEADER ] array (
  'cookie' => 'PHPSESSID=fc9e1d31ea0d7b42839d74d3284ef292; thinkphp_show_page_trace=0|0; pgv_pvi=3100061696; pgv_si=s7196503040',
  'accept-language' => 'zh-CN,zh;q=0.9',
  'accept-encoding' => 'gzip, deflate, br',
  'accept' => 'text/html,application/xhtml+xml,application/xml;q=0.9,image/webp,image/apng,*/*;q=0.8',
  'user-agent' => 'Mozilla/5.0 (Windows NT 10.0; WOW64) AppleWebKit/537.36 (KHTML, like Gecko) Chrome/67.0.3396.62 Safari/537.36',
  'upgrade-insecure-requests' => '1',
  'cache-control' => 'max-age=0',
  'connection' => 'close',
  'host' => 'localhost',
)
[ info ] [ PARAM ] array (
)
[ info ] [ RUN ] app\index\controller\Index->index[ D:\Program Files\phpStudy\Thinkphp_5.0.9\app\index\controller\Index.php ]
[ info ] [ DB ] INIT mysql
[ info ] [ SESSION ] INIT array (
  'id' => '',
  'var_session_id' => '',
  'prefix' => '',
  'type' => '',
  'auto_start' => true,
  'httponly' => true,
  'secure' => false,
)
[ info ] [ VIEW ] D:\Program Files\phpStudy\Thinkphp_5.0.9./app/index\view\index\index.html [ array (
  0 => 'userclass',
  1 => 'res_newpro',
  2 => 'res_user',
  3 => 'indexhits',
  4 => 'time',
  5 => 'res_jj',
  6 => 'res_jd',
  7 => 'res_yw',
  8 => 'res_sp',
  9 => 'res_sj',
  10 => 'res_cw',
) ]
[ info ] [ LOG ] INIT File
---------------------------------------------------------------
[ 2018-09-02T21:19:38+08:00 ] ::1 ::1 GET /phpMyAdmin/
[ info ] localhost/phpMyAdmin/ [运行时间：0.041835s][吞吐率：23.90req/s] [内存消耗：1,191.69kb] [文件加载：40]
[ info ] [ LANG ] D:\Program Files\phpStudy\Thinkphp_5.0.9\thinkphp\lang\zh-cn.php
[ info ] [ ROUTE ] array (
  'type' => 'module',
  'module' => 
  array (
    0 => 'phpMyAdmin',
    1 => NULL,
    2 => NULL,
  ),
)
[ info ] [ HEADER ] array (
  'if-modified-since' => 'Thu, 07 Jun 2018 14:37:26 GMT',
  'cookie' => 'pma_lang=en; pma_collation_connection=utf8_general_ci; pma_mcrypt_iv=mvlitss%2B3h0%3D; phpMyAdmin=f8eon6g48j8jf125b8863dagpeatko2j; pmaUser-1=Xvd13Knde%2BtsNoUzKKAdFw%3D%3D; pmaPass-1=MxQt2NC0YjjVxiO%2BhEeUww%3D%3D; PHPSESSID=fc9e1d31ea0d7b42839d74d3284ef292; thinkphp_show_page_trace=0|0; pgv_pvi=3100061696; pgv_si=s7196503040',
  'accept-language' => 'zh-CN,zh;q=0.9',
  'accept-encoding' => 'gzip, deflate, br',
  'accept' => 'text/html,application/xhtml+xml,application/xml;q=0.9,image/webp,image/apng,*/*;q=0.8',
  'user-agent' => 'Mozilla/5.0 (Windows NT 10.0; WOW64) AppleWebKit/537.36 (KHTML, like Gecko) Chrome/67.0.3396.62 Safari/537.36',
  'upgrade-insecure-requests' => '1',
  'connection' => 'close',
  'host' => 'localhost',
)
[ info ] [ PARAM ] array (
)
[ info ] [ LOG ] INIT File
---------------------------------------------------------------
[ 2018-09-02T21:19:45+08:00 ] ::1 ::1 GET /phpMyAdmin/
[ info ] localhost/phpMyAdmin/ [运行时间：0.044079s][吞吐率：22.69req/s] [内存消耗：1,191.38kb] [文件加载：40]
[ info ] [ LANG ] D:\Program Files\phpStudy\Thinkphp_5.0.9\thinkphp\lang\zh-cn.php
[ info ] [ ROUTE ] array (
  'type' => 'module',
  'module' => 
  array (
    0 => 'phpMyAdmin',
    1 => NULL,
    2 => NULL,
  ),
)
[ info ] [ HEADER ] array (
  'cookie' => 'pma_lang=en; pma_collation_connection=utf8_general_ci; pma_mcrypt_iv=mvlitss%2B3h0%3D; phpMyAdmin=f8eon6g48j8jf125b8863dagpeatko2j; pmaUser-1=Xvd13Knde%2BtsNoUzKKAdFw%3D%3D; pmaPass-1=MxQt2NC0YjjVxiO%2BhEeUww%3D%3D; PHPSESSID=fc9e1d31ea0d7b42839d74d3284ef292; thinkphp_show_page_trace=0|0; pgv_pvi=3100061696; pgv_si=s7196503040',
  'accept-language' => 'zh-CN,zh;q=0.9',
  'accept-encoding' => 'gzip, deflate, br',
  'accept' => 'text/html,application/xhtml+xml,application/xml;q=0.9,image/webp,image/apng,*/*;q=0.8',
  'user-agent' => 'Mozilla/5.0 (Windows NT 10.0; WOW64) AppleWebKit/537.36 (KHTML, like Gecko) Chrome/67.0.3396.62 Safari/537.36',
  'upgrade-insecure-requests' => '1',
  'connection' => 'close',
  'host' => 'localhost',
)
[ info ] [ PARAM ] array (
)
[ info ] [ LOG ] INIT File
---------------------------------------------------------------
[ 2018-09-02T21:55:20+08:00 ] ::1 ::1 GET /index.php/index/Index/test_think
[ info ] localhost/index.php/index/Index/test_think [运行时间：0.034296s][吞吐率：29.16req/s] [内存消耗：1,402.03kb] [文件加载：45]
[ info ] [ LANG ] D:\Program Files\phpStudy\Thinkphp_5.0.9\thinkphp\lang\zh-cn.php
[ info ] [ ROUTE ] array (
  'type' => 'module',
  'module' => 
  array (
    0 => 'index',
    1 => 'Index',
    2 => 'test_think',
  ),
)
[ info ] [ HEADER ] array (
  'cookie' => 'PHPSESSID=fc9e1d31ea0d7b42839d74d3284ef292; thinkphp_show_page_trace=0|0; pgv_pvi=3100061696; pgv_si=s7196503040',
  'accept-language' => 'zh-CN,zh;q=0.9',
  'accept-encoding' => 'gzip, deflate, br',
  'accept' => 'text/html,application/xhtml+xml,application/xml;q=0.9,image/webp,image/apng,*/*;q=0.8',
  'user-agent' => 'Mozilla/5.0 (Windows NT 10.0; WOW64) AppleWebKit/537.36 (KHTML, like Gecko) Chrome/67.0.3396.62 Safari/537.36',
  'upgrade-insecure-requests' => '1',
  'connection' => 'close',
  'host' => 'localhost',
)
[ info ] [ PARAM ] array (
)
[ info ] [ RUN ] app\index\controller\Index->test_think[ D:\Program Files\phpStudy\Thinkphp_5.0.9\app\index\controller\Index.php ]
[ info ] [ LOG ] INIT File
---------------------------------------------------------------
[ 2018-09-02T21:56:55+08:00 ] ::1 ::1 GET /index.php/index/Index/test_think/id/2
[ info ] localhost/index.php/index/Index/test_think/id/2 [运行时间：0.040053s][吞吐率：24.97req/s] [内存消耗：1,191.07kb] [文件加载：41]
[ info ] [ LANG ] D:\Program Files\phpStudy\Thinkphp_5.0.9\thinkphp\lang\zh-cn.php
[ info ] [ ROUTE ] array (
  'type' => 'module',
  'module' => 
  array (
    0 => 'index',
    1 => 'Index',
    2 => 'test_think',
  ),
)
[ info ] [ HEADER ] array (
  'cookie' => 'PHPSESSID=fc9e1d31ea0d7b42839d74d3284ef292; thinkphp_show_page_trace=0|0; pgv_pvi=3100061696; pgv_si=s7196503040',
  'accept-language' => 'zh-CN,zh;q=0.9',
  'accept-encoding' => 'gzip, deflate, br',
  'accept' => 'text/html,application/xhtml+xml,application/xml;q=0.9,image/webp,image/apng,*/*;q=0.8',
  'user-agent' => 'Mozilla/5.0 (Windows NT 10.0; WOW64) AppleWebKit/537.36 (KHTML, like Gecko) Chrome/67.0.3396.62 Safari/537.36',
  'upgrade-insecure-requests' => '1',
  'connection' => 'close',
  'host' => 'localhost',
)
[ info ] [ PARAM ] array (
  'id' => '2',
)
[ info ] [ LOG ] INIT File
[ error ] [0]语法解析错误: syntax error, unexpected '[', expecting ')'[D:\Program Files\phpStudy\Thinkphp_5.0.9\app\index\controller\Index.php:442]
---------------------------------------------------------------
[ 2018-09-02T22:01:51+08:00 ] ::1 ::1 GET /index.php
[ info ] localhost/index.php [运行时间：0.045919s][吞吐率：21.78req/s] [内存消耗：1,190.09kb] [文件加载：41]
[ info ] [ LANG ] D:\Program Files\phpStudy\Thinkphp_5.0.9\thinkphp\lang\zh-cn.php
[ info ] [ ROUTE ] array (
  'type' => 'module',
  'module' => 
  array (
    0 => '',
    1 => NULL,
    2 => NULL,
  ),
)
[ info ] [ HEADER ] array (
  'cookie' => 'PHPSESSID=fc9e1d31ea0d7b42839d74d3284ef292; thinkphp_show_page_trace=0|0; pgv_pvi=3100061696; pgv_si=s7196503040',
  'accept-language' => 'zh-CN,zh;q=0.9',
  'accept-encoding' => 'gzip, deflate, br',
  'accept' => 'text/html,application/xhtml+xml,application/xml;q=0.9,image/webp,image/apng,*/*;q=0.8',
  'user-agent' => 'Mozilla/5.0 (Windows NT 10.0; WOW64) AppleWebKit/537.36 (KHTML, like Gecko) Chrome/67.0.3396.62 Safari/537.36',
  'upgrade-insecure-requests' => '1',
  'connection' => 'close',
  'host' => 'localhost',
)
[ info ] [ PARAM ] array (
)
[ info ] [ LOG ] INIT File
[ error ] [0]语法解析错误: syntax error, unexpected '[', expecting ')'[D:\Program Files\phpStudy\Thinkphp_5.0.9\app\index\controller\Index.php:442]
---------------------------------------------------------------
[ 2018-09-02T22:01:56+08:00 ] ::1 ::1 GET /index.php
[ info ] localhost/index.php [运行时间：0.037977s][吞吐率：26.33req/s] [内存消耗：1,190.63kb] [文件加载：41]
[ info ] [ LANG ] D:\Program Files\phpStudy\Thinkphp_5.0.9\thinkphp\lang\zh-cn.php
[ info ] [ ROUTE ] array (
  'type' => 'module',
  'module' => 
  array (
    0 => '',
    1 => NULL,
    2 => NULL,
  ),
)
[ info ] [ HEADER ] array (
  'cookie' => 'PHPSESSID=fc9e1d31ea0d7b42839d74d3284ef292; thinkphp_show_page_trace=0|0; pgv_pvi=3100061696; pgv_si=s7196503040',
  'accept-language' => 'zh-CN,zh;q=0.9',
  'accept-encoding' => 'gzip, deflate, br',
  'accept' => 'text/html,application/xhtml+xml,application/xml;q=0.9,image/webp,image/apng,*/*;q=0.8',
  'user-agent' => 'Mozilla/5.0 (Windows NT 10.0; WOW64) AppleWebKit/537.36 (KHTML, like Gecko) Chrome/67.0.3396.62 Safari/537.36',
  'upgrade-insecure-requests' => '1',
  'cache-control' => 'max-age=0',
  'connection' => 'close',
  'host' => 'localhost',
)
[ info ] [ PARAM ] array (
)
[ info ] [ LOG ] INIT File
[ error ] [0]语法解析错误: syntax error, unexpected '[', expecting ')'[D:\Program Files\phpStudy\Thinkphp_5.0.9\app\index\controller\Index.php:442]
---------------------------------------------------------------
[ 2018-09-02T22:02:12+08:00 ] ::1 ::1 GET /index.php
[ info ] localhost/index.php [运行时间：0.031347s][吞吐率：31.90req/s] [内存消耗：1,190.63kb] [文件加载：41]
[ info ] [ LANG ] D:\Program Files\phpStudy\Thinkphp_5.0.9\thinkphp\lang\zh-cn.php
[ info ] [ ROUTE ] array (
  'type' => 'module',
  'module' => 
  array (
    0 => '',
    1 => NULL,
    2 => NULL,
  ),
)
[ info ] [ HEADER ] array (
  'cookie' => 'PHPSESSID=fc9e1d31ea0d7b42839d74d3284ef292; thinkphp_show_page_trace=0|0; pgv_pvi=3100061696; pgv_si=s7196503040',
  'accept-language' => 'zh-CN,zh;q=0.9',
  'accept-encoding' => 'gzip, deflate, br',
  'accept' => 'text/html,application/xhtml+xml,application/xml;q=0.9,image/webp,image/apng,*/*;q=0.8',
  'user-agent' => 'Mozilla/5.0 (Windows NT 10.0; WOW64) AppleWebKit/537.36 (KHTML, like Gecko) Chrome/67.0.3396.62 Safari/537.36',
  'upgrade-insecure-requests' => '1',
  'cache-control' => 'max-age=0',
  'connection' => 'close',
  'host' => 'localhost',
)
[ info ] [ PARAM ] array (
)
[ info ] [ LOG ] INIT File
[ error ] [0]语法解析错误: syntax error, unexpected '[', expecting ')'[D:\Program Files\phpStudy\Thinkphp_5.0.9\app\index\controller\Index.php:442]
---------------------------------------------------------------
[ 2018-09-02T22:02:16+08:00 ] ::1 ::1 GET /index.php
[ info ] localhost/index.php [运行时间：0.033182s][吞吐率：30.14req/s] [内存消耗：1,190.63kb] [文件加载：41]
[ info ] [ LANG ] D:\Program Files\phpStudy\Thinkphp_5.0.9\thinkphp\lang\zh-cn.php
[ info ] [ ROUTE ] array (
  'type' => 'module',
  'module' => 
  array (
    0 => '',
    1 => NULL,
    2 => NULL,
  ),
)
[ info ] [ HEADER ] array (
  'cookie' => 'PHPSESSID=fc9e1d31ea0d7b42839d74d3284ef292; thinkphp_show_page_trace=0|0; pgv_pvi=3100061696; pgv_si=s7196503040',
  'accept-language' => 'zh-CN,zh;q=0.9',
  'accept-encoding' => 'gzip, deflate, br',
  'accept' => 'text/html,application/xhtml+xml,application/xml;q=0.9,image/webp,image/apng,*/*;q=0.8',
  'user-agent' => 'Mozilla/5.0 (Windows NT 10.0; WOW64) AppleWebKit/537.36 (KHTML, like Gecko) Chrome/67.0.3396.62 Safari/537.36',
  'upgrade-insecure-requests' => '1',
  'cache-control' => 'max-age=0',
  'connection' => 'close',
  'host' => 'localhost',
)
[ info ] [ PARAM ] array (
)
[ info ] [ LOG ] INIT File
[ error ] [0]语法解析错误: syntax error, unexpected '[', expecting ')'[D:\Program Files\phpStudy\Thinkphp_5.0.9\app\index\controller\Index.php:442]
---------------------------------------------------------------
[ 2018-09-02T22:02:50+08:00 ] ::1 ::1 GET /index.php
[ info ] localhost/index.php [运行时间：0.036935s][吞吐率：27.07req/s] [内存消耗：1,190.69kb] [文件加载：41]
[ info ] [ LANG ] D:\Program Files\phpStudy\Thinkphp_5.0.9\thinkphp\lang\zh-cn.php
[ info ] [ ROUTE ] array (
  'type' => 'module',
  'module' => 
  array (
    0 => '',
    1 => NULL,
    2 => NULL,
  ),
)
[ info ] [ HEADER ] array (
  'cookie' => 'PHPSESSID=fc9e1d31ea0d7b42839d74d3284ef292; thinkphp_show_page_trace=0|0; pgv_pvi=3100061696; pgv_si=s7196503040',
  'accept-language' => 'zh-CN,zh;q=0.9',
  'accept-encoding' => 'gzip, deflate, br',
  'accept' => 'text/html,application/xhtml+xml,application/xml;q=0.9,image/webp,image/apng,*/*;q=0.8',
  'user-agent' => 'Mozilla/5.0 (Windows NT 10.0; WOW64) AppleWebKit/537.36 (KHTML, like Gecko) Chrome/67.0.3396.62 Safari/537.36',
  'upgrade-insecure-requests' => '1',
  'cache-control' => 'max-age=0',
  'connection' => 'close',
  'host' => 'localhost',
)
[ info ] [ PARAM ] array (
)
[ info ] [ LOG ] INIT File
[ error ] [0]语法解析错误: syntax error, unexpected end of file, expecting function (T_FUNCTION)[D:\Program Files\phpStudy\Thinkphp_5.0.9\app\index\controller\Index.php:446]
---------------------------------------------------------------
[ 2018-09-02T22:03:28+08:00 ] ::1 ::1 GET /index.php
[ info ] localhost/index.php [运行时间：1.795558s][吞吐率：0.56req/s] [内存消耗：2,258.77kb] [文件加载：56]
[ info ] [ LANG ] D:\Program Files\phpStudy\Thinkphp_5.0.9\thinkphp\lang\zh-cn.php
[ info ] [ ROUTE ] array (
  'type' => 'module',
  'module' => 
  array (
    0 => '',
    1 => NULL,
    2 => NULL,
  ),
)
[ info ] [ HEADER ] array (
  'cookie' => 'PHPSESSID=fc9e1d31ea0d7b42839d74d3284ef292; thinkphp_show_page_trace=0|0; pgv_pvi=3100061696; pgv_si=s7196503040',
  'accept-language' => 'zh-CN,zh;q=0.9',
  'accept-encoding' => 'gzip, deflate, br',
  'accept' => 'text/html,application/xhtml+xml,application/xml;q=0.9,image/webp,image/apng,*/*;q=0.8',
  'user-agent' => 'Mozilla/5.0 (Windows NT 10.0; WOW64) AppleWebKit/537.36 (KHTML, like Gecko) Chrome/67.0.3396.62 Safari/537.36',
  'upgrade-insecure-requests' => '1',
  'cache-control' => 'max-age=0',
  'connection' => 'close',
  'host' => 'localhost',
)
[ info ] [ PARAM ] array (
)
[ info ] [ RUN ] app\index\controller\Index->index[ D:\Program Files\phpStudy\Thinkphp_5.0.9\app\index\controller\Index.php ]
[ info ] [ DB ] INIT mysql
[ info ] [ LOG ] INIT File
[ error ] [0]致命错误: Call to undefined method app\index\controller\Index::counthits()[D:\Program Files\phpStudy\Thinkphp_5.0.9\app\index\controller\Index.php:69]
---------------------------------------------------------------
[ 2018-09-02T22:05:29+08:00 ] ::1 ::1 GET /index.php
[ info ] localhost/index.php [运行时间：1.908717s][吞吐率：0.52req/s] [内存消耗：2,454.55kb] [文件加载：56]
[ info ] [ LANG ] D:\Program Files\phpStudy\Thinkphp_5.0.9\thinkphp\lang\zh-cn.php
[ info ] [ ROUTE ] array (
  'type' => 'module',
  'module' => 
  array (
    0 => '',
    1 => NULL,
    2 => NULL,
  ),
)
[ info ] [ HEADER ] array (
  'cookie' => 'PHPSESSID=fc9e1d31ea0d7b42839d74d3284ef292; thinkphp_show_page_trace=0|0; pgv_pvi=3100061696; pgv_si=s7196503040',
  'accept-language' => 'zh-CN,zh;q=0.9',
  'accept-encoding' => 'gzip, deflate, br',
  'accept' => 'text/html,application/xhtml+xml,application/xml;q=0.9,image/webp,image/apng,*/*;q=0.8',
  'user-agent' => 'Mozilla/5.0 (Windows NT 10.0; WOW64) AppleWebKit/537.36 (KHTML, like Gecko) Chrome/67.0.3396.62 Safari/537.36',
  'upgrade-insecure-requests' => '1',
  'cache-control' => 'max-age=0',
  'connection' => 'close',
  'host' => 'localhost',
)
[ info ] [ PARAM ] array (
)
[ info ] [ RUN ] app\index\controller\Index->index[ D:\Program Files\phpStudy\Thinkphp_5.0.9\app\index\controller\Index.php ]
[ info ] [ DB ] INIT mysql
[ info ] [ SESSION ] INIT array (
  'id' => '',
  'var_session_id' => '',
  'prefix' => '',
  'type' => '',
  'auto_start' => true,
  'httponly' => true,
  'secure' => false,
)
[ info ] [ VIEW ] D:\Program Files\phpStudy\Thinkphp_5.0.9./app/index\view\index\index.html [ array (
  0 => 'userclass',
  1 => 'res_newpro',
  2 => 'res_user',
  3 => 'time',
  4 => 'res_jj',
  5 => 'res_jd',
  6 => 'res_yw',
  7 => 'res_sp',
  8 => 'res_sj',
  9 => 'res_cw',
) ]
[ info ] [ LOG ] INIT File
---------------------------------------------------------------
[ 2018-09-02T22:35:45+08:00 ] ::1 ::1 GET /index.php/test_think
[ info ] localhost/index.php/test_think [运行时间：0.029799s][吞吐率：33.56req/s] [内存消耗：1,188.28kb] [文件加载：40]
[ info ] [ LANG ] D:\Program Files\phpStudy\Thinkphp_5.0.9\thinkphp\lang\zh-cn.php
[ info ] [ ROUTE ] array (
  'type' => 'module',
  'module' => 
  array (
    0 => 'test_think',
    1 => NULL,
    2 => NULL,
  ),
)
[ info ] [ HEADER ] array (
  'cookie' => 'PHPSESSID=fc9e1d31ea0d7b42839d74d3284ef292; thinkphp_show_page_trace=0|0; pgv_pvi=3100061696; pgv_si=s7196503040',
  'accept-language' => 'zh-CN,zh;q=0.9',
  'accept-encoding' => 'gzip, deflate, br',
  'accept' => 'text/html,application/xhtml+xml,application/xml;q=0.9,image/webp,image/apng,*/*;q=0.8',
  'user-agent' => 'Mozilla/5.0 (Windows NT 10.0; WOW64) AppleWebKit/537.36 (KHTML, like Gecko) Chrome/67.0.3396.62 Safari/537.36',
  'upgrade-insecure-requests' => '1',
  'connection' => 'close',
  'host' => 'localhost',
)
[ info ] [ PARAM ] array (
)
[ info ] [ LOG ] INIT File
---------------------------------------------------------------
[ 2018-09-02T22:36:19+08:00 ] ::1 ::1 GET /index.php/index/index/return%20'hello%20baby';
[ info ] localhost/index.php/index/index/return%20'hello%20baby'; [运行时间：0.042937s][吞吐率：23.29req/s] [内存消耗：1,434.21kb] [文件加载：48]
[ info ] [ LANG ] D:\Program Files\phpStudy\Thinkphp_5.0.9\thinkphp\lang\zh-cn.php
[ info ] [ ROUTE ] array (
  'type' => 'module',
  'module' => 
  array (
    0 => 'index',
    1 => 'index',
    2 => 'return \'hello baby\';',
  ),
)
[ info ] [ HEADER ] array (
  'cookie' => 'PHPSESSID=fc9e1d31ea0d7b42839d74d3284ef292; thinkphp_show_page_trace=0|0; pgv_pvi=3100061696; pgv_si=s7196503040',
  'accept-language' => 'zh-CN,zh;q=0.9',
  'accept-encoding' => 'gzip, deflate, br',
  'accept' => 'text/html,application/xhtml+xml,application/xml;q=0.9,image/webp,image/apng,*/*;q=0.8',
  'user-agent' => 'Mozilla/5.0 (Windows NT 10.0; WOW64) AppleWebKit/537.36 (KHTML, like Gecko) Chrome/67.0.3396.62 Safari/537.36',
  'upgrade-insecure-requests' => '1',
  'connection' => 'close',
  'host' => 'localhost',
)
[ info ] [ PARAM ] array (
)
[ info ] [ LOG ] INIT File
---------------------------------------------------------------
[ 2018-09-02T22:36:37+08:00 ] ::1 ::1 GET /index.php/index/index/test_think
[ info ] localhost/index.php/index/index/test_think [运行时间：0.043835s][吞吐率：22.81req/s] [内存消耗：1,402.66kb] [文件加载：46]
[ info ] [ LANG ] D:\Program Files\phpStudy\Thinkphp_5.0.9\thinkphp\lang\zh-cn.php
[ info ] [ ROUTE ] array (
  'type' => 'module',
  'module' => 
  array (
    0 => 'index',
    1 => 'index',
    2 => 'test_think',
  ),
)
[ info ] [ HEADER ] array (
  'cookie' => 'PHPSESSID=fc9e1d31ea0d7b42839d74d3284ef292; thinkphp_show_page_trace=0|0; pgv_pvi=3100061696; pgv_si=s7196503040',
  'accept-language' => 'zh-CN,zh;q=0.9',
  'accept-encoding' => 'gzip, deflate, br',
  'accept' => 'text/html,application/xhtml+xml,application/xml;q=0.9,image/webp,image/apng,*/*;q=0.8',
  'user-agent' => 'Mozilla/5.0 (Windows NT 10.0; WOW64) AppleWebKit/537.36 (KHTML, like Gecko) Chrome/67.0.3396.62 Safari/537.36',
  'upgrade-insecure-requests' => '1',
  'connection' => 'close',
  'host' => 'localhost',
)
[ info ] [ PARAM ] array (
)
[ info ] [ RUN ] app\index\controller\Index->test_think[ D:\Program Files\phpStudy\Thinkphp_5.0.9\app\index\controller\Index.php ]
[ info ] [ LOG ] INIT File
---------------------------------------------------------------
[ 2018-09-02T22:37:11+08:00 ] ::1 ::1 GET /index.php/index/index/test_think
[ info ] localhost/index.php/index/index/test_think [运行时间：0.052371s][吞吐率：19.09req/s] [内存消耗：1,403.48kb] [文件加载：46]
[ info ] [ LANG ] D:\Program Files\phpStudy\Thinkphp_5.0.9\thinkphp\lang\zh-cn.php
[ info ] [ ROUTE ] array (
  'type' => 'module',
  'module' => 
  array (
    0 => 'index',
    1 => 'index',
    2 => 'test_think',
  ),
)
[ info ] [ HEADER ] array (
  'cookie' => 'PHPSESSID=fc9e1d31ea0d7b42839d74d3284ef292; thinkphp_show_page_trace=0|0; pgv_pvi=3100061696; pgv_si=s7196503040',
  'accept-language' => 'zh-CN,zh;q=0.9',
  'accept-encoding' => 'gzip, deflate, br',
  'accept' => 'text/html,application/xhtml+xml,application/xml;q=0.9,image/webp,image/apng,*/*;q=0.8',
  'user-agent' => 'Mozilla/5.0 (Windows NT 10.0; WOW64) AppleWebKit/537.36 (KHTML, like Gecko) Chrome/67.0.3396.62 Safari/537.36',
  'upgrade-insecure-requests' => '1',
  'cache-control' => 'max-age=0',
  'connection' => 'close',
  'host' => 'localhost',
)
[ info ] [ PARAM ] array (
)
[ info ] [ RUN ] app\index\controller\Index->test_think[ D:\Program Files\phpStudy\Thinkphp_5.0.9\app\index\controller\Index.php ]
[ info ] [ LOG ] INIT File
