---------------------------------------------------------------
[ 2018-09-06T20:35:49+08:00 ] ::1 ::1 GET /index.php
[ info ] localhost/index.php [运行时间：1.638886s][吞吐率：0.61req/s] [内存消耗：2,314.20kb] [文件加载：57]
[ info ] [ LANG ] D:\Program Files\phpStudy\Thinkphp_5.0.9\thinkphp\lang\zh-cn.php
[ info ] [ BIND ] 'index/Index'
[ info ] [ ROUTE ] array (
  'type' => 'module',
  'module' => 
  array (
    0 => 'index',
    1 => 'Index',
    2 => NULL,
  ),
)
[ info ] [ HEADER ] array (
  'cookie' => 'PHPSESSID=fc9e1d31ea0d7b42839d74d3284ef292; thinkphp_show_page_trace=0|0; pgv_pvi=3100061696; pgv_si=s7196503040',
  'accept-language' => 'zh-CN,zh;q=0.9',
  'accept-encoding' => 'gzip, deflate, br',
  'accept' => 'text/html,application/xhtml+xml,application/xml;q=0.9,image/webp,image/apng,*/*;q=0.8',
  'user-agent' => 'Mozilla/5.0 (Windows NT 10.0; WOW64) AppleWebKit/537.36 (KHTML, like Gecko) Chrome/67.0.3396.62 Safari/537.36',
  'upgrade-insecure-requests' => '1',
  'connection' => 'close',
  'host' => 'localhost',
)
[ info ] [ PARAM ] array (
)
[ info ] [ RUN ] app\index\controller\Index->index[ D:\Program Files\phpStudy\Thinkphp_5.0.9\app\index\controller\Index.php ]
[ info ] [ DB ] INIT mysql
[ info ] [ DB ] INIT mysql
[ info ] [ LOG ] INIT File
[ sql ] [ DB ] CONNECT:[ UseTime:0.107974s ] mysql:dbname=sdm442994699_db;host=sdm442994699.my3w.com;charset=utf8
[ sql ] [ SQL ] SHOW COLUMNS FROM `pro` [ RunTime:0.027527s ]
[ sql ] [ SQL ] SELECT * FROM `pro` WHERE  `pro_type` = 'jj' ORDER BY pro_id DESC LIMIT 3 [ RunTime:0.024816s ]
[ sql ] [ SQL ] SELECT * FROM `pro` WHERE  `pro_type` = 'jd' ORDER BY pro_id DESC LIMIT 3 [ RunTime:0.027045s ]
[ sql ] [ SQL ] SELECT * FROM `pro` WHERE  `pro_type` = 'yw' ORDER BY pro_id DESC LIMIT 3 [ RunTime:0.034330s ]
[ sql ] [ SQL ] SELECT * FROM `pro` WHERE  `pro_type` = 'sp' ORDER BY pro_id DESC LIMIT 3 [ RunTime:0.028590s ]
[ sql ] [ SQL ] SELECT * FROM `pro` WHERE  `pro_type` = 'sj' ORDER BY pro_id DESC LIMIT 3 [ RunTime:0.029633s ]
[ sql ] [ SQL ] SELECT * FROM `pro` WHERE  (  `pro_type` = 'cw' ) [ RunTime:0.024557s ]
[ error ] [42S02]SQLSTATE[42S02]: Base table or view not found: 1146 Table 'test.user' doesn't exist[D:\Program Files\phpStudy\Thinkphp_5.0.9\thinkphp\library\think\db\connector\Mysql.php:65]
---------------------------------------------------------------
[ 2018-09-06T20:35:50+08:00 ] ::1 ::1 GET /favicon.ico
[ info ] localhost/favicon.ico [运行时间：0.041181s][吞吐率：24.28req/s] [内存消耗：1,432.66kb] [文件加载：48]
[ info ] [ LANG ] D:\Program Files\phpStudy\Thinkphp_5.0.9\thinkphp\lang\zh-cn.php
[ info ] [ BIND ] 'index/Index'
[ info ] [ ROUTE ] array (
  'type' => 'module',
  'module' => 
  array (
    0 => 'index',
    1 => 'Index',
    2 => 'favicon.ico',
  ),
)
[ info ] [ HEADER ] array (
  'cookie' => 'PHPSESSID=fc9e1d31ea0d7b42839d74d3284ef292; thinkphp_show_page_trace=0|0; pgv_pvi=3100061696; pgv_si=s7196503040',
  'accept-language' => 'zh-CN,zh;q=0.9',
  'accept-encoding' => 'gzip, deflate, br',
  'referer' => 'http://localhost/index.php',
  'accept' => 'image/webp,image/apng,image/*,*/*;q=0.8',
  'user-agent' => 'Mozilla/5.0 (Windows NT 10.0; WOW64) AppleWebKit/537.36 (KHTML, like Gecko) Chrome/67.0.3396.62 Safari/537.36',
  'connection' => 'close',
  'host' => 'localhost',
)
[ info ] [ PARAM ] array (
)
[ info ] [ LOG ] INIT File
---------------------------------------------------------------
[ 2018-09-06T20:37:46+08:00 ] ::1 ::1 GET /index.php/test_think
[ info ] localhost/index.php/test_think [运行时间：1.247114s][吞吐率：0.80req/s] [内存消耗：2,207.70kb] [文件加载：56]
[ info ] [ LANG ] D:\Program Files\phpStudy\Thinkphp_5.0.9\thinkphp\lang\zh-cn.php
[ info ] [ BIND ] 'index/Index'
[ info ] [ ROUTE ] array (
  'type' => 'module',
  'module' => 
  array (
    0 => 'index',
    1 => 'Index',
    2 => 'test_think',
  ),
)
[ info ] [ HEADER ] array (
  'cookie' => 'PHPSESSID=fc9e1d31ea0d7b42839d74d3284ef292; thinkphp_show_page_trace=0|0; pgv_pvi=3100061696; pgv_si=s7196503040',
  'accept-language' => 'zh-CN,zh;q=0.9',
  'accept-encoding' => 'gzip, deflate, br',
  'accept' => 'text/html,application/xhtml+xml,application/xml;q=0.9,image/webp,image/apng,*/*;q=0.8',
  'user-agent' => 'Mozilla/5.0 (Windows NT 10.0; WOW64) AppleWebKit/537.36 (KHTML, like Gecko) Chrome/67.0.3396.62 Safari/537.36',
  'upgrade-insecure-requests' => '1',
  'connection' => 'close',
  'host' => 'localhost',
)
[ info ] [ PARAM ] array (
)
[ info ] [ RUN ] app\index\controller\Index->test_think[ D:\Program Files\phpStudy\Thinkphp_5.0.9\app\index\controller\Index.php ]
[ info ] [ DB ] INIT mysql
[ info ] [ LOG ] INIT File
[ error ] [42S02]SQLSTATE[42S02]: Base table or view not found: 1146 Table 'test.user' doesn't exist[D:\Program Files\phpStudy\Thinkphp_5.0.9\thinkphp\library\think\db\connector\Mysql.php:65]
---------------------------------------------------------------
[ 2018-09-06T20:39:26+08:00 ] ::1 ::1 GET /index.php
[ info ] localhost/index.php [运行时间：1.636848s][吞吐率：0.61req/s] [内存消耗：2,314.21kb] [文件加载：57]
[ info ] [ LANG ] D:\Program Files\phpStudy\Thinkphp_5.0.9\thinkphp\lang\zh-cn.php
[ info ] [ BIND ] 'index/Index'
[ info ] [ ROUTE ] array (
  'type' => 'module',
  'module' => 
  array (
    0 => 'index',
    1 => 'Index',
    2 => NULL,
  ),
)
[ info ] [ HEADER ] array (
  'cookie' => 'PHPSESSID=fc9e1d31ea0d7b42839d74d3284ef292; thinkphp_show_page_trace=0|0; pgv_pvi=3100061696; pgv_si=s7196503040',
  'accept-language' => 'zh-CN,zh;q=0.9',
  'accept-encoding' => 'gzip, deflate, br',
  'accept' => 'text/html,application/xhtml+xml,application/xml;q=0.9,image/webp,image/apng,*/*;q=0.8',
  'user-agent' => 'Mozilla/5.0 (Windows NT 10.0; WOW64) AppleWebKit/537.36 (KHTML, like Gecko) Chrome/67.0.3396.62 Safari/537.36',
  'upgrade-insecure-requests' => '1',
  'connection' => 'close',
  'host' => 'localhost',
)
[ info ] [ PARAM ] array (
)
[ info ] [ RUN ] app\index\controller\Index->index[ D:\Program Files\phpStudy\Thinkphp_5.0.9\app\index\controller\Index.php ]
[ info ] [ DB ] INIT mysql
[ info ] [ DB ] INIT mysql
[ info ] [ LOG ] INIT File
[ sql ] [ DB ] CONNECT:[ UseTime:0.119471s ] mysql:dbname=sdm442994699_db;host=sdm442994699.my3w.com;charset=utf8
[ sql ] [ SQL ] SHOW COLUMNS FROM `pro` [ RunTime:0.028631s ]
[ sql ] [ SQL ] SELECT * FROM `pro` WHERE  `pro_type` = 'jj' ORDER BY pro_id DESC LIMIT 3 [ RunTime:0.028276s ]
[ sql ] [ SQL ] SELECT * FROM `pro` WHERE  `pro_type` = 'jd' ORDER BY pro_id DESC LIMIT 3 [ RunTime:0.029813s ]
[ sql ] [ SQL ] SELECT * FROM `pro` WHERE  `pro_type` = 'yw' ORDER BY pro_id DESC LIMIT 3 [ RunTime:0.030994s ]
[ sql ] [ SQL ] SELECT * FROM `pro` WHERE  `pro_type` = 'sp' ORDER BY pro_id DESC LIMIT 3 [ RunTime:0.034728s ]
[ sql ] [ SQL ] SELECT * FROM `pro` WHERE  `pro_type` = 'sj' ORDER BY pro_id DESC LIMIT 3 [ RunTime:0.033636s ]
[ sql ] [ SQL ] SELECT * FROM `pro` WHERE  (  `pro_type` = 'cw' ) [ RunTime:0.028995s ]
[ error ] [42S02]SQLSTATE[42S02]: Base table or view not found: 1146 Table 'test.user' doesn't exist[D:\Program Files\phpStudy\Thinkphp_5.0.9\thinkphp\library\think\db\connector\Mysql.php:65]
---------------------------------------------------------------
[ 2018-09-06T20:40:00+08:00 ] ::1 ::1 GET /index.php
[ info ] localhost/index.php [运行时间：1.484039s][吞吐率：0.67req/s] [内存消耗：2,302.29kb] [文件加载：56]
[ info ] [ LANG ] D:\Program Files\phpStudy\Thinkphp_5.0.9\thinkphp\lang\zh-cn.php
[ info ] [ BIND ] 'index/Index'
[ info ] [ ROUTE ] array (
  'type' => 'module',
  'module' => 
  array (
    0 => 'index',
    1 => 'Index',
    2 => NULL,
  ),
)
[ info ] [ HEADER ] array (
  'cookie' => 'PHPSESSID=fc9e1d31ea0d7b42839d74d3284ef292; thinkphp_show_page_trace=0|0; pgv_pvi=3100061696; pgv_si=s7196503040',
  'accept-language' => 'zh-CN,zh;q=0.9',
  'accept-encoding' => 'gzip, deflate, br',
  'accept' => 'text/html,application/xhtml+xml,application/xml;q=0.9,image/webp,image/apng,*/*;q=0.8',
  'user-agent' => 'Mozilla/5.0 (Windows NT 10.0; WOW64) AppleWebKit/537.36 (KHTML, like Gecko) Chrome/67.0.3396.62 Safari/537.36',
  'upgrade-insecure-requests' => '1',
  'cache-control' => 'max-age=0',
  'connection' => 'close',
  'host' => 'localhost',
)
[ info ] [ PARAM ] array (
)
[ info ] [ RUN ] app\index\controller\Index->index[ D:\Program Files\phpStudy\Thinkphp_5.0.9\app\index\controller\Index.php ]
[ info ] [ DB ] INIT mysql
[ info ] [ DB ] INIT mysql
[ info ] [ LOG ] INIT File
[ sql ] [ DB ] CONNECT:[ UseTime:0.042919s ] mysql:dbname=sdm442994699_db;host=sdm442994699.my3w.com;charset=utf8
[ sql ] [ SQL ] SHOW COLUMNS FROM `pro` [ RunTime:0.030219s ]
[ sql ] [ SQL ] SELECT * FROM `pro` WHERE  `pro_type` = 'jj' ORDER BY pro_id DESC LIMIT 3 [ RunTime:0.034728s ]
[ sql ] [ SQL ] SELECT * FROM `pro` WHERE  `pro_type` = 'jd' ORDER BY pro_id DESC LIMIT 3 [ RunTime:0.028894s ]
[ sql ] [ SQL ] SELECT * FROM `pro` WHERE  `pro_type` = 'yw' ORDER BY pro_id DESC LIMIT 3 [ RunTime:0.027683s ]
[ sql ] [ SQL ] SELECT * FROM `pro` WHERE  `pro_type` = 'sp' ORDER BY pro_id DESC LIMIT 3 [ RunTime:0.032288s ]
[ sql ] [ SQL ] SELECT * FROM `pro` WHERE  `pro_type` = 'sj' ORDER BY pro_id DESC LIMIT 3 [ RunTime:0.030390s ]
[ sql ] [ SQL ] SELECT * FROM `pro` WHERE  (  `pro_type` = 'cw' ) [ RunTime:0.027305s ]
[ error ] [42S02]SQLSTATE[42S02]: Base table or view not found: 1146 Table 'test.user' doesn't exist[D:\Program Files\phpStudy\Thinkphp_5.0.9\thinkphp\library\think\db\connector\Mysql.php:65]
---------------------------------------------------------------
[ 2018-09-06T20:41:52+08:00 ] ::1 ::1 GET /index.php
[ info ] localhost/index.php [运行时间：2.209533s][吞吐率：0.45req/s] [内存消耗：2,302.29kb] [文件加载：56]
[ info ] [ LANG ] D:\Program Files\phpStudy\Thinkphp_5.0.9\thinkphp\lang\zh-cn.php
[ info ] [ BIND ] 'index/Index'
[ info ] [ ROUTE ] array (
  'type' => 'module',
  'module' => 
  array (
    0 => 'index',
    1 => 'Index',
    2 => NULL,
  ),
)
[ info ] [ HEADER ] array (
  'cookie' => 'PHPSESSID=fc9e1d31ea0d7b42839d74d3284ef292; thinkphp_show_page_trace=0|0; pgv_pvi=3100061696; pgv_si=s7196503040',
  'accept-language' => 'zh-CN,zh;q=0.9',
  'accept-encoding' => 'gzip, deflate, br',
  'accept' => 'text/html,application/xhtml+xml,application/xml;q=0.9,image/webp,image/apng,*/*;q=0.8',
  'user-agent' => 'Mozilla/5.0 (Windows NT 10.0; WOW64) AppleWebKit/537.36 (KHTML, like Gecko) Chrome/67.0.3396.62 Safari/537.36',
  'upgrade-insecure-requests' => '1',
  'cache-control' => 'max-age=0',
  'connection' => 'close',
  'host' => 'localhost',
)
[ info ] [ PARAM ] array (
)
[ info ] [ RUN ] app\index\controller\Index->index[ D:\Program Files\phpStudy\Thinkphp_5.0.9\app\index\controller\Index.php ]
[ info ] [ DB ] INIT mysql
[ info ] [ DB ] INIT mysql
[ info ] [ LOG ] INIT File
[ sql ] [ DB ] CONNECT:[ UseTime:0.040675s ] mysql:dbname=sdm442994699_db;host=sdm442994699.my3w.com;charset=utf8
[ sql ] [ SQL ] SHOW COLUMNS FROM `pro` [ RunTime:0.026086s ]
[ sql ] [ SQL ] SELECT * FROM `pro` WHERE  `pro_type` = 'jj' ORDER BY pro_id DESC LIMIT 3 [ RunTime:0.033583s ]
[ sql ] [ SQL ] SELECT * FROM `pro` WHERE  `pro_type` = 'jd' ORDER BY pro_id DESC LIMIT 3 [ RunTime:0.025921s ]
[ sql ] [ SQL ] SELECT * FROM `pro` WHERE  `pro_type` = 'yw' ORDER BY pro_id DESC LIMIT 3 [ RunTime:0.026409s ]
[ sql ] [ SQL ] SELECT * FROM `pro` WHERE  `pro_type` = 'sp' ORDER BY pro_id DESC LIMIT 3 [ RunTime:0.028814s ]
[ sql ] [ SQL ] SELECT * FROM `pro` WHERE  `pro_type` = 'sj' ORDER BY pro_id DESC LIMIT 3 [ RunTime:0.026337s ]
[ sql ] [ SQL ] SELECT * FROM `pro` WHERE  (  `pro_type` = 'cw' ) [ RunTime:0.030808s ]
[ error ] [42S02]SQLSTATE[42S02]: Base table or view not found: 1146 Table 'test.user' doesn't exist[D:\Program Files\phpStudy\Thinkphp_5.0.9\thinkphp\library\think\db\connector\Mysql.php:65]
---------------------------------------------------------------
[ 2018-09-06T20:42:56+08:00 ] ::1 ::1 GET /index.php
[ info ] localhost/index.php [运行时间：1.549256s][吞吐率：0.65req/s] [内存消耗：2,301.35kb] [文件加载：59]
[ info ] [ LANG ] D:\Program Files\phpStudy\Thinkphp_5.0.9\thinkphp\lang\zh-cn.php
[ info ] [ BIND ] 'index/Index'
[ info ] [ ROUTE ] array (
  'type' => 'module',
  'module' => 
  array (
    0 => 'index',
    1 => 'Index',
    2 => NULL,
  ),
)
[ info ] [ HEADER ] array (
  'cookie' => 'PHPSESSID=fc9e1d31ea0d7b42839d74d3284ef292; thinkphp_show_page_trace=0|0; pgv_pvi=3100061696; pgv_si=s7196503040',
  'accept-language' => 'zh-CN,zh;q=0.9',
  'accept-encoding' => 'gzip, deflate, br',
  'accept' => 'text/html,application/xhtml+xml,application/xml;q=0.9,image/webp,image/apng,*/*;q=0.8',
  'user-agent' => 'Mozilla/5.0 (Windows NT 10.0; WOW64) AppleWebKit/537.36 (KHTML, like Gecko) Chrome/67.0.3396.62 Safari/537.36',
  'upgrade-insecure-requests' => '1',
  'cache-control' => 'max-age=0',
  'connection' => 'close',
  'host' => 'localhost',
)
[ info ] [ PARAM ] array (
)
[ info ] [ RUN ] app\index\controller\Index->index[ D:\Program Files\phpStudy\Thinkphp_5.0.9\app\index\controller\Index.php ]
[ info ] [ DB ] INIT mysql
[ info ] [ DB ] INIT mysql
[ info ] [ LOG ] INIT File
[ sql ] [ DB ] CONNECT:[ UseTime:0.100532s ] mysql:dbname=sdm442994699_db;host=sdm442994699.my3w.com;charset=utf8
[ sql ] [ SQL ] SHOW COLUMNS FROM `pro` [ RunTime:0.031614s ]
[ sql ] [ SQL ] SELECT * FROM `pro` WHERE  `pro_type` = 'jj' ORDER BY pro_id DESC LIMIT 3 [ RunTime:0.031101s ]
[ sql ] [ SQL ] SELECT * FROM `pro` WHERE  `pro_type` = 'jd' ORDER BY pro_id DESC LIMIT 3 [ RunTime:0.026986s ]
[ sql ] [ SQL ] SELECT * FROM `pro` WHERE  `pro_type` = 'yw' ORDER BY pro_id DESC LIMIT 3 [ RunTime:0.025118s ]
[ sql ] [ SQL ] SELECT * FROM `pro` WHERE  `pro_type` = 'sp' ORDER BY pro_id DESC LIMIT 3 [ RunTime:0.028720s ]
[ sql ] [ SQL ] SELECT * FROM `pro` WHERE  `pro_type` = 'sj' ORDER BY pro_id DESC LIMIT 3 [ RunTime:0.030443s ]
[ sql ] [ SQL ] SELECT * FROM `pro` WHERE  (  `pro_type` = 'cw' ) [ RunTime:0.023493s ]
[ error ] [10501]SQLSTATE[42S22]: Column not found: 1054 Unknown column 'state' in 'where clause'[D:\Program Files\phpStudy\Thinkphp_5.0.9\thinkphp\library\think\db\Connection.php:388]
---------------------------------------------------------------
[ 2018-09-06T20:45:39+08:00 ] ::1 ::1 GET /test_think
[ info ] localhost/test_think [运行时间：1.294686s][吞吐率：0.77req/s] [内存消耗：2,245.36kb] [文件加载：57]
[ info ] [ LANG ] D:\Program Files\phpStudy\Thinkphp_5.0.9\thinkphp\lang\zh-cn.php
[ info ] [ BIND ] 'index/Index'
[ info ] [ ROUTE ] array (
  'type' => 'module',
  'module' => 
  array (
    0 => 'index',
    1 => 'Index',
    2 => 'test_think',
  ),
)
[ info ] [ HEADER ] array (
  'cookie' => 'PHPSESSID=fc9e1d31ea0d7b42839d74d3284ef292; thinkphp_show_page_trace=0|0; pgv_pvi=3100061696; pgv_si=s7196503040',
  'accept-language' => 'zh-CN,zh;q=0.9',
  'accept-encoding' => 'gzip, deflate, br',
  'accept' => 'text/html,application/xhtml+xml,application/xml;q=0.9,image/webp,image/apng,*/*;q=0.8',
  'user-agent' => 'Mozilla/5.0 (Windows NT 10.0; WOW64) AppleWebKit/537.36 (KHTML, like Gecko) Chrome/67.0.3396.62 Safari/537.36',
  'upgrade-insecure-requests' => '1',
  'connection' => 'close',
  'host' => 'localhost',
)
[ info ] [ PARAM ] array (
)
[ info ] [ RUN ] app\index\controller\Index->test_think[ D:\Program Files\phpStudy\Thinkphp_5.0.9\app\index\controller\Index.php ]
[ info ] [ DB ] INIT mysql
[ info ] [ CACHE ] INIT File
[ info ] [ LOG ] INIT File
---------------------------------------------------------------
[ 2018-09-06T21:46:32+08:00 ] ::1 ::1 GET /test_think
[ info ] localhost/test_think [运行时间：0.038998s][吞吐率：25.64req/s] [内存消耗：1,434.95kb] [文件加载：48]
[ info ] [ LANG ] D:\Program Files\phpStudy\Thinkphp_5.0.9\thinkphp\lang\zh-cn.php
[ info ] [ BIND ] 'index/Index'
[ info ] [ ROUTE ] array (
  'type' => 'module',
  'module' => 
  array (
    0 => 'index',
    1 => 'Index',
    2 => 'test_think',
  ),
)
[ info ] [ HEADER ] array (
  'cookie' => 'PHPSESSID=fc9e1d31ea0d7b42839d74d3284ef292; thinkphp_show_page_trace=0|0; pgv_pvi=3100061696; pgv_si=s7196503040',
  'accept-language' => 'zh-CN,zh;q=0.9',
  'accept-encoding' => 'gzip, deflate, br',
  'accept' => 'text/html,application/xhtml+xml,application/xml;q=0.9,image/webp,image/apng,*/*;q=0.8',
  'user-agent' => 'Mozilla/5.0 (Windows NT 10.0; WOW64) AppleWebKit/537.36 (KHTML, like Gecko) Chrome/67.0.3396.62 Safari/537.36',
  'upgrade-insecure-requests' => '1',
  'cache-control' => 'max-age=0',
  'connection' => 'close',
  'host' => 'localhost',
)
[ info ] [ PARAM ] array (
)
[ info ] [ RUN ] app\index\controller\Index->test_think[ D:\Program Files\phpStudy\Thinkphp_5.0.9\app\index\controller\Index.php ]
[ info ] [ LOG ] INIT File
[ error ] [0]致命错误: Class 'app\index\controller\View' not found[D:\Program Files\phpStudy\Thinkphp_5.0.9\app\index\controller\Index.php:433]
---------------------------------------------------------------
[ 2018-09-06T21:47:18+08:00 ] ::1 ::1 GET /test_think
[ info ] localhost/test_think [运行时间：0.058297s][吞吐率：17.15req/s] [内存消耗：1,512.51kb] [文件加载：48]
[ info ] [ LANG ] D:\Program Files\phpStudy\Thinkphp_5.0.9\thinkphp\lang\zh-cn.php
[ info ] [ BIND ] 'index/Index'
[ info ] [ ROUTE ] array (
  'type' => 'module',
  'module' => 
  array (
    0 => 'index',
    1 => 'Index',
    2 => 'test_think',
  ),
)
[ info ] [ HEADER ] array (
  'cookie' => 'PHPSESSID=fc9e1d31ea0d7b42839d74d3284ef292; thinkphp_show_page_trace=0|0; pgv_pvi=3100061696; pgv_si=s7196503040',
  'accept-language' => 'zh-CN,zh;q=0.9',
  'accept-encoding' => 'gzip, deflate, br',
  'accept' => 'text/html,application/xhtml+xml,application/xml;q=0.9,image/webp,image/apng,*/*;q=0.8',
  'user-agent' => 'Mozilla/5.0 (Windows NT 10.0; WOW64) AppleWebKit/537.36 (KHTML, like Gecko) Chrome/67.0.3396.62 Safari/537.36',
  'upgrade-insecure-requests' => '1',
  'cache-control' => 'max-age=0',
  'connection' => 'close',
  'host' => 'localhost',
)
[ info ] [ PARAM ] array (
)
[ info ] [ RUN ] app\index\controller\Index->test_think[ D:\Program Files\phpStudy\Thinkphp_5.0.9\app\index\controller\Index.php ]
[ info ] [ LOG ] INIT File
---------------------------------------------------------------
[ 2018-09-06T21:53:51+08:00 ] ::1 ::1 GET /test_think
[ info ] localhost/test_think [运行时间：0.049623s][吞吐率：20.15req/s] [内存消耗：1,512.95kb] [文件加载：48]
[ info ] [ LANG ] D:\Program Files\phpStudy\Thinkphp_5.0.9\thinkphp\lang\zh-cn.php
[ info ] [ BIND ] 'index/Index'
[ info ] [ ROUTE ] array (
  'type' => 'module',
  'module' => 
  array (
    0 => 'index',
    1 => 'Index',
    2 => 'test_think',
  ),
)
[ info ] [ HEADER ] array (
  'cookie' => 'PHPSESSID=fc9e1d31ea0d7b42839d74d3284ef292; thinkphp_show_page_trace=0|0; pgv_pvi=3100061696; pgv_si=s7196503040',
  'accept-language' => 'zh-CN,zh;q=0.9',
  'accept-encoding' => 'gzip, deflate, br',
  'accept' => 'text/html,application/xhtml+xml,application/xml;q=0.9,image/webp,image/apng,*/*;q=0.8',
  'user-agent' => 'Mozilla/5.0 (Windows NT 10.0; WOW64) AppleWebKit/537.36 (KHTML, like Gecko) Chrome/67.0.3396.62 Safari/537.36',
  'upgrade-insecure-requests' => '1',
  'cache-control' => 'max-age=0',
  'connection' => 'close',
  'host' => 'localhost',
)
[ info ] [ PARAM ] array (
)
[ info ] [ RUN ] app\index\controller\Index->test_think[ D:\Program Files\phpStudy\Thinkphp_5.0.9\app\index\controller\Index.php ]
[ info ] [ VIEW ] D:\Program Files\phpStudy\Thinkphp_5.0.9./app/index\view\test\test.html [ array (
  0 => 'name',
) ]
[ info ] [ LOG ] INIT File
---------------------------------------------------------------
[ 2018-09-06T21:53:54+08:00 ] ::1 ::1 GET /test_think
[ info ] localhost/test_think [运行时间：0.033980s][吞吐率：29.43req/s] [内存消耗：1,402.95kb] [文件加载：46]
[ info ] [ LANG ] D:\Program Files\phpStudy\Thinkphp_5.0.9\thinkphp\lang\zh-cn.php
[ info ] [ BIND ] 'index/Index'
[ info ] [ ROUTE ] array (
  'type' => 'module',
  'module' => 
  array (
    0 => 'index',
    1 => 'Index',
    2 => 'test_think',
  ),
)
[ info ] [ HEADER ] array (
  'cookie' => 'PHPSESSID=fc9e1d31ea0d7b42839d74d3284ef292; thinkphp_show_page_trace=0|0; pgv_pvi=3100061696; pgv_si=s7196503040',
  'accept-language' => 'zh-CN,zh;q=0.9',
  'accept-encoding' => 'gzip, deflate, br',
  'accept' => 'text/html,application/xhtml+xml,application/xml;q=0.9,image/webp,image/apng,*/*;q=0.8',
  'user-agent' => 'Mozilla/5.0 (Windows NT 10.0; WOW64) AppleWebKit/537.36 (KHTML, like Gecko) Chrome/67.0.3396.62 Safari/537.36',
  'upgrade-insecure-requests' => '1',
  'cache-control' => 'max-age=0',
  'connection' => 'close',
  'host' => 'localhost',
)
[ info ] [ PARAM ] array (
)
[ info ] [ RUN ] app\index\controller\Index->test_think[ D:\Program Files\phpStudy\Thinkphp_5.0.9\app\index\controller\Index.php ]
[ info ] [ VIEW ] D:\Program Files\phpStudy\Thinkphp_5.0.9./app/index\view\test\test.html [ array (
  0 => 'name',
) ]
[ info ] [ LOG ] INIT File
---------------------------------------------------------------
[ 2018-09-06T21:53:55+08:00 ] ::1 ::1 GET /test_think
[ info ] localhost/test_think [运行时间：0.035024s][吞吐率：28.55req/s] [内存消耗：1,402.95kb] [文件加载：46]
[ info ] [ LANG ] D:\Program Files\phpStudy\Thinkphp_5.0.9\thinkphp\lang\zh-cn.php
[ info ] [ BIND ] 'index/Index'
[ info ] [ ROUTE ] array (
  'type' => 'module',
  'module' => 
  array (
    0 => 'index',
    1 => 'Index',
    2 => 'test_think',
  ),
)
[ info ] [ HEADER ] array (
  'cookie' => 'PHPSESSID=fc9e1d31ea0d7b42839d74d3284ef292; thinkphp_show_page_trace=0|0; pgv_pvi=3100061696; pgv_si=s7196503040',
  'accept-language' => 'zh-CN,zh;q=0.9',
  'accept-encoding' => 'gzip, deflate, br',
  'accept' => 'text/html,application/xhtml+xml,application/xml;q=0.9,image/webp,image/apng,*/*;q=0.8',
  'user-agent' => 'Mozilla/5.0 (Windows NT 10.0; WOW64) AppleWebKit/537.36 (KHTML, like Gecko) Chrome/67.0.3396.62 Safari/537.36',
  'upgrade-insecure-requests' => '1',
  'cache-control' => 'max-age=0',
  'connection' => 'close',
  'host' => 'localhost',
)
[ info ] [ PARAM ] array (
)
[ info ] [ RUN ] app\index\controller\Index->test_think[ D:\Program Files\phpStudy\Thinkphp_5.0.9\app\index\controller\Index.php ]
[ info ] [ VIEW ] D:\Program Files\phpStudy\Thinkphp_5.0.9./app/index\view\test\test.html [ array (
  0 => 'name',
) ]
[ info ] [ LOG ] INIT File
---------------------------------------------------------------
[ 2018-09-06T21:55:36+08:00 ] ::1 ::1 GET /test_think
[ info ] localhost/test_think [运行时间：0.048291s][吞吐率：20.71req/s] [内存消耗：1,432.77kb] [文件加载：48]
[ info ] [ LANG ] D:\Program Files\phpStudy\Thinkphp_5.0.9\thinkphp\lang\zh-cn.php
[ info ] [ BIND ] 'index/Index'
[ info ] [ ROUTE ] array (
  'type' => 'module',
  'module' => 
  array (
    0 => 'index',
    1 => 'Index',
    2 => 'test_think',
  ),
)
[ info ] [ HEADER ] array (
  'cookie' => 'PHPSESSID=fc9e1d31ea0d7b42839d74d3284ef292; thinkphp_show_page_trace=0|0; pgv_pvi=3100061696; pgv_si=s7196503040',
  'accept-language' => 'zh-CN,zh;q=0.9',
  'accept-encoding' => 'gzip, deflate, br',
  'accept' => 'text/html,application/xhtml+xml,application/xml;q=0.9,image/webp,image/apng,*/*;q=0.8',
  'user-agent' => 'Mozilla/5.0 (Windows NT 10.0; WOW64) AppleWebKit/537.36 (KHTML, like Gecko) Chrome/67.0.3396.62 Safari/537.36',
  'upgrade-insecure-requests' => '1',
  'cache-control' => 'max-age=0',
  'connection' => 'close',
  'host' => 'localhost',
)
[ info ] [ PARAM ] array (
)
[ info ] [ RUN ] app\index\controller\Index->test_think[ D:\Program Files\phpStudy\Thinkphp_5.0.9\app\index\controller\Index.php ]
[ info ] [ LOG ] INIT File
[ error ] [0]模板文件不存在:D:\Program Files\phpStudy\Thinkphp_5.0.9./app/admin\view\test\test.html[D:\Program Files\phpStudy\Thinkphp_5.0.9\thinkphp\library\think\view\driver\Think.php:80]
---------------------------------------------------------------
[ 2018-09-06T21:56:50+08:00 ] ::1 ::1 GET /test_think
[ info ] localhost/test_think [运行时间：0.045821s][吞吐率：21.82req/s] [内存消耗：1,512.95kb] [文件加载：48]
[ info ] [ LANG ] D:\Program Files\phpStudy\Thinkphp_5.0.9\thinkphp\lang\zh-cn.php
[ info ] [ BIND ] 'index/Index'
[ info ] [ ROUTE ] array (
  'type' => 'module',
  'module' => 
  array (
    0 => 'index',
    1 => 'Index',
    2 => 'test_think',
  ),
)
[ info ] [ HEADER ] array (
  'cookie' => 'PHPSESSID=fc9e1d31ea0d7b42839d74d3284ef292; thinkphp_show_page_trace=0|0; pgv_pvi=3100061696; pgv_si=s7196503040',
  'accept-language' => 'zh-CN,zh;q=0.9',
  'accept-encoding' => 'gzip, deflate, br',
  'accept' => 'text/html,application/xhtml+xml,application/xml;q=0.9,image/webp,image/apng,*/*;q=0.8',
  'user-agent' => 'Mozilla/5.0 (Windows NT 10.0; WOW64) AppleWebKit/537.36 (KHTML, like Gecko) Chrome/67.0.3396.62 Safari/537.36',
  'upgrade-insecure-requests' => '1',
  'cache-control' => 'max-age=0',
  'connection' => 'close',
  'host' => 'localhost',
)
[ info ] [ PARAM ] array (
)
[ info ] [ RUN ] app\index\controller\Index->test_think[ D:\Program Files\phpStudy\Thinkphp_5.0.9\app\index\controller\Index.php ]
[ info ] [ VIEW ] D:\Program Files\phpStudy\Thinkphp_5.0.9./app/admin\view\test\test.html [ array (
  0 => 'name',
) ]
[ info ] [ LOG ] INIT File
---------------------------------------------------------------
[ 2018-09-06T21:57:13+08:00 ] ::1 ::1 GET /test_think
[ info ] localhost/test_think [运行时间：0.041862s][吞吐率：23.89req/s] [内存消耗：1,432.77kb] [文件加载：48]
[ info ] [ LANG ] D:\Program Files\phpStudy\Thinkphp_5.0.9\thinkphp\lang\zh-cn.php
[ info ] [ BIND ] 'index/Index'
[ info ] [ ROUTE ] array (
  'type' => 'module',
  'module' => 
  array (
    0 => 'index',
    1 => 'Index',
    2 => 'test_think',
  ),
)
[ info ] [ HEADER ] array (
  'cookie' => 'PHPSESSID=fc9e1d31ea0d7b42839d74d3284ef292; thinkphp_show_page_trace=0|0; pgv_pvi=3100061696; pgv_si=s7196503040',
  'accept-language' => 'zh-CN,zh;q=0.9',
  'accept-encoding' => 'gzip, deflate, br',
  'accept' => 'text/html,application/xhtml+xml,application/xml;q=0.9,image/webp,image/apng,*/*;q=0.8',
  'user-agent' => 'Mozilla/5.0 (Windows NT 10.0; WOW64) AppleWebKit/537.36 (KHTML, like Gecko) Chrome/67.0.3396.62 Safari/537.36',
  'upgrade-insecure-requests' => '1',
  'cache-control' => 'max-age=0',
  'connection' => 'close',
  'host' => 'localhost',
)
[ info ] [ PARAM ] array (
)
[ info ] [ RUN ] app\index\controller\Index->test_think[ D:\Program Files\phpStudy\Thinkphp_5.0.9\app\index\controller\Index.php ]
[ info ] [ LOG ] INIT File
[ error ] [0]模板文件不存在:D:\Program Files\phpStudy\Thinkphp_5.0.9./app/admin\view\test\test.html[D:\Program Files\phpStudy\Thinkphp_5.0.9\thinkphp\library\think\view\driver\Think.php:80]
---------------------------------------------------------------
[ 2018-09-06T21:59:48+08:00 ] ::1 ::1 GET /test_think
[ info ] localhost/test_think [运行时间：0.048203s][吞吐率：20.75req/s] [内存消耗：1,432.69kb] [文件加载：48]
[ info ] [ LANG ] D:\Program Files\phpStudy\Thinkphp_5.0.9\thinkphp\lang\zh-cn.php
[ info ] [ BIND ] 'index/Index'
[ info ] [ ROUTE ] array (
  'type' => 'module',
  'module' => 
  array (
    0 => 'index',
    1 => 'Index',
    2 => 'test_think',
  ),
)
[ info ] [ HEADER ] array (
  'cookie' => 'PHPSESSID=fc9e1d31ea0d7b42839d74d3284ef292; thinkphp_show_page_trace=0|0; pgv_pvi=3100061696; pgv_si=s7196503040',
  'accept-language' => 'zh-CN,zh;q=0.9',
  'accept-encoding' => 'gzip, deflate, br',
  'accept' => 'text/html,application/xhtml+xml,application/xml;q=0.9,image/webp,image/apng,*/*;q=0.8',
  'user-agent' => 'Mozilla/5.0 (Windows NT 10.0; WOW64) AppleWebKit/537.36 (KHTML, like Gecko) Chrome/67.0.3396.62 Safari/537.36',
  'upgrade-insecure-requests' => '1',
  'cache-control' => 'max-age=0',
  'connection' => 'close',
  'host' => 'localhost',
)
[ info ] [ PARAM ] array (
)
[ info ] [ RUN ] app\index\controller\Index->test_think[ D:\Program Files\phpStudy\Thinkphp_5.0.9\app\index\controller\Index.php ]
[ info ] [ LOG ] INIT File
[ error ] [0]模板文件不存在:D:\Program Files\phpStudy\Thinkphp_5.0.9./app/index\view\index\test_think.html[D:\Program Files\phpStudy\Thinkphp_5.0.9\thinkphp\library\think\view\driver\Think.php:80]
---------------------------------------------------------------
[ 2018-09-06T22:01:08+08:00 ] ::1 ::1 GET /test_think
[ info ] localhost/test_think [运行时间：0.053787s][吞吐率：18.59req/s] [内存消耗：1,512.91kb] [文件加载：48]
[ info ] [ LANG ] D:\Program Files\phpStudy\Thinkphp_5.0.9\thinkphp\lang\zh-cn.php
[ info ] [ BIND ] 'index/Index'
[ info ] [ ROUTE ] array (
  'type' => 'module',
  'module' => 
  array (
    0 => 'index',
    1 => 'Index',
    2 => 'test_think',
  ),
)
[ info ] [ HEADER ] array (
  'cookie' => 'PHPSESSID=fc9e1d31ea0d7b42839d74d3284ef292; thinkphp_show_page_trace=0|0; pgv_pvi=3100061696; pgv_si=s7196503040',
  'accept-language' => 'zh-CN,zh;q=0.9',
  'accept-encoding' => 'gzip, deflate, br',
  'accept' => 'text/html,application/xhtml+xml,application/xml;q=0.9,image/webp,image/apng,*/*;q=0.8',
  'user-agent' => 'Mozilla/5.0 (Windows NT 10.0; WOW64) AppleWebKit/537.36 (KHTML, like Gecko) Chrome/67.0.3396.62 Safari/537.36',
  'upgrade-insecure-requests' => '1',
  'cache-control' => 'max-age=0',
  'connection' => 'close',
  'host' => 'localhost',
)
[ info ] [ PARAM ] array (
)
[ info ] [ RUN ] app\index\controller\Index->test_think[ D:\Program Files\phpStudy\Thinkphp_5.0.9\app\index\controller\Index.php ]
[ info ] [ VIEW ] D:\Program Files\phpStudy\Thinkphp_5.0.9./app/index\view\index\test.html [ array (
  0 => 'name',
) ]
[ info ] [ LOG ] INIT File
---------------------------------------------------------------
[ 2018-09-06T22:01:10+08:00 ] ::1 ::1 GET /test_think
[ info ] localhost/test_think [运行时间：0.038349s][吞吐率：26.08req/s] [内存消耗：1,402.92kb] [文件加载：46]
[ info ] [ LANG ] D:\Program Files\phpStudy\Thinkphp_5.0.9\thinkphp\lang\zh-cn.php
[ info ] [ BIND ] 'index/Index'
[ info ] [ ROUTE ] array (
  'type' => 'module',
  'module' => 
  array (
    0 => 'index',
    1 => 'Index',
    2 => 'test_think',
  ),
)
[ info ] [ HEADER ] array (
  'cookie' => 'PHPSESSID=fc9e1d31ea0d7b42839d74d3284ef292; thinkphp_show_page_trace=0|0; pgv_pvi=3100061696; pgv_si=s7196503040',
  'accept-language' => 'zh-CN,zh;q=0.9',
  'accept-encoding' => 'gzip, deflate, br',
  'accept' => 'text/html,application/xhtml+xml,application/xml;q=0.9,image/webp,image/apng,*/*;q=0.8',
  'user-agent' => 'Mozilla/5.0 (Windows NT 10.0; WOW64) AppleWebKit/537.36 (KHTML, like Gecko) Chrome/67.0.3396.62 Safari/537.36',
  'upgrade-insecure-requests' => '1',
  'cache-control' => 'max-age=0',
  'connection' => 'close',
  'host' => 'localhost',
)
[ info ] [ PARAM ] array (
)
[ info ] [ RUN ] app\index\controller\Index->test_think[ D:\Program Files\phpStudy\Thinkphp_5.0.9\app\index\controller\Index.php ]
[ info ] [ VIEW ] D:\Program Files\phpStudy\Thinkphp_5.0.9./app/index\view\index\test.html [ array (
  0 => 'name',
) ]
[ info ] [ LOG ] INIT File
---------------------------------------------------------------
[ 2018-09-06T22:01:10+08:00 ] ::1 ::1 GET /test_think
[ info ] localhost/test_think [运行时间：0.038232s][吞吐率：26.16req/s] [内存消耗：1,402.92kb] [文件加载：46]
[ info ] [ LANG ] D:\Program Files\phpStudy\Thinkphp_5.0.9\thinkphp\lang\zh-cn.php
[ info ] [ BIND ] 'index/Index'
[ info ] [ ROUTE ] array (
  'type' => 'module',
  'module' => 
  array (
    0 => 'index',
    1 => 'Index',
    2 => 'test_think',
  ),
)
[ info ] [ HEADER ] array (
  'cookie' => 'PHPSESSID=fc9e1d31ea0d7b42839d74d3284ef292; thinkphp_show_page_trace=0|0; pgv_pvi=3100061696; pgv_si=s7196503040',
  'accept-language' => 'zh-CN,zh;q=0.9',
  'accept-encoding' => 'gzip, deflate, br',
  'accept' => 'text/html,application/xhtml+xml,application/xml;q=0.9,image/webp,image/apng,*/*;q=0.8',
  'user-agent' => 'Mozilla/5.0 (Windows NT 10.0; WOW64) AppleWebKit/537.36 (KHTML, like Gecko) Chrome/67.0.3396.62 Safari/537.36',
  'upgrade-insecure-requests' => '1',
  'cache-control' => 'max-age=0',
  'connection' => 'close',
  'host' => 'localhost',
)
[ info ] [ PARAM ] array (
)
[ info ] [ RUN ] app\index\controller\Index->test_think[ D:\Program Files\phpStudy\Thinkphp_5.0.9\app\index\controller\Index.php ]
[ info ] [ VIEW ] D:\Program Files\phpStudy\Thinkphp_5.0.9./app/index\view\index\test.html [ array (
  0 => 'name',
) ]
[ info ] [ LOG ] INIT File
---------------------------------------------------------------
[ 2018-09-06T22:01:10+08:00 ] ::1 ::1 GET /test_think
[ info ] localhost/test_think [运行时间：0.037363s][吞吐率：26.76req/s] [内存消耗：1,402.92kb] [文件加载：46]
[ info ] [ LANG ] D:\Program Files\phpStudy\Thinkphp_5.0.9\thinkphp\lang\zh-cn.php
[ info ] [ BIND ] 'index/Index'
[ info ] [ ROUTE ] array (
  'type' => 'module',
  'module' => 
  array (
    0 => 'index',
    1 => 'Index',
    2 => 'test_think',
  ),
)
[ info ] [ HEADER ] array (
  'cookie' => 'PHPSESSID=fc9e1d31ea0d7b42839d74d3284ef292; thinkphp_show_page_trace=0|0; pgv_pvi=3100061696; pgv_si=s7196503040',
  'accept-language' => 'zh-CN,zh;q=0.9',
  'accept-encoding' => 'gzip, deflate, br',
  'accept' => 'text/html,application/xhtml+xml,application/xml;q=0.9,image/webp,image/apng,*/*;q=0.8',
  'user-agent' => 'Mozilla/5.0 (Windows NT 10.0; WOW64) AppleWebKit/537.36 (KHTML, like Gecko) Chrome/67.0.3396.62 Safari/537.36',
  'upgrade-insecure-requests' => '1',
  'cache-control' => 'max-age=0',
  'connection' => 'close',
  'host' => 'localhost',
)
[ info ] [ PARAM ] array (
)
[ info ] [ RUN ] app\index\controller\Index->test_think[ D:\Program Files\phpStudy\Thinkphp_5.0.9\app\index\controller\Index.php ]
[ info ] [ VIEW ] D:\Program Files\phpStudy\Thinkphp_5.0.9./app/index\view\index\test.html [ array (
  0 => 'name',
) ]
[ info ] [ LOG ] INIT File
---------------------------------------------------------------
[ 2018-09-06T22:01:43+08:00 ] ::1 ::1 GET /test_think
[ info ] localhost/test_think [运行时间：0.038662s][吞吐率：25.87req/s] [内存消耗：1,402.98kb] [文件加载：46]
[ info ] [ LANG ] D:\Program Files\phpStudy\Thinkphp_5.0.9\thinkphp\lang\zh-cn.php
[ info ] [ BIND ] 'index/Index'
[ info ] [ ROUTE ] array (
  'type' => 'module',
  'module' => 
  array (
    0 => 'index',
    1 => 'Index',
    2 => 'test_think',
  ),
)
[ info ] [ HEADER ] array (
  'cookie' => 'PHPSESSID=fc9e1d31ea0d7b42839d74d3284ef292; thinkphp_show_page_trace=0|0; pgv_pvi=3100061696; pgv_si=s7196503040',
  'accept-language' => 'zh-CN,zh;q=0.9',
  'accept-encoding' => 'gzip, deflate, br',
  'accept' => 'text/html,application/xhtml+xml,application/xml;q=0.9,image/webp,image/apng,*/*;q=0.8',
  'user-agent' => 'Mozilla/5.0 (Windows NT 10.0; WOW64) AppleWebKit/537.36 (KHTML, like Gecko) Chrome/67.0.3396.62 Safari/537.36',
  'upgrade-insecure-requests' => '1',
  'cache-control' => 'max-age=0',
  'connection' => 'close',
  'host' => 'localhost',
)
[ info ] [ PARAM ] array (
)
[ info ] [ RUN ] app\index\controller\Index->test_think[ D:\Program Files\phpStudy\Thinkphp_5.0.9\app\index\controller\Index.php ]
[ info ] [ VIEW ] D:\Program Files\phpStudy\Thinkphp_5.0.9./app/index\view\index\test.html [ array (
  0 => 'name',
) ]
[ info ] [ LOG ] INIT File
---------------------------------------------------------------
[ 2018-09-06T22:02:02+08:00 ] ::1 ::1 GET /test_think
[ info ] localhost/test_think [运行时间：0.037853s][吞吐率：26.42req/s] [内存消耗：1,403.02kb] [文件加载：46]
[ info ] [ LANG ] D:\Program Files\phpStudy\Thinkphp_5.0.9\thinkphp\lang\zh-cn.php
[ info ] [ BIND ] 'index/Index'
[ info ] [ ROUTE ] array (
  'type' => 'module',
  'module' => 
  array (
    0 => 'index',
    1 => 'Index',
    2 => 'test_think',
  ),
)
[ info ] [ HEADER ] array (
  'cookie' => 'PHPSESSID=fc9e1d31ea0d7b42839d74d3284ef292; thinkphp_show_page_trace=0|0; pgv_pvi=3100061696; pgv_si=s7196503040',
  'accept-language' => 'zh-CN,zh;q=0.9',
  'accept-encoding' => 'gzip, deflate, br',
  'accept' => 'text/html,application/xhtml+xml,application/xml;q=0.9,image/webp,image/apng,*/*;q=0.8',
  'user-agent' => 'Mozilla/5.0 (Windows NT 10.0; WOW64) AppleWebKit/537.36 (KHTML, like Gecko) Chrome/67.0.3396.62 Safari/537.36',
  'upgrade-insecure-requests' => '1',
  'cache-control' => 'max-age=0',
  'connection' => 'close',
  'host' => 'localhost',
)
[ info ] [ PARAM ] array (
)
[ info ] [ RUN ] app\index\controller\Index->test_think[ D:\Program Files\phpStudy\Thinkphp_5.0.9\app\index\controller\Index.php ]
[ info ] [ VIEW ] D:\Program Files\phpStudy\Thinkphp_5.0.9./app/index\view\test\test.html [ array (
  0 => 'name',
) ]
[ info ] [ LOG ] INIT File
---------------------------------------------------------------
[ 2018-09-06T22:02:03+08:00 ] ::1 ::1 GET /test_think
[ info ] localhost/test_think [运行时间：0.037108s][吞吐率：26.95req/s] [内存消耗：1,403.02kb] [文件加载：46]
[ info ] [ LANG ] D:\Program Files\phpStudy\Thinkphp_5.0.9\thinkphp\lang\zh-cn.php
[ info ] [ BIND ] 'index/Index'
[ info ] [ ROUTE ] array (
  'type' => 'module',
  'module' => 
  array (
    0 => 'index',
    1 => 'Index',
    2 => 'test_think',
  ),
)
[ info ] [ HEADER ] array (
  'cookie' => 'PHPSESSID=fc9e1d31ea0d7b42839d74d3284ef292; thinkphp_show_page_trace=0|0; pgv_pvi=3100061696; pgv_si=s7196503040',
  'accept-language' => 'zh-CN,zh;q=0.9',
  'accept-encoding' => 'gzip, deflate, br',
  'accept' => 'text/html,application/xhtml+xml,application/xml;q=0.9,image/webp,image/apng,*/*;q=0.8',
  'user-agent' => 'Mozilla/5.0 (Windows NT 10.0; WOW64) AppleWebKit/537.36 (KHTML, like Gecko) Chrome/67.0.3396.62 Safari/537.36',
  'upgrade-insecure-requests' => '1',
  'cache-control' => 'max-age=0',
  'connection' => 'close',
  'host' => 'localhost',
)
[ info ] [ PARAM ] array (
)
[ info ] [ RUN ] app\index\controller\Index->test_think[ D:\Program Files\phpStudy\Thinkphp_5.0.9\app\index\controller\Index.php ]
[ info ] [ VIEW ] D:\Program Files\phpStudy\Thinkphp_5.0.9./app/index\view\test\test.html [ array (
  0 => 'name',
) ]
[ info ] [ LOG ] INIT File
---------------------------------------------------------------
[ 2018-09-06T22:02:03+08:00 ] ::1 ::1 GET /test_think
[ info ] localhost/test_think [运行时间：0.036750s][吞吐率：27.21req/s] [内存消耗：1,403.02kb] [文件加载：46]
[ info ] [ LANG ] D:\Program Files\phpStudy\Thinkphp_5.0.9\thinkphp\lang\zh-cn.php
[ info ] [ BIND ] 'index/Index'
[ info ] [ ROUTE ] array (
  'type' => 'module',
  'module' => 
  array (
    0 => 'index',
    1 => 'Index',
    2 => 'test_think',
  ),
)
[ info ] [ HEADER ] array (
  'cookie' => 'PHPSESSID=fc9e1d31ea0d7b42839d74d3284ef292; thinkphp_show_page_trace=0|0; pgv_pvi=3100061696; pgv_si=s7196503040',
  'accept-language' => 'zh-CN,zh;q=0.9',
  'accept-encoding' => 'gzip, deflate, br',
  'accept' => 'text/html,application/xhtml+xml,application/xml;q=0.9,image/webp,image/apng,*/*;q=0.8',
  'user-agent' => 'Mozilla/5.0 (Windows NT 10.0; WOW64) AppleWebKit/537.36 (KHTML, like Gecko) Chrome/67.0.3396.62 Safari/537.36',
  'upgrade-insecure-requests' => '1',
  'cache-control' => 'max-age=0',
  'connection' => 'close',
  'host' => 'localhost',
)
[ info ] [ PARAM ] array (
)
[ info ] [ RUN ] app\index\controller\Index->test_think[ D:\Program Files\phpStudy\Thinkphp_5.0.9\app\index\controller\Index.php ]
[ info ] [ VIEW ] D:\Program Files\phpStudy\Thinkphp_5.0.9./app/index\view\test\test.html [ array (
  0 => 'name',
) ]
[ info ] [ LOG ] INIT File
---------------------------------------------------------------
[ 2018-09-06T22:02:25+08:00 ] ::1 ::1 GET /test_think
[ info ] localhost/test_think [运行时间：0.043541s][吞吐率：22.97req/s] [内存消耗：1,513.01kb] [文件加载：48]
[ info ] [ LANG ] D:\Program Files\phpStudy\Thinkphp_5.0.9\thinkphp\lang\zh-cn.php
[ info ] [ BIND ] 'index/Index'
[ info ] [ ROUTE ] array (
  'type' => 'module',
  'module' => 
  array (
    0 => 'index',
    1 => 'Index',
    2 => 'test_think',
  ),
)
[ info ] [ HEADER ] array (
  'cookie' => 'PHPSESSID=fc9e1d31ea0d7b42839d74d3284ef292; thinkphp_show_page_trace=0|0; pgv_pvi=3100061696; pgv_si=s7196503040',
  'accept-language' => 'zh-CN,zh;q=0.9',
  'accept-encoding' => 'gzip, deflate, br',
  'accept' => 'text/html,application/xhtml+xml,application/xml;q=0.9,image/webp,image/apng,*/*;q=0.8',
  'user-agent' => 'Mozilla/5.0 (Windows NT 10.0; WOW64) AppleWebKit/537.36 (KHTML, like Gecko) Chrome/67.0.3396.62 Safari/537.36',
  'upgrade-insecure-requests' => '1',
  'cache-control' => 'max-age=0',
  'connection' => 'close',
  'host' => 'localhost',
)
[ info ] [ PARAM ] array (
)
[ info ] [ RUN ] app\index\controller\Index->test_think[ D:\Program Files\phpStudy\Thinkphp_5.0.9\app\index\controller\Index.php ]
[ info ] [ VIEW ] D:\Program Files\phpStudy\Thinkphp_5.0.9./app/index\view\test\test.html [ array (
  0 => 'name',
) ]
[ info ] [ LOG ] INIT File
---------------------------------------------------------------
[ 2018-09-06T22:03:06+08:00 ] ::1 ::1 GET /test_think
[ info ] localhost/test_think [运行时间：0.049977s][吞吐率：20.01req/s] [内存消耗：1,513.01kb] [文件加载：48]
[ info ] [ LANG ] D:\Program Files\phpStudy\Thinkphp_5.0.9\thinkphp\lang\zh-cn.php
[ info ] [ BIND ] 'index/Index'
[ info ] [ ROUTE ] array (
  'type' => 'module',
  'module' => 
  array (
    0 => 'index',
    1 => 'Index',
    2 => 'test_think',
  ),
)
[ info ] [ HEADER ] array (
  'cookie' => 'PHPSESSID=fc9e1d31ea0d7b42839d74d3284ef292; thinkphp_show_page_trace=0|0; pgv_pvi=3100061696; pgv_si=s7196503040',
  'accept-language' => 'zh-CN,zh;q=0.9',
  'accept-encoding' => 'gzip, deflate, br',
  'accept' => 'text/html,application/xhtml+xml,application/xml;q=0.9,image/webp,image/apng,*/*;q=0.8',
  'user-agent' => 'Mozilla/5.0 (Windows NT 10.0; WOW64) AppleWebKit/537.36 (KHTML, like Gecko) Chrome/67.0.3396.62 Safari/537.36',
  'upgrade-insecure-requests' => '1',
  'cache-control' => 'max-age=0',
  'connection' => 'close',
  'host' => 'localhost',
)
[ info ] [ PARAM ] array (
)
[ info ] [ RUN ] app\index\controller\Index->test_think[ D:\Program Files\phpStudy\Thinkphp_5.0.9\app\index\controller\Index.php ]
[ info ] [ VIEW ] D:\Program Files\phpStudy\Thinkphp_5.0.9./app/admin\view\test\test.html [ array (
  0 => 'name',
) ]
[ info ] [ LOG ] INIT File
---------------------------------------------------------------
[ 2018-09-06T22:03:51+08:00 ] ::1 ::1 GET /test_think
[ info ] localhost/test_think [运行时间：0.038782s][吞吐率：25.79req/s] [内存消耗：1,513.01kb] [文件加载：48]
[ info ] [ LANG ] D:\Program Files\phpStudy\Thinkphp_5.0.9\thinkphp\lang\zh-cn.php
[ info ] [ BIND ] 'index/Index'
[ info ] [ ROUTE ] array (
  'type' => 'module',
  'module' => 
  array (
    0 => 'index',
    1 => 'Index',
    2 => 'test_think',
  ),
)
[ info ] [ HEADER ] array (
  'cookie' => 'PHPSESSID=fc9e1d31ea0d7b42839d74d3284ef292; thinkphp_show_page_trace=0|0; pgv_pvi=3100061696; pgv_si=s7196503040',
  'accept-language' => 'zh-CN,zh;q=0.9',
  'accept-encoding' => 'gzip, deflate, br',
  'accept' => 'text/html,application/xhtml+xml,application/xml;q=0.9,image/webp,image/apng,*/*;q=0.8',
  'user-agent' => 'Mozilla/5.0 (Windows NT 10.0; WOW64) AppleWebKit/537.36 (KHTML, like Gecko) Chrome/67.0.3396.62 Safari/537.36',
  'upgrade-insecure-requests' => '1',
  'cache-control' => 'max-age=0',
  'connection' => 'close',
  'host' => 'localhost',
)
[ info ] [ PARAM ] array (
)
[ info ] [ RUN ] app\index\controller\Index->test_think[ D:\Program Files\phpStudy\Thinkphp_5.0.9\app\index\controller\Index.php ]
[ info ] [ VIEW ] D:\Program Files\phpStudy\Thinkphp_5.0.9./app/admin\view\test\test.html [ array (
  0 => 'name',
) ]
[ info ] [ LOG ] INIT File
---------------------------------------------------------------
[ 2018-09-06T22:05:21+08:00 ] ::1 ::1 GET /test_think
[ info ] localhost/test_think [运行时间：0.057836s][吞吐率：17.29req/s] [内存消耗：1,512.98kb] [文件加载：48]
[ info ] [ LANG ] D:\Program Files\phpStudy\Thinkphp_5.0.9\thinkphp\lang\zh-cn.php
[ info ] [ BIND ] 'index/Index'
[ info ] [ ROUTE ] array (
  'type' => 'module',
  'module' => 
  array (
    0 => 'index',
    1 => 'Index',
    2 => 'test_think',
  ),
)
[ info ] [ HEADER ] array (
  'cookie' => 'PHPSESSID=fc9e1d31ea0d7b42839d74d3284ef292; thinkphp_show_page_trace=0|0; pgv_pvi=3100061696; pgv_si=s7196503040',
  'accept-language' => 'zh-CN,zh;q=0.9',
  'accept-encoding' => 'gzip, deflate, br',
  'accept' => 'text/html,application/xhtml+xml,application/xml;q=0.9,image/webp,image/apng,*/*;q=0.8',
  'user-agent' => 'Mozilla/5.0 (Windows NT 10.0; WOW64) AppleWebKit/537.36 (KHTML, like Gecko) Chrome/67.0.3396.62 Safari/537.36',
  'upgrade-insecure-requests' => '1',
  'cache-control' => 'max-age=0',
  'connection' => 'close',
  'host' => 'localhost',
)
[ info ] [ PARAM ] array (
)
[ info ] [ RUN ] app\index\controller\Index->test_think[ D:\Program Files\phpStudy\Thinkphp_5.0.9\app\index\controller\Index.php ]
[ info ] [ VIEW ] ./template/test/test.html [ array (
  0 => 'name',
) ]
[ info ] [ LOG ] INIT File
---------------------------------------------------------------
[ 2018-09-06T22:05:36+08:00 ] ::1 ::1 GET /test_think
[ info ] localhost/test_think [运行时间：0.053127s][吞吐率：18.82req/s] [内存消耗：1,512.98kb] [文件加载：48]
[ info ] [ LANG ] D:\Program Files\phpStudy\Thinkphp_5.0.9\thinkphp\lang\zh-cn.php
[ info ] [ BIND ] 'index/Index'
[ info ] [ ROUTE ] array (
  'type' => 'module',
  'module' => 
  array (
    0 => 'index',
    1 => 'Index',
    2 => 'test_think',
  ),
)
[ info ] [ HEADER ] array (
  'cookie' => 'PHPSESSID=fc9e1d31ea0d7b42839d74d3284ef292; thinkphp_show_page_trace=0|0; pgv_pvi=3100061696; pgv_si=s7196503040',
  'accept-language' => 'zh-CN,zh;q=0.9',
  'accept-encoding' => 'gzip, deflate, br',
  'accept' => 'text/html,application/xhtml+xml,application/xml;q=0.9,image/webp,image/apng,*/*;q=0.8',
  'user-agent' => 'Mozilla/5.0 (Windows NT 10.0; WOW64) AppleWebKit/537.36 (KHTML, like Gecko) Chrome/67.0.3396.62 Safari/537.36',
  'upgrade-insecure-requests' => '1',
  'cache-control' => 'max-age=0',
  'connection' => 'close',
  'host' => 'localhost',
)
[ info ] [ PARAM ] array (
)
[ info ] [ RUN ] app\index\controller\Index->test_think[ D:\Program Files\phpStudy\Thinkphp_5.0.9\app\index\controller\Index.php ]
[ info ] [ VIEW ] ./template/test/test.html [ array (
  0 => 'name',
) ]
[ info ] [ LOG ] INIT File
---------------------------------------------------------------
[ 2018-09-06T22:20:57+08:00 ] ::1 ::1 GET /test_think
[ info ] localhost/test_think [运行时间：0.172114s][吞吐率：5.81req/s] [内存消耗：1,513.50kb] [文件加载：48]
[ info ] [ LANG ] D:\Program Files\phpStudy\Thinkphp_5.0.9\thinkphp\lang\zh-cn.php
[ info ] [ BIND ] 'index/Index'
[ info ] [ ROUTE ] array (
  'type' => 'module',
  'module' => 
  array (
    0 => 'index',
    1 => 'Index',
    2 => 'test_think',
  ),
)
[ info ] [ HEADER ] array (
  'cookie' => 'PHPSESSID=fc9e1d31ea0d7b42839d74d3284ef292; thinkphp_show_page_trace=0|0; pgv_pvi=3100061696; pgv_si=s7196503040',
  'accept-language' => 'zh-CN,zh;q=0.9',
  'accept-encoding' => 'gzip, deflate, br',
  'accept' => 'text/html,application/xhtml+xml,application/xml;q=0.9,image/webp,image/apng,*/*;q=0.8',
  'user-agent' => 'Mozilla/5.0 (Windows NT 10.0; WOW64) AppleWebKit/537.36 (KHTML, like Gecko) Chrome/67.0.3396.62 Safari/537.36',
  'upgrade-insecure-requests' => '1',
  'cache-control' => 'max-age=0',
  'connection' => 'close',
  'host' => 'localhost',
)
[ info ] [ PARAM ] array (
)
[ info ] [ RUN ] app\index\controller\Index->test_think[ D:\Program Files\phpStudy\Thinkphp_5.0.9\app\index\controller\Index.php ]
[ info ] [ VIEW ] ./template/test/test.html [ array (
  0 => 'name',
) ]
[ info ] [ LOG ] INIT File
---------------------------------------------------------------
[ 2018-09-06T22:20:57+08:00 ] ::1 ::1 GET /test_think
[ info ] localhost/test_think [运行时间：0.035333s][吞吐率：28.30req/s] [内存消耗：1,402.96kb] [文件加载：46]
[ info ] [ LANG ] D:\Program Files\phpStudy\Thinkphp_5.0.9\thinkphp\lang\zh-cn.php
[ info ] [ BIND ] 'index/Index'
[ info ] [ ROUTE ] array (
  'type' => 'module',
  'module' => 
  array (
    0 => 'index',
    1 => 'Index',
    2 => 'test_think',
  ),
)
[ info ] [ HEADER ] array (
  'cookie' => 'PHPSESSID=fc9e1d31ea0d7b42839d74d3284ef292; thinkphp_show_page_trace=0|0; pgv_pvi=3100061696; pgv_si=s7196503040',
  'accept-language' => 'zh-CN,zh;q=0.9',
  'accept-encoding' => 'gzip, deflate, br',
  'accept' => 'text/html,application/xhtml+xml,application/xml;q=0.9,image/webp,image/apng,*/*;q=0.8',
  'user-agent' => 'Mozilla/5.0 (Windows NT 10.0; WOW64) AppleWebKit/537.36 (KHTML, like Gecko) Chrome/67.0.3396.62 Safari/537.36',
  'upgrade-insecure-requests' => '1',
  'cache-control' => 'max-age=0',
  'connection' => 'close',
  'host' => 'localhost',
)
[ info ] [ PARAM ] array (
)
[ info ] [ RUN ] app\index\controller\Index->test_think[ D:\Program Files\phpStudy\Thinkphp_5.0.9\app\index\controller\Index.php ]
[ info ] [ VIEW ] ./template/test/test.html [ array (
  0 => 'name',
) ]
[ info ] [ LOG ] INIT File
---------------------------------------------------------------
[ 2018-09-06T22:20:58+08:00 ] ::1 ::1 GET /test_think
[ info ] localhost/test_think [运行时间：0.039684s][吞吐率：25.20req/s] [内存消耗：1,402.96kb] [文件加载：46]
[ info ] [ LANG ] D:\Program Files\phpStudy\Thinkphp_5.0.9\thinkphp\lang\zh-cn.php
[ info ] [ BIND ] 'index/Index'
[ info ] [ ROUTE ] array (
  'type' => 'module',
  'module' => 
  array (
    0 => 'index',
    1 => 'Index',
    2 => 'test_think',
  ),
)
[ info ] [ HEADER ] array (
  'cookie' => 'PHPSESSID=fc9e1d31ea0d7b42839d74d3284ef292; thinkphp_show_page_trace=0|0; pgv_pvi=3100061696; pgv_si=s7196503040',
  'accept-language' => 'zh-CN,zh;q=0.9',
  'accept-encoding' => 'gzip, deflate, br',
  'accept' => 'text/html,application/xhtml+xml,application/xml;q=0.9,image/webp,image/apng,*/*;q=0.8',
  'user-agent' => 'Mozilla/5.0 (Windows NT 10.0; WOW64) AppleWebKit/537.36 (KHTML, like Gecko) Chrome/67.0.3396.62 Safari/537.36',
  'upgrade-insecure-requests' => '1',
  'cache-control' => 'max-age=0',
  'connection' => 'close',
  'host' => 'localhost',
)
[ info ] [ PARAM ] array (
)
[ info ] [ RUN ] app\index\controller\Index->test_think[ D:\Program Files\phpStudy\Thinkphp_5.0.9\app\index\controller\Index.php ]
[ info ] [ VIEW ] ./template/test/test.html [ array (
  0 => 'name',
) ]
[ info ] [ LOG ] INIT File
---------------------------------------------------------------
[ 2018-09-06T22:21:18+08:00 ] ::1 ::1 GET /test_think
[ info ] localhost/test_think [运行时间：0.071894s][吞吐率：13.91req/s] [内存消耗：1,513.48kb] [文件加载：48]
[ info ] [ LANG ] D:\Program Files\phpStudy\Thinkphp_5.0.9\thinkphp\lang\zh-cn.php
[ info ] [ BIND ] 'index/Index'
[ info ] [ ROUTE ] array (
  'type' => 'module',
  'module' => 
  array (
    0 => 'index',
    1 => 'Index',
    2 => 'test_think',
  ),
)
[ info ] [ HEADER ] array (
  'cookie' => 'PHPSESSID=fc9e1d31ea0d7b42839d74d3284ef292; thinkphp_show_page_trace=0|0; pgv_pvi=3100061696; pgv_si=s7196503040',
  'accept-language' => 'zh-CN,zh;q=0.9',
  'accept-encoding' => 'gzip, deflate, br',
  'accept' => 'text/html,application/xhtml+xml,application/xml;q=0.9,image/webp,image/apng,*/*;q=0.8',
  'user-agent' => 'Mozilla/5.0 (Windows NT 10.0; WOW64) AppleWebKit/537.36 (KHTML, like Gecko) Chrome/67.0.3396.62 Safari/537.36',
  'upgrade-insecure-requests' => '1',
  'cache-control' => 'max-age=0',
  'connection' => 'close',
  'host' => 'localhost',
)
[ info ] [ PARAM ] array (
)
[ info ] [ RUN ] app\index\controller\Index->test_think[ D:\Program Files\phpStudy\Thinkphp_5.0.9\app\index\controller\Index.php ]
[ info ] [ VIEW ] ./template/test/test.html [ array (
  0 => 'name',
) ]
[ info ] [ LOG ] INIT File
---------------------------------------------------------------
[ 2018-09-06T22:21:35+08:00 ] ::1 ::1 GET /test_think
[ info ] localhost/test_think [运行时间：0.044999s][吞吐率：22.22req/s] [内存消耗：1,513.70kb] [文件加载：48]
[ info ] [ LANG ] D:\Program Files\phpStudy\Thinkphp_5.0.9\thinkphp\lang\zh-cn.php
[ info ] [ BIND ] 'index/Index'
[ info ] [ ROUTE ] array (
  'type' => 'module',
  'module' => 
  array (
    0 => 'index',
    1 => 'Index',
    2 => 'test_think',
  ),
)
[ info ] [ HEADER ] array (
  'cookie' => 'PHPSESSID=fc9e1d31ea0d7b42839d74d3284ef292; thinkphp_show_page_trace=0|0; pgv_pvi=3100061696; pgv_si=s7196503040',
  'accept-language' => 'zh-CN,zh;q=0.9',
  'accept-encoding' => 'gzip, deflate, br',
  'accept' => 'text/html,application/xhtml+xml,application/xml;q=0.9,image/webp,image/apng,*/*;q=0.8',
  'user-agent' => 'Mozilla/5.0 (Windows NT 10.0; WOW64) AppleWebKit/537.36 (KHTML, like Gecko) Chrome/67.0.3396.62 Safari/537.36',
  'upgrade-insecure-requests' => '1',
  'cache-control' => 'max-age=0',
  'connection' => 'close',
  'host' => 'localhost',
)
[ info ] [ PARAM ] array (
)
[ info ] [ RUN ] app\index\controller\Index->test_think[ D:\Program Files\phpStudy\Thinkphp_5.0.9\app\index\controller\Index.php ]
[ info ] [ VIEW ] ./template/test/test.html [ array (
  0 => 'name',
) ]
[ info ] [ LOG ] INIT File
---------------------------------------------------------------
[ 2018-09-06T22:21:55+08:00 ] ::1 ::1 GET /test_think
[ info ] localhost/test_think [运行时间：0.048478s][吞吐率：20.63req/s] [内存消耗：1,513.91kb] [文件加载：48]
[ info ] [ LANG ] D:\Program Files\phpStudy\Thinkphp_5.0.9\thinkphp\lang\zh-cn.php
[ info ] [ BIND ] 'index/Index'
[ info ] [ ROUTE ] array (
  'type' => 'module',
  'module' => 
  array (
    0 => 'index',
    1 => 'Index',
    2 => 'test_think',
  ),
)
[ info ] [ HEADER ] array (
  'cookie' => 'PHPSESSID=fc9e1d31ea0d7b42839d74d3284ef292; thinkphp_show_page_trace=0|0; pgv_pvi=3100061696; pgv_si=s7196503040',
  'accept-language' => 'zh-CN,zh;q=0.9',
  'accept-encoding' => 'gzip, deflate, br',
  'accept' => 'text/html,application/xhtml+xml,application/xml;q=0.9,image/webp,image/apng,*/*;q=0.8',
  'user-agent' => 'Mozilla/5.0 (Windows NT 10.0; WOW64) AppleWebKit/537.36 (KHTML, like Gecko) Chrome/67.0.3396.62 Safari/537.36',
  'upgrade-insecure-requests' => '1',
  'cache-control' => 'max-age=0',
  'connection' => 'close',
  'host' => 'localhost',
)
[ info ] [ PARAM ] array (
)
[ info ] [ RUN ] app\index\controller\Index->test_think[ D:\Program Files\phpStudy\Thinkphp_5.0.9\app\index\controller\Index.php ]
[ info ] [ VIEW ] ./template/test/test.html [ array (
  0 => 'name',
) ]
[ info ] [ LOG ] INIT File
---------------------------------------------------------------
[ 2018-09-06T22:22:17+08:00 ] ::1 ::1 GET /test_think
[ info ] localhost/test_think [运行时间：0.045789s][吞吐率：21.84req/s] [内存消耗：1,514.13kb] [文件加载：48]
[ info ] [ LANG ] D:\Program Files\phpStudy\Thinkphp_5.0.9\thinkphp\lang\zh-cn.php
[ info ] [ BIND ] 'index/Index'
[ info ] [ ROUTE ] array (
  'type' => 'module',
  'module' => 
  array (
    0 => 'index',
    1 => 'Index',
    2 => 'test_think',
  ),
)
[ info ] [ HEADER ] array (
  'cookie' => 'PHPSESSID=fc9e1d31ea0d7b42839d74d3284ef292; thinkphp_show_page_trace=0|0; pgv_pvi=3100061696; pgv_si=s7196503040',
  'accept-language' => 'zh-CN,zh;q=0.9',
  'accept-encoding' => 'gzip, deflate, br',
  'accept' => 'text/html,application/xhtml+xml,application/xml;q=0.9,image/webp,image/apng,*/*;q=0.8',
  'user-agent' => 'Mozilla/5.0 (Windows NT 10.0; WOW64) AppleWebKit/537.36 (KHTML, like Gecko) Chrome/67.0.3396.62 Safari/537.36',
  'upgrade-insecure-requests' => '1',
  'cache-control' => 'max-age=0',
  'connection' => 'close',
  'host' => 'localhost',
)
[ info ] [ PARAM ] array (
)
[ info ] [ RUN ] app\index\controller\Index->test_think[ D:\Program Files\phpStudy\Thinkphp_5.0.9\app\index\controller\Index.php ]
[ info ] [ VIEW ] ./template/test/test.html [ array (
  0 => 'name',
) ]
[ info ] [ LOG ] INIT File
---------------------------------------------------------------
[ 2018-09-06T22:22:37+08:00 ] ::1 ::1 GET /test_think
[ info ] localhost/test_think [运行时间：0.047587s][吞吐率：21.01req/s] [内存消耗：1,514.22kb] [文件加载：48]
[ info ] [ LANG ] D:\Program Files\phpStudy\Thinkphp_5.0.9\thinkphp\lang\zh-cn.php
[ info ] [ BIND ] 'index/Index'
[ info ] [ ROUTE ] array (
  'type' => 'module',
  'module' => 
  array (
    0 => 'index',
    1 => 'Index',
    2 => 'test_think',
  ),
)
[ info ] [ HEADER ] array (
  'cookie' => 'PHPSESSID=fc9e1d31ea0d7b42839d74d3284ef292; thinkphp_show_page_trace=0|0; pgv_pvi=3100061696; pgv_si=s7196503040',
  'accept-language' => 'zh-CN,zh;q=0.9',
  'accept-encoding' => 'gzip, deflate, br',
  'accept' => 'text/html,application/xhtml+xml,application/xml;q=0.9,image/webp,image/apng,*/*;q=0.8',
  'user-agent' => 'Mozilla/5.0 (Windows NT 10.0; WOW64) AppleWebKit/537.36 (KHTML, like Gecko) Chrome/67.0.3396.62 Safari/537.36',
  'upgrade-insecure-requests' => '1',
  'cache-control' => 'max-age=0',
  'connection' => 'close',
  'host' => 'localhost',
)
[ info ] [ PARAM ] array (
)
[ info ] [ RUN ] app\index\controller\Index->test_think[ D:\Program Files\phpStudy\Thinkphp_5.0.9\app\index\controller\Index.php ]
[ info ] [ VIEW ] ./template/test/test.html [ array (
  0 => 'name',
) ]
[ info ] [ LOG ] INIT File
---------------------------------------------------------------
[ 2018-09-06T22:22:57+08:00 ] ::1 ::1 GET /test_think
[ info ] localhost/test_think [运行时间：0.046785s][吞吐率：21.37req/s] [内存消耗：1,514.43kb] [文件加载：48]
[ info ] [ LANG ] D:\Program Files\phpStudy\Thinkphp_5.0.9\thinkphp\lang\zh-cn.php
[ info ] [ BIND ] 'index/Index'
[ info ] [ ROUTE ] array (
  'type' => 'module',
  'module' => 
  array (
    0 => 'index',
    1 => 'Index',
    2 => 'test_think',
  ),
)
[ info ] [ HEADER ] array (
  'cookie' => 'PHPSESSID=fc9e1d31ea0d7b42839d74d3284ef292; thinkphp_show_page_trace=0|0; pgv_pvi=3100061696; pgv_si=s7196503040',
  'accept-language' => 'zh-CN,zh;q=0.9',
  'accept-encoding' => 'gzip, deflate, br',
  'accept' => 'text/html,application/xhtml+xml,application/xml;q=0.9,image/webp,image/apng,*/*;q=0.8',
  'user-agent' => 'Mozilla/5.0 (Windows NT 10.0; WOW64) AppleWebKit/537.36 (KHTML, like Gecko) Chrome/67.0.3396.62 Safari/537.36',
  'upgrade-insecure-requests' => '1',
  'cache-control' => 'max-age=0',
  'connection' => 'close',
  'host' => 'localhost',
)
[ info ] [ PARAM ] array (
)
[ info ] [ RUN ] app\index\controller\Index->test_think[ D:\Program Files\phpStudy\Thinkphp_5.0.9\app\index\controller\Index.php ]
[ info ] [ VIEW ] ./template/test/test.html [ array (
  0 => 'name',
) ]
[ info ] [ LOG ] INIT File
---------------------------------------------------------------
[ 2018-09-06T22:23:00+08:00 ] ::1 ::1 GET /test_think.html
[ info ] localhost/test_think.html [运行时间：0.035709s][吞吐率：28.00req/s] [内存消耗：1,402.70kb] [文件加载：46]
[ info ] [ LANG ] D:\Program Files\phpStudy\Thinkphp_5.0.9\thinkphp\lang\zh-cn.php
[ info ] [ BIND ] 'index/Index'
[ info ] [ ROUTE ] array (
  'type' => 'module',
  'module' => 
  array (
    0 => 'index',
    1 => 'Index',
    2 => 'test_think',
  ),
)
[ info ] [ HEADER ] array (
  'cookie' => 'PHPSESSID=fc9e1d31ea0d7b42839d74d3284ef292; thinkphp_show_page_trace=0|0; pgv_pvi=3100061696; pgv_si=s7196503040',
  'accept-language' => 'zh-CN,zh;q=0.9',
  'accept-encoding' => 'gzip, deflate, br',
  'accept' => 'text/html,application/xhtml+xml,application/xml;q=0.9,image/webp,image/apng,*/*;q=0.8',
  'user-agent' => 'Mozilla/5.0 (Windows NT 10.0; WOW64) AppleWebKit/537.36 (KHTML, like Gecko) Chrome/67.0.3396.62 Safari/537.36',
  'upgrade-insecure-requests' => '1',
  'connection' => 'close',
  'host' => 'localhost',
)
[ info ] [ PARAM ] array (
)
[ info ] [ RUN ] app\index\controller\Index->test_think[ D:\Program Files\phpStudy\Thinkphp_5.0.9\app\index\controller\Index.php ]
[ info ] [ VIEW ] ./template/test/test.html [ array (
  0 => 'name',
) ]
[ info ] [ LOG ] INIT File
---------------------------------------------------------------
[ 2018-09-06T22:23:23+08:00 ] ::1 ::1 GET /test_think.html
[ info ] localhost/test_think.html [运行时间：0.041952s][吞吐率：23.84req/s] [内存消耗：1,515.06kb] [文件加载：48]
[ info ] [ LANG ] D:\Program Files\phpStudy\Thinkphp_5.0.9\thinkphp\lang\zh-cn.php
[ info ] [ BIND ] 'index/Index'
[ info ] [ ROUTE ] array (
  'type' => 'module',
  'module' => 
  array (
    0 => 'index',
    1 => 'Index',
    2 => 'test_think',
  ),
)
[ info ] [ HEADER ] array (
  'cookie' => 'PHPSESSID=fc9e1d31ea0d7b42839d74d3284ef292; thinkphp_show_page_trace=0|0; pgv_pvi=3100061696; pgv_si=s7196503040',
  'accept-language' => 'zh-CN,zh;q=0.9',
  'accept-encoding' => 'gzip, deflate, br',
  'accept' => 'text/html,application/xhtml+xml,application/xml;q=0.9,image/webp,image/apng,*/*;q=0.8',
  'user-agent' => 'Mozilla/5.0 (Windows NT 10.0; WOW64) AppleWebKit/537.36 (KHTML, like Gecko) Chrome/67.0.3396.62 Safari/537.36',
  'upgrade-insecure-requests' => '1',
  'cache-control' => 'max-age=0',
  'connection' => 'close',
  'host' => 'localhost',
)
[ info ] [ PARAM ] array (
)
[ info ] [ RUN ] app\index\controller\Index->test_think[ D:\Program Files\phpStudy\Thinkphp_5.0.9\app\index\controller\Index.php ]
[ info ] [ VIEW ] ./template/test/test.html [ array (
  0 => 'name',
) ]
[ info ] [ LOG ] INIT File
---------------------------------------------------------------
[ 2018-09-06T22:23:59+08:00 ] ::1 ::1 GET /test_think.html
[ info ] localhost/test_think.html [运行时间：0.055779s][吞吐率：17.93req/s] [内存消耗：1,515.56kb] [文件加载：48]
[ info ] [ LANG ] D:\Program Files\phpStudy\Thinkphp_5.0.9\thinkphp\lang\zh-cn.php
[ info ] [ BIND ] 'index/Index'
[ info ] [ ROUTE ] array (
  'type' => 'module',
  'module' => 
  array (
    0 => 'index',
    1 => 'Index',
    2 => 'test_think',
  ),
)
[ info ] [ HEADER ] array (
  'cookie' => 'PHPSESSID=fc9e1d31ea0d7b42839d74d3284ef292; thinkphp_show_page_trace=0|0; pgv_pvi=3100061696; pgv_si=s7196503040',
  'accept-language' => 'zh-CN,zh;q=0.9',
  'accept-encoding' => 'gzip, deflate, br',
  'accept' => 'text/html,application/xhtml+xml,application/xml;q=0.9,image/webp,image/apng,*/*;q=0.8',
  'user-agent' => 'Mozilla/5.0 (Windows NT 10.0; WOW64) AppleWebKit/537.36 (KHTML, like Gecko) Chrome/67.0.3396.62 Safari/537.36',
  'upgrade-insecure-requests' => '1',
  'cache-control' => 'max-age=0',
  'connection' => 'close',
  'host' => 'localhost',
)
[ info ] [ PARAM ] array (
)
[ info ] [ RUN ] app\index\controller\Index->test_think[ D:\Program Files\phpStudy\Thinkphp_5.0.9\app\index\controller\Index.php ]
[ info ] [ VIEW ] ./template/test/test.html [ array (
  0 => 'name',
) ]
[ info ] [ LOG ] INIT File
---------------------------------------------------------------
[ 2018-09-06T22:25:01+08:00 ] ::1 ::1 GET /test_think.html
[ info ] localhost/test_think.html [运行时间：0.046755s][吞吐率：21.39req/s] [内存消耗：1,515.65kb] [文件加载：48]
[ info ] [ LANG ] D:\Program Files\phpStudy\Thinkphp_5.0.9\thinkphp\lang\zh-cn.php
[ info ] [ BIND ] 'index/Index'
[ info ] [ ROUTE ] array (
  'type' => 'module',
  'module' => 
  array (
    0 => 'index',
    1 => 'Index',
    2 => 'test_think',
  ),
)
[ info ] [ HEADER ] array (
  'cookie' => 'PHPSESSID=fc9e1d31ea0d7b42839d74d3284ef292; thinkphp_show_page_trace=0|0; pgv_pvi=3100061696; pgv_si=s7196503040',
  'accept-language' => 'zh-CN,zh;q=0.9',
  'accept-encoding' => 'gzip, deflate, br',
  'accept' => 'text/html,application/xhtml+xml,application/xml;q=0.9,image/webp,image/apng,*/*;q=0.8',
  'user-agent' => 'Mozilla/5.0 (Windows NT 10.0; WOW64) AppleWebKit/537.36 (KHTML, like Gecko) Chrome/67.0.3396.62 Safari/537.36',
  'upgrade-insecure-requests' => '1',
  'cache-control' => 'max-age=0',
  'connection' => 'close',
  'host' => 'localhost',
)
[ info ] [ PARAM ] array (
)
[ info ] [ RUN ] app\index\controller\Index->test_think[ D:\Program Files\phpStudy\Thinkphp_5.0.9\app\index\controller\Index.php ]
[ info ] [ VIEW ] ./template/test/test.html [ array (
  0 => 'name',
) ]
[ info ] [ LOG ] INIT File
---------------------------------------------------------------
[ 2018-09-06T22:25:06+08:00 ] ::1 ::1 GET /test_think.html/id/12
[ info ] localhost/test_think.html/id/12 [运行时间：0.041550s][吞吐率：24.07req/s] [内存消耗：1,433.51kb] [文件加载：48]
[ info ] [ LANG ] D:\Program Files\phpStudy\Thinkphp_5.0.9\thinkphp\lang\zh-cn.php
[ info ] [ BIND ] 'index/Index'
[ info ] [ ROUTE ] array (
  'type' => 'module',
  'module' => 
  array (
    0 => 'index',
    1 => 'Index',
    2 => 'test_think.html',
  ),
)
[ info ] [ HEADER ] array (
  'cookie' => 'PHPSESSID=fc9e1d31ea0d7b42839d74d3284ef292; thinkphp_show_page_trace=0|0; pgv_pvi=3100061696; pgv_si=s7196503040',
  'accept-language' => 'zh-CN,zh;q=0.9',
  'accept-encoding' => 'gzip, deflate, br',
  'accept' => 'text/html,application/xhtml+xml,application/xml;q=0.9,image/webp,image/apng,*/*;q=0.8',
  'user-agent' => 'Mozilla/5.0 (Windows NT 10.0; WOW64) AppleWebKit/537.36 (KHTML, like Gecko) Chrome/67.0.3396.62 Safari/537.36',
  'upgrade-insecure-requests' => '1',
  'connection' => 'close',
  'host' => 'localhost',
)
[ info ] [ PARAM ] array (
  'id' => '12',
)
[ info ] [ LOG ] INIT File
---------------------------------------------------------------
[ 2018-09-06T22:25:13+08:00 ] ::1 ::1 GET /test_think/id/12
[ info ] localhost/test_think/id/12 [运行时间：0.037703s][吞吐率：26.52req/s] [内存消耗：1,403.48kb] [文件加载：46]
[ info ] [ LANG ] D:\Program Files\phpStudy\Thinkphp_5.0.9\thinkphp\lang\zh-cn.php
[ info ] [ BIND ] 'index/Index'
[ info ] [ ROUTE ] array (
  'type' => 'module',
  'module' => 
  array (
    0 => 'index',
    1 => 'Index',
    2 => 'test_think',
  ),
)
[ info ] [ HEADER ] array (
  'cookie' => 'PHPSESSID=fc9e1d31ea0d7b42839d74d3284ef292; thinkphp_show_page_trace=0|0; pgv_pvi=3100061696; pgv_si=s7196503040',
  'accept-language' => 'zh-CN,zh;q=0.9',
  'accept-encoding' => 'gzip, deflate, br',
  'accept' => 'text/html,application/xhtml+xml,application/xml;q=0.9,image/webp,image/apng,*/*;q=0.8',
  'user-agent' => 'Mozilla/5.0 (Windows NT 10.0; WOW64) AppleWebKit/537.36 (KHTML, like Gecko) Chrome/67.0.3396.62 Safari/537.36',
  'upgrade-insecure-requests' => '1',
  'connection' => 'close',
  'host' => 'localhost',
)
[ info ] [ PARAM ] array (
  'id' => '12',
)
[ info ] [ RUN ] app\index\controller\Index->test_think[ D:\Program Files\phpStudy\Thinkphp_5.0.9\app\index\controller\Index.php ]
[ info ] [ VIEW ] ./template/test/test.html [ array (
  0 => 'name',
) ]
[ info ] [ LOG ] INIT File
---------------------------------------------------------------
[ 2018-09-06T22:25:20+08:00 ] ::1 ::1 GET /test_think/id/12.html
[ info ] localhost/test_think/id/12.html [运行时间：0.036213s][吞吐率：27.61req/s] [内存消耗：1,403.54kb] [文件加载：46]
[ info ] [ LANG ] D:\Program Files\phpStudy\Thinkphp_5.0.9\thinkphp\lang\zh-cn.php
[ info ] [ BIND ] 'index/Index'
[ info ] [ ROUTE ] array (
  'type' => 'module',
  'module' => 
  array (
    0 => 'index',
    1 => 'Index',
    2 => 'test_think',
  ),
)
[ info ] [ HEADER ] array (
  'cookie' => 'PHPSESSID=fc9e1d31ea0d7b42839d74d3284ef292; thinkphp_show_page_trace=0|0; pgv_pvi=3100061696; pgv_si=s7196503040',
  'accept-language' => 'zh-CN,zh;q=0.9',
  'accept-encoding' => 'gzip, deflate, br',
  'accept' => 'text/html,application/xhtml+xml,application/xml;q=0.9,image/webp,image/apng,*/*;q=0.8',
  'user-agent' => 'Mozilla/5.0 (Windows NT 10.0; WOW64) AppleWebKit/537.36 (KHTML, like Gecko) Chrome/67.0.3396.62 Safari/537.36',
  'upgrade-insecure-requests' => '1',
  'connection' => 'close',
  'host' => 'localhost',
)
[ info ] [ PARAM ] array (
  'id' => '12',
)
[ info ] [ RUN ] app\index\controller\Index->test_think[ D:\Program Files\phpStudy\Thinkphp_5.0.9\app\index\controller\Index.php ]
[ info ] [ VIEW ] ./template/test/test.html [ array (
  0 => 'name',
) ]
[ info ] [ LOG ] INIT File
---------------------------------------------------------------
[ 2018-09-06T22:26:16+08:00 ] ::1 ::1 GET /test_think/id/12.html
[ info ] localhost/test_think/id/12.html [运行时间：0.050036s][吞吐率：19.99req/s] [内存消耗：1,513.94kb] [文件加载：48]
[ info ] [ LANG ] D:\Program Files\phpStudy\Thinkphp_5.0.9\thinkphp\lang\zh-cn.php
[ info ] [ BIND ] 'index/Index'
[ info ] [ ROUTE ] array (
  'type' => 'module',
  'module' => 
  array (
    0 => 'index',
    1 => 'Index',
    2 => 'test_think',
  ),
)
[ info ] [ HEADER ] array (
  'cookie' => 'PHPSESSID=fc9e1d31ea0d7b42839d74d3284ef292; thinkphp_show_page_trace=0|0; pgv_pvi=3100061696; pgv_si=s7196503040',
  'accept-language' => 'zh-CN,zh;q=0.9',
  'accept-encoding' => 'gzip, deflate, br',
  'accept' => 'text/html,application/xhtml+xml,application/xml;q=0.9,image/webp,image/apng,*/*;q=0.8',
  'user-agent' => 'Mozilla/5.0 (Windows NT 10.0; WOW64) AppleWebKit/537.36 (KHTML, like Gecko) Chrome/67.0.3396.62 Safari/537.36',
  'upgrade-insecure-requests' => '1',
  'cache-control' => 'max-age=0',
  'connection' => 'close',
  'host' => 'localhost',
)
[ info ] [ PARAM ] array (
  'id' => '12',
)
[ info ] [ RUN ] app\index\controller\Index->test_think[ D:\Program Files\phpStudy\Thinkphp_5.0.9\app\index\controller\Index.php ]
[ info ] [ VIEW ] ./template/test/test.html [ array (
  0 => 'name',
) ]
[ info ] [ LOG ] INIT File
---------------------------------------------------------------
[ 2018-09-06T22:26:39+08:00 ] ::1 ::1 GET /test_think/id/12.html
[ info ] localhost/test_think/id/12.html [运行时间：0.054548s][吞吐率：18.33req/s] [内存消耗：1,514.21kb] [文件加载：48]
[ info ] [ LANG ] D:\Program Files\phpStudy\Thinkphp_5.0.9\thinkphp\lang\zh-cn.php
[ info ] [ BIND ] 'index/Index'
[ info ] [ ROUTE ] array (
  'type' => 'module',
  'module' => 
  array (
    0 => 'index',
    1 => 'Index',
    2 => 'test_think',
  ),
)
[ info ] [ HEADER ] array (
  'cookie' => 'PHPSESSID=fc9e1d31ea0d7b42839d74d3284ef292; thinkphp_show_page_trace=0|0; pgv_pvi=3100061696; pgv_si=s7196503040',
  'accept-language' => 'zh-CN,zh;q=0.9',
  'accept-encoding' => 'gzip, deflate, br',
  'accept' => 'text/html,application/xhtml+xml,application/xml;q=0.9,image/webp,image/apng,*/*;q=0.8',
  'user-agent' => 'Mozilla/5.0 (Windows NT 10.0; WOW64) AppleWebKit/537.36 (KHTML, like Gecko) Chrome/67.0.3396.62 Safari/537.36',
  'upgrade-insecure-requests' => '1',
  'cache-control' => 'max-age=0',
  'connection' => 'close',
  'host' => 'localhost',
)
[ info ] [ PARAM ] array (
  'id' => '12',
)
[ info ] [ RUN ] app\index\controller\Index->test_think[ D:\Program Files\phpStudy\Thinkphp_5.0.9\app\index\controller\Index.php ]
[ info ] [ VIEW ] ./template/test/test.html [ array (
  0 => 'name',
) ]
[ info ] [ LOG ] INIT File
---------------------------------------------------------------
[ 2018-09-06T22:29:29+08:00 ] ::1 ::1 GET /test_think/id/12.html
[ info ] localhost/test_think/id/12.html [运行时间：0.102847s][吞吐率：9.72req/s] [内存消耗：1,514.47kb] [文件加载：48]
[ info ] [ LANG ] D:\Program Files\phpStudy\Thinkphp_5.0.9\thinkphp\lang\zh-cn.php
[ info ] [ BIND ] 'index/Index'
[ info ] [ ROUTE ] array (
  'type' => 'module',
  'module' => 
  array (
    0 => 'index',
    1 => 'Index',
    2 => 'test_think',
  ),
)
[ info ] [ HEADER ] array (
  'cookie' => 'PHPSESSID=fc9e1d31ea0d7b42839d74d3284ef292; thinkphp_show_page_trace=0|0; pgv_pvi=3100061696; pgv_si=s7196503040',
  'accept-language' => 'zh-CN,zh;q=0.9',
  'accept-encoding' => 'gzip, deflate, br',
  'accept' => 'text/html,application/xhtml+xml,application/xml;q=0.9,image/webp,image/apng,*/*;q=0.8',
  'user-agent' => 'Mozilla/5.0 (Windows NT 10.0; WOW64) AppleWebKit/537.36 (KHTML, like Gecko) Chrome/67.0.3396.62 Safari/537.36',
  'upgrade-insecure-requests' => '1',
  'cache-control' => 'max-age=0',
  'connection' => 'close',
  'host' => 'localhost',
)
[ info ] [ PARAM ] array (
  'id' => '12',
)
[ info ] [ RUN ] app\index\controller\Index->test_think[ D:\Program Files\phpStudy\Thinkphp_5.0.9\app\index\controller\Index.php ]
[ info ] [ VIEW ] ./template/test/test.html [ array (
  0 => 'name',
) ]
[ info ] [ LOG ] INIT File
---------------------------------------------------------------
[ 2018-09-06T22:29:49+08:00 ] ::1 ::1 GET /test_think/id/12.html
[ info ] localhost/test_think/id/12.html [运行时间：0.050321s][吞吐率：19.87req/s] [内存消耗：1,514.28kb] [文件加载：48]
[ info ] [ LANG ] D:\Program Files\phpStudy\Thinkphp_5.0.9\thinkphp\lang\zh-cn.php
[ info ] [ BIND ] 'index/Index'
[ info ] [ ROUTE ] array (
  'type' => 'module',
  'module' => 
  array (
    0 => 'index',
    1 => 'Index',
    2 => 'test_think',
  ),
)
[ info ] [ HEADER ] array (
  'cookie' => 'PHPSESSID=fc9e1d31ea0d7b42839d74d3284ef292; thinkphp_show_page_trace=0|0; pgv_pvi=3100061696; pgv_si=s7196503040',
  'accept-language' => 'zh-CN,zh;q=0.9',
  'accept-encoding' => 'gzip, deflate, br',
  'accept' => 'text/html,application/xhtml+xml,application/xml;q=0.9,image/webp,image/apng,*/*;q=0.8',
  'user-agent' => 'Mozilla/5.0 (Windows NT 10.0; WOW64) AppleWebKit/537.36 (KHTML, like Gecko) Chrome/67.0.3396.62 Safari/537.36',
  'upgrade-insecure-requests' => '1',
  'cache-control' => 'max-age=0',
  'connection' => 'close',
  'host' => 'localhost',
)
[ info ] [ PARAM ] array (
  'id' => '12',
)
[ info ] [ RUN ] app\index\controller\Index->test_think[ D:\Program Files\phpStudy\Thinkphp_5.0.9\app\index\controller\Index.php ]
[ info ] [ VIEW ] ./template/test/test.html [ array (
  0 => 'name',
) ]
[ info ] [ LOG ] INIT File
---------------------------------------------------------------
[ 2018-09-06T22:29:50+08:00 ] ::1 ::1 GET /test_think/id/12.html
[ info ] localhost/test_think/id/12.html [运行时间：0.032936s][吞吐率：30.36req/s] [内存消耗：1,403.52kb] [文件加载：46]
[ info ] [ LANG ] D:\Program Files\phpStudy\Thinkphp_5.0.9\thinkphp\lang\zh-cn.php
[ info ] [ BIND ] 'index/Index'
[ info ] [ ROUTE ] array (
  'type' => 'module',
  'module' => 
  array (
    0 => 'index',
    1 => 'Index',
    2 => 'test_think',
  ),
)
[ info ] [ HEADER ] array (
  'cookie' => 'PHPSESSID=fc9e1d31ea0d7b42839d74d3284ef292; thinkphp_show_page_trace=0|0; pgv_pvi=3100061696; pgv_si=s7196503040',
  'accept-language' => 'zh-CN,zh;q=0.9',
  'accept-encoding' => 'gzip, deflate, br',
  'accept' => 'text/html,application/xhtml+xml,application/xml;q=0.9,image/webp,image/apng,*/*;q=0.8',
  'user-agent' => 'Mozilla/5.0 (Windows NT 10.0; WOW64) AppleWebKit/537.36 (KHTML, like Gecko) Chrome/67.0.3396.62 Safari/537.36',
  'upgrade-insecure-requests' => '1',
  'cache-control' => 'max-age=0',
  'connection' => 'close',
  'host' => 'localhost',
)
[ info ] [ PARAM ] array (
  'id' => '12',
)
[ info ] [ RUN ] app\index\controller\Index->test_think[ D:\Program Files\phpStudy\Thinkphp_5.0.9\app\index\controller\Index.php ]
[ info ] [ VIEW ] ./template/test/test.html [ array (
  0 => 'name',
) ]
[ info ] [ LOG ] INIT File
---------------------------------------------------------------
[ 2018-09-06T23:07:45+08:00 ] ::1 ::1 GET /test_think
[ info ] localhost/test_think [运行时间：0.064904s][吞吐率：15.41req/s] [内存消耗：1,434.46kb] [文件加载：48]
[ info ] [ LANG ] D:\Program Files\phpStudy\Thinkphp_5.0.9\thinkphp\lang\zh-cn.php
[ info ] [ BIND ] 'index/Index'
[ info ] [ ROUTE ] array (
  'type' => 'module',
  'module' => 
  array (
    0 => 'index',
    1 => 'Index',
    2 => 'test_think',
  ),
)
[ info ] [ HEADER ] array (
  'cookie' => 'PHPSESSID=fc9e1d31ea0d7b42839d74d3284ef292; thinkphp_show_page_trace=0|0; pgv_pvi=3100061696; pgv_si=s7196503040',
  'accept-language' => 'zh-CN,zh;q=0.9',
  'accept-encoding' => 'gzip, deflate, br',
  'accept' => 'text/html,application/xhtml+xml,application/xml;q=0.9,image/webp,image/apng,*/*;q=0.8',
  'user-agent' => 'Mozilla/5.0 (Windows NT 10.0; WOW64) AppleWebKit/537.36 (KHTML, like Gecko) Chrome/67.0.3396.62 Safari/537.36',
  'upgrade-insecure-requests' => '1',
  'connection' => 'close',
  'host' => 'localhost',
)
[ info ] [ PARAM ] array (
)
[ info ] [ RUN ] app\index\controller\Index->test_think[ D:\Program Files\phpStudy\Thinkphp_5.0.9\app\index\controller\Index.php ]
[ info ] [ LOG ] INIT File
[ error ] [0]致命错误: Class 'app\index\controller\Log' not found[D:\Program Files\phpStudy\Thinkphp_5.0.9\app\index\controller\Index.php:434]
