---------------------------------------------------------------
[ 2019-08-10T23:01:43+08:00 ] 172.17.230.83 115.44.141.42 GET /
[ info ] www.51mfgs.com/ [运行时间：0.644075s][吞吐率：1.55req/s] [内存消耗：815.52kb] [文件加载：49]
[ info ] [ LANG ] /data/home/syu4378230001/htdocs/thinkphp/lang/zh-cn.php
[ info ] [ BIND ] 'index/Index'
[ info ] [ ROUTE ] array (
  'type' => 'module',
  'module' => 
  array (
    0 => 'index',
    1 => 'Index',
    2 => NULL,
  ),
)
[ info ] [ HEADER ] array (
  'accept' => 'text/html,application/xhtml+xml,application/xml;q=0.9,image/webp,image/apng,*/*;q=0.8',
  'accept-encoding' => 'gzip, deflate, br',
  'accept-language' => 'zh-CN,zh;q=0.9',
  'connection' => 'keep-alive',
  'cookie' => 'PHPSESSID=b31krnd10ml9g3absqa0t360s5',
  'host' => 'www.51mfgs.com',
  'upgrade-insecure-requests' => '1',
  'user-agent' => 'Mozilla/5.0 (Windows NT 10.0; WOW64) AppleWebKit/537.36 (KHTML, like Gecko) Chrome/67.0.3396.62 Safari/537.36',
)
[ info ] [ PARAM ] array (
)
[ info ] [ RUN ] app\index\controller\Index->index[ /data/home/syu4378230001/htdocs/app/index/controller/Index.php ]
[ info ] [ DB ] INIT mysql
[ info ] [ SESSION ] INIT array (
  'id' => '',
  'var_session_id' => '',
  'prefix' => '',
  'type' => '',
  'auto_start' => true,
  'httponly' => true,
  'secure' => false,
)
[ info ] [ CACHE ] INIT File
[ info ] [ VIEW ] ./app/index/view/index/index.html [ array (
  0 => 'indexhits',
  1 => 'userclass',
  2 => 'usersess',
  3 => 'res_newpro',
  4 => 'res_user',
  5 => 'time',
  6 => 'res_jj',
  7 => 'res_jd',
  8 => 'res_yw',
  9 => 'res_sp',
  10 => 'res_sj',
  11 => 'res_cw',
) ]
[ info ] [ LOG ] INIT File
[ sql ] [ DB ] CONNECT:[ UseTime:0.012130s ] mysql:dbname=sdm442994699_db;host=sdm442994699.my3w.com;charset=utf8
[ sql ] [ SQL ] SHOW COLUMNS FROM `pro2` [ RunTime:0.004075s ]
[ sql ] [ SQL ] SELECT * FROM `pro2` WHERE  `pro_type` = 'jj'  AND `state` = 1  AND `pos` = 1 ORDER BY pro_id DESC LIMIT 3 [ RunTime:0.003216s ]
[ sql ] [ SQL ] SELECT * FROM `pro2` WHERE  `pro_type` = 'jd'  AND `state` = 1  AND `pos` = 1 ORDER BY pro_id DESC LIMIT 3 [ RunTime:0.003101s ]
[ sql ] [ SQL ] SELECT * FROM `pro2` WHERE  `pro_type` = 'yw'  AND `state` = 1  AND `pos` = 1 ORDER BY pro_id DESC LIMIT 3 [ RunTime:0.003426s ]
[ sql ] [ SQL ] SELECT * FROM `pro2` WHERE  `pro_type` = 'sp'  AND `state` = 1  AND `pos` = 1 ORDER BY pro_id DESC LIMIT 3 [ RunTime:0.003766s ]
[ sql ] [ SQL ] SELECT * FROM `pro2` WHERE  `pro_type` = 'sj'  AND `state` = 1  AND `pos` = 1 ORDER BY pro_id DESC LIMIT 3 [ RunTime:0.003644s ]
[ sql ] [ SQL ] SELECT * FROM `pro2` WHERE  (  `pro_type` = 'cw'  AND `state` = 1  AND `pos` = 1 ) [ RunTime:0.003109s ]
[ sql ] [ SQL ] SHOW COLUMNS FROM `user` [ RunTime:0.004339s ]
[ sql ] [ SQL ] SELECT * FROM `user` WHERE  `state` = 1 ORDER BY id DESC LIMIT 3 [ RunTime:0.003542s ]
[ sql ] [ SQL ] SHOW COLUMNS FROM `pro` [ RunTime:0.003890s ]
[ sql ] [ SQL ] SELECT * FROM `pro` WHERE  `pro_id` > 0  AND `state` = 1 ORDER BY pro_id DESC LIMIT 3 [ RunTime:0.003645s ]
[ sql ] [ SQL ] SHOW COLUMNS FROM `pagehits` [ RunTime:0.003108s ]
[ sql ] [ SQL ] UPDATE `pagehits`  SET `hits`=hits+1  WHERE  `id` = 1 [ RunTime:0.002981s ]
[ sql ] [ SQL ] SELECT `hits` FROM `pagehits` WHERE  `id` = 1 LIMIT 1 [ RunTime:0.002800s ]
---------------------------------------------------------------
[ 2019-08-10T23:01:56+08:00 ] 172.17.230.83 115.44.141.42 GET /
[ info ] www.51mfgs.com/ [运行时间：0.123968s][吞吐率：8.07req/s] [内存消耗：814.42kb] [文件加载：49]
[ info ] [ LANG ] /data/home/syu4378230001/htdocs/thinkphp/lang/zh-cn.php
[ info ] [ BIND ] 'index/Index'
[ info ] [ ROUTE ] array (
  'type' => 'module',
  'module' => 
  array (
    0 => 'index',
    1 => 'Index',
    2 => NULL,
  ),
)
[ info ] [ HEADER ] array (
  'accept' => 'text/html,application/xhtml+xml,application/xml;q=0.9,*/*;q=0.8',
  'accept-encoding' => 'gzip, deflate, br',
  'accept-language' => 'zh-CN,zh;q=0.8,zh-TW;q=0.7,zh-HK;q=0.5,en-US;q=0.3,en;q=0.2',
  'connection' => 'keep-alive',
  'host' => 'www.51mfgs.com',
  'upgrade-insecure-requests' => '1',
  'user-agent' => 'Mozilla/5.0 (Windows NT 10.0; WOW64; rv:68.0) Gecko/20100101 Firefox/68.0',
)
[ info ] [ PARAM ] array (
)
[ info ] [ RUN ] app\index\controller\Index->index[ /data/home/syu4378230001/htdocs/app/index/controller/Index.php ]
[ info ] [ DB ] INIT mysql
[ info ] [ SESSION ] INIT array (
  'id' => '',
  'var_session_id' => '',
  'prefix' => '',
  'type' => '',
  'auto_start' => true,
  'httponly' => true,
  'secure' => false,
)
[ info ] [ CACHE ] INIT File
[ info ] [ VIEW ] ./app/index/view/index/index.html [ array (
  0 => 'indexhits',
  1 => 'userclass',
  2 => 'usersess',
  3 => 'res_newpro',
  4 => 'res_user',
  5 => 'time',
  6 => 'res_jj',
  7 => 'res_jd',
  8 => 'res_yw',
  9 => 'res_sp',
  10 => 'res_sj',
  11 => 'res_cw',
) ]
[ info ] [ LOG ] INIT File
[ sql ] [ DB ] CONNECT:[ UseTime:0.005987s ] mysql:dbname=sdm442994699_db;host=sdm442994699.my3w.com;charset=utf8
[ sql ] [ SQL ] SHOW COLUMNS FROM `pro2` [ RunTime:0.004620s ]
[ sql ] [ SQL ] SELECT * FROM `pro2` WHERE  `pro_type` = 'jj'  AND `state` = 1  AND `pos` = 1 ORDER BY pro_id DESC LIMIT 3 [ RunTime:0.005850s ]
[ sql ] [ SQL ] SELECT * FROM `pro2` WHERE  `pro_type` = 'jd'  AND `state` = 1  AND `pos` = 1 ORDER BY pro_id DESC LIMIT 3 [ RunTime:0.004525s ]
[ sql ] [ SQL ] SELECT * FROM `pro2` WHERE  `pro_type` = 'yw'  AND `state` = 1  AND `pos` = 1 ORDER BY pro_id DESC LIMIT 3 [ RunTime:0.004167s ]
[ sql ] [ SQL ] SELECT * FROM `pro2` WHERE  `pro_type` = 'sp'  AND `state` = 1  AND `pos` = 1 ORDER BY pro_id DESC LIMIT 3 [ RunTime:0.003069s ]
[ sql ] [ SQL ] SELECT * FROM `pro2` WHERE  `pro_type` = 'sj'  AND `state` = 1  AND `pos` = 1 ORDER BY pro_id DESC LIMIT 3 [ RunTime:0.004519s ]
[ sql ] [ SQL ] SELECT * FROM `pro2` WHERE  (  `pro_type` = 'cw'  AND `state` = 1  AND `pos` = 1 ) [ RunTime:0.003309s ]
[ sql ] [ SQL ] SHOW COLUMNS FROM `user` [ RunTime:0.004282s ]
[ sql ] [ SQL ] SELECT * FROM `user` WHERE  `state` = 1 ORDER BY id DESC LIMIT 3 [ RunTime:0.003562s ]
[ sql ] [ SQL ] SHOW COLUMNS FROM `pro` [ RunTime:0.007020s ]
[ sql ] [ SQL ] SELECT * FROM `pro` WHERE  `pro_id` > 0  AND `state` = 1 ORDER BY pro_id DESC LIMIT 3 [ RunTime:0.002978s ]
[ sql ] [ SQL ] SHOW COLUMNS FROM `pagehits` [ RunTime:0.003778s ]
[ sql ] [ SQL ] UPDATE `pagehits`  SET `hits`=hits+1  WHERE  `id` = 1 [ RunTime:0.003647s ]
[ sql ] [ SQL ] SELECT `hits` FROM `pagehits` WHERE  `id` = 1 LIMIT 1 [ RunTime:0.002689s ]
---------------------------------------------------------------
[ 2019-08-10T23:20:00+08:00 ] 172.17.230.83 115.44.141.42 POST /searchpro.html
[ info ] www.51mfgs.com/searchpro.html [运行时间：0.136585s][吞吐率：7.32req/s] [内存消耗：696.51kb] [文件加载：45]
[ info ] [ LANG ] /data/home/syu4378230001/htdocs/thinkphp/lang/zh-cn.php
[ info ] [ BIND ] 'index/Index'
[ info ] [ ROUTE ] array (
  'type' => 'module',
  'module' => 
  array (
    0 => 'index',
    1 => 'Index',
    2 => 'searchpro',
  ),
)
[ info ] [ HEADER ] array (
  'content-length' => '9',
  'content-type' => 'application/x-www-form-urlencoded',
  'accept' => 'text/html,application/xhtml+xml,application/xml;q=0.9,*/*;q=0.8',
  'accept-encoding' => 'gzip, deflate, br',
  'accept-language' => 'zh-CN,zh;q=0.8,zh-TW;q=0.7,zh-HK;q=0.5,en-US;q=0.3,en;q=0.2',
  'connection' => 'keep-alive',
  'cookie' => 'PHPSESSID=qv1ns8e8hv57ur2vgbbv62q713',
  'host' => 'www.51mfgs.com',
  'referer' => 'https://www.51mfgs.com/',
  'upgrade-insecure-requests' => '1',
  'user-agent' => 'Mozilla/5.0 (Windows NT 10.0; WOW64; rv:68.0) Gecko/20100101 Firefox/68.0',
)
[ info ] [ PARAM ] array (
  'keywords' => '',
)
[ info ] [ RUN ] app\index\controller\Index->searchpro[ /data/home/syu4378230001/htdocs/app/index/controller/Index.php ]
[ info ] [ DB ] INIT mysql
[ info ] [ VIEW ] ./app/index/view/index/searchpro.html [ array (
  0 => 'list',
  1 => 'total',
  2 => 'resnums',
  3 => 'page',
  4 => 'pages',
) ]
[ info ] [ LOG ] INIT File
[ sql ] [ DB ] CONNECT:[ UseTime:0.005136s ] mysql:dbname=sdm442994699_db;host=sdm442994699.my3w.com;charset=utf8
[ sql ] [ SQL ] SHOW COLUMNS FROM `pro2` [ RunTime:0.003373s ]
[ sql ] [ SQL ] SELECT COUNT(*) AS tp_count FROM `pro2` WHERE  `pro_name` LIKE '%%' LIMIT 1 [ RunTime:0.003159s ]
[ sql ] [ SQL ] SELECT * FROM `pro2` WHERE  `pro_name` LIKE '%%' ORDER BY pubtime DESC LIMIT 0,30 [ RunTime:0.003793s ]
[ sql ] [ SQL ] SELECT COUNT(*) AS tp_count FROM `pro2` WHERE  `pro_name` LIKE '%%' LIMIT 1 [ RunTime:0.002534s ]
---------------------------------------------------------------
[ 2019-08-10T23:20:10+08:00 ] 172.17.230.83 115.44.141.42 GET /favicon.ico
[ info ] www.51mfgs.com/favicon.ico [运行时间：0.082093s][吞吐率：12.18req/s] [内存消耗：389.98kb] [文件加载：36]
[ info ] [ LANG ] /data/home/syu4378230001/htdocs/thinkphp/lang/zh-cn.php
[ info ] [ BIND ] 'index/Index'
[ info ] [ ROUTE ] array (
  'type' => 'module',
  'module' => 
  array (
    0 => 'index',
    1 => 'Index',
    2 => 'favicon.ico',
  ),
)
[ info ] [ HEADER ] array (
  'accept' => 'image/webp,*/*',
  'accept-encoding' => 'gzip, deflate, br',
  'accept-language' => 'zh-CN,zh;q=0.8,zh-TW;q=0.7,zh-HK;q=0.5,en-US;q=0.3,en;q=0.2',
  'connection' => 'keep-alive',
  'cookie' => 'PHPSESSID=qv1ns8e8hv57ur2vgbbv62q713',
  'host' => 'www.51mfgs.com',
  'user-agent' => 'Mozilla/5.0 (Windows NT 10.0; WOW64; rv:68.0) Gecko/20100101 Firefox/68.0',
)
[ info ] [ PARAM ] array (
)
[ info ] [ RUN ] app\index\controller\Index->_empty[ /data/home/syu4378230001/htdocs/app/index/controller/Index.php ]
[ info ] [ VIEW ] /data/home/syu4378230001/htdocs/thinkphp/tpl/dispatch_jump.tpl [ array (
  0 => 'code',
  1 => 'msg',
  2 => 'data',
  3 => 'url',
  4 => 'wait',
) ]
[ info ] [ LOG ] INIT File
---------------------------------------------------------------
[ 2019-08-10T23:20:13+08:00 ] 172.17.230.83 115.44.141.42 GET /searchpro.html?page=2
[ info ] www.51mfgs.com/searchpro.html?page=2 [运行时间：0.075179s][吞吐率：13.30req/s] [内存消耗：696.48kb] [文件加载：45]
[ info ] [ LANG ] /data/home/syu4378230001/htdocs/thinkphp/lang/zh-cn.php
[ info ] [ BIND ] 'index/Index'
[ info ] [ ROUTE ] array (
  'type' => 'module',
  'module' => 
  array (
    0 => 'index',
    1 => 'Index',
    2 => 'searchpro',
  ),
)
[ info ] [ HEADER ] array (
  'accept' => 'text/html,application/xhtml+xml,application/xml;q=0.9,*/*;q=0.8',
  'accept-encoding' => 'gzip, deflate, br',
  'accept-language' => 'zh-CN,zh;q=0.8,zh-TW;q=0.7,zh-HK;q=0.5,en-US;q=0.3,en;q=0.2',
  'connection' => 'keep-alive',
  'cookie' => 'PHPSESSID=qv1ns8e8hv57ur2vgbbv62q713',
  'host' => 'www.51mfgs.com',
  'referer' => 'https://www.51mfgs.com/searchpro.html',
  'upgrade-insecure-requests' => '1',
  'user-agent' => 'Mozilla/5.0 (Windows NT 10.0; WOW64; rv:68.0) Gecko/20100101 Firefox/68.0',
)
[ info ] [ PARAM ] array (
  'page' => '2',
)
[ info ] [ RUN ] app\index\controller\Index->searchpro[ /data/home/syu4378230001/htdocs/app/index/controller/Index.php ]
[ info ] [ DB ] INIT mysql
[ info ] [ VIEW ] ./app/index/view/index/searchpro.html [ array (
  0 => 'list',
  1 => 'total',
  2 => 'resnums',
  3 => 'page',
  4 => 'pages',
) ]
[ info ] [ LOG ] INIT File
[ sql ] [ DB ] CONNECT:[ UseTime:0.006941s ] mysql:dbname=sdm442994699_db;host=sdm442994699.my3w.com;charset=utf8
[ sql ] [ SQL ] SHOW COLUMNS FROM `pro2` [ RunTime:0.004106s ]
[ sql ] [ SQL ] SELECT COUNT(*) AS tp_count FROM `pro2` WHERE  `pro_name` LIKE '%%' LIMIT 1 [ RunTime:0.005965s ]
[ sql ] [ SQL ] SELECT * FROM `pro2` WHERE  `pro_name` LIKE '%%' ORDER BY pubtime DESC LIMIT 30,30 [ RunTime:0.004910s ]
[ sql ] [ SQL ] SELECT COUNT(*) AS tp_count FROM `pro2` WHERE  `pro_name` LIKE '%%' LIMIT 1 [ RunTime:0.004829s ]
---------------------------------------------------------------
[ 2019-08-10T23:20:24+08:00 ] 172.17.230.83 115.44.141.42 GET /searchpro.html?page=3
[ info ] www.51mfgs.com/searchpro.html?page=3 [运行时间：0.066711s][吞吐率：14.99req/s] [内存消耗：653.20kb] [文件加载：45]
[ info ] [ LANG ] /data/home/syu4378230001/htdocs/thinkphp/lang/zh-cn.php
[ info ] [ BIND ] 'index/Index'
[ info ] [ ROUTE ] array (
  'type' => 'module',
  'module' => 
  array (
    0 => 'index',
    1 => 'Index',
    2 => 'searchpro',
  ),
)
[ info ] [ HEADER ] array (
  'accept' => 'text/html,application/xhtml+xml,application/xml;q=0.9,*/*;q=0.8',
  'accept-encoding' => 'gzip, deflate, br',
  'accept-language' => 'zh-CN,zh;q=0.8,zh-TW;q=0.7,zh-HK;q=0.5,en-US;q=0.3,en;q=0.2',
  'connection' => 'keep-alive',
  'cookie' => 'PHPSESSID=qv1ns8e8hv57ur2vgbbv62q713',
  'host' => 'www.51mfgs.com',
  'referer' => 'https://www.51mfgs.com/searchpro.html?page=2',
  'upgrade-insecure-requests' => '1',
  'user-agent' => 'Mozilla/5.0 (Windows NT 10.0; WOW64; rv:68.0) Gecko/20100101 Firefox/68.0',
)
[ info ] [ PARAM ] array (
  'page' => '3',
)
[ info ] [ RUN ] app\index\controller\Index->searchpro[ /data/home/syu4378230001/htdocs/app/index/controller/Index.php ]
[ info ] [ DB ] INIT mysql
[ info ] [ VIEW ] ./app/index/view/index/searchpro.html [ array (
  0 => 'list',
  1 => 'total',
  2 => 'resnums',
  3 => 'page',
  4 => 'pages',
) ]
[ info ] [ LOG ] INIT File
[ sql ] [ DB ] CONNECT:[ UseTime:0.005478s ] mysql:dbname=sdm442994699_db;host=sdm442994699.my3w.com;charset=utf8
[ sql ] [ SQL ] SHOW COLUMNS FROM `pro2` [ RunTime:0.004006s ]
[ sql ] [ SQL ] SELECT COUNT(*) AS tp_count FROM `pro2` WHERE  `pro_name` LIKE '%%' LIMIT 1 [ RunTime:0.002890s ]
[ sql ] [ SQL ] SELECT * FROM `pro2` WHERE  `pro_name` LIKE '%%' ORDER BY pubtime DESC LIMIT 60,30 [ RunTime:0.003867s ]
[ sql ] [ SQL ] SELECT COUNT(*) AS tp_count FROM `pro2` WHERE  `pro_name` LIKE '%%' LIMIT 1 [ RunTime:0.002696s ]
---------------------------------------------------------------
[ 2019-08-10T23:20:29+08:00 ] 172.17.230.83 115.44.141.42 GET /favicon.ico
[ info ] www.51mfgs.com/favicon.ico [运行时间：0.031949s][吞吐率：31.30req/s] [内存消耗：389.98kb] [文件加载：36]
[ info ] [ LANG ] /data/home/syu4378230001/htdocs/thinkphp/lang/zh-cn.php
[ info ] [ BIND ] 'index/Index'
[ info ] [ ROUTE ] array (
  'type' => 'module',
  'module' => 
  array (
    0 => 'index',
    1 => 'Index',
    2 => 'favicon.ico',
  ),
)
[ info ] [ HEADER ] array (
  'accept' => 'image/webp,*/*',
  'accept-encoding' => 'gzip, deflate, br',
  'accept-language' => 'zh-CN,zh;q=0.8,zh-TW;q=0.7,zh-HK;q=0.5,en-US;q=0.3,en;q=0.2',
  'connection' => 'keep-alive',
  'cookie' => 'PHPSESSID=qv1ns8e8hv57ur2vgbbv62q713',
  'host' => 'www.51mfgs.com',
  'user-agent' => 'Mozilla/5.0 (Windows NT 10.0; WOW64; rv:68.0) Gecko/20100101 Firefox/68.0',
)
[ info ] [ PARAM ] array (
)
[ info ] [ RUN ] app\index\controller\Index->_empty[ /data/home/syu4378230001/htdocs/app/index/controller/Index.php ]
[ info ] [ VIEW ] /data/home/syu4378230001/htdocs/thinkphp/tpl/dispatch_jump.tpl [ array (
  0 => 'code',
  1 => 'msg',
  2 => 'data',
  3 => 'url',
  4 => 'wait',
) ]
[ info ] [ LOG ] INIT File
---------------------------------------------------------------
[ 2019-08-10T23:20:34+08:00 ] 172.17.230.83 115.44.141.42 GET /jd.html
[ info ] www.51mfgs.com/jd.html [运行时间：0.089701s][吞吐率：11.15req/s] [内存消耗：630.47kb] [文件加载：45]
[ info ] [ LANG ] /data/home/syu4378230001/htdocs/thinkphp/lang/zh-cn.php
[ info ] [ BIND ] 'index/Index'
[ info ] [ ROUTE ] array (
  'type' => 'module',
  'module' => 
  array (
    0 => 'index',
    1 => 'Index',
    2 => 'jd',
  ),
)
[ info ] [ HEADER ] array (
  'accept' => 'text/html,application/xhtml+xml,application/xml;q=0.9,*/*;q=0.8',
  'accept-encoding' => 'gzip, deflate, br',
  'accept-language' => 'zh-CN,zh;q=0.8,zh-TW;q=0.7,zh-HK;q=0.5,en-US;q=0.3,en;q=0.2',
  'connection' => 'keep-alive',
  'cookie' => 'PHPSESSID=qv1ns8e8hv57ur2vgbbv62q713',
  'host' => 'www.51mfgs.com',
  'referer' => 'https://www.51mfgs.com/searchpro.html?page=3',
  'upgrade-insecure-requests' => '1',
  'user-agent' => 'Mozilla/5.0 (Windows NT 10.0; WOW64; rv:68.0) Gecko/20100101 Firefox/68.0',
)
[ info ] [ PARAM ] array (
)
[ info ] [ RUN ] app\index\controller\Index->jd[ /data/home/syu4378230001/htdocs/app/index/controller/Index.php ]
[ info ] [ DB ] INIT mysql
[ info ] [ VIEW ] ./app/index/view/index/jd.html [ array (
  0 => 'list',
  1 => 'total',
) ]
[ info ] [ LOG ] INIT File
[ sql ] [ DB ] CONNECT:[ UseTime:0.005431s ] mysql:dbname=sdm442994699_db;host=sdm442994699.my3w.com;charset=utf8
[ sql ] [ SQL ] SHOW COLUMNS FROM `pro2` [ RunTime:0.004217s ]
[ sql ] [ SQL ] SELECT COUNT(*) AS tp_count FROM `pro2` WHERE  `pro_type` = 'jd'  AND `state` = 1 LIMIT 1 [ RunTime:0.003302s ]
[ sql ] [ SQL ] SELECT * FROM `pro2` WHERE  `pro_type` = 'jd'  AND `state` = 1 ORDER BY pubtime DESC LIMIT 0,100 [ RunTime:0.004091s ]
[ sql ] [ SQL ] SELECT COUNT(*) AS tp_count FROM `pro2` WHERE  `pro_type` = 'jd'  AND `state` = 1 LIMIT 1 [ RunTime:0.002789s ]
---------------------------------------------------------------
[ 2019-08-10T23:20:35+08:00 ] 172.17.230.83 115.44.141.42 GET /favicon.ico
[ info ] www.51mfgs.com/favicon.ico [运行时间：0.033643s][吞吐率：29.72req/s] [内存消耗：389.98kb] [文件加载：36]
[ info ] [ LANG ] /data/home/syu4378230001/htdocs/thinkphp/lang/zh-cn.php
[ info ] [ BIND ] 'index/Index'
[ info ] [ ROUTE ] array (
  'type' => 'module',
  'module' => 
  array (
    0 => 'index',
    1 => 'Index',
    2 => 'favicon.ico',
  ),
)
[ info ] [ HEADER ] array (
  'accept' => 'image/webp,*/*',
  'accept-encoding' => 'gzip, deflate, br',
  'accept-language' => 'zh-CN,zh;q=0.8,zh-TW;q=0.7,zh-HK;q=0.5,en-US;q=0.3,en;q=0.2',
  'connection' => 'keep-alive',
  'cookie' => 'PHPSESSID=qv1ns8e8hv57ur2vgbbv62q713',
  'host' => 'www.51mfgs.com',
  'user-agent' => 'Mozilla/5.0 (Windows NT 10.0; WOW64; rv:68.0) Gecko/20100101 Firefox/68.0',
)
[ info ] [ PARAM ] array (
)
[ info ] [ RUN ] app\index\controller\Index->_empty[ /data/home/syu4378230001/htdocs/app/index/controller/Index.php ]
[ info ] [ VIEW ] /data/home/syu4378230001/htdocs/thinkphp/tpl/dispatch_jump.tpl [ array (
  0 => 'code',
  1 => 'msg',
  2 => 'data',
  3 => 'url',
  4 => 'wait',
) ]
[ info ] [ LOG ] INIT File
---------------------------------------------------------------
[ 2019-08-10T23:20:38+08:00 ] 172.17.230.83 115.44.141.42 GET /sp.html
[ info ] www.51mfgs.com/sp.html [运行时间：0.078750s][吞吐率：12.70req/s] [内存消耗：716.30kb] [文件加载：45]
[ info ] [ LANG ] /data/home/syu4378230001/htdocs/thinkphp/lang/zh-cn.php
[ info ] [ BIND ] 'index/Index'
[ info ] [ ROUTE ] array (
  'type' => 'module',
  'module' => 
  array (
    0 => 'index',
    1 => 'Index',
    2 => 'sp',
  ),
)
[ info ] [ HEADER ] array (
  'accept' => 'text/html,application/xhtml+xml,application/xml;q=0.9,*/*;q=0.8',
  'accept-encoding' => 'gzip, deflate, br',
  'accept-language' => 'zh-CN,zh;q=0.8,zh-TW;q=0.7,zh-HK;q=0.5,en-US;q=0.3,en;q=0.2',
  'connection' => 'keep-alive',
  'cookie' => 'PHPSESSID=qv1ns8e8hv57ur2vgbbv62q713',
  'host' => 'www.51mfgs.com',
  'referer' => 'https://www.51mfgs.com/jd.html',
  'upgrade-insecure-requests' => '1',
  'user-agent' => 'Mozilla/5.0 (Windows NT 10.0; WOW64; rv:68.0) Gecko/20100101 Firefox/68.0',
)
[ info ] [ PARAM ] array (
)
[ info ] [ RUN ] app\index\controller\Index->sp[ /data/home/syu4378230001/htdocs/app/index/controller/Index.php ]
[ info ] [ DB ] INIT mysql
[ info ] [ VIEW ] ./app/index/view/index/sp.html [ array (
  0 => 'list',
  1 => 'total',
) ]
[ info ] [ LOG ] INIT File
[ sql ] [ DB ] CONNECT:[ UseTime:0.004172s ] mysql:dbname=sdm442994699_db;host=sdm442994699.my3w.com;charset=utf8
[ sql ] [ SQL ] SHOW COLUMNS FROM `pro2` [ RunTime:0.002884s ]
[ sql ] [ SQL ] SELECT COUNT(*) AS tp_count FROM `pro2` WHERE  `pro_type` = 'sp'  AND `state` = 1 LIMIT 1 [ RunTime:0.002332s ]
[ sql ] [ SQL ] SELECT * FROM `pro2` WHERE  `pro_type` = 'sp'  AND `state` = 1 ORDER BY pubtime DESC LIMIT 0,100 [ RunTime:0.002890s ]
[ sql ] [ SQL ] SELECT COUNT(*) AS tp_count FROM `pro2` WHERE  `pro_type` = 'sp'  AND `state` = 1 LIMIT 1 [ RunTime:0.002454s ]
---------------------------------------------------------------
[ 2019-08-10T23:20:40+08:00 ] 172.17.230.83 115.44.141.42 GET /cw.html
[ info ] www.51mfgs.com/cw.html [运行时间：0.077216s][吞吐率：12.95req/s] [内存消耗：632.16kb] [文件加载：45]
[ info ] [ LANG ] /data/home/syu4378230001/htdocs/thinkphp/lang/zh-cn.php
[ info ] [ BIND ] 'index/Index'
[ info ] [ ROUTE ] array (
  'type' => 'module',
  'module' => 
  array (
    0 => 'index',
    1 => 'Index',
    2 => 'cw',
  ),
)
[ info ] [ HEADER ] array (
  'accept' => 'text/html,application/xhtml+xml,application/xml;q=0.9,*/*;q=0.8',
  'accept-encoding' => 'gzip, deflate, br',
  'accept-language' => 'zh-CN,zh;q=0.8,zh-TW;q=0.7,zh-HK;q=0.5,en-US;q=0.3,en;q=0.2',
  'connection' => 'keep-alive',
  'cookie' => 'PHPSESSID=qv1ns8e8hv57ur2vgbbv62q713',
  'host' => 'www.51mfgs.com',
  'referer' => 'https://www.51mfgs.com/sp.html',
  'upgrade-insecure-requests' => '1',
  'user-agent' => 'Mozilla/5.0 (Windows NT 10.0; WOW64; rv:68.0) Gecko/20100101 Firefox/68.0',
)
[ info ] [ PARAM ] array (
)
[ info ] [ RUN ] app\index\controller\Index->cw[ /data/home/syu4378230001/htdocs/app/index/controller/Index.php ]
[ info ] [ DB ] INIT mysql
[ info ] [ VIEW ] ./app/index/view/index/cw.html [ array (
  0 => 'list',
  1 => 'total',
) ]
[ info ] [ LOG ] INIT File
[ sql ] [ DB ] CONNECT:[ UseTime:0.007777s ] mysql:dbname=sdm442994699_db;host=sdm442994699.my3w.com;charset=utf8
[ sql ] [ SQL ] SHOW COLUMNS FROM `pro2` [ RunTime:0.004252s ]
[ sql ] [ SQL ] SELECT COUNT(*) AS tp_count FROM `pro2` WHERE  `pro_type` = 'cw'  AND `state` = 1 LIMIT 1 [ RunTime:0.003515s ]
[ sql ] [ SQL ] SELECT * FROM `pro2` WHERE  `pro_type` = 'cw'  AND `state` = 1 ORDER BY pubtime DESC LIMIT 0,100 [ RunTime:0.003795s ]
[ sql ] [ SQL ] SELECT COUNT(*) AS tp_count FROM `pro2` WHERE  `pro_type` = 'cw'  AND `state` = 1 LIMIT 1 [ RunTime:0.003551s ]
---------------------------------------------------------------
[ 2019-08-10T23:20:41+08:00 ] 172.17.230.83 115.44.141.42 GET /favicon.ico
[ info ] www.51mfgs.com/favicon.ico [运行时间：0.040225s][吞吐率：24.86req/s] [内存消耗：389.98kb] [文件加载：36]
[ info ] [ LANG ] /data/home/syu4378230001/htdocs/thinkphp/lang/zh-cn.php
[ info ] [ BIND ] 'index/Index'
[ info ] [ ROUTE ] array (
  'type' => 'module',
  'module' => 
  array (
    0 => 'index',
    1 => 'Index',
    2 => 'favicon.ico',
  ),
)
[ info ] [ HEADER ] array (
  'accept' => 'image/webp,*/*',
  'accept-encoding' => 'gzip, deflate, br',
  'accept-language' => 'zh-CN,zh;q=0.8,zh-TW;q=0.7,zh-HK;q=0.5,en-US;q=0.3,en;q=0.2',
  'connection' => 'keep-alive',
  'cookie' => 'PHPSESSID=qv1ns8e8hv57ur2vgbbv62q713',
  'host' => 'www.51mfgs.com',
  'user-agent' => 'Mozilla/5.0 (Windows NT 10.0; WOW64; rv:68.0) Gecko/20100101 Firefox/68.0',
)
[ info ] [ PARAM ] array (
)
[ info ] [ RUN ] app\index\controller\Index->_empty[ /data/home/syu4378230001/htdocs/app/index/controller/Index.php ]
[ info ] [ VIEW ] /data/home/syu4378230001/htdocs/thinkphp/tpl/dispatch_jump.tpl [ array (
  0 => 'code',
  1 => 'msg',
  2 => 'data',
  3 => 'url',
  4 => 'wait',
) ]
[ info ] [ LOG ] INIT File
---------------------------------------------------------------
[ 2019-08-10T23:20:44+08:00 ] 172.17.230.83 115.44.141.42 GET /index.html
[ info ] www.51mfgs.com/index.html [运行时间：0.114262s][吞吐率：8.75req/s] [内存消耗：824.05kb] [文件加载：49]
[ info ] [ LANG ] /data/home/syu4378230001/htdocs/thinkphp/lang/zh-cn.php
[ info ] [ BIND ] 'index/Index'
[ info ] [ ROUTE ] array (
  'type' => 'module',
  'module' => 
  array (
    0 => 'index',
    1 => 'Index',
    2 => 'index',
  ),
)
[ info ] [ HEADER ] array (
  'accept' => 'text/html,application/xhtml+xml,application/xml;q=0.9,*/*;q=0.8',
  'accept-encoding' => 'gzip, deflate, br',
  'accept-language' => 'zh-CN,zh;q=0.8,zh-TW;q=0.7,zh-HK;q=0.5,en-US;q=0.3,en;q=0.2',
  'connection' => 'keep-alive',
  'cookie' => 'PHPSESSID=qv1ns8e8hv57ur2vgbbv62q713',
  'host' => 'www.51mfgs.com',
  'referer' => 'https://www.51mfgs.com/cw.html',
  'upgrade-insecure-requests' => '1',
  'user-agent' => 'Mozilla/5.0 (Windows NT 10.0; WOW64; rv:68.0) Gecko/20100101 Firefox/68.0',
)
[ info ] [ PARAM ] array (
)
[ info ] [ RUN ] app\index\controller\Index->index[ /data/home/syu4378230001/htdocs/app/index/controller/Index.php ]
[ info ] [ DB ] INIT mysql
[ info ] [ SESSION ] INIT array (
  'id' => '',
  'var_session_id' => '',
  'prefix' => '',
  'type' => '',
  'auto_start' => true,
  'httponly' => true,
  'secure' => false,
)
[ info ] [ CACHE ] INIT File
[ info ] [ VIEW ] ./app/index/view/index/index.html [ array (
  0 => 'indexhits',
  1 => 'userclass',
  2 => 'usersess',
  3 => 'res_newpro',
  4 => 'res_user',
  5 => 'time',
  6 => 'res_jj',
  7 => 'res_jd',
  8 => 'res_yw',
  9 => 'res_sp',
  10 => 'res_sj',
  11 => 'res_cw',
) ]
[ info ] [ LOG ] INIT File
[ sql ] [ DB ] CONNECT:[ UseTime:0.005545s ] mysql:dbname=sdm442994699_db;host=sdm442994699.my3w.com;charset=utf8
[ sql ] [ SQL ] SHOW COLUMNS FROM `pro2` [ RunTime:0.003582s ]
[ sql ] [ SQL ] SELECT * FROM `pro2` WHERE  `pro_type` = 'jj'  AND `state` = 1  AND `pos` = 1 ORDER BY pro_id DESC LIMIT 3 [ RunTime:0.003053s ]
[ sql ] [ SQL ] SELECT * FROM `pro2` WHERE  `pro_type` = 'jd'  AND `state` = 1  AND `pos` = 1 ORDER BY pro_id DESC LIMIT 3 [ RunTime:0.002975s ]
[ sql ] [ SQL ] SELECT * FROM `pro2` WHERE  `pro_type` = 'yw'  AND `state` = 1  AND `pos` = 1 ORDER BY pro_id DESC LIMIT 3 [ RunTime:0.003143s ]
[ sql ] [ SQL ] SELECT * FROM `pro2` WHERE  `pro_type` = 'sp'  AND `state` = 1  AND `pos` = 1 ORDER BY pro_id DESC LIMIT 3 [ RunTime:0.003061s ]
[ sql ] [ SQL ] SELECT * FROM `pro2` WHERE  `pro_type` = 'sj'  AND `state` = 1  AND `pos` = 1 ORDER BY pro_id DESC LIMIT 3 [ RunTime:0.003197s ]
[ sql ] [ SQL ] SELECT * FROM `pro2` WHERE  (  `pro_type` = 'cw'  AND `state` = 1  AND `pos` = 1 ) [ RunTime:0.003936s ]
[ sql ] [ SQL ] SHOW COLUMNS FROM `user` [ RunTime:0.003933s ]
[ sql ] [ SQL ] SELECT * FROM `user` WHERE  `state` = 1 ORDER BY id DESC LIMIT 3 [ RunTime:0.002893s ]
[ sql ] [ SQL ] SHOW COLUMNS FROM `pro` [ RunTime:0.003518s ]
[ sql ] [ SQL ] SELECT * FROM `pro` WHERE  `pro_id` > 0  AND `state` = 1 ORDER BY pro_id DESC LIMIT 3 [ RunTime:0.003062s ]
[ sql ] [ SQL ] SHOW COLUMNS FROM `pagehits` [ RunTime:0.003127s ]
[ sql ] [ SQL ] UPDATE `pagehits`  SET `hits`=hits+1  WHERE  `id` = 1 [ RunTime:0.003899s ]
[ sql ] [ SQL ] SELECT `hits` FROM `pagehits` WHERE  `id` = 1 LIMIT 1 [ RunTime:0.003103s ]
